Traceback (most recent call last):
  File "train.py", line 3, in <module>
    import tensorflow as tf
  File "/Volumes/Transcend/opt/anaconda3/envs/keras/lib/python3.6/site-packages/tensorflow/__init__.py", line 99, in <module>
    from tensorflow_core import *
  File "/Volumes/Transcend/opt/anaconda3/envs/keras/lib/python3.6/site-packages/tensorflow_core/__init__.py", line 28, in <module>
    from tensorflow.python import pywrap_tensorflow  # pylint: disable=unused-import
  File "<frozen importlib._bootstrap>", line 1007, in _handle_fromlist
  File "/Volumes/Transcend/opt/anaconda3/envs/keras/lib/python3.6/site-packages/tensorflow/__init__.py", line 50, in __getattr__
    module = self._load()
  File "/Volumes/Transcend/opt/anaconda3/envs/keras/lib/python3.6/site-packages/tensorflow/__init__.py", line 44, in _load
    module = _importlib.import_module(self.__name__)
  File "/Volumes/Transcend/opt/anaconda3/envs/keras/lib/python3.6/importlib/__init__.py", line 126, in import_module
    return _bootstrap._gcd_import(name[level:], package, level)
  File "/Volumes/Transcend/opt/anaconda3/envs/keras/lib/python3.6/site-packages/tensorflow_core/python/__init__.py", line 63, in <module>
    from tensorflow.python.framework.framework_lib import *  # pylint: disable=redefined-builtin
  File "/Volumes/Transcend/opt/anaconda3/envs/keras/lib/python3.6/site-packages/tensorflow_core/python/framework/framework_lib.py", line 52, in <module>
    from tensorflow.python.framework.importer import import_graph_def
  File "/Volumes/Transcend/opt/anaconda3/envs/keras/lib/python3.6/site-packages/tensorflow_core/python/framework/importer.py", line 28, in <module>
    from tensorflow.python.framework import function
  File "/Volumes/Transcend/opt/anaconda3/envs/keras/lib/python3.6/site-packages/tensorflow_core/python/framework/function.py", line 37, in <module>
    from tensorflow.python.ops import resource_variable_ops
  File "/Volumes/Transcend/opt/anaconda3/envs/keras/lib/python3.6/site-packages/tensorflow_core/python/ops/resource_variable_ops.py", line 40, in <module>
    from tensorflow.python.ops import math_ops
  File "/Volumes/Transcend/opt/anaconda3/envs/keras/lib/python3.6/site-packages/tensorflow_core/python/ops/math_ops.py", line 1272, in <module>
    ops.Tensor._override_operator("__lt__", gen_math_ops.less)
  File "/Volumes/Transcend/opt/anaconda3/envs/keras/lib/python3.6/site-packages/tensorflow_core/python/framework/ops.py", line 745, in _override_operator
    _override_helper(Tensor, operator, func)
  File "/Volumes/Transcend/opt/anaconda3/envs/keras/lib/python3.6/site-packages/tensorflow_core/python/framework/ops.py", line 177, in _override_helper
    (operator, clazz_object))
ValueError: operator __lt__ cannot be overwritten again on class <class 'tensorflow.python.framework.ops.Tensor'>.
