WARNING:tensorflow:From train.py:196: The name tf.app.run is deprecated. Please use tf.compat.v1.app.run instead.

WARNING:tensorflow:From train.py:54: VocabularyProcessor.__init__ (from tensorflow.contrib.learn.python.learn.preprocessing.text) is deprecated and will be removed in a future version.
Instructions for updating:
Please use tensorflow/transform or tf.data.
W0216 13:31:45.521322 4731145664 deprecation.py:323] From train.py:54: VocabularyProcessor.__init__ (from tensorflow.contrib.learn.python.learn.preprocessing.text) is deprecated and will be removed in a future version.
Instructions for updating:
Please use tensorflow/transform or tf.data.
WARNING:tensorflow:From /Volumes/Transcend/opt/anaconda3/envs/keras/lib/python3.6/site-packages/tensorflow_core/contrib/learn/python/learn/preprocessing/text.py:154: CategoricalVocabulary.__init__ (from tensorflow.contrib.learn.python.learn.preprocessing.categorical_vocabulary) is deprecated and will be removed in a future version.
Instructions for updating:
Please use tensorflow/transform or tf.data.
W0216 13:31:45.521574 4731145664 deprecation.py:323] From /Volumes/Transcend/opt/anaconda3/envs/keras/lib/python3.6/site-packages/tensorflow_core/contrib/learn/python/learn/preprocessing/text.py:154: CategoricalVocabulary.__init__ (from tensorflow.contrib.learn.python.learn.preprocessing.categorical_vocabulary) is deprecated and will be removed in a future version.
Instructions for updating:
Please use tensorflow/transform or tf.data.
WARNING:tensorflow:From /Volumes/Transcend/opt/anaconda3/envs/keras/lib/python3.6/site-packages/tensorflow_core/contrib/learn/python/learn/preprocessing/text.py:170: tokenizer (from tensorflow.contrib.learn.python.learn.preprocessing.text) is deprecated and will be removed in a future version.
Instructions for updating:
Please use tensorflow/transform or tf.data.
W0216 13:31:45.521720 4731145664 deprecation.py:323] From /Volumes/Transcend/opt/anaconda3/envs/keras/lib/python3.6/site-packages/tensorflow_core/contrib/learn/python/learn/preprocessing/text.py:170: tokenizer (from tensorflow.contrib.learn.python.learn.preprocessing.text) is deprecated and will be removed in a future version.
Instructions for updating:
Please use tensorflow/transform or tf.data.
WARNING:tensorflow:From train.py:80: The name tf.ConfigProto is deprecated. Please use tf.compat.v1.ConfigProto instead.

W0216 13:31:46.039793 4731145664 module_wrapper.py:139] From train.py:80: The name tf.ConfigProto is deprecated. Please use tf.compat.v1.ConfigProto instead.

WARNING:tensorflow:From train.py:83: The name tf.Session is deprecated. Please use tf.compat.v1.Session instead.

W0216 13:31:46.040037 4731145664 module_wrapper.py:139] From train.py:83: The name tf.Session is deprecated. Please use tf.compat.v1.Session instead.

2020-02-16 13:31:46.040243: I tensorflow/core/platform/cpu_feature_guard.cc:142] Your CPU supports instructions that this TensorFlow binary was not compiled to use: AVX2 FMA
2020-02-16 13:31:46.053277: I tensorflow/compiler/xla/service/service.cc:168] XLA service 0x7f97f162f760 initialized for platform Host (this does not guarantee that XLA will be used). Devices:
2020-02-16 13:31:46.053301: I tensorflow/compiler/xla/service/service.cc:176]   StreamExecutor device (0): Host, Default Version
WARNING:tensorflow:From /Volumes/Transcend/Mutation/CNN-TF/text_cnn.py:15: The name tf.placeholder is deprecated. Please use tf.compat.v1.placeholder instead.

W0216 13:31:46.053740 4731145664 module_wrapper.py:139] From /Volumes/Transcend/Mutation/CNN-TF/text_cnn.py:15: The name tf.placeholder is deprecated. Please use tf.compat.v1.placeholder instead.

WARNING:tensorflow:From /Volumes/Transcend/Mutation/CNN-TF/text_cnn.py:25: The name tf.random_uniform is deprecated. Please use tf.random.uniform instead.

W0216 13:31:46.057257 4731145664 module_wrapper.py:139] From /Volumes/Transcend/Mutation/CNN-TF/text_cnn.py:25: The name tf.random_uniform is deprecated. Please use tf.random.uniform instead.

Loading data...
Vocabulary Size: 18758
Train/Dev split: 9596/1066
Traceback (most recent call last):
  File "train.py", line 196, in <module>
    tf.app.run()
  File "/Volumes/Transcend/opt/anaconda3/envs/keras/lib/python3.6/site-packages/tensorflow_core/python/platform/app.py", line 40, in run
    _run(main=main, argv=argv, flags_parser=_parse_flags_tolerate_undef)
  File "/Volumes/Transcend/opt/anaconda3/envs/keras/lib/python3.6/site-packages/absl/app.py", line 299, in run
    _run_main(main, args)
  File "/Volumes/Transcend/opt/anaconda3/envs/keras/lib/python3.6/site-packages/absl/app.py", line 250, in _run_main
    sys.exit(main(argv))
  File "train.py", line 193, in main
    train(x_train, y_train, vocab_processor, x_dev, y_dev)
  File "train.py", line 92, in train
    l2_reg_lambda=FLAGS.l2_reg_lambda)
  File "/Volumes/Transcend/Mutation/CNN-TF/text_cnn.py", line 25, in __init__
    tf.random_uniform([vocab_size, embedding_size], -1.0, 1.0),
  File "/Volumes/Transcend/opt/anaconda3/envs/keras/lib/python3.6/site-packages/tensorflow_core/python/ops/random_ops.py", line 237, in random_uniform
    shape = tensor_util.shape_tensor(shape)
  File "/Volumes/Transcend/opt/anaconda3/envs/keras/lib/python3.6/site-packages/tensorflow_core/python/framework/tensor_util.py", line 964, in shape_tensor
    return ops.convert_to_tensor(shape, dtype=dtype, name="shape")
  File "/Volumes/Transcend/opt/anaconda3/envs/keras/lib/python3.6/site-packages/tensorflow_core/python/framework/ops.py", line 1184, in convert_to_tensor
    return convert_to_tensor_v2(value, dtype, preferred_dtype, name)
  File "/Volumes/Transcend/opt/anaconda3/envs/keras/lib/python3.6/site-packages/tensorflow_core/python/framework/ops.py", line 1242, in convert_to_tensor_v2
    as_ref=False)
  File "/Volumes/Transcend/opt/anaconda3/envs/keras/lib/python3.6/site-packages/tensorflow_core/python/framework/ops.py", line 1305, in internal_convert_to_tensor
    (_error_prefix(name), conversion_func, base_type, ret))
RuntimeError: shape: Conversion function <function _constant_tensor_conversion_function at 0x114cefea0> for type (<class 'list'>, <class 'tuple'>) returned non-Tensor: <tf.Tensor 'embedding/random_uniform/shape:0' shape=(2,) dtype=int32>
