Traceback (most recent call last):
  File "train.py", line 3, in <module>
    import tensorflow as tf
  File "/Volumes/Transcend/opt/anaconda3/envs/keras/lib/python3.6/site-packages/tensorflow/__init__.py", line 99, in <module>
    from tensorflow_core import *
  File "/Volumes/Transcend/opt/anaconda3/envs/keras/lib/python3.6/site-packages/tensorflow_core/__init__.py", line 28, in <module>
    from tensorflow.python import pywrap_tensorflow  # pylint: disable=unused-import
  File "<frozen importlib._bootstrap>", line 1007, in _handle_fromlist
  File "/Volumes/Transcend/opt/anaconda3/envs/keras/lib/python3.6/site-packages/tensorflow/__init__.py", line 50, in __getattr__
    module = self._load()
  File "/Volumes/Transcend/opt/anaconda3/envs/keras/lib/python3.6/site-packages/tensorflow/__init__.py", line 44, in _load
    module = _importlib.import_module(self.__name__)
  File "/Volumes/Transcend/opt/anaconda3/envs/keras/lib/python3.6/importlib/__init__.py", line 126, in import_module
    return _bootstrap._gcd_import(name[level:], package, level)
  File "/Volumes/Transcend/opt/anaconda3/envs/keras/lib/python3.6/site-packages/tensorflow_core/python/__init__.py", line 73, in <module>
    from tensorflow.python.ops.standard_ops import *
  File "/Volumes/Transcend/opt/anaconda3/envs/keras/lib/python3.6/site-packages/tensorflow_core/python/ops/standard_ops.py", line 46, in <module>
    from tensorflow.python.ops.special_math_ops import *
  File "/Volumes/Transcend/opt/anaconda3/envs/keras/lib/python3.6/site-packages/tensorflow_core/python/ops/special_math_ops.py", line 29, in <module>
    from tensorflow.compiler.tf2xla.ops import gen_xla_ops
  File "/Volumes/Transcend/opt/anaconda3/envs/keras/lib/python3.6/site-packages/tensorflow_core/compiler/tf2xla/ops/gen_xla_ops.py", line 132, in <module>
    _ops.RegisterShape("XlaBroadcastHelper")(None)
  File "/Volumes/Transcend/opt/anaconda3/envs/keras/lib/python3.6/site-packages/tensorflow_core/python/framework/ops.py", line 2581, in __init__
    raise TypeError("op_type must be a string")
TypeError: op_type must be a string
