Using TensorFlow backend.
WARNING:tensorflow:From /Volumes/Transcend/opt/anaconda3/envs/keras/lib/python3.6/site-packages/tensorflow_core/python/ops/resource_variable_ops.py:1630: calling BaseResourceVariable.__init__ (from tensorflow.python.ops.resource_variable_ops) with constraint is deprecated and will be removed in a future version.
Instructions for updating:
If using Keras pass *_constraint arguments to layers.
WARNING:tensorflow:From /Volumes/Transcend/opt/anaconda3/envs/keras/lib/python3.6/site-packages/keras/backend/tensorflow_backend.py:4070: The name tf.nn.max_pool is deprecated. Please use tf.nn.max_pool2d instead.

WARNING:tensorflow:Large dropout rate: 0.8 (>0.5). In TensorFlow 2.x, dropout() uses dropout rate instead of keep_prob. Please ensure that this is intended.
WARNING:tensorflow:From /Volumes/Transcend/opt/anaconda3/envs/keras/lib/python3.6/site-packages/tensorflow_core/python/ops/nn_impl.py:183: where (from tensorflow.python.ops.array_ops) is deprecated and will be removed in a future version.
Instructions for updating:
Use tf.where in 2.0, which has the same broadcast rule as np.where
2020-02-04 18:59:16.756852: I tensorflow/core/platform/cpu_feature_guard.cc:142] Your CPU supports instructions that this TensorFlow binary was not compiled to use: AVX2 FMA
2020-02-04 18:59:16.770084: I tensorflow/compiler/xla/service/service.cc:168] XLA service 0x7fc91095f4c0 initialized for platform Host (this does not guarantee that XLA will be used). Devices:
2020-02-04 18:59:16.770106: I tensorflow/compiler/xla/service/service.cc:176]   StreamExecutor device (0): Host, Default Version
WARNING:tensorflow:From /Volumes/Transcend/opt/anaconda3/envs/keras/lib/python3.6/site-packages/keras/backend/tensorflow_backend.py:422: The name tf.global_variables is deprecated. Please use tf.compat.v1.global_variables instead.

Load data...
Adjusting sequence length for actual size
x_train shape: (9595, 56)
x_test shape: (1067, 56)
Vocabulary Size: 18779
Model type is CNN-non-static
Load existing Word2Vec model '50features_1minwords_10context'
Initializing embedding layer with word2vec weights, shape (18779, 50)
Train on 9595 samples, validate on 1067 samples
Epoch 1/10
 - 7s - loss: 0.7020 - accuracy: 0.4933 - val_loss: 0.6932 - val_accuracy: 0.4948
Epoch 2/10
 - 5s - loss: 0.6930 - accuracy: 0.5095 - val_loss: 0.6903 - val_accuracy: 0.5811
Epoch 3/10
 - 6s - loss: 0.6894 - accuracy: 0.5277 - val_loss: 0.6845 - val_accuracy: 0.6073
Epoch 4/10
 - 6s - loss: 0.6778 - accuracy: 0.5664 - val_loss: 0.6646 - val_accuracy: 0.6420
Epoch 5/10
 - 7s - loss: 0.6538 - accuracy: 0.6081 - val_loss: 0.6347 - val_accuracy: 0.6664
Epoch 6/10
 - 8s - loss: 0.6044 - accuracy: 0.6725 - val_loss: 0.5618 - val_accuracy: 0.7591
Epoch 7/10
 - 7s - loss: 0.5145 - accuracy: 0.7490 - val_loss: 0.5023 - val_accuracy: 0.7769
Epoch 8/10
 - 6s - loss: 0.4396 - accuracy: 0.7991 - val_loss: 0.4852 - val_accuracy: 0.7816
Epoch 9/10
 - 7s - loss: 0.3861 - accuracy: 0.8299 - val_loss: 0.4781 - val_accuracy: 0.7826
Epoch 10/10
 - 7s - loss: 0.3190 - accuracy: 0.8608 - val_loss: 0.4937 - val_accuracy: 0.7816
Training time:67.55212330818176
