Using TensorFlow backend.
WARNING:tensorflow:From /Volumes/Transcend/opt/anaconda3/envs/keras/lib/python3.6/site-packages/tensorflow_core/python/ops/resource_variable_ops.py:1630: calling BaseResourceVariable.__init__ (from tensorflow.python.ops.resource_variable_ops) with constraint is deprecated and will be removed in a future version.
Instructions for updating:
If using Keras pass *_constraint arguments to layers.
WARNING:tensorflow:From /Volumes/Transcend/opt/anaconda3/envs/keras/lib/python3.6/site-packages/keras/backend/tensorflow_backend.py:4070: The name tf.nn.max_pool is deprecated. Please use tf.nn.max_pool2d instead.

WARNING:tensorflow:Large dropout rate: 0.8 (>0.5). In TensorFlow 2.x, dropout() uses dropout rate instead of keep_prob. Please ensure that this is intended.
WARNING:tensorflow:From /Volumes/Transcend/opt/anaconda3/envs/keras/lib/python3.6/site-packages/tensorflow_core/python/ops/nn_impl.py:183: where (from tensorflow.python.ops.array_ops) is deprecated and will be removed in a future version.
Instructions for updating:
Use tf.where in 2.0, which has the same broadcast rule as np.where
2020-02-04 19:02:06.361284: I tensorflow/core/platform/cpu_feature_guard.cc:142] Your CPU supports instructions that this TensorFlow binary was not compiled to use: AVX2 FMA
2020-02-04 19:02:06.379132: I tensorflow/compiler/xla/service/service.cc:168] XLA service 0x7fd441133990 initialized for platform Host (this does not guarantee that XLA will be used). Devices:
2020-02-04 19:02:06.379154: I tensorflow/compiler/xla/service/service.cc:176]   StreamExecutor device (0): Host, Default Version
WARNING:tensorflow:From /Volumes/Transcend/opt/anaconda3/envs/keras/lib/python3.6/site-packages/keras/backend/tensorflow_backend.py:422: The name tf.global_variables is deprecated. Please use tf.compat.v1.global_variables instead.

Load data...
Adjusting sequence length for actual size
x_train shape: (9595, 56)
x_test shape: (1067, 56)
Vocabulary Size: 18779
Model type is CNN-non-static
Load existing Word2Vec model '50features_1minwords_10context'
Initializing embedding layer with word2vec weights, shape (18779, 50)
Train on 9595 samples, validate on 1067 samples
Epoch 1/10
 - 6s - loss: 0.7018 - accuracy: 0.4972 - val_loss: 0.6933 - val_accuracy: 0.4761
Epoch 2/10
 - 5s - loss: 0.6931 - accuracy: 0.5121 - val_loss: 0.6905 - val_accuracy: 0.5895
Epoch 3/10
 - 6s - loss: 0.6898 - accuracy: 0.5306 - val_loss: 0.6846 - val_accuracy: 0.6036
Epoch 4/10
 - 6s - loss: 0.6779 - accuracy: 0.5653 - val_loss: 0.6652 - val_accuracy: 0.6504
Epoch 5/10
 - 6s - loss: 0.6506 - accuracy: 0.6125 - val_loss: 0.6294 - val_accuracy: 0.6570
Epoch 6/10
 - 6s - loss: 0.5922 - accuracy: 0.6885 - val_loss: 0.5520 - val_accuracy: 0.7573
Epoch 7/10
 - 7s - loss: 0.4930 - accuracy: 0.7632 - val_loss: 0.4937 - val_accuracy: 0.7788
Epoch 8/10
 - 7s - loss: 0.4163 - accuracy: 0.8138 - val_loss: 0.4851 - val_accuracy: 0.7751
Epoch 9/10
 - 6s - loss: 0.3587 - accuracy: 0.8401 - val_loss: 0.4822 - val_accuracy: 0.7779
Epoch 10/10
 - 7s - loss: 0.3048 - accuracy: 0.8680 - val_loss: 0.5095 - val_accuracy: 0.7713
Training time:62.45856499671936
