Using TensorFlow backend.
WARNING:tensorflow:From /Volumes/Transcend/opt/anaconda3/envs/keras/lib/python3.6/site-packages/tensorflow_core/python/ops/resource_variable_ops.py:1630: calling BaseResourceVariable.__init__ (from tensorflow.python.ops.resource_variable_ops) with constraint is deprecated and will be removed in a future version.
Instructions for updating:
If using Keras pass *_constraint arguments to layers.
WARNING:tensorflow:From /Volumes/Transcend/opt/anaconda3/envs/keras/lib/python3.6/site-packages/keras/backend/tensorflow_backend.py:4070: The name tf.nn.max_pool is deprecated. Please use tf.nn.max_pool2d instead.

WARNING:tensorflow:Large dropout rate: 0.8 (>0.5). In TensorFlow 2.x, dropout() uses dropout rate instead of keep_prob. Please ensure that this is intended.
WARNING:tensorflow:From /Volumes/Transcend/opt/anaconda3/envs/keras/lib/python3.6/site-packages/tensorflow_core/python/ops/nn_impl.py:183: where (from tensorflow.python.ops.array_ops) is deprecated and will be removed in a future version.
Instructions for updating:
Use tf.where in 2.0, which has the same broadcast rule as np.where
2020-02-04 19:00:39.491225: I tensorflow/core/platform/cpu_feature_guard.cc:142] Your CPU supports instructions that this TensorFlow binary was not compiled to use: AVX2 FMA
2020-02-04 19:00:39.504672: I tensorflow/compiler/xla/service/service.cc:168] XLA service 0x7fc3d20db5c0 initialized for platform Host (this does not guarantee that XLA will be used). Devices:
2020-02-04 19:00:39.504694: I tensorflow/compiler/xla/service/service.cc:176]   StreamExecutor device (0): Host, Default Version
WARNING:tensorflow:From /Volumes/Transcend/opt/anaconda3/envs/keras/lib/python3.6/site-packages/keras/backend/tensorflow_backend.py:422: The name tf.global_variables is deprecated. Please use tf.compat.v1.global_variables instead.

Load data...
Adjusting sequence length for actual size
x_train shape: (9595, 56)
x_test shape: (1067, 56)
Vocabulary Size: 18779
Model type is CNN-non-static
Load existing Word2Vec model '50features_1minwords_10context'
Initializing embedding layer with word2vec weights, shape (18779, 50)
Train on 9595 samples, validate on 1067 samples
Epoch 1/10
 - 7s - loss: 0.7021 - accuracy: 0.4950 - val_loss: 0.6933 - val_accuracy: 0.4939
Epoch 2/10
 - 6s - loss: 0.6935 - accuracy: 0.5076 - val_loss: 0.6913 - val_accuracy: 0.5389
Epoch 3/10
 - 6s - loss: 0.6909 - accuracy: 0.5213 - val_loss: 0.6887 - val_accuracy: 0.6129
Epoch 4/10
 - 6s - loss: 0.6824 - accuracy: 0.5557 - val_loss: 0.6693 - val_accuracy: 0.6364
Epoch 5/10
 - 5s - loss: 0.6604 - accuracy: 0.5961 - val_loss: 0.6378 - val_accuracy: 0.6504
Epoch 6/10
 - 6s - loss: 0.6133 - accuracy: 0.6666 - val_loss: 0.5700 - val_accuracy: 0.7507
Epoch 7/10
 - 7s - loss: 0.5195 - accuracy: 0.7477 - val_loss: 0.5002 - val_accuracy: 0.7788
Epoch 8/10
 - 7s - loss: 0.4409 - accuracy: 0.7934 - val_loss: 0.4843 - val_accuracy: 0.7826
Epoch 9/10
 - 6s - loss: 0.3789 - accuracy: 0.8362 - val_loss: 0.4836 - val_accuracy: 0.7844
Epoch 10/10
 - 5s - loss: 0.3182 - accuracy: 0.8617 - val_loss: 0.4989 - val_accuracy: 0.7741
Training time:62.65796995162964
