Using TensorFlow backend.
WARNING:tensorflow:From /Volumes/Transcend/opt/anaconda3/envs/keras/lib/python3.6/site-packages/tensorflow_core/python/ops/resource_variable_ops.py:1630: calling BaseResourceVariable.__init__ (from tensorflow.python.ops.resource_variable_ops) with constraint is deprecated and will be removed in a future version.
Instructions for updating:
If using Keras pass *_constraint arguments to layers.
WARNING:tensorflow:From /Volumes/Transcend/opt/anaconda3/envs/keras/lib/python3.6/site-packages/keras/backend/tensorflow_backend.py:4070: The name tf.nn.max_pool is deprecated. Please use tf.nn.max_pool2d instead.

WARNING:tensorflow:Large dropout rate: 0.8 (>0.5). In TensorFlow 2.x, dropout() uses dropout rate instead of keep_prob. Please ensure that this is intended.
WARNING:tensorflow:From /Volumes/Transcend/opt/anaconda3/envs/keras/lib/python3.6/site-packages/tensorflow_core/python/ops/nn_impl.py:183: where (from tensorflow.python.ops.array_ops) is deprecated and will be removed in a future version.
Instructions for updating:
Use tf.where in 2.0, which has the same broadcast rule as np.where
2020-02-04 19:05:08.724620: I tensorflow/core/platform/cpu_feature_guard.cc:142] Your CPU supports instructions that this TensorFlow binary was not compiled to use: AVX2 FMA
2020-02-04 19:05:08.742140: I tensorflow/compiler/xla/service/service.cc:168] XLA service 0x7fab7723a870 initialized for platform Host (this does not guarantee that XLA will be used). Devices:
2020-02-04 19:05:08.742163: I tensorflow/compiler/xla/service/service.cc:176]   StreamExecutor device (0): Host, Default Version
WARNING:tensorflow:From /Volumes/Transcend/opt/anaconda3/envs/keras/lib/python3.6/site-packages/keras/backend/tensorflow_backend.py:422: The name tf.global_variables is deprecated. Please use tf.compat.v1.global_variables instead.

Load data...
Adjusting sequence length for actual size
x_train shape: (9595, 56)
x_test shape: (1067, 56)
Vocabulary Size: 18779
Model type is CNN-non-static
Load existing Word2Vec model '50features_1minwords_10context'
Initializing embedding layer with word2vec weights, shape (18779, 50)
Train on 9595 samples, validate on 1067 samples
Epoch 1/10
 - 7s - loss: 0.7019 - accuracy: 0.7019 - val_loss: 0.6933 - val_accuracy: 0.6933
Epoch 2/10
 - 7s - loss: 0.6937 - accuracy: 0.6937 - val_loss: 0.6918 - val_accuracy: 0.6918
Epoch 3/10
 - 6s - loss: 0.6917 - accuracy: 0.6917 - val_loss: 0.6886 - val_accuracy: 0.6886
Epoch 4/10
 - 7s - loss: 0.6823 - accuracy: 0.6823 - val_loss: 0.6709 - val_accuracy: 0.6709
Epoch 5/10
 - 7s - loss: 0.6602 - accuracy: 0.6602 - val_loss: 0.6359 - val_accuracy: 0.6359
Epoch 6/10
 - 7s - loss: 0.6067 - accuracy: 0.6067 - val_loss: 0.5681 - val_accuracy: 0.5681
Epoch 7/10
 - 7s - loss: 0.5182 - accuracy: 0.5182 - val_loss: 0.5024 - val_accuracy: 0.5024
Epoch 8/10
 - 7s - loss: 0.4374 - accuracy: 0.4374 - val_loss: 0.4823 - val_accuracy: 0.4823
Epoch 9/10
 - 7s - loss: 0.3760 - accuracy: 0.3760 - val_loss: 0.4760 - val_accuracy: 0.4760
Epoch 10/10
 - 7s - loss: 0.3208 - accuracy: 0.3208 - val_loss: 0.4955 - val_accuracy: 0.4955
Training time:69.38202691078186
