Using TensorFlow backend.
WARNING:tensorflow:From /Volumes/Transcend/opt/anaconda3/envs/keras/lib/python3.6/site-packages/tensorflow_core/python/ops/resource_variable_ops.py:1630: calling BaseResourceVariable.__init__ (from tensorflow.python.ops.resource_variable_ops) with constraint is deprecated and will be removed in a future version.
Instructions for updating:
If using Keras pass *_constraint arguments to layers.
WARNING:tensorflow:From /Volumes/Transcend/opt/anaconda3/envs/keras/lib/python3.6/site-packages/keras/backend/tensorflow_backend.py:4070: The name tf.nn.max_pool is deprecated. Please use tf.nn.max_pool2d instead.

WARNING:tensorflow:Large dropout rate: 0.8 (>0.5). In TensorFlow 2.x, dropout() uses dropout rate instead of keep_prob. Please ensure that this is intended.
WARNING:tensorflow:From /Volumes/Transcend/opt/anaconda3/envs/keras/lib/python3.6/site-packages/tensorflow_core/python/ops/nn_impl.py:183: where (from tensorflow.python.ops.array_ops) is deprecated and will be removed in a future version.
Instructions for updating:
Use tf.where in 2.0, which has the same broadcast rule as np.where
2020-02-04 19:11:46.862767: I tensorflow/core/platform/cpu_feature_guard.cc:142] Your CPU supports instructions that this TensorFlow binary was not compiled to use: AVX2 FMA
2020-02-04 19:11:46.880165: I tensorflow/compiler/xla/service/service.cc:168] XLA service 0x7fbb827ecd60 initialized for platform Host (this does not guarantee that XLA will be used). Devices:
2020-02-04 19:11:46.880190: I tensorflow/compiler/xla/service/service.cc:176]   StreamExecutor device (0): Host, Default Version
WARNING:tensorflow:From /Volumes/Transcend/opt/anaconda3/envs/keras/lib/python3.6/site-packages/keras/backend/tensorflow_backend.py:422: The name tf.global_variables is deprecated. Please use tf.compat.v1.global_variables instead.

Load data...
Adjusting sequence length for actual size
x_train shape: (9595, 56)
x_test shape: (1067, 56)
Vocabulary Size: 18779
Model type is CNN-non-static
Load existing Word2Vec model '50features_1minwords_10context'
Initializing embedding layer with word2vec weights, shape (18779, 50)
Train on 9595 samples, validate on 1067 samples
Epoch 1/10
 - 9s - loss: 0.7021 - accuracy: 0.4962 - val_loss: 0.6933 - val_accuracy: 0.4855
Epoch 2/10
 - 6s - loss: 0.6936 - accuracy: 0.5104 - val_loss: 0.6922 - val_accuracy: 0.5173
Epoch 3/10
 - 7s - loss: 0.6914 - accuracy: 0.5177 - val_loss: 0.6887 - val_accuracy: 0.5989
Epoch 4/10
 - 7s - loss: 0.6830 - accuracy: 0.5556 - val_loss: 0.6732 - val_accuracy: 0.6270
Epoch 5/10
 - 7s - loss: 0.6598 - accuracy: 0.6014 - val_loss: 0.6372 - val_accuracy: 0.6767
Epoch 6/10
 - 6s - loss: 0.6037 - accuracy: 0.6759 - val_loss: 0.5650 - val_accuracy: 0.7507
Epoch 7/10
 - 7s - loss: 0.5097 - accuracy: 0.7512 - val_loss: 0.4929 - val_accuracy: 0.7863
Epoch 8/10
 - 7s - loss: 0.4245 - accuracy: 0.8059 - val_loss: 0.4821 - val_accuracy: 0.7807
Epoch 9/10
 - 8s - loss: 0.3643 - accuracy: 0.8392 - val_loss: 0.4863 - val_accuracy: 0.7835
Epoch 10/10
 - 7s - loss: 0.3083 - accuracy: 0.8650 - val_loss: 0.4992 - val_accuracy: 0.7741
Training time:71.8356249332428
