Using TensorFlow backend.
WARNING:tensorflow:From /Volumes/Transcend/opt/anaconda3/envs/keras/lib/python3.6/site-packages/tensorflow_core/python/ops/resource_variable_ops.py:1630: calling BaseResourceVariable.__init__ (from tensorflow.python.ops.resource_variable_ops) with constraint is deprecated and will be removed in a future version.
Instructions for updating:
If using Keras pass *_constraint arguments to layers.
WARNING:tensorflow:From /Volumes/Transcend/opt/anaconda3/envs/keras/lib/python3.6/site-packages/keras/backend/tensorflow_backend.py:4070: The name tf.nn.max_pool is deprecated. Please use tf.nn.max_pool2d instead.

WARNING:tensorflow:Large dropout rate: 0.8 (>0.5). In TensorFlow 2.x, dropout() uses dropout rate instead of keep_prob. Please ensure that this is intended.
WARNING:tensorflow:From /Volumes/Transcend/opt/anaconda3/envs/keras/lib/python3.6/site-packages/tensorflow_core/python/ops/nn_impl.py:183: where (from tensorflow.python.ops.array_ops) is deprecated and will be removed in a future version.
Instructions for updating:
Use tf.where in 2.0, which has the same broadcast rule as np.where
2020-02-04 19:15:55.816891: I tensorflow/core/platform/cpu_feature_guard.cc:142] Your CPU supports instructions that this TensorFlow binary was not compiled to use: AVX2 FMA
2020-02-04 19:15:55.835579: I tensorflow/compiler/xla/service/service.cc:168] XLA service 0x7fe845303640 initialized for platform Host (this does not guarantee that XLA will be used). Devices:
2020-02-04 19:15:55.835602: I tensorflow/compiler/xla/service/service.cc:176]   StreamExecutor device (0): Host, Default Version
WARNING:tensorflow:From /Volumes/Transcend/opt/anaconda3/envs/keras/lib/python3.6/site-packages/keras/backend/tensorflow_backend.py:422: The name tf.global_variables is deprecated. Please use tf.compat.v1.global_variables instead.

Load data...
Adjusting sequence length for actual size
x_train shape: (9595, 56)
x_test shape: (1067, 56)
Vocabulary Size: 18779
Model type is CNN-non-static
Load existing Word2Vec model '50features_1minwords_10context'
Initializing embedding layer with word2vec weights, shape (18779, 50)
Train on 9595 samples, validate on 1067 samples
Epoch 1/10
 - 9s - loss: 0.7015 - accuracy: 0.0000e+00 - val_loss: 0.6933 - val_accuracy: 0.0000e+00
Epoch 2/10
 - 7s - loss: 0.6933 - accuracy: 0.0000e+00 - val_loss: 0.6907 - val_accuracy: 0.0000e+00
Epoch 3/10
 - 7s - loss: 0.6902 - accuracy: 0.0000e+00 - val_loss: 0.6871 - val_accuracy: 0.0000e+00
Epoch 4/10
 - 7s - loss: 0.6814 - accuracy: 0.0000e+00 - val_loss: 0.6711 - val_accuracy: 0.0000e+00
Epoch 5/10
 - 7s - loss: 0.6579 - accuracy: 0.0000e+00 - val_loss: 0.6352 - val_accuracy: 0.0000e+00
Epoch 6/10
 - 7s - loss: 0.6068 - accuracy: 0.0000e+00 - val_loss: 0.5628 - val_accuracy: 0.0000e+00
Epoch 7/10
 - 7s - loss: 0.5181 - accuracy: 0.0000e+00 - val_loss: 0.4986 - val_accuracy: 0.0000e+00
Epoch 8/10
 - 7s - loss: 0.4359 - accuracy: 0.0000e+00 - val_loss: 0.4849 - val_accuracy: 0.0000e+00
Epoch 9/10
 - 8s - loss: 0.3773 - accuracy: 1.0422e-04 - val_loss: 0.4807 - val_accuracy: 0.0000e+00
Epoch 10/10
 - 8s - loss: 0.3129 - accuracy: 3.1266e-04 - val_loss: 0.5041 - val_accuracy: 0.0000e+00
Training time:74.55437016487122
