Using TensorFlow backend.
WARNING:tensorflow:From /Volumes/Transcend/opt/anaconda3/envs/keras/lib/python3.6/site-packages/tensorflow_core/python/ops/resource_variable_ops.py:1630: calling BaseResourceVariable.__init__ (from tensorflow.python.ops.resource_variable_ops) with constraint is deprecated and will be removed in a future version.
Instructions for updating:
If using Keras pass *_constraint arguments to layers.
WARNING:tensorflow:From /Volumes/Transcend/opt/anaconda3/envs/keras/lib/python3.6/site-packages/keras/backend/tensorflow_backend.py:4070: The name tf.nn.max_pool is deprecated. Please use tf.nn.max_pool2d instead.

WARNING:tensorflow:Large dropout rate: 0.8 (>0.5). In TensorFlow 2.x, dropout() uses dropout rate instead of keep_prob. Please ensure that this is intended.
WARNING:tensorflow:From /Volumes/Transcend/opt/anaconda3/envs/keras/lib/python3.6/site-packages/tensorflow_core/python/ops/nn_impl.py:183: where (from tensorflow.python.ops.array_ops) is deprecated and will be removed in a future version.
Instructions for updating:
Use tf.where in 2.0, which has the same broadcast rule as np.where
2020-02-04 18:52:49.539050: I tensorflow/core/platform/cpu_feature_guard.cc:142] Your CPU supports instructions that this TensorFlow binary was not compiled to use: AVX2 FMA
2020-02-04 18:52:49.553325: I tensorflow/compiler/xla/service/service.cc:168] XLA service 0x7ff292aac170 initialized for platform Host (this does not guarantee that XLA will be used). Devices:
2020-02-04 18:52:49.553348: I tensorflow/compiler/xla/service/service.cc:176]   StreamExecutor device (0): Host, Default Version
WARNING:tensorflow:From /Volumes/Transcend/opt/anaconda3/envs/keras/lib/python3.6/site-packages/keras/backend/tensorflow_backend.py:422: The name tf.global_variables is deprecated. Please use tf.compat.v1.global_variables instead.

Load data...
Adjusting sequence length for actual size
x_train shape: (9595, 56)
x_test shape: (1067, 56)
Vocabulary Size: 18779
Model type is CNN-non-static
Load existing Word2Vec model '50features_1minwords_10context'
Initializing embedding layer with word2vec weights, shape (18779, 50)
Train on 9595 samples, validate on 1067 samples
Traceback (most recent call last):
  File "sentiment_cnn.py", line 169, in <module>
    validation_data=(x_test, y_test), verbose=2)
  File "/Volumes/Transcend/opt/anaconda3/envs/keras/lib/python3.6/site-packages/keras/engine/training.py", line 1239, in fit
    validation_freq=validation_freq)
  File "/Volumes/Transcend/opt/anaconda3/envs/keras/lib/python3.6/site-packages/keras/engine/training_arrays.py", line 95, in fit_loop
    steps_name='steps_per_epoch')
  File "/Volumes/Transcend/opt/anaconda3/envs/keras/lib/python3.6/site-packages/keras/engine/training_utils.py", line 565, in check_num_samples
    'If ' + steps_name + ' is set, the `batch_size` must be None.')
ValueError: If steps_per_epoch is set, the `batch_size` must be None.
