Using TensorFlow backend.
WARNING:tensorflow:From /Volumes/Transcend/opt/anaconda3/envs/keras/lib/python3.6/site-packages/tensorflow_core/python/ops/resource_variable_ops.py:1630: calling BaseResourceVariable.__init__ (from tensorflow.python.ops.resource_variable_ops) with constraint is deprecated and will be removed in a future version.
Instructions for updating:
If using Keras pass *_constraint arguments to layers.
WARNING:tensorflow:From /Volumes/Transcend/opt/anaconda3/envs/keras/lib/python3.6/site-packages/keras/backend/tensorflow_backend.py:4070: The name tf.nn.max_pool is deprecated. Please use tf.nn.max_pool2d instead.

WARNING:tensorflow:Large dropout rate: 0.8 (>0.5). In TensorFlow 2.x, dropout() uses dropout rate instead of keep_prob. Please ensure that this is intended.
WARNING:tensorflow:From /Volumes/Transcend/opt/anaconda3/envs/keras/lib/python3.6/site-packages/tensorflow_core/python/ops/nn_impl.py:183: where (from tensorflow.python.ops.array_ops) is deprecated and will be removed in a future version.
Instructions for updating:
Use tf.where in 2.0, which has the same broadcast rule as np.where
2020-02-04 19:14:40.041053: I tensorflow/core/platform/cpu_feature_guard.cc:142] Your CPU supports instructions that this TensorFlow binary was not compiled to use: AVX2 FMA
2020-02-04 19:14:40.058335: I tensorflow/compiler/xla/service/service.cc:168] XLA service 0x7fbbd2198620 initialized for platform Host (this does not guarantee that XLA will be used). Devices:
2020-02-04 19:14:40.058364: I tensorflow/compiler/xla/service/service.cc:176]   StreamExecutor device (0): Host, Default Version
WARNING:tensorflow:From /Volumes/Transcend/opt/anaconda3/envs/keras/lib/python3.6/site-packages/keras/backend/tensorflow_backend.py:422: The name tf.global_variables is deprecated. Please use tf.compat.v1.global_variables instead.

Load data...
Adjusting sequence length for actual size
x_train shape: (9595, 56)
x_test shape: (1067, 56)
Vocabulary Size: 18779
Model type is CNN-non-static
Load existing Word2Vec model '50features_1minwords_10context'
Initializing embedding layer with word2vec weights, shape (18779, 50)
Train on 9595 samples, validate on 1067 samples
Epoch 1/10
 - 7s - loss: 0.7019 - accuracy: 0.4974 - val_loss: 0.6932 - val_accuracy: 0.5098
Epoch 2/10
 - 7s - loss: 0.6941 - accuracy: 0.5092 - val_loss: 0.6923 - val_accuracy: 0.4948
Epoch 3/10
 - 7s - loss: 0.6915 - accuracy: 0.5193 - val_loss: 0.6878 - val_accuracy: 0.5923
Epoch 4/10
 - 7s - loss: 0.6815 - accuracy: 0.5577 - val_loss: 0.6687 - val_accuracy: 0.6242
Epoch 5/10
 - 7s - loss: 0.6560 - accuracy: 0.6085 - val_loss: 0.6364 - val_accuracy: 0.6579
Epoch 6/10
 - 6s - loss: 0.6031 - accuracy: 0.6777 - val_loss: 0.5655 - val_accuracy: 0.7441
Epoch 7/10
 - 6s - loss: 0.5148 - accuracy: 0.7461 - val_loss: 0.4985 - val_accuracy: 0.7788
Epoch 8/10
 - 6s - loss: 0.4379 - accuracy: 0.8001 - val_loss: 0.4851 - val_accuracy: 0.7826
Epoch 9/10
 - 6s - loss: 0.3781 - accuracy: 0.8312 - val_loss: 0.4826 - val_accuracy: 0.7835
Epoch 10/10
 - 7s - loss: 0.3346 - accuracy: 0.8515 - val_loss: 0.4969 - val_accuracy: 0.7694
Training time:67.03242301940918
