Using TensorFlow backend.
WARNING:tensorflow:From /Volumes/Transcend/opt/anaconda3/envs/keras/lib/python3.6/site-packages/tensorflow_core/python/ops/resource_variable_ops.py:1630: calling BaseResourceVariable.__init__ (from tensorflow.python.ops.resource_variable_ops) with constraint is deprecated and will be removed in a future version.
Instructions for updating:
If using Keras pass *_constraint arguments to layers.
WARNING:tensorflow:From /Volumes/Transcend/opt/anaconda3/envs/keras/lib/python3.6/site-packages/keras/backend/tensorflow_backend.py:4070: The name tf.nn.max_pool is deprecated. Please use tf.nn.max_pool2d instead.

WARNING:tensorflow:Large dropout rate: 0.8 (>0.5). In TensorFlow 2.x, dropout() uses dropout rate instead of keep_prob. Please ensure that this is intended.
WARNING:tensorflow:From /Volumes/Transcend/opt/anaconda3/envs/keras/lib/python3.6/site-packages/tensorflow_core/python/ops/nn_impl.py:183: where (from tensorflow.python.ops.array_ops) is deprecated and will be removed in a future version.
Instructions for updating:
Use tf.where in 2.0, which has the same broadcast rule as np.where
2020-02-04 19:13:08.293104: I tensorflow/core/platform/cpu_feature_guard.cc:142] Your CPU supports instructions that this TensorFlow binary was not compiled to use: AVX2 FMA
2020-02-04 19:13:08.310397: I tensorflow/compiler/xla/service/service.cc:168] XLA service 0x7fafc415c8e0 initialized for platform Host (this does not guarantee that XLA will be used). Devices:
2020-02-04 19:13:08.310424: I tensorflow/compiler/xla/service/service.cc:176]   StreamExecutor device (0): Host, Default Version
WARNING:tensorflow:From /Volumes/Transcend/opt/anaconda3/envs/keras/lib/python3.6/site-packages/keras/backend/tensorflow_backend.py:422: The name tf.global_variables is deprecated. Please use tf.compat.v1.global_variables instead.

Load data...
Adjusting sequence length for actual size
x_train shape: (9595, 56)
x_test shape: (1067, 56)
Vocabulary Size: 18779
Model type is CNN-non-static
Load existing Word2Vec model '50features_1minwords_10context'
Initializing embedding layer with word2vec weights, shape (18779, 50)
Train on 9595 samples, validate on 1067 samples
Epoch 1/10
 - 7s - loss: 0.7020 - accuracy: 0.4966 - val_loss: 0.6931 - val_accuracy: 0.5033
Epoch 2/10
 - 7s - loss: 0.6944 - accuracy: 0.5032 - val_loss: 0.6927 - val_accuracy: 0.5220
Epoch 3/10
 - 7s - loss: 0.6921 - accuracy: 0.5206 - val_loss: 0.6900 - val_accuracy: 0.5858
Epoch 4/10
 - 7s - loss: 0.6852 - accuracy: 0.5426 - val_loss: 0.6729 - val_accuracy: 0.6242
Epoch 5/10
 - 7s - loss: 0.6673 - accuracy: 0.5883 - val_loss: 0.6451 - val_accuracy: 0.6607
Epoch 6/10
 - 7s - loss: 0.6216 - accuracy: 0.6567 - val_loss: 0.5709 - val_accuracy: 0.7451
Epoch 7/10
 - 8s - loss: 0.5298 - accuracy: 0.7355 - val_loss: 0.5081 - val_accuracy: 0.7751
Epoch 8/10
 - 8s - loss: 0.4492 - accuracy: 0.7933 - val_loss: 0.4871 - val_accuracy: 0.7844
Epoch 9/10
 - 7s - loss: 0.3897 - accuracy: 0.8265 - val_loss: 0.4802 - val_accuracy: 0.7779
Epoch 10/10
 - 7s - loss: 0.3260 - accuracy: 0.8592 - val_loss: 0.4981 - val_accuracy: 0.7732
Training time:70.37682032585144
