Using TensorFlow backend.
WARNING:tensorflow:From /Volumes/Transcend/opt/anaconda3/envs/keras/lib/python3.6/site-packages/tensorflow_core/python/ops/resource_variable_ops.py:1630: calling BaseResourceVariable.__init__ (from tensorflow.python.ops.resource_variable_ops) with constraint is deprecated and will be removed in a future version.
Instructions for updating:
If using Keras pass *_constraint arguments to layers.
WARNING:tensorflow:From /Volumes/Transcend/opt/anaconda3/envs/keras/lib/python3.6/site-packages/keras/backend/tensorflow_backend.py:4070: The name tf.nn.max_pool is deprecated. Please use tf.nn.max_pool2d instead.

WARNING:tensorflow:Large dropout rate: 0.8 (>0.5). In TensorFlow 2.x, dropout() uses dropout rate instead of keep_prob. Please ensure that this is intended.
WARNING:tensorflow:From /Volumes/Transcend/opt/anaconda3/envs/keras/lib/python3.6/site-packages/tensorflow_core/python/ops/nn_impl.py:183: where (from tensorflow.python.ops.array_ops) is deprecated and will be removed in a future version.
Instructions for updating:
Use tf.where in 2.0, which has the same broadcast rule as np.where
2020-02-04 18:52:55.906760: I tensorflow/core/platform/cpu_feature_guard.cc:142] Your CPU supports instructions that this TensorFlow binary was not compiled to use: AVX2 FMA
2020-02-04 18:52:55.929440: I tensorflow/compiler/xla/service/service.cc:168] XLA service 0x7f853a92da30 initialized for platform Host (this does not guarantee that XLA will be used). Devices:
2020-02-04 18:52:55.929465: I tensorflow/compiler/xla/service/service.cc:176]   StreamExecutor device (0): Host, Default Version
WARNING:tensorflow:From /Volumes/Transcend/opt/anaconda3/envs/keras/lib/python3.6/site-packages/keras/backend/tensorflow_backend.py:422: The name tf.global_variables is deprecated. Please use tf.compat.v1.global_variables instead.

Load data...
Adjusting sequence length for actual size
x_train shape: (9595, 56)
x_test shape: (1067, 56)
Vocabulary Size: 18779
Model type is CNN-non-static
Load existing Word2Vec model '50features_1minwords_10context'
Initializing embedding layer with word2vec weights, shape (18779, 50)
Train on 9595 samples, validate on 1067 samples
Epoch 1/10
 - 5s - loss: 0.7018 - accuracy: 0.4980 - val_loss: 0.6933 - val_accuracy: 0.4902
Epoch 2/10
 - 5s - loss: 0.6933 - accuracy: 0.5142 - val_loss: 0.6909 - val_accuracy: 0.5679
Epoch 3/10
 - 5s - loss: 0.6897 - accuracy: 0.5307 - val_loss: 0.6862 - val_accuracy: 0.6073
Epoch 4/10
 - 5s - loss: 0.6807 - accuracy: 0.5609 - val_loss: 0.6679 - val_accuracy: 0.6420
Epoch 5/10
 - 5s - loss: 0.6581 - accuracy: 0.5980 - val_loss: 0.6387 - val_accuracy: 0.6626
Epoch 6/10
 - 5s - loss: 0.6115 - accuracy: 0.6614 - val_loss: 0.5744 - val_accuracy: 0.7554
Epoch 7/10
 - 5s - loss: 0.5183 - accuracy: 0.7478 - val_loss: 0.5004 - val_accuracy: 0.7873
Epoch 8/10
 - 5s - loss: 0.4375 - accuracy: 0.8019 - val_loss: 0.4836 - val_accuracy: 0.7844
Epoch 9/10
 - 5s - loss: 0.3750 - accuracy: 0.8326 - val_loss: 0.4826 - val_accuracy: 0.7788
Epoch 10/10
 - 6s - loss: 0.3239 - accuracy: 0.8574 - val_loss: 0.5043 - val_accuracy: 0.7694
Training time:48.922500133514404
