Using TensorFlow backend.
WARNING:tensorflow:From /Volumes/Transcend/opt/anaconda3/envs/keras/lib/python3.6/site-packages/tensorflow_core/python/ops/resource_variable_ops.py:1630: calling BaseResourceVariable.__init__ (from tensorflow.python.ops.resource_variable_ops) with constraint is deprecated and will be removed in a future version.
Instructions for updating:
If using Keras pass *_constraint arguments to layers.
WARNING:tensorflow:From /Volumes/Transcend/opt/anaconda3/envs/keras/lib/python3.6/site-packages/keras/backend/tensorflow_backend.py:4070: The name tf.nn.max_pool is deprecated. Please use tf.nn.max_pool2d instead.

WARNING:tensorflow:Large dropout rate: 0.8 (>0.5). In TensorFlow 2.x, dropout() uses dropout rate instead of keep_prob. Please ensure that this is intended.
WARNING:tensorflow:From /Volumes/Transcend/opt/anaconda3/envs/keras/lib/python3.6/site-packages/tensorflow_core/python/ops/nn_impl.py:183: where (from tensorflow.python.ops.array_ops) is deprecated and will be removed in a future version.
Instructions for updating:
Use tf.where in 2.0, which has the same broadcast rule as np.where
2020-02-04 18:54:56.348599: I tensorflow/core/platform/cpu_feature_guard.cc:142] Your CPU supports instructions that this TensorFlow binary was not compiled to use: AVX2 FMA
2020-02-04 18:54:56.364236: I tensorflow/compiler/xla/service/service.cc:168] XLA service 0x7fc36606c5f0 initialized for platform Host (this does not guarantee that XLA will be used). Devices:
2020-02-04 18:54:56.364260: I tensorflow/compiler/xla/service/service.cc:176]   StreamExecutor device (0): Host, Default Version
WARNING:tensorflow:From /Volumes/Transcend/opt/anaconda3/envs/keras/lib/python3.6/site-packages/keras/backend/tensorflow_backend.py:422: The name tf.global_variables is deprecated. Please use tf.compat.v1.global_variables instead.

Load data...
Adjusting sequence length for actual size
x_train shape: (9595, 56)
x_test shape: (1067, 56)
Vocabulary Size: 18779
Model type is CNN-non-static
Load existing Word2Vec model '50features_1minwords_10context'
Initializing embedding layer with word2vec weights, shape (18779, 50)
Train on 9595 samples, validate on 1067 samples
Epoch 1/10
 - 7s - loss: 0.7021 - accuracy: 0.4944 - val_loss: 0.6933 - val_accuracy: 0.4958
Epoch 2/10
 - 6s - loss: 0.6934 - accuracy: 0.5105 - val_loss: 0.6911 - val_accuracy: 0.5708
Epoch 3/10
 - 6s - loss: 0.6905 - accuracy: 0.5238 - val_loss: 0.6866 - val_accuracy: 0.5951
Epoch 4/10
 - 6s - loss: 0.6819 - accuracy: 0.5498 - val_loss: 0.6719 - val_accuracy: 0.6307
Epoch 5/10
 - 5s - loss: 0.6589 - accuracy: 0.6026 - val_loss: 0.6411 - val_accuracy: 0.6598
Epoch 6/10
 - 6s - loss: 0.6088 - accuracy: 0.6683 - val_loss: 0.5744 - val_accuracy: 0.7526
Epoch 7/10
 - 6s - loss: 0.5116 - accuracy: 0.7503 - val_loss: 0.4949 - val_accuracy: 0.7788
Epoch 8/10
 - 7s - loss: 0.4277 - accuracy: 0.8080 - val_loss: 0.4850 - val_accuracy: 0.7882
Epoch 9/10
 - 7s - loss: 0.3695 - accuracy: 0.8377 - val_loss: 0.4804 - val_accuracy: 0.7835
Epoch 10/10
 - 8s - loss: 0.3170 - accuracy: 0.8606 - val_loss: 0.4947 - val_accuracy: 0.7769
Training time:63.03490996360779
