Using TensorFlow backend.
WARNING:tensorflow:From /Volumes/Transcend/opt/anaconda3/envs/keras/lib/python3.6/site-packages/tensorflow_core/python/ops/resource_variable_ops.py:1630: calling BaseResourceVariable.__init__ (from tensorflow.python.ops.resource_variable_ops) with constraint is deprecated and will be removed in a future version.
Instructions for updating:
If using Keras pass *_constraint arguments to layers.
WARNING:tensorflow:From /Volumes/Transcend/opt/anaconda3/envs/keras/lib/python3.6/site-packages/keras/backend/tensorflow_backend.py:4070: The name tf.nn.max_pool is deprecated. Please use tf.nn.max_pool2d instead.

WARNING:tensorflow:Large dropout rate: 0.8 (>0.5). In TensorFlow 2.x, dropout() uses dropout rate instead of keep_prob. Please ensure that this is intended.
WARNING:tensorflow:From /Volumes/Transcend/opt/anaconda3/envs/keras/lib/python3.6/site-packages/tensorflow_core/python/ops/nn_impl.py:183: where (from tensorflow.python.ops.array_ops) is deprecated and will be removed in a future version.
Instructions for updating:
Use tf.where in 2.0, which has the same broadcast rule as np.where
2020-02-02 13:44:05.243717: I tensorflow/core/platform/cpu_feature_guard.cc:142] Your CPU supports instructions that this TensorFlow binary was not compiled to use: AVX2 FMA
2020-02-02 13:44:05.259279: I tensorflow/compiler/xla/service/service.cc:168] XLA service 0x7fc06b210ee0 initialized for platform Host (this does not guarantee that XLA will be used). Devices:
2020-02-02 13:44:05.259302: I tensorflow/compiler/xla/service/service.cc:176]   StreamExecutor device (0): Host, Default Version
WARNING:tensorflow:From /Volumes/Transcend/opt/anaconda3/envs/keras/lib/python3.6/site-packages/keras/backend/tensorflow_backend.py:422: The name tf.global_variables is deprecated. Please use tf.compat.v1.global_variables instead.

Load data...
Adjusting sequence length for actual size
x_train shape: (9595, 56)
x_test shape: (1067, 56)
Vocabulary Size: 18779
Model type is CNN-non-static
Load existing Word2Vec model '50features_1minwords_10context'
Initializing embedding layer with word2vec weights, shape (18779, 50)
Train on 9595 samples, validate on 1067 samples
Epoch 1/10
 - 6s - loss: 44.9087 - accuracy: 0.5018 - val_loss: 43.7843 - val_accuracy: 0.4827
Epoch 2/10
 - 5s - loss: 44.3691 - accuracy: 0.5042 - val_loss: 43.6677 - val_accuracy: 0.5530
Epoch 3/10
 - 5s - loss: 44.1875 - accuracy: 0.5215 - val_loss: 43.3509 - val_accuracy: 0.6064
Epoch 4/10
 - 6s - loss: 43.6067 - accuracy: 0.5572 - val_loss: 42.3041 - val_accuracy: 0.6251
Epoch 5/10
 - 5s - loss: 42.1955 - accuracy: 0.5994 - val_loss: 40.2734 - val_accuracy: 0.6523
Epoch 6/10
 - 5s - loss: 39.1339 - accuracy: 0.6611 - val_loss: 35.8483 - val_accuracy: 0.7545
Epoch 7/10
 - 5s - loss: 33.7580 - accuracy: 0.7411 - val_loss: 31.7495 - val_accuracy: 0.7760
Epoch 8/10
 - 5s - loss: 28.5645 - accuracy: 0.7932 - val_loss: 30.4131 - val_accuracy: 0.7873
Epoch 9/10
 - 6s - loss: 24.3305 - accuracy: 0.8328 - val_loss: 30.0922 - val_accuracy: 0.7835
Epoch 10/10
 - 6s - loss: 20.2807 - accuracy: 0.8621 - val_loss: 31.5997 - val_accuracy: 0.7779
Training time:55.94190311431885
