Using TensorFlow backend.
WARNING:tensorflow:From /Volumes/Transcend/opt/anaconda3/envs/keras/lib/python3.6/site-packages/tensorflow_core/python/ops/resource_variable_ops.py:1630: calling BaseResourceVariable.__init__ (from tensorflow.python.ops.resource_variable_ops) with constraint is deprecated and will be removed in a future version.
Instructions for updating:
If using Keras pass *_constraint arguments to layers.
WARNING:tensorflow:From /Volumes/Transcend/opt/anaconda3/envs/keras/lib/python3.6/site-packages/keras/backend/tensorflow_backend.py:4070: The name tf.nn.max_pool is deprecated. Please use tf.nn.max_pool2d instead.

WARNING:tensorflow:Large dropout rate: 0.8 (>0.5). In TensorFlow 2.x, dropout() uses dropout rate instead of keep_prob. Please ensure that this is intended.
WARNING:tensorflow:From /Volumes/Transcend/opt/anaconda3/envs/keras/lib/python3.6/site-packages/tensorflow_core/python/ops/nn_impl.py:183: where (from tensorflow.python.ops.array_ops) is deprecated and will be removed in a future version.
Instructions for updating:
Use tf.where in 2.0, which has the same broadcast rule as np.where
2020-02-02 13:41:50.153460: I tensorflow/core/platform/cpu_feature_guard.cc:142] Your CPU supports instructions that this TensorFlow binary was not compiled to use: AVX2 FMA
2020-02-02 13:41:50.169918: I tensorflow/compiler/xla/service/service.cc:168] XLA service 0x7f97c329af60 initialized for platform Host (this does not guarantee that XLA will be used). Devices:
2020-02-02 13:41:50.169945: I tensorflow/compiler/xla/service/service.cc:176]   StreamExecutor device (0): Host, Default Version
WARNING:tensorflow:From /Volumes/Transcend/opt/anaconda3/envs/keras/lib/python3.6/site-packages/keras/backend/tensorflow_backend.py:422: The name tf.global_variables is deprecated. Please use tf.compat.v1.global_variables instead.

Load data...
Adjusting sequence length for actual size
x_train shape: (9595, 56)
x_test shape: (1067, 56)
Vocabulary Size: 18779
Model type is CNN-non-static
Load existing Word2Vec model '50features_1minwords_10context'
Initializing embedding layer with word2vec weights, shape (18779, 50)
Train on 9595 samples, validate on 1067 samples
Epoch 1/10
 - 6s - loss: 0.7016 - accuracy: 0.4938 - val_loss: 0.6932 - val_accuracy: 0.5014
Epoch 2/10
 - 6s - loss: 0.6939 - accuracy: 0.5036 - val_loss: 0.6927 - val_accuracy: 0.5164
Epoch 3/10
 - 6s - loss: 0.6917 - accuracy: 0.5168 - val_loss: 0.6901 - val_accuracy: 0.5839
Epoch 4/10
 - 6s - loss: 0.6834 - accuracy: 0.5540 - val_loss: 0.6724 - val_accuracy: 0.6223
Epoch 5/10
 - 5s - loss: 0.6586 - accuracy: 0.6030 - val_loss: 0.6342 - val_accuracy: 0.6813
Epoch 6/10
 - 6s - loss: 0.5983 - accuracy: 0.6844 - val_loss: 0.5661 - val_accuracy: 0.7348
Epoch 7/10
 - 5s - loss: 0.5073 - accuracy: 0.7545 - val_loss: 0.4972 - val_accuracy: 0.7751
Epoch 8/10
 - 6s - loss: 0.4294 - accuracy: 0.8013 - val_loss: 0.4868 - val_accuracy: 0.7873
Epoch 9/10
 - 5s - loss: 0.3740 - accuracy: 0.8343 - val_loss: 0.4886 - val_accuracy: 0.7807
Epoch 10/10
 - 6s - loss: 0.3254 - accuracy: 0.8569 - val_loss: 0.5046 - val_accuracy: 0.7788
Training time:58.16596698760986
