Using TensorFlow backend.
WARNING:tensorflow:From /Volumes/Transcend/opt/anaconda3/envs/keras/lib/python3.6/site-packages/tensorflow_core/python/ops/resource_variable_ops.py:1630: calling BaseResourceVariable.__init__ (from tensorflow.python.ops.resource_variable_ops) with constraint is deprecated and will be removed in a future version.
Instructions for updating:
If using Keras pass *_constraint arguments to layers.
WARNING:tensorflow:From /Volumes/Transcend/opt/anaconda3/envs/keras/lib/python3.6/site-packages/keras/backend/tensorflow_backend.py:4070: The name tf.nn.max_pool is deprecated. Please use tf.nn.max_pool2d instead.

WARNING:tensorflow:Large dropout rate: 0.8 (>0.5). In TensorFlow 2.x, dropout() uses dropout rate instead of keep_prob. Please ensure that this is intended.
WARNING:tensorflow:From /Volumes/Transcend/opt/anaconda3/envs/keras/lib/python3.6/site-packages/tensorflow_core/python/ops/nn_impl.py:183: where (from tensorflow.python.ops.array_ops) is deprecated and will be removed in a future version.
Instructions for updating:
Use tf.where in 2.0, which has the same broadcast rule as np.where
2020-02-02 13:46:30.346177: I tensorflow/core/platform/cpu_feature_guard.cc:142] Your CPU supports instructions that this TensorFlow binary was not compiled to use: AVX2 FMA
2020-02-02 13:46:30.363066: I tensorflow/compiler/xla/service/service.cc:168] XLA service 0x7ff62c570310 initialized for platform Host (this does not guarantee that XLA will be used). Devices:
2020-02-02 13:46:30.363089: I tensorflow/compiler/xla/service/service.cc:176]   StreamExecutor device (0): Host, Default Version
WARNING:tensorflow:From /Volumes/Transcend/opt/anaconda3/envs/keras/lib/python3.6/site-packages/keras/backend/tensorflow_backend.py:422: The name tf.global_variables is deprecated. Please use tf.compat.v1.global_variables instead.

Load data...
Adjusting sequence length for actual size
x_train shape: (9595, 56)
x_test shape: (1067, 56)
Vocabulary Size: 18779
Model type is CNN-non-static
Load existing Word2Vec model '50features_1minwords_10context'
Initializing embedding layer with word2vec weights, shape (18779, 50)
Train on 9595 samples, validate on 1067 samples
Epoch 1/10
 - 7s - loss: 0.7019 - accuracy: 0.4969 - val_loss: 0.6933 - val_accuracy: 0.5005
Epoch 2/10
 - 8s - loss: 0.6937 - accuracy: 0.5158 - val_loss: 0.6917 - val_accuracy: 0.5014
Epoch 3/10
 - 7s - loss: 0.6908 - accuracy: 0.5264 - val_loss: 0.6871 - val_accuracy: 0.6017
Epoch 4/10
 - 8s - loss: 0.6813 - accuracy: 0.5578 - val_loss: 0.6713 - val_accuracy: 0.6279
Epoch 5/10
 - 7s - loss: 0.6561 - accuracy: 0.6042 - val_loss: 0.6365 - val_accuracy: 0.6748
Epoch 6/10
 - 7s - loss: 0.5954 - accuracy: 0.6817 - val_loss: 0.5655 - val_accuracy: 0.7470
Epoch 7/10
 - 8s - loss: 0.5026 - accuracy: 0.7573 - val_loss: 0.4952 - val_accuracy: 0.7835
Epoch 8/10
 - 7s - loss: 0.4240 - accuracy: 0.8064 - val_loss: 0.4872 - val_accuracy: 0.7807
Epoch 9/10
 - 7s - loss: 0.3667 - accuracy: 0.8379 - val_loss: 0.4853 - val_accuracy: 0.7835
Epoch 10/10
 - 8s - loss: 0.3136 - accuracy: 0.8638 - val_loss: 0.4996 - val_accuracy: 0.7788
Training time:75.09381198883057
