Using TensorFlow backend.
WARNING:tensorflow:From /Volumes/Transcend/opt/anaconda3/envs/keras/lib/python3.6/site-packages/tensorflow_core/python/ops/resource_variable_ops.py:1630: calling BaseResourceVariable.__init__ (from tensorflow.python.ops.resource_variable_ops) with constraint is deprecated and will be removed in a future version.
Instructions for updating:
If using Keras pass *_constraint arguments to layers.
WARNING:tensorflow:From /Volumes/Transcend/opt/anaconda3/envs/keras/lib/python3.6/site-packages/keras/backend/tensorflow_backend.py:4070: The name tf.nn.max_pool is deprecated. Please use tf.nn.max_pool2d instead.

WARNING:tensorflow:Large dropout rate: 0.8 (>0.5). In TensorFlow 2.x, dropout() uses dropout rate instead of keep_prob. Please ensure that this is intended.
WARNING:tensorflow:From /Volumes/Transcend/opt/anaconda3/envs/keras/lib/python3.6/site-packages/tensorflow_core/python/ops/nn_impl.py:183: where (from tensorflow.python.ops.array_ops) is deprecated and will be removed in a future version.
Instructions for updating:
Use tf.where in 2.0, which has the same broadcast rule as np.where
2020-02-02 13:45:15.177995: I tensorflow/core/platform/cpu_feature_guard.cc:142] Your CPU supports instructions that this TensorFlow binary was not compiled to use: AVX2 FMA
2020-02-02 13:45:15.191033: I tensorflow/compiler/xla/service/service.cc:168] XLA service 0x7fbb5c0f3190 initialized for platform Host (this does not guarantee that XLA will be used). Devices:
2020-02-02 13:45:15.191057: I tensorflow/compiler/xla/service/service.cc:176]   StreamExecutor device (0): Host, Default Version
WARNING:tensorflow:From /Volumes/Transcend/opt/anaconda3/envs/keras/lib/python3.6/site-packages/keras/backend/tensorflow_backend.py:422: The name tf.global_variables is deprecated. Please use tf.compat.v1.global_variables instead.

Load data...
Adjusting sequence length for actual size
x_train shape: (9595, 56)
x_test shape: (1067, 56)
Vocabulary Size: 18779
Model type is CNN-non-static
Load existing Word2Vec model '50features_1minwords_10context'
Initializing embedding layer with word2vec weights, shape (18779, 50)
Train on 9595 samples, validate on 1067 samples
Epoch 1/10
 - 5s - loss: 0.7016 - accuracy: 0.4947 - val_loss: 0.6934 - val_accuracy: 0.4864
Epoch 2/10
 - 6s - loss: 0.6931 - accuracy: 0.5076 - val_loss: 0.6904 - val_accuracy: 0.5886
Epoch 3/10
 - 6s - loss: 0.6898 - accuracy: 0.5270 - val_loss: 0.6841 - val_accuracy: 0.6026
Epoch 4/10
 - 5s - loss: 0.6792 - accuracy: 0.5643 - val_loss: 0.6637 - val_accuracy: 0.6429
Epoch 5/10
 - 7s - loss: 0.6562 - accuracy: 0.6040 - val_loss: 0.6337 - val_accuracy: 0.6626
Epoch 6/10
 - 7s - loss: 0.6012 - accuracy: 0.6706 - val_loss: 0.5642 - val_accuracy: 0.7545
Epoch 7/10
 - 6s - loss: 0.5060 - accuracy: 0.7564 - val_loss: 0.4990 - val_accuracy: 0.7769
Epoch 8/10
 - 7s - loss: 0.4250 - accuracy: 0.8071 - val_loss: 0.4843 - val_accuracy: 0.7863
Epoch 9/10
 - 8s - loss: 0.3641 - accuracy: 0.8398 - val_loss: 0.4873 - val_accuracy: 0.7816
Epoch 10/10
 - 8s - loss: 0.3126 - accuracy: 0.8643 - val_loss: 0.5081 - val_accuracy: 0.7751
Training time:66.19730806350708
