Using TensorFlow backend.
WARNING:tensorflow:From /Volumes/Transcend/opt/anaconda3/envs/keras/lib/python3.6/site-packages/tensorflow_core/python/ops/resource_variable_ops.py:1630: calling BaseResourceVariable.__init__ (from tensorflow.python.ops.resource_variable_ops) with constraint is deprecated and will be removed in a future version.
Instructions for updating:
If using Keras pass *_constraint arguments to layers.
WARNING:tensorflow:From /Volumes/Transcend/opt/anaconda3/envs/keras/lib/python3.6/site-packages/keras/backend/tensorflow_backend.py:4070: The name tf.nn.max_pool is deprecated. Please use tf.nn.max_pool2d instead.

WARNING:tensorflow:Large dropout rate: 0.8 (>0.5). In TensorFlow 2.x, dropout() uses dropout rate instead of keep_prob. Please ensure that this is intended.
WARNING:tensorflow:From /Volumes/Transcend/opt/anaconda3/envs/keras/lib/python3.6/site-packages/tensorflow_core/python/ops/nn_impl.py:183: where (from tensorflow.python.ops.array_ops) is deprecated and will be removed in a future version.
Instructions for updating:
Use tf.where in 2.0, which has the same broadcast rule as np.where
2020-02-02 13:53:35.569153: I tensorflow/core/platform/cpu_feature_guard.cc:142] Your CPU supports instructions that this TensorFlow binary was not compiled to use: AVX2 FMA
2020-02-02 13:53:35.586280: I tensorflow/compiler/xla/service/service.cc:168] XLA service 0x7fbb0c7c2180 initialized for platform Host (this does not guarantee that XLA will be used). Devices:
2020-02-02 13:53:35.586308: I tensorflow/compiler/xla/service/service.cc:176]   StreamExecutor device (0): Host, Default Version
WARNING:tensorflow:From /Volumes/Transcend/opt/anaconda3/envs/keras/lib/python3.6/site-packages/keras/backend/tensorflow_backend.py:422: The name tf.global_variables is deprecated. Please use tf.compat.v1.global_variables instead.

Load data...
Adjusting sequence length for actual size
x_train shape: (9595, 56)
x_test shape: (1067, 56)
Vocabulary Size: 18779
Model type is CNN-non-static
Load existing Word2Vec model '50features_1minwords_10context'
Initializing embedding layer with word2vec weights, shape (18779, 50)
Train on 9595 samples, validate on 1067 samples
Epoch 1/10
 - 7s - loss: 0.7019 - accuracy: 0.4998 - val_loss: 0.6932 - val_accuracy: 0.4916
Epoch 2/10
 - 8s - loss: 0.6940 - accuracy: 0.4989 - val_loss: 0.6932 - val_accuracy: 0.4897
Epoch 3/10
 - 7s - loss: 0.6925 - accuracy: 0.4998 - val_loss: 0.6913 - val_accuracy: 0.4911
Epoch 4/10
 - 6s - loss: 0.6871 - accuracy: 0.4993 - val_loss: 0.6784 - val_accuracy: 0.4981
Epoch 5/10
 - 7s - loss: 0.6717 - accuracy: 0.5011 - val_loss: 0.6534 - val_accuracy: 0.4964
Epoch 6/10
 - 5s - loss: 0.6321 - accuracy: 0.5024 - val_loss: 0.5959 - val_accuracy: 0.5037
Epoch 7/10
 - 5s - loss: 0.5469 - accuracy: 0.5032 - val_loss: 0.5179 - val_accuracy: 0.5040
Epoch 8/10
 - 6s - loss: 0.4637 - accuracy: 0.5042 - val_loss: 0.4957 - val_accuracy: 0.5014
Epoch 9/10
 - 6s - loss: 0.4040 - accuracy: 0.5041 - val_loss: 0.4840 - val_accuracy: 0.5021
Epoch 10/10
 - 7s - loss: 0.3417 - accuracy: 0.5053 - val_loss: 0.4945 - val_accuracy: 0.5008
Training time:65.92173910140991
