Using TensorFlow backend.
WARNING:tensorflow:From /Volumes/Transcend/opt/anaconda3/envs/keras/lib/python3.6/site-packages/tensorflow_core/python/ops/resource_variable_ops.py:1630: calling BaseResourceVariable.__init__ (from tensorflow.python.ops.resource_variable_ops) with constraint is deprecated and will be removed in a future version.
Instructions for updating:
If using Keras pass *_constraint arguments to layers.
WARNING:tensorflow:From /Volumes/Transcend/opt/anaconda3/envs/keras/lib/python3.6/site-packages/keras/backend/tensorflow_backend.py:4070: The name tf.nn.max_pool is deprecated. Please use tf.nn.max_pool2d instead.

WARNING:tensorflow:Large dropout rate: 0.8 (>0.5). In TensorFlow 2.x, dropout() uses dropout rate instead of keep_prob. Please ensure that this is intended.
WARNING:tensorflow:From /Volumes/Transcend/opt/anaconda3/envs/keras/lib/python3.6/site-packages/tensorflow_core/python/ops/nn_impl.py:183: where (from tensorflow.python.ops.array_ops) is deprecated and will be removed in a future version.
Instructions for updating:
Use tf.where in 2.0, which has the same broadcast rule as np.where
2020-02-02 13:52:19.720529: I tensorflow/core/platform/cpu_feature_guard.cc:142] Your CPU supports instructions that this TensorFlow binary was not compiled to use: AVX2 FMA
2020-02-02 13:52:19.736608: I tensorflow/compiler/xla/service/service.cc:168] XLA service 0x7fce09a366f0 initialized for platform Host (this does not guarantee that XLA will be used). Devices:
2020-02-02 13:52:19.736635: I tensorflow/compiler/xla/service/service.cc:176]   StreamExecutor device (0): Host, Default Version
WARNING:tensorflow:From /Volumes/Transcend/opt/anaconda3/envs/keras/lib/python3.6/site-packages/keras/backend/tensorflow_backend.py:422: The name tf.global_variables is deprecated. Please use tf.compat.v1.global_variables instead.

Load data...
Adjusting sequence length for actual size
x_train shape: (9595, 56)
x_test shape: (1067, 56)
Vocabulary Size: 18779
Model type is CNN-non-static
Load existing Word2Vec model '50features_1minwords_10context'
Initializing embedding layer with word2vec weights, shape (18779, 50)
Train on 9595 samples, validate on 1067 samples
Epoch 1/10
 - 6s - loss: 1.4574 - accuracy: 0.4996 - val_loss: 1.4425 - val_accuracy: 0.4864
Epoch 2/10
 - 5s - loss: 1.4427 - accuracy: 0.4909 - val_loss: 1.4421 - val_accuracy: 0.4658
Epoch 3/10
 - 5s - loss: 1.4419 - accuracy: 0.4763 - val_loss: 1.4402 - val_accuracy: 0.4358
Epoch 4/10
 - 6s - loss: 1.4386 - accuracy: 0.4624 - val_loss: 1.4395 - val_accuracy: 0.4789
Epoch 5/10
 - 5s - loss: 1.4256 - accuracy: 0.4311 - val_loss: 1.4142 - val_accuracy: 0.3664
Epoch 6/10
 - 6s - loss: 1.3954 - accuracy: 0.3848 - val_loss: 1.3712 - val_accuracy: 0.3046
Epoch 7/10
 - 7s - loss: 1.3378 - accuracy: 0.3273 - val_loss: 1.3329 - val_accuracy: 0.3008
Epoch 8/10
 - 6s - loss: 1.2637 - accuracy: 0.2830 - val_loss: 1.2532 - val_accuracy: 0.2296
Epoch 9/10
 - 6s - loss: 1.2145 - accuracy: 0.2494 - val_loss: 1.2323 - val_accuracy: 0.2221
Epoch 10/10
 - 7s - loss: 1.1294 - accuracy: 0.2046 - val_loss: 1.2050 - val_accuracy: 0.2277
Training time:60.26312518119812
