Using TensorFlow backend.
WARNING:tensorflow:From /Volumes/Transcend/opt/anaconda3/envs/keras/lib/python3.6/site-packages/tensorflow_core/python/ops/resource_variable_ops.py:1630: calling BaseResourceVariable.__init__ (from tensorflow.python.ops.resource_variable_ops) with constraint is deprecated and will be removed in a future version.
Instructions for updating:
If using Keras pass *_constraint arguments to layers.
WARNING:tensorflow:From /Volumes/Transcend/opt/anaconda3/envs/keras/lib/python3.6/site-packages/keras/backend/tensorflow_backend.py:4070: The name tf.nn.max_pool is deprecated. Please use tf.nn.max_pool2d instead.

WARNING:tensorflow:Large dropout rate: 0.8 (>0.5). In TensorFlow 2.x, dropout() uses dropout rate instead of keep_prob. Please ensure that this is intended.
WARNING:tensorflow:From /Volumes/Transcend/opt/anaconda3/envs/keras/lib/python3.6/site-packages/tensorflow_core/python/ops/nn_impl.py:183: where (from tensorflow.python.ops.array_ops) is deprecated and will be removed in a future version.
Instructions for updating:
Use tf.where in 2.0, which has the same broadcast rule as np.where
2020-02-02 13:33:20.799004: I tensorflow/core/platform/cpu_feature_guard.cc:142] Your CPU supports instructions that this TensorFlow binary was not compiled to use: AVX2 FMA
2020-02-02 13:33:20.813267: I tensorflow/compiler/xla/service/service.cc:168] XLA service 0x7fca588e9b50 initialized for platform Host (this does not guarantee that XLA will be used). Devices:
2020-02-02 13:33:20.813289: I tensorflow/compiler/xla/service/service.cc:176]   StreamExecutor device (0): Host, Default Version
WARNING:tensorflow:From /Volumes/Transcend/opt/anaconda3/envs/keras/lib/python3.6/site-packages/keras/backend/tensorflow_backend.py:422: The name tf.global_variables is deprecated. Please use tf.compat.v1.global_variables instead.

Load data...
Adjusting sequence length for actual size
x_train shape: (9595, 56)
x_test shape: (1067, 56)
Vocabulary Size: 18779
Model type is CNN-non-static
Load existing Word2Vec model '50features_1minwords_10context'
Initializing embedding layer with word2vec weights, shape (18779, 50)
Train on 9595 samples, validate on 1067 samples
Epoch 1/10
 - 6s - loss: 0.7020 - accuracy: 0.4962 - val_loss: 0.6933 - val_accuracy: 0.4799
Epoch 2/10
 - 5s - loss: 0.6943 - accuracy: 0.5110 - val_loss: 0.6935 - val_accuracy: 0.4902
Epoch 3/10
 - 6s - loss: 0.6925 - accuracy: 0.5139 - val_loss: 0.6911 - val_accuracy: 0.4986
Epoch 4/10
 - 7s - loss: 0.6878 - accuracy: 0.5445 - val_loss: 0.6793 - val_accuracy: 0.6242
Epoch 5/10
 - 6s - loss: 0.6749 - accuracy: 0.5692 - val_loss: 0.6590 - val_accuracy: 0.6457
Epoch 6/10
 - 5s - loss: 0.6384 - accuracy: 0.6359 - val_loss: 0.5997 - val_accuracy: 0.7273
Epoch 7/10
 - 6s - loss: 0.5536 - accuracy: 0.7175 - val_loss: 0.5208 - val_accuracy: 0.7648
Epoch 8/10
 - 6s - loss: 0.4634 - accuracy: 0.7854 - val_loss: 0.4929 - val_accuracy: 0.7816
Epoch 9/10
 - 5s - loss: 0.3962 - accuracy: 0.8232 - val_loss: 0.4850 - val_accuracy: 0.7835
Epoch 10/10
 - 5s - loss: 0.3348 - accuracy: 0.8528 - val_loss: 0.4988 - val_accuracy: 0.7769
Training time:59.489131927490234
