Using TensorFlow backend.
WARNING:tensorflow:From /Volumes/Transcend/opt/anaconda3/envs/keras/lib/python3.6/site-packages/tensorflow_core/python/ops/resource_variable_ops.py:1630: calling BaseResourceVariable.__init__ (from tensorflow.python.ops.resource_variable_ops) with constraint is deprecated and will be removed in a future version.
Instructions for updating:
If using Keras pass *_constraint arguments to layers.
WARNING:tensorflow:From /Volumes/Transcend/opt/anaconda3/envs/keras/lib/python3.6/site-packages/keras/backend/tensorflow_backend.py:4070: The name tf.nn.max_pool is deprecated. Please use tf.nn.max_pool2d instead.

WARNING:tensorflow:Large dropout rate: 0.8 (>0.5). In TensorFlow 2.x, dropout() uses dropout rate instead of keep_prob. Please ensure that this is intended.
WARNING:tensorflow:From /Volumes/Transcend/opt/anaconda3/envs/keras/lib/python3.6/site-packages/tensorflow_core/python/ops/nn_impl.py:183: where (from tensorflow.python.ops.array_ops) is deprecated and will be removed in a future version.
Instructions for updating:
Use tf.where in 2.0, which has the same broadcast rule as np.where
2020-02-02 14:00:33.803657: I tensorflow/core/platform/cpu_feature_guard.cc:142] Your CPU supports instructions that this TensorFlow binary was not compiled to use: AVX2 FMA
2020-02-02 14:00:33.820053: I tensorflow/compiler/xla/service/service.cc:168] XLA service 0x7f9dd2304b40 initialized for platform Host (this does not guarantee that XLA will be used). Devices:
2020-02-02 14:00:33.820081: I tensorflow/compiler/xla/service/service.cc:176]   StreamExecutor device (0): Host, Default Version
WARNING:tensorflow:From /Volumes/Transcend/opt/anaconda3/envs/keras/lib/python3.6/site-packages/keras/backend/tensorflow_backend.py:422: The name tf.global_variables is deprecated. Please use tf.compat.v1.global_variables instead.

Load data...
Adjusting sequence length for actual size
x_train shape: (9595, 56)
x_test shape: (1067, 56)
Vocabulary Size: 18779
Model type is CNN-non-static
Load existing Word2Vec model '50features_1minwords_10context'
Initializing embedding layer with word2vec weights, shape (18779, 50)
Train on 9595 samples, validate on 1067 samples
Epoch 1/10
 - 6s - loss: 0.7020 - accuracy: 0.4959 - val_loss: 0.6933 - val_accuracy: 0.4817
Epoch 2/10
 - 6s - loss: 0.6934 - accuracy: 0.5094 - val_loss: 0.6909 - val_accuracy: 0.5539
Epoch 3/10
 - 6s - loss: 0.6904 - accuracy: 0.5289 - val_loss: 0.6869 - val_accuracy: 0.6054
Epoch 4/10
 - 6s - loss: 0.6800 - accuracy: 0.5638 - val_loss: 0.6673 - val_accuracy: 0.6457
Epoch 5/10
 - 6s - loss: 0.6552 - accuracy: 0.6084 - val_loss: 0.6288 - val_accuracy: 0.6870
Epoch 6/10
 - 6s - loss: 0.6005 - accuracy: 0.6780 - val_loss: 0.5620 - val_accuracy: 0.7479
Epoch 7/10
 - 6s - loss: 0.5162 - accuracy: 0.7441 - val_loss: 0.5027 - val_accuracy: 0.7723
Epoch 8/10
 - 6s - loss: 0.4412 - accuracy: 0.8000 - val_loss: 0.4857 - val_accuracy: 0.7751
Epoch 9/10
 - 6s - loss: 0.3805 - accuracy: 0.8308 - val_loss: 0.4791 - val_accuracy: 0.7826
Epoch 10/10
 - 7s - loss: 0.3177 - accuracy: 0.8614 - val_loss: 0.4952 - val_accuracy: 0.7723
Training time:62.01702570915222
