Using TensorFlow backend.
WARNING:tensorflow:From /Volumes/Transcend/opt/anaconda3/envs/keras/lib/python3.6/site-packages/tensorflow_core/python/ops/resource_variable_ops.py:1630: calling BaseResourceVariable.__init__ (from tensorflow.python.ops.resource_variable_ops) with constraint is deprecated and will be removed in a future version.
Instructions for updating:
If using Keras pass *_constraint arguments to layers.
WARNING:tensorflow:From /Volumes/Transcend/opt/anaconda3/envs/keras/lib/python3.6/site-packages/keras/backend/tensorflow_backend.py:4070: The name tf.nn.max_pool is deprecated. Please use tf.nn.max_pool2d instead.

WARNING:tensorflow:Large dropout rate: 0.8 (>0.5). In TensorFlow 2.x, dropout() uses dropout rate instead of keep_prob. Please ensure that this is intended.
WARNING:tensorflow:From /Volumes/Transcend/opt/anaconda3/envs/keras/lib/python3.6/site-packages/tensorflow_core/python/ops/nn_impl.py:183: where (from tensorflow.python.ops.array_ops) is deprecated and will be removed in a future version.
Instructions for updating:
Use tf.where in 2.0, which has the same broadcast rule as np.where
2020-02-18 22:37:12.328298: I tensorflow/core/platform/cpu_feature_guard.cc:142] Your CPU supports instructions that this TensorFlow binary was not compiled to use: AVX2 FMA
2020-02-18 22:37:12.345454: I tensorflow/compiler/xla/service/service.cc:168] XLA service 0x7fdb2f99f830 initialized for platform Host (this does not guarantee that XLA will be used). Devices:
2020-02-18 22:37:12.345476: I tensorflow/compiler/xla/service/service.cc:176]   StreamExecutor device (0): Host, Default Version
WARNING:tensorflow:From /Volumes/Transcend/opt/anaconda3/envs/keras/lib/python3.6/site-packages/keras/backend/tensorflow_backend.py:422: The name tf.global_variables is deprecated. Please use tf.compat.v1.global_variables instead.

Load data...
Adjusting sequence length for actual size
x_train shape: (9595, 56)
x_test shape: (1067, 56)
Vocabulary Size: 18779
Model type is CNN-non-static
Load existing Word2Vec model '50features_1minwords_10context'
Initializing embedding layer with word2vec weights, shape (18779, 50)
Train on 9595 samples, validate on 1067 samples
Epoch 1/10
 - 6s - loss: 0.7016 - accuracy: 0.4948 - val_loss: 0.6932 - val_accuracy: 0.5023
Epoch 2/10
 - 5s - loss: 0.6938 - accuracy: 0.5078 - val_loss: 0.6925 - val_accuracy: 0.5361
Epoch 3/10
 - 6s - loss: 0.6933 - accuracy: 0.5118 - val_loss: 0.6923 - val_accuracy: 0.5192
Epoch 4/10
 - 5s - loss: 0.6881 - accuracy: 0.5439 - val_loss: 0.6803 - val_accuracy: 0.6054
Epoch 5/10
 - 5s - loss: 0.6699 - accuracy: 0.5899 - val_loss: 0.6525 - val_accuracy: 0.6467
Epoch 6/10
 - 8s - loss: 0.6272 - accuracy: 0.6489 - val_loss: 0.5886 - val_accuracy: 0.7263
Epoch 7/10
 - 5s - loss: 0.5428 - accuracy: 0.7309 - val_loss: 0.5151 - val_accuracy: 0.7619
Epoch 8/10
 - 6s - loss: 0.4560 - accuracy: 0.7888 - val_loss: 0.4965 - val_accuracy: 0.7769
Epoch 9/10
 - 6s - loss: 0.3850 - accuracy: 0.8271 - val_loss: 0.4886 - val_accuracy: 0.7713
Epoch 10/10
 - 6s - loss: 0.3280 - accuracy: 0.8590 - val_loss: 0.5080 - val_accuracy: 0.7704
Training time:59.22513031959534
