Using TensorFlow backend.
WARNING:tensorflow:From /Volumes/Transcend/opt/anaconda3/envs/keras/lib/python3.6/site-packages/tensorflow_core/python/ops/resource_variable_ops.py:1630: calling BaseResourceVariable.__init__ (from tensorflow.python.ops.resource_variable_ops) with constraint is deprecated and will be removed in a future version.
Instructions for updating:
If using Keras pass *_constraint arguments to layers.
WARNING:tensorflow:From /Volumes/Transcend/opt/anaconda3/envs/keras/lib/python3.6/site-packages/keras/backend/tensorflow_backend.py:4070: The name tf.nn.max_pool is deprecated. Please use tf.nn.max_pool2d instead.

WARNING:tensorflow:Large dropout rate: 0.8 (>0.5). In TensorFlow 2.x, dropout() uses dropout rate instead of keep_prob. Please ensure that this is intended.
WARNING:tensorflow:From /Volumes/Transcend/opt/anaconda3/envs/keras/lib/python3.6/site-packages/tensorflow_core/python/ops/nn_impl.py:183: where (from tensorflow.python.ops.array_ops) is deprecated and will be removed in a future version.
Instructions for updating:
Use tf.where in 2.0, which has the same broadcast rule as np.where
2020-02-02 14:01:42.387010: I tensorflow/core/platform/cpu_feature_guard.cc:142] Your CPU supports instructions that this TensorFlow binary was not compiled to use: AVX2 FMA
2020-02-02 14:01:42.400767: I tensorflow/compiler/xla/service/service.cc:168] XLA service 0x7ff5746e1ca0 initialized for platform Host (this does not guarantee that XLA will be used). Devices:
2020-02-02 14:01:42.400791: I tensorflow/compiler/xla/service/service.cc:176]   StreamExecutor device (0): Host, Default Version
WARNING:tensorflow:From /Volumes/Transcend/opt/anaconda3/envs/keras/lib/python3.6/site-packages/keras/backend/tensorflow_backend.py:422: The name tf.global_variables is deprecated. Please use tf.compat.v1.global_variables instead.

Load data...
Adjusting sequence length for actual size
x_train shape: (9595, 56)
x_test shape: (1067, 56)
Vocabulary Size: 18779
Model type is CNN-non-static
Load existing Word2Vec model '50features_1minwords_10context'
Initializing embedding layer with word2vec weights, shape (18779, 50)
Train on 9595 samples, validate on 1067 samples
Epoch 1/10
 - 6s - loss: 2870.8197 - accuracy: 0.4981 - val_loss: 2777.1884 - val_accuracy: 0.4948
Epoch 2/10
 - 5s - loss: 2837.8439 - accuracy: 0.5131 - val_loss: 2768.2291 - val_accuracy: 0.5558
Epoch 3/10
 - 6s - loss: 2825.1115 - accuracy: 0.5284 - val_loss: 2753.9004 - val_accuracy: 0.6017
Epoch 4/10
 - 6s - loss: 2785.8085 - accuracy: 0.5562 - val_loss: 2679.6411 - val_accuracy: 0.6382
Epoch 5/10
 - 6s - loss: 2683.3015 - accuracy: 0.6089 - val_loss: 2545.9931 - val_accuracy: 0.6664
Epoch 6/10
 - 5s - loss: 2440.7942 - accuracy: 0.6787 - val_loss: 2260.2773 - val_accuracy: 0.7498
Epoch 7/10
 - 5s - loss: 2069.7187 - accuracy: 0.7504 - val_loss: 1997.1349 - val_accuracy: 0.7807
Epoch 8/10
 - 7s - loss: 1770.0902 - accuracy: 0.8026 - val_loss: 1947.4337 - val_accuracy: 0.7751
Epoch 9/10
 - 7s - loss: 1562.8442 - accuracy: 0.8310 - val_loss: 1952.4354 - val_accuracy: 0.7798
Epoch 10/10
 - 7s - loss: 1364.8725 - accuracy: 0.8504 - val_loss: 2002.3686 - val_accuracy: 0.7741
Training time:62.26096487045288
