Using TensorFlow backend.
WARNING:tensorflow:From /Volumes/Transcend/opt/anaconda3/envs/keras/lib/python3.6/site-packages/tensorflow_core/python/ops/resource_variable_ops.py:1630: calling BaseResourceVariable.__init__ (from tensorflow.python.ops.resource_variable_ops) with constraint is deprecated and will be removed in a future version.
Instructions for updating:
If using Keras pass *_constraint arguments to layers.
WARNING:tensorflow:From /Volumes/Transcend/opt/anaconda3/envs/keras/lib/python3.6/site-packages/keras/backend/tensorflow_backend.py:4070: The name tf.nn.max_pool is deprecated. Please use tf.nn.max_pool2d instead.

WARNING:tensorflow:Large dropout rate: 0.8 (>0.5). In TensorFlow 2.x, dropout() uses dropout rate instead of keep_prob. Please ensure that this is intended.
WARNING:tensorflow:From /Volumes/Transcend/opt/anaconda3/envs/keras/lib/python3.6/site-packages/tensorflow_core/python/ops/nn_impl.py:183: where (from tensorflow.python.ops.array_ops) is deprecated and will be removed in a future version.
Instructions for updating:
Use tf.where in 2.0, which has the same broadcast rule as np.where
2020-02-18 22:38:22.744400: I tensorflow/core/platform/cpu_feature_guard.cc:142] Your CPU supports instructions that this TensorFlow binary was not compiled to use: AVX2 FMA
2020-02-18 22:38:22.771273: I tensorflow/compiler/xla/service/service.cc:168] XLA service 0x7f924320eb90 initialized for platform Host (this does not guarantee that XLA will be used). Devices:
2020-02-18 22:38:22.771294: I tensorflow/compiler/xla/service/service.cc:176]   StreamExecutor device (0): Host, Default Version
WARNING:tensorflow:From /Volumes/Transcend/opt/anaconda3/envs/keras/lib/python3.6/site-packages/keras/backend/tensorflow_backend.py:422: The name tf.global_variables is deprecated. Please use tf.compat.v1.global_variables instead.

Load data...
Adjusting sequence length for actual size
x_train shape: (9595, 56)
x_test shape: (1067, 56)
Vocabulary Size: 18779
Model type is CNN-non-static
Load existing Word2Vec model '50features_1minwords_10context'
Initializing embedding layer with word2vec weights, shape (18779, 50)
Train on 9595 samples, validate on 1067 samples
Epoch 1/10
 - 7s - loss: 0.7020 - accuracy: 0.4969 - val_loss: 0.6933 - val_accuracy: 0.4892
Epoch 2/10
 - 8s - loss: 0.6944 - accuracy: 0.4979 - val_loss: 0.6930 - val_accuracy: 0.4920
Epoch 3/10
 - 7s - loss: 0.6928 - accuracy: 0.5160 - val_loss: 0.6905 - val_accuracy: 0.5220
Epoch 4/10
 - 6s - loss: 0.6874 - accuracy: 0.5340 - val_loss: 0.6807 - val_accuracy: 0.6279
Epoch 5/10
 - 7s - loss: 0.6717 - accuracy: 0.5869 - val_loss: 0.6522 - val_accuracy: 0.6551
Epoch 6/10
 - 6s - loss: 0.6289 - accuracy: 0.6442 - val_loss: 0.5887 - val_accuracy: 0.7301
Epoch 7/10
 - 6s - loss: 0.5349 - accuracy: 0.7328 - val_loss: 0.5092 - val_accuracy: 0.7704
Epoch 8/10
 - 6s - loss: 0.4532 - accuracy: 0.7916 - val_loss: 0.4860 - val_accuracy: 0.7732
Epoch 9/10
 - 8s - loss: 0.3843 - accuracy: 0.8273 - val_loss: 0.4804 - val_accuracy: 0.7751
Epoch 10/10
 - 8s - loss: 0.3273 - accuracy: 0.8551 - val_loss: 0.4934 - val_accuracy: 0.7657
Training time:70.25662422180176
