Using TensorFlow backend.
WARNING:tensorflow:From /Volumes/Transcend/opt/anaconda3/envs/keras/lib/python3.6/site-packages/tensorflow_core/python/ops/resource_variable_ops.py:1630: calling BaseResourceVariable.__init__ (from tensorflow.python.ops.resource_variable_ops) with constraint is deprecated and will be removed in a future version.
Instructions for updating:
If using Keras pass *_constraint arguments to layers.
WARNING:tensorflow:From /Volumes/Transcend/opt/anaconda3/envs/keras/lib/python3.6/site-packages/keras/backend/tensorflow_backend.py:4070: The name tf.nn.max_pool is deprecated. Please use tf.nn.max_pool2d instead.

WARNING:tensorflow:Large dropout rate: 0.8 (>0.5). In TensorFlow 2.x, dropout() uses dropout rate instead of keep_prob. Please ensure that this is intended.
WARNING:tensorflow:From /Volumes/Transcend/opt/anaconda3/envs/keras/lib/python3.6/site-packages/tensorflow_core/python/ops/nn_impl.py:183: where (from tensorflow.python.ops.array_ops) is deprecated and will be removed in a future version.
Instructions for updating:
Use tf.where in 2.0, which has the same broadcast rule as np.where
2020-02-18 22:34:08.005423: I tensorflow/core/platform/cpu_feature_guard.cc:142] Your CPU supports instructions that this TensorFlow binary was not compiled to use: AVX2 FMA
2020-02-18 22:34:08.018667: I tensorflow/compiler/xla/service/service.cc:168] XLA service 0x7fd2a848b250 initialized for platform Host (this does not guarantee that XLA will be used). Devices:
2020-02-18 22:34:08.018689: I tensorflow/compiler/xla/service/service.cc:176]   StreamExecutor device (0): Host, Default Version
WARNING:tensorflow:From /Volumes/Transcend/opt/anaconda3/envs/keras/lib/python3.6/site-packages/keras/backend/tensorflow_backend.py:422: The name tf.global_variables is deprecated. Please use tf.compat.v1.global_variables instead.

Load data...
Adjusting sequence length for actual size
x_train shape: (9595, 56)
x_test shape: (1067, 56)
Vocabulary Size: 18779
Model type is CNN-non-static
Load existing Word2Vec model '50features_1minwords_10context'
Initializing embedding layer with word2vec weights, shape (18779, 50)
Train on 9595 samples, validate on 1067 samples
Epoch 1/10
 - 5s - loss: 0.7017 - accuracy: 0.4966 - val_loss: 0.6932 - val_accuracy: 0.5145
Epoch 2/10
 - 5s - loss: 0.6932 - accuracy: 0.5138 - val_loss: 0.6904 - val_accuracy: 0.5633
Epoch 3/10
 - 5s - loss: 0.6901 - accuracy: 0.5234 - val_loss: 0.6855 - val_accuracy: 0.5989
Epoch 4/10
 - 5s - loss: 0.6798 - accuracy: 0.5612 - val_loss: 0.6676 - val_accuracy: 0.6392
Epoch 5/10
 - 5s - loss: 0.6560 - accuracy: 0.6066 - val_loss: 0.6340 - val_accuracy: 0.6607
Epoch 6/10
 - 5s - loss: 0.6006 - accuracy: 0.6760 - val_loss: 0.5610 - val_accuracy: 0.7554
Epoch 7/10
 - 5s - loss: 0.5167 - accuracy: 0.7479 - val_loss: 0.5002 - val_accuracy: 0.7779
Epoch 8/10
 - 5s - loss: 0.4437 - accuracy: 0.7939 - val_loss: 0.4854 - val_accuracy: 0.7798
Epoch 9/10
 - 5s - loss: 0.3800 - accuracy: 0.8325 - val_loss: 0.4815 - val_accuracy: 0.7779
Epoch 10/10
 - 5s - loss: 0.3213 - accuracy: 0.8591 - val_loss: 0.4992 - val_accuracy: 0.7694
Training time:49.09529185295105
