Using TensorFlow backend.
WARNING:tensorflow:From /Volumes/Transcend/opt/anaconda3/envs/keras/lib/python3.6/site-packages/tensorflow_core/python/ops/resource_variable_ops.py:1630: calling BaseResourceVariable.__init__ (from tensorflow.python.ops.resource_variable_ops) with constraint is deprecated and will be removed in a future version.
Instructions for updating:
If using Keras pass *_constraint arguments to layers.
WARNING:tensorflow:From /Volumes/Transcend/opt/anaconda3/envs/keras/lib/python3.6/site-packages/keras/backend/tensorflow_backend.py:4070: The name tf.nn.max_pool is deprecated. Please use tf.nn.max_pool2d instead.

WARNING:tensorflow:Large dropout rate: 0.8 (>0.5). In TensorFlow 2.x, dropout() uses dropout rate instead of keep_prob. Please ensure that this is intended.
WARNING:tensorflow:From /Volumes/Transcend/opt/anaconda3/envs/keras/lib/python3.6/site-packages/tensorflow_core/python/ops/nn_impl.py:183: where (from tensorflow.python.ops.array_ops) is deprecated and will be removed in a future version.
Instructions for updating:
Use tf.where in 2.0, which has the same broadcast rule as np.where
2020-02-02 13:59:25.572799: I tensorflow/core/platform/cpu_feature_guard.cc:142] Your CPU supports instructions that this TensorFlow binary was not compiled to use: AVX2 FMA
2020-02-02 13:59:25.594534: I tensorflow/compiler/xla/service/service.cc:168] XLA service 0x7fa0587ca3c0 initialized for platform Host (this does not guarantee that XLA will be used). Devices:
2020-02-02 13:59:25.594562: I tensorflow/compiler/xla/service/service.cc:176]   StreamExecutor device (0): Host, Default Version
WARNING:tensorflow:From /Volumes/Transcend/opt/anaconda3/envs/keras/lib/python3.6/site-packages/keras/backend/tensorflow_backend.py:422: The name tf.global_variables is deprecated. Please use tf.compat.v1.global_variables instead.

Load data...
Adjusting sequence length for actual size
x_train shape: (9595, 56)
x_test shape: (1067, 56)
Vocabulary Size: 18779
Model type is CNN-non-static
Load existing Word2Vec model '50features_1minwords_10context'
Initializing embedding layer with word2vec weights, shape (18779, 50)
Train on 9595 samples, validate on 1067 samples
Epoch 1/10
 - 7s - loss: 0.7021 - accuracy: 0.4936 - val_loss: 0.6933 - val_accuracy: 0.4902
Epoch 2/10
 - 6s - loss: 0.6929 - accuracy: 0.5120 - val_loss: 0.6905 - val_accuracy: 0.5801
Epoch 3/10
 - 6s - loss: 0.6898 - accuracy: 0.5307 - val_loss: 0.6859 - val_accuracy: 0.6045
Epoch 4/10
 - 6s - loss: 0.6790 - accuracy: 0.5636 - val_loss: 0.6655 - val_accuracy: 0.6364
Epoch 5/10
 - 6s - loss: 0.6535 - accuracy: 0.6095 - val_loss: 0.6327 - val_accuracy: 0.6560
Epoch 6/10
 - 6s - loss: 0.5998 - accuracy: 0.6758 - val_loss: 0.5565 - val_accuracy: 0.7563
Epoch 7/10
 - 6s - loss: 0.5058 - accuracy: 0.7587 - val_loss: 0.4957 - val_accuracy: 0.7769
Epoch 8/10
 - 6s - loss: 0.4224 - accuracy: 0.8079 - val_loss: 0.4781 - val_accuracy: 0.7901
Epoch 9/10
 - 6s - loss: 0.3632 - accuracy: 0.8424 - val_loss: 0.4732 - val_accuracy: 0.7816
Epoch 10/10
 - 6s - loss: 0.2990 - accuracy: 0.8706 - val_loss: 0.5025 - val_accuracy: 0.7713
Training time:60.957462787628174
