Using TensorFlow backend.
WARNING:tensorflow:From /Volumes/Transcend/opt/anaconda3/envs/keras/lib/python3.6/site-packages/tensorflow_core/python/ops/resource_variable_ops.py:1630: calling BaseResourceVariable.__init__ (from tensorflow.python.ops.resource_variable_ops) with constraint is deprecated and will be removed in a future version.
Instructions for updating:
If using Keras pass *_constraint arguments to layers.
WARNING:tensorflow:From /Volumes/Transcend/opt/anaconda3/envs/keras/lib/python3.6/site-packages/keras/backend/tensorflow_backend.py:4070: The name tf.nn.max_pool is deprecated. Please use tf.nn.max_pool2d instead.

WARNING:tensorflow:Large dropout rate: 0.8 (>0.5). In TensorFlow 2.x, dropout() uses dropout rate instead of keep_prob. Please ensure that this is intended.
WARNING:tensorflow:From /Volumes/Transcend/opt/anaconda3/envs/keras/lib/python3.6/site-packages/tensorflow_core/python/ops/nn_impl.py:183: where (from tensorflow.python.ops.array_ops) is deprecated and will be removed in a future version.
Instructions for updating:
Use tf.where in 2.0, which has the same broadcast rule as np.where
2020-02-18 22:39:47.649977: I tensorflow/core/platform/cpu_feature_guard.cc:142] Your CPU supports instructions that this TensorFlow binary was not compiled to use: AVX2 FMA
2020-02-18 22:39:47.675222: I tensorflow/compiler/xla/service/service.cc:168] XLA service 0x7f997ff77650 initialized for platform Host (this does not guarantee that XLA will be used). Devices:
2020-02-18 22:39:47.675247: I tensorflow/compiler/xla/service/service.cc:176]   StreamExecutor device (0): Host, Default Version
WARNING:tensorflow:From /Volumes/Transcend/opt/anaconda3/envs/keras/lib/python3.6/site-packages/keras/backend/tensorflow_backend.py:422: The name tf.global_variables is deprecated. Please use tf.compat.v1.global_variables instead.

Load data...
Adjusting sequence length for actual size
x_train shape: (9595, 56)
x_test shape: (1067, 56)
Vocabulary Size: 18779
Model type is CNN-non-static
Load existing Word2Vec model '50features_1minwords_10context'
Initializing embedding layer with word2vec weights, shape (18779, 50)
Train on 9595 samples, validate on 1067 samples
Epoch 1/10
 - 6s - loss: 0.7021 - accuracy: 0.4955 - val_loss: 0.6933 - val_accuracy: 0.4902
Epoch 2/10
 - 5s - loss: 0.6940 - accuracy: 0.5078 - val_loss: 0.6934 - val_accuracy: 0.4920
Epoch 3/10
 - 6s - loss: 0.6926 - accuracy: 0.5167 - val_loss: 0.6911 - val_accuracy: 0.5567
Epoch 4/10
 - 5s - loss: 0.6870 - accuracy: 0.5393 - val_loss: 0.6783 - val_accuracy: 0.6232
Epoch 5/10
 - 5s - loss: 0.6712 - accuracy: 0.5828 - val_loss: 0.6504 - val_accuracy: 0.6401
Epoch 6/10
 - 5s - loss: 0.6307 - accuracy: 0.6426 - val_loss: 0.5883 - val_accuracy: 0.7329
Epoch 7/10
 - 6s - loss: 0.5412 - accuracy: 0.7284 - val_loss: 0.5150 - val_accuracy: 0.7676
Epoch 8/10
 - 6s - loss: 0.4571 - accuracy: 0.7882 - val_loss: 0.4849 - val_accuracy: 0.7863
Epoch 9/10
 - 5s - loss: 0.3910 - accuracy: 0.8255 - val_loss: 0.4761 - val_accuracy: 0.7788
Epoch 10/10
 - 5s - loss: 0.3311 - accuracy: 0.8567 - val_loss: 0.4904 - val_accuracy: 0.7694
Training time:55.4017448425293
