Using TensorFlow backend.
WARNING:tensorflow:From /Volumes/Transcend/opt/anaconda3/envs/keras/lib/python3.6/site-packages/tensorflow_core/python/ops/resource_variable_ops.py:1630: calling BaseResourceVariable.__init__ (from tensorflow.python.ops.resource_variable_ops) with constraint is deprecated and will be removed in a future version.
Instructions for updating:
If using Keras pass *_constraint arguments to layers.
WARNING:tensorflow:From /Volumes/Transcend/opt/anaconda3/envs/keras/lib/python3.6/site-packages/keras/backend/tensorflow_backend.py:4070: The name tf.nn.max_pool is deprecated. Please use tf.nn.max_pool2d instead.

WARNING:tensorflow:Large dropout rate: 0.8 (>0.5). In TensorFlow 2.x, dropout() uses dropout rate instead of keep_prob. Please ensure that this is intended.
WARNING:tensorflow:From /Volumes/Transcend/opt/anaconda3/envs/keras/lib/python3.6/site-packages/tensorflow_core/python/ops/nn_impl.py:183: where (from tensorflow.python.ops.array_ops) is deprecated and will be removed in a future version.
Instructions for updating:
Use tf.where in 2.0, which has the same broadcast rule as np.where
2020-02-18 22:42:03.651415: I tensorflow/core/platform/cpu_feature_guard.cc:142] Your CPU supports instructions that this TensorFlow binary was not compiled to use: AVX2 FMA
2020-02-18 22:42:03.671305: I tensorflow/compiler/xla/service/service.cc:168] XLA service 0x7fe0ee0e53b0 initialized for platform Host (this does not guarantee that XLA will be used). Devices:
2020-02-18 22:42:03.671327: I tensorflow/compiler/xla/service/service.cc:176]   StreamExecutor device (0): Host, Default Version
WARNING:tensorflow:From /Volumes/Transcend/opt/anaconda3/envs/keras/lib/python3.6/site-packages/keras/backend/tensorflow_backend.py:422: The name tf.global_variables is deprecated. Please use tf.compat.v1.global_variables instead.

Load data...
Adjusting sequence length for actual size
x_train shape: (9595, 56)
x_test shape: (1067, 56)
Vocabulary Size: 18779
Model type is CNN-non-static
Load existing Word2Vec model '50features_1minwords_10context'
Initializing embedding layer with word2vec weights, shape (18779, 50)
Train on 9595 samples, validate on 1067 samples
Epoch 1/10
 - 6s - loss: 0.7019 - accuracy: 0.4935 - val_loss: 0.6932 - val_accuracy: 0.4902
Epoch 2/10
 - 5s - loss: 0.6942 - accuracy: 0.5064 - val_loss: 0.6921 - val_accuracy: 0.5295
Epoch 3/10
 - 5s - loss: 0.6919 - accuracy: 0.5176 - val_loss: 0.6895 - val_accuracy: 0.5923
Epoch 4/10
 - 5s - loss: 0.6839 - accuracy: 0.5502 - val_loss: 0.6736 - val_accuracy: 0.6139
Epoch 5/10
 - 5s - loss: 0.6639 - accuracy: 0.5952 - val_loss: 0.6406 - val_accuracy: 0.6635
Epoch 6/10
 - 5s - loss: 0.6104 - accuracy: 0.6695 - val_loss: 0.5747 - val_accuracy: 0.7479
Epoch 7/10
 - 7s - loss: 0.5220 - accuracy: 0.7423 - val_loss: 0.5032 - val_accuracy: 0.7694
Epoch 8/10
 - 6s - loss: 0.4480 - accuracy: 0.7946 - val_loss: 0.4858 - val_accuracy: 0.7779
Epoch 9/10
 - 5s - loss: 0.3918 - accuracy: 0.8241 - val_loss: 0.4831 - val_accuracy: 0.7873
Epoch 10/10
 - 5s - loss: 0.3328 - accuracy: 0.8528 - val_loss: 0.4864 - val_accuracy: 0.7704
Training time:54.67084288597107
