Using TensorFlow backend.
WARNING:tensorflow:From /Volumes/Transcend/opt/anaconda3/envs/keras/lib/python3.6/site-packages/tensorflow_core/python/ops/resource_variable_ops.py:1630: calling BaseResourceVariable.__init__ (from tensorflow.python.ops.resource_variable_ops) with constraint is deprecated and will be removed in a future version.
Instructions for updating:
If using Keras pass *_constraint arguments to layers.
WARNING:tensorflow:From /Volumes/Transcend/opt/anaconda3/envs/keras/lib/python3.6/site-packages/keras/backend/tensorflow_backend.py:4070: The name tf.nn.max_pool is deprecated. Please use tf.nn.max_pool2d instead.

WARNING:tensorflow:Large dropout rate: 0.8 (>0.5). In TensorFlow 2.x, dropout() uses dropout rate instead of keep_prob. Please ensure that this is intended.
WARNING:tensorflow:From /Volumes/Transcend/opt/anaconda3/envs/keras/lib/python3.6/site-packages/tensorflow_core/python/ops/nn_impl.py:183: where (from tensorflow.python.ops.array_ops) is deprecated and will be removed in a future version.
Instructions for updating:
Use tf.where in 2.0, which has the same broadcast rule as np.where
2020-02-18 22:40:52.427885: I tensorflow/core/platform/cpu_feature_guard.cc:142] Your CPU supports instructions that this TensorFlow binary was not compiled to use: AVX2 FMA
2020-02-18 22:40:52.441006: I tensorflow/compiler/xla/service/service.cc:168] XLA service 0x7fee3302f2a0 initialized for platform Host (this does not guarantee that XLA will be used). Devices:
2020-02-18 22:40:52.441030: I tensorflow/compiler/xla/service/service.cc:176]   StreamExecutor device (0): Host, Default Version
WARNING:tensorflow:From /Volumes/Transcend/opt/anaconda3/envs/keras/lib/python3.6/site-packages/keras/backend/tensorflow_backend.py:422: The name tf.global_variables is deprecated. Please use tf.compat.v1.global_variables instead.

Load data...
Adjusting sequence length for actual size
x_train shape: (9595, 56)
x_test shape: (1067, 56)
Vocabulary Size: 18779
Model type is CNN-non-static
Load existing Word2Vec model '50features_1minwords_10context'
Initializing embedding layer with word2vec weights, shape (18779, 50)
Train on 9595 samples, validate on 1067 samples
Epoch 1/10
 - 6s - loss: 0.7018 - accuracy: 0.4958 - val_loss: 0.6933 - val_accuracy: 0.5023
Epoch 2/10
 - 5s - loss: 0.6940 - accuracy: 0.5102 - val_loss: 0.6920 - val_accuracy: 0.5267
Epoch 3/10
 - 6s - loss: 0.6905 - accuracy: 0.5293 - val_loss: 0.6879 - val_accuracy: 0.5914
Epoch 4/10
 - 6s - loss: 0.6826 - accuracy: 0.5548 - val_loss: 0.6694 - val_accuracy: 0.6336
Epoch 5/10
 - 6s - loss: 0.6566 - accuracy: 0.6096 - val_loss: 0.6326 - val_accuracy: 0.6682
Epoch 6/10
 - 7s - loss: 0.5931 - accuracy: 0.6800 - val_loss: 0.5607 - val_accuracy: 0.7460
Epoch 7/10
 - 6s - loss: 0.4876 - accuracy: 0.7690 - val_loss: 0.4939 - val_accuracy: 0.7769
Epoch 8/10
 - 7s - loss: 0.4102 - accuracy: 0.8153 - val_loss: 0.4850 - val_accuracy: 0.7760
Epoch 9/10
 - 7s - loss: 0.3486 - accuracy: 0.8483 - val_loss: 0.4872 - val_accuracy: 0.7798
Epoch 10/10
 - 6s - loss: 0.2945 - accuracy: 0.8742 - val_loss: 0.5171 - val_accuracy: 0.7760
Training time:61.843199014663696
