Using TensorFlow backend.
WARNING:tensorflow:From /Volumes/Transcend/opt/anaconda3/envs/keras/lib/python3.6/site-packages/tensorflow_core/python/ops/resource_variable_ops.py:1630: calling BaseResourceVariable.__init__ (from tensorflow.python.ops.resource_variable_ops) with constraint is deprecated and will be removed in a future version.
Instructions for updating:
If using Keras pass *_constraint arguments to layers.
WARNING:tensorflow:From /Volumes/Transcend/opt/anaconda3/envs/keras/lib/python3.6/site-packages/keras/backend/tensorflow_backend.py:4070: The name tf.nn.max_pool is deprecated. Please use tf.nn.max_pool2d instead.

WARNING:tensorflow:Large dropout rate: 0.8 (>0.5). In TensorFlow 2.x, dropout() uses dropout rate instead of keep_prob. Please ensure that this is intended.
WARNING:tensorflow:From /Volumes/Transcend/opt/anaconda3/envs/keras/lib/python3.6/site-packages/tensorflow_core/python/ops/nn_impl.py:183: where (from tensorflow.python.ops.array_ops) is deprecated and will be removed in a future version.
Instructions for updating:
Use tf.where in 2.0, which has the same broadcast rule as np.where
2020-02-02 13:36:27.644019: I tensorflow/core/platform/cpu_feature_guard.cc:142] Your CPU supports instructions that this TensorFlow binary was not compiled to use: AVX2 FMA
2020-02-02 13:36:27.657758: I tensorflow/compiler/xla/service/service.cc:168] XLA service 0x7f8b208e0800 initialized for platform Host (this does not guarantee that XLA will be used). Devices:
2020-02-02 13:36:27.657784: I tensorflow/compiler/xla/service/service.cc:176]   StreamExecutor device (0): Host, Default Version
WARNING:tensorflow:From /Volumes/Transcend/opt/anaconda3/envs/keras/lib/python3.6/site-packages/keras/backend/tensorflow_backend.py:422: The name tf.global_variables is deprecated. Please use tf.compat.v1.global_variables instead.

Load data...
Adjusting sequence length for actual size
x_train shape: (9595, 56)
x_test shape: (1067, 56)
Vocabulary Size: 18779
Model type is CNN-non-static
Load existing Word2Vec model '50features_1minwords_10context'
Initializing embedding layer with word2vec weights, shape (18779, 50)
Train on 9595 samples, validate on 1067 samples
Epoch 1/10
 - 6s - loss: 0.7018 - accuracy: 0.4967 - val_loss: 0.6933 - val_accuracy: 0.5042
Epoch 2/10
 - 6s - loss: 0.6931 - accuracy: 0.5165 - val_loss: 0.6911 - val_accuracy: 0.5717
Epoch 3/10
 - 6s - loss: 0.6898 - accuracy: 0.5324 - val_loss: 0.6856 - val_accuracy: 0.6036
Epoch 4/10
 - 6s - loss: 0.6789 - accuracy: 0.5647 - val_loss: 0.6663 - val_accuracy: 0.6457
Epoch 5/10
 - 5s - loss: 0.6549 - accuracy: 0.6113 - val_loss: 0.6338 - val_accuracy: 0.6748
Epoch 6/10
 - 5s - loss: 0.6024 - accuracy: 0.6761 - val_loss: 0.5691 - val_accuracy: 0.7451
Epoch 7/10
 - 6s - loss: 0.5077 - accuracy: 0.7548 - val_loss: 0.4998 - val_accuracy: 0.7713
Epoch 8/10
 - 5s - loss: 0.4301 - accuracy: 0.8023 - val_loss: 0.4855 - val_accuracy: 0.7769
Epoch 9/10
 - 6s - loss: 0.3705 - accuracy: 0.8373 - val_loss: 0.4822 - val_accuracy: 0.7844
Epoch 10/10
 - 5s - loss: 0.3178 - accuracy: 0.8616 - val_loss: 0.5005 - val_accuracy: 0.7760
Training time:56.58869504928589
