Using TensorFlow backend.
WARNING:tensorflow:From /Volumes/Transcend/opt/anaconda3/envs/keras/lib/python3.6/site-packages/tensorflow_core/python/ops/resource_variable_ops.py:1630: calling BaseResourceVariable.__init__ (from tensorflow.python.ops.resource_variable_ops) with constraint is deprecated and will be removed in a future version.
Instructions for updating:
If using Keras pass *_constraint arguments to layers.
WARNING:tensorflow:From /Volumes/Transcend/opt/anaconda3/envs/keras/lib/python3.6/site-packages/keras/backend/tensorflow_backend.py:4070: The name tf.nn.max_pool is deprecated. Please use tf.nn.max_pool2d instead.

WARNING:tensorflow:Large dropout rate: 0.8 (>0.5). In TensorFlow 2.x, dropout() uses dropout rate instead of keep_prob. Please ensure that this is intended.
WARNING:tensorflow:From /Volumes/Transcend/opt/anaconda3/envs/keras/lib/python3.6/site-packages/tensorflow_core/python/ops/nn_impl.py:183: where (from tensorflow.python.ops.array_ops) is deprecated and will be removed in a future version.
Instructions for updating:
Use tf.where in 2.0, which has the same broadcast rule as np.where
2020-02-02 13:37:36.770238: I tensorflow/core/platform/cpu_feature_guard.cc:142] Your CPU supports instructions that this TensorFlow binary was not compiled to use: AVX2 FMA
2020-02-02 13:37:36.782817: I tensorflow/compiler/xla/service/service.cc:168] XLA service 0x7fd9b47e6c80 initialized for platform Host (this does not guarantee that XLA will be used). Devices:
2020-02-02 13:37:36.782839: I tensorflow/compiler/xla/service/service.cc:176]   StreamExecutor device (0): Host, Default Version
WARNING:tensorflow:From /Volumes/Transcend/opt/anaconda3/envs/keras/lib/python3.6/site-packages/keras/backend/tensorflow_backend.py:422: The name tf.global_variables is deprecated. Please use tf.compat.v1.global_variables instead.

Load data...
Adjusting sequence length for actual size
x_train shape: (9595, 56)
x_test shape: (1067, 56)
Vocabulary Size: 18779
Model type is CNN-non-static
Load existing Word2Vec model '50features_1minwords_10context'
Initializing embedding layer with word2vec weights, shape (18779, 50)
Train on 9595 samples, validate on 1067 samples
Epoch 1/10
 - 6s - loss: 0.7017 - accuracy: 0.4993 - val_loss: 0.6933 - val_accuracy: 0.4902
Epoch 2/10
 - 5s - loss: 0.6929 - accuracy: 0.4991 - val_loss: 0.6900 - val_accuracy: 0.4960
Epoch 3/10
 - 6s - loss: 0.6890 - accuracy: 0.4997 - val_loss: 0.6844 - val_accuracy: 0.4983
Epoch 4/10
 - 5s - loss: 0.6781 - accuracy: 0.5000 - val_loss: 0.6629 - val_accuracy: 0.4999
Epoch 5/10
 - 5s - loss: 0.6513 - accuracy: 0.5014 - val_loss: 0.6277 - val_accuracy: 0.4975
Epoch 6/10
 - 6s - loss: 0.5946 - accuracy: 0.5016 - val_loss: 0.5598 - val_accuracy: 0.5055
Epoch 7/10
 - 6s - loss: 0.5087 - accuracy: 0.5049 - val_loss: 0.4988 - val_accuracy: 0.5034
Epoch 8/10
 - 5s - loss: 0.4348 - accuracy: 0.5044 - val_loss: 0.4847 - val_accuracy: 0.5011
Epoch 9/10
 - 6s - loss: 0.3803 - accuracy: 0.5046 - val_loss: 0.4843 - val_accuracy: 0.5014
Epoch 10/10
 - 5s - loss: 0.3265 - accuracy: 0.5051 - val_loss: 0.4964 - val_accuracy: 0.5012
Training time:55.709458112716675
