Using TensorFlow backend.
WARNING:tensorflow:From /Volumes/Transcend/opt/anaconda3/envs/keras/lib/python3.6/site-packages/tensorflow_core/python/ops/resource_variable_ops.py:1630: calling BaseResourceVariable.__init__ (from tensorflow.python.ops.resource_variable_ops) with constraint is deprecated and will be removed in a future version.
Instructions for updating:
If using Keras pass *_constraint arguments to layers.
WARNING:tensorflow:From /Volumes/Transcend/opt/anaconda3/envs/keras/lib/python3.6/site-packages/keras/backend/tensorflow_backend.py:4070: The name tf.nn.max_pool is deprecated. Please use tf.nn.max_pool2d instead.

WARNING:tensorflow:Large dropout rate: 0.8 (>0.5). In TensorFlow 2.x, dropout() uses dropout rate instead of keep_prob. Please ensure that this is intended.
WARNING:tensorflow:From /Volumes/Transcend/opt/anaconda3/envs/keras/lib/python3.6/site-packages/tensorflow_core/python/ops/nn_impl.py:183: where (from tensorflow.python.ops.array_ops) is deprecated and will be removed in a future version.
Instructions for updating:
Use tf.where in 2.0, which has the same broadcast rule as np.where
2020-02-02 13:39:39.634087: I tensorflow/core/platform/cpu_feature_guard.cc:142] Your CPU supports instructions that this TensorFlow binary was not compiled to use: AVX2 FMA
2020-02-02 13:39:39.648657: I tensorflow/compiler/xla/service/service.cc:168] XLA service 0x7fe030facf40 initialized for platform Host (this does not guarantee that XLA will be used). Devices:
2020-02-02 13:39:39.648688: I tensorflow/compiler/xla/service/service.cc:176]   StreamExecutor device (0): Host, Default Version
WARNING:tensorflow:From /Volumes/Transcend/opt/anaconda3/envs/keras/lib/python3.6/site-packages/keras/backend/tensorflow_backend.py:422: The name tf.global_variables is deprecated. Please use tf.compat.v1.global_variables instead.

Load data...
Adjusting sequence length for actual size
x_train shape: (9595, 56)
x_test shape: (1067, 56)
Vocabulary Size: 18779
Model type is CNN-non-static
Load existing Word2Vec model '50features_1minwords_10context'
Initializing embedding layer with word2vec weights, shape (18779, 50)
Train on 9595 samples, validate on 1067 samples
Epoch 1/10
 - 6s - loss: 0.7017 - accuracy: 0.4928 - val_loss: 0.6933 - val_accuracy: 0.4948
Epoch 2/10
 - 7s - loss: 0.6938 - accuracy: 0.5130 - val_loss: 0.6910 - val_accuracy: 0.5436
Epoch 3/10
 - 6s - loss: 0.6898 - accuracy: 0.5282 - val_loss: 0.6856 - val_accuracy: 0.6036
Epoch 4/10
 - 5s - loss: 0.6802 - accuracy: 0.5589 - val_loss: 0.6678 - val_accuracy: 0.6410
Epoch 5/10
 - 5s - loss: 0.6555 - accuracy: 0.6043 - val_loss: 0.6336 - val_accuracy: 0.6701
Epoch 6/10
 - 5s - loss: 0.5989 - accuracy: 0.6729 - val_loss: 0.5603 - val_accuracy: 0.7573
Epoch 7/10
 - 5s - loss: 0.4940 - accuracy: 0.7657 - val_loss: 0.4953 - val_accuracy: 0.7732
Epoch 8/10
 - 5s - loss: 0.4147 - accuracy: 0.8132 - val_loss: 0.4777 - val_accuracy: 0.7901
Epoch 9/10
 - 5s - loss: 0.3557 - accuracy: 0.8454 - val_loss: 0.4810 - val_accuracy: 0.7835
Epoch 10/10
 - 5s - loss: 0.2982 - accuracy: 0.8718 - val_loss: 0.5023 - val_accuracy: 0.7760
Training time:54.16224694252014
