ERROR (theano.gof.opt): Optimization failure due to: constant_folding
ERROR (theano.gof.opt): SeqOptimizer apply <theano.gof.opt.EquilibriumOptimizer object at 0x13725dc90>
ERROR (theano.gof.opt): Traceback:
ERROR (theano.gof.opt): Traceback (most recent call last):
  File "/Volumes/Transcend/opt/anaconda3/envs/theano/lib/python2.7/site-packages/theano/gof/opt.py", line 251, in apply
    sub_prof = optimizer.optimize(fgraph)
  File "/Volumes/Transcend/opt/anaconda3/envs/theano/lib/python2.7/site-packages/theano/gof/opt.py", line 97, in optimize
    ret = self.apply(fgraph, *args, **kwargs)
  File "/Volumes/Transcend/opt/anaconda3/envs/theano/lib/python2.7/site-packages/theano/gof/opt.py", line 2540, in apply
    sub_prof = gopt.apply(fgraph)
  File "/Volumes/Transcend/opt/anaconda3/envs/theano/lib/python2.7/site-packages/theano/gof/opt.py", line 2143, in apply
    nb += self.process_node(fgraph, node)
  File "/Volumes/Transcend/opt/anaconda3/envs/theano/lib/python2.7/site-packages/theano/gof/opt.py", line 2039, in process_node
    lopt, node)
  File "/Volumes/Transcend/opt/anaconda3/envs/theano/lib/python2.7/site-packages/theano/gof/opt.py", line 1933, in warn_inplace
    return NavigatorOptimizer.warn(exc, nav, repl_pairs, local_opt, node)
  File "/Volumes/Transcend/opt/anaconda3/envs/theano/lib/python2.7/site-packages/theano/gof/opt.py", line 1911, in warn
    _logger.error("node: %s" % str(node))
  File "/Volumes/Transcend/opt/anaconda3/envs/theano/lib/python2.7/site-packages/theano/gof/graph.py", line 184, in __str__
    return op_as_string(self.inputs, self)
  File "/Volumes/Transcend/opt/anaconda3/envs/theano/lib/python2.7/site-packages/theano/gof/graph.py", line 1305, in op_as_string
    return node_formatter(op, strs)
  File "/Volumes/Transcend/opt/anaconda3/envs/theano/lib/python2.7/site-packages/theano/gof/graph.py", line 1110, in default_node_formatter
    return "%s(%s)" / (op.op, ", ".join(argstrings))
TypeError: unsupported operand type(s) for /: 'str' and 'tuple'

ERROR (theano.gof.opt): Optimization failure due to: constant_folding
ERROR (theano.gof.opt): SeqOptimizer apply <theano.gof.opt.EquilibriumOptimizer object at 0x13725dcd0>
ERROR (theano.gof.opt): Traceback:
ERROR (theano.gof.opt): Traceback (most recent call last):
  File "/Volumes/Transcend/opt/anaconda3/envs/theano/lib/python2.7/site-packages/theano/gof/opt.py", line 251, in apply
    sub_prof = optimizer.optimize(fgraph)
  File "/Volumes/Transcend/opt/anaconda3/envs/theano/lib/python2.7/site-packages/theano/gof/opt.py", line 97, in optimize
    ret = self.apply(fgraph, *args, **kwargs)
  File "/Volumes/Transcend/opt/anaconda3/envs/theano/lib/python2.7/site-packages/theano/gof/opt.py", line 2540, in apply
    sub_prof = gopt.apply(fgraph)
  File "/Volumes/Transcend/opt/anaconda3/envs/theano/lib/python2.7/site-packages/theano/gof/opt.py", line 2143, in apply
    nb += self.process_node(fgraph, node)
  File "/Volumes/Transcend/opt/anaconda3/envs/theano/lib/python2.7/site-packages/theano/gof/opt.py", line 2039, in process_node
    lopt, node)
  File "/Volumes/Transcend/opt/anaconda3/envs/theano/lib/python2.7/site-packages/theano/gof/opt.py", line 1933, in warn_inplace
    return NavigatorOptimizer.warn(exc, nav, repl_pairs, local_opt, node)
  File "/Volumes/Transcend/opt/anaconda3/envs/theano/lib/python2.7/site-packages/theano/gof/opt.py", line 1911, in warn
    _logger.error("node: %s" % str(node))
  File "/Volumes/Transcend/opt/anaconda3/envs/theano/lib/python2.7/site-packages/theano/gof/graph.py", line 184, in __str__
    return op_as_string(self.inputs, self)
  File "/Volumes/Transcend/opt/anaconda3/envs/theano/lib/python2.7/site-packages/theano/gof/graph.py", line 1305, in op_as_string
    return node_formatter(op, strs)
  File "/Volumes/Transcend/opt/anaconda3/envs/theano/lib/python2.7/site-packages/theano/gof/graph.py", line 1110, in default_node_formatter
    return "%s(%s)" / (op.op, ", ".join(argstrings))
TypeError: unsupported operand type(s) for /: 'str' and 'tuple'

ERROR (theano.gof.opt): Optimization failure due to: constant_folding
ERROR (theano.gof.opt): SeqOptimizer apply <theano.gof.opt.EquilibriumOptimizer object at 0x1301c9b10>
ERROR (theano.gof.opt): Traceback:
ERROR (theano.gof.opt): Traceback (most recent call last):
  File "/Volumes/Transcend/opt/anaconda3/envs/theano/lib/python2.7/site-packages/theano/gof/opt.py", line 251, in apply
    sub_prof = optimizer.optimize(fgraph)
  File "/Volumes/Transcend/opt/anaconda3/envs/theano/lib/python2.7/site-packages/theano/gof/opt.py", line 97, in optimize
    ret = self.apply(fgraph, *args, **kwargs)
  File "/Volumes/Transcend/opt/anaconda3/envs/theano/lib/python2.7/site-packages/theano/gof/opt.py", line 2460, in apply
    sub_prof = gopt.apply(fgraph)
  File "/Volumes/Transcend/opt/anaconda3/envs/theano/lib/python2.7/site-packages/theano/gof/opt.py", line 2143, in apply
    nb += self.process_node(fgraph, node)
  File "/Volumes/Transcend/opt/anaconda3/envs/theano/lib/python2.7/site-packages/theano/gof/opt.py", line 2039, in process_node
    lopt, node)
  File "/Volumes/Transcend/opt/anaconda3/envs/theano/lib/python2.7/site-packages/theano/gof/opt.py", line 1933, in warn_inplace
    return NavigatorOptimizer.warn(exc, nav, repl_pairs, local_opt, node)
  File "/Volumes/Transcend/opt/anaconda3/envs/theano/lib/python2.7/site-packages/theano/gof/opt.py", line 1911, in warn
    _logger.error("node: %s" % str(node))
  File "/Volumes/Transcend/opt/anaconda3/envs/theano/lib/python2.7/site-packages/theano/gof/graph.py", line 184, in __str__
    return op_as_string(self.inputs, self)
  File "/Volumes/Transcend/opt/anaconda3/envs/theano/lib/python2.7/site-packages/theano/gof/graph.py", line 1305, in op_as_string
    return node_formatter(op, strs)
  File "/Volumes/Transcend/opt/anaconda3/envs/theano/lib/python2.7/site-packages/theano/gof/graph.py", line 1110, in default_node_formatter
    return "%s(%s)" / (op.op, ", ".join(argstrings))
TypeError: unsupported operand type(s) for /: 'str' and 'tuple'

ERROR (theano.gof.opt): Optimization failure due to: constant_folding
ERROR (theano.gof.opt): SeqOptimizer apply <theano.gof.opt.EquilibriumOptimizer object at 0x13725dc10>
ERROR (theano.gof.opt): Traceback:
ERROR (theano.gof.opt): Traceback (most recent call last):
  File "/Volumes/Transcend/opt/anaconda3/envs/theano/lib/python2.7/site-packages/theano/gof/opt.py", line 251, in apply
    sub_prof = optimizer.optimize(fgraph)
  File "/Volumes/Transcend/opt/anaconda3/envs/theano/lib/python2.7/site-packages/theano/gof/opt.py", line 97, in optimize
    ret = self.apply(fgraph, *args, **kwargs)
  File "/Volumes/Transcend/opt/anaconda3/envs/theano/lib/python2.7/site-packages/theano/gof/opt.py", line 2540, in apply
    sub_prof = gopt.apply(fgraph)
  File "/Volumes/Transcend/opt/anaconda3/envs/theano/lib/python2.7/site-packages/theano/gof/opt.py", line 2143, in apply
    nb += self.process_node(fgraph, node)
  File "/Volumes/Transcend/opt/anaconda3/envs/theano/lib/python2.7/site-packages/theano/gof/opt.py", line 2039, in process_node
    lopt, node)
  File "/Volumes/Transcend/opt/anaconda3/envs/theano/lib/python2.7/site-packages/theano/gof/opt.py", line 1933, in warn_inplace
    return NavigatorOptimizer.warn(exc, nav, repl_pairs, local_opt, node)
  File "/Volumes/Transcend/opt/anaconda3/envs/theano/lib/python2.7/site-packages/theano/gof/opt.py", line 1911, in warn
    _logger.error("node: %s" % str(node))
  File "/Volumes/Transcend/opt/anaconda3/envs/theano/lib/python2.7/site-packages/theano/gof/graph.py", line 184, in __str__
    return op_as_string(self.inputs, self)
  File "/Volumes/Transcend/opt/anaconda3/envs/theano/lib/python2.7/site-packages/theano/gof/graph.py", line 1305, in op_as_string
    return node_formatter(op, strs)
  File "/Volumes/Transcend/opt/anaconda3/envs/theano/lib/python2.7/site-packages/theano/gof/graph.py", line 1110, in default_node_formatter
    return "%s(%s)" / (op.op, ", ".join(argstrings))
TypeError: unsupported operand type(s) for /: 'str' and 'tuple'

ERROR (theano.gof.opt): Optimization failure due to: constant_folding
ERROR (theano.gof.opt): SeqOptimizer apply <theano.gof.opt.EquilibriumOptimizer object at 0x13636b450>
ERROR (theano.gof.opt): Traceback:
ERROR (theano.gof.opt): Traceback (most recent call last):
  File "/Volumes/Transcend/opt/anaconda3/envs/theano/lib/python2.7/site-packages/theano/gof/opt.py", line 251, in apply
    sub_prof = optimizer.optimize(fgraph)
  File "/Volumes/Transcend/opt/anaconda3/envs/theano/lib/python2.7/site-packages/theano/gof/opt.py", line 97, in optimize
    ret = self.apply(fgraph, *args, **kwargs)
  File "/Volumes/Transcend/opt/anaconda3/envs/theano/lib/python2.7/site-packages/theano/gof/opt.py", line 2540, in apply
    sub_prof = gopt.apply(fgraph)
  File "/Volumes/Transcend/opt/anaconda3/envs/theano/lib/python2.7/site-packages/theano/gof/opt.py", line 2143, in apply
    nb += self.process_node(fgraph, node)
  File "/Volumes/Transcend/opt/anaconda3/envs/theano/lib/python2.7/site-packages/theano/gof/opt.py", line 2039, in process_node
    lopt, node)
  File "/Volumes/Transcend/opt/anaconda3/envs/theano/lib/python2.7/site-packages/theano/gof/opt.py", line 1933, in warn_inplace
    return NavigatorOptimizer.warn(exc, nav, repl_pairs, local_opt, node)
  File "/Volumes/Transcend/opt/anaconda3/envs/theano/lib/python2.7/site-packages/theano/gof/opt.py", line 1911, in warn
    _logger.error("node: %s" % str(node))
  File "/Volumes/Transcend/opt/anaconda3/envs/theano/lib/python2.7/site-packages/theano/gof/graph.py", line 184, in __str__
    return op_as_string(self.inputs, self)
  File "/Volumes/Transcend/opt/anaconda3/envs/theano/lib/python2.7/site-packages/theano/gof/graph.py", line 1305, in op_as_string
    return node_formatter(op, strs)
  File "/Volumes/Transcend/opt/anaconda3/envs/theano/lib/python2.7/site-packages/theano/gof/graph.py", line 1110, in default_node_formatter
    return "%s(%s)" / (op.op, ", ".join(argstrings))
TypeError: unsupported operand type(s) for /: 'str' and 'tuple'

loading data... data loaded!
model architecture: CNN-non-static
using: word2vec vectors
[('image shape', 64, 300), ('filter shape', [(100, 1, 3, 300), (100, 1, 4, 300), (100, 1, 5, 300)]), ('hidden_units', [100, 2]), ('dropout', [0.5]), ('batch_size', 50), ('non_static', True), ('learn_decay', 0.95), ('conv_non_linear', 'relu'), ('non_static', True), ('sqr_norm_lim', 9), ('shuffle_batch', True)]
Traceback (most recent call last):
  File "conv_net_sentence.py", line 325, in <module>
    dropout_rate=[0.5])
  File "conv_net_sentence.py", line 136, in train_conv_net
    allow_input_downcast=True)
  File "/Volumes/Transcend/opt/anaconda3/envs/theano/lib/python2.7/site-packages/theano/compile/function.py", line 317, in function
    output_keys=output_keys)
  File "/Volumes/Transcend/opt/anaconda3/envs/theano/lib/python2.7/site-packages/theano/compile/pfunc.py", line 486, in pfunc
    output_keys=output_keys)
  File "/Volumes/Transcend/opt/anaconda3/envs/theano/lib/python2.7/site-packages/theano/compile/function_module.py", line 1841, in orig_function
    fn = m.create(defaults)
  File "/Volumes/Transcend/opt/anaconda3/envs/theano/lib/python2.7/site-packages/theano/compile/function_module.py", line 1715, in create
    input_storage=input_storage_lists, storage_map=storage_map)
  File "/Volumes/Transcend/opt/anaconda3/envs/theano/lib/python2.7/site-packages/theano/gof/link.py", line 699, in make_thunk
    storage_map=storage_map)[:3]
  File "/Volumes/Transcend/opt/anaconda3/envs/theano/lib/python2.7/site-packages/theano/gof/vm.py", line 1091, in make_all
    impl=impl))
  File "/Volumes/Transcend/opt/anaconda3/envs/theano/lib/python2.7/site-packages/theano/gof/op.py", line 955, in make_thunk
    no_recycling)
  File "/Volumes/Transcend/opt/anaconda3/envs/theano/lib/python2.7/site-packages/theano/gof/op.py", line 858, in make_c_thunk
    output_storage=node_output_storage)
  File "/Volumes/Transcend/opt/anaconda3/envs/theano/lib/python2.7/site-packages/theano/gof/cc.py", line 1217, in make_thunk
    keep_lock=keep_lock)
  File "/Volumes/Transcend/opt/anaconda3/envs/theano/lib/python2.7/site-packages/theano/gof/cc.py", line 1157, in __compile__
    keep_lock=keep_lock)
  File "/Volumes/Transcend/opt/anaconda3/envs/theano/lib/python2.7/site-packages/theano/gof/cc.py", line 1624, in cthunk_factory
    key=key, lnk=self, keep_lock=keep_lock)
  File "/Volumes/Transcend/opt/anaconda3/envs/theano/lib/python2.7/site-packages/theano/gof/cmodule.py", line 1152, in module_from_key
    src_code = lnk.get_src_code()
  File "/Volumes/Transcend/opt/anaconda3/envs/theano/lib/python2.7/site-packages/theano/gof/cc.py", line 1500, in get_src_code
    mod = self.get_dynamic_module()
  File "/Volumes/Transcend/opt/anaconda3/envs/theano/lib/python2.7/site-packages/theano/gof/cc.py", line 1544, in get_dynamic_module
    self.code_gen()
  File "/Volumes/Transcend/opt/anaconda3/envs/theano/lib/python2.7/site-packages/theano/gof/cc.py", line 856, in code_gen
    _logger.info('compiling un-versioned Apply %s', str(node))
  File "/Volumes/Transcend/opt/anaconda3/envs/theano/lib/python2.7/site-packages/theano/gof/graph.py", line 184, in __str__
    return op_as_string(self.inputs, self)
  File "/Volumes/Transcend/opt/anaconda3/envs/theano/lib/python2.7/site-packages/theano/gof/graph.py", line 1305, in op_as_string
    return node_formatter(op, strs)
  File "/Volumes/Transcend/opt/anaconda3/envs/theano/lib/python2.7/site-packages/theano/gof/graph.py", line 1110, in default_node_formatter
    return "%s(%s)" / (op.op, ", ".join(argstrings))
TypeError: <exception str() failed>
