Using TensorFlow backend.
WARNING:tensorflow:From /Volumes/Transcend/opt/anaconda3/envs/keras/lib/python3.6/site-packages/tensorflow_core/python/ops/resource_variable_ops.py:1630: calling BaseResourceVariable.__init__ (from tensorflow.python.ops.resource_variable_ops) with constraint is deprecated and will be removed in a future version.
Instructions for updating:
If using Keras pass *_constraint arguments to layers.
WARNING:tensorflow:From /Volumes/Transcend/opt/anaconda3/envs/keras/lib/python3.6/site-packages/keras/backend/tensorflow_backend.py:4070: The name tf.nn.max_pool is deprecated. Please use tf.nn.max_pool2d instead.

WARNING:tensorflow:Large dropout rate: 0.8 (>0.5). In TensorFlow 2.x, dropout() uses dropout rate instead of keep_prob. Please ensure that this is intended.
WARNING:tensorflow:From /Volumes/Transcend/opt/anaconda3/envs/keras/lib/python3.6/site-packages/tensorflow_core/python/ops/nn_impl.py:183: where (from tensorflow.python.ops.array_ops) is deprecated and will be removed in a future version.
Instructions for updating:
Use tf.where in 2.0, which has the same broadcast rule as np.where
2020-02-02 17:42:22.213580: I tensorflow/core/platform/cpu_feature_guard.cc:142] Your CPU supports instructions that this TensorFlow binary was not compiled to use: AVX2 FMA
2020-02-02 17:42:22.227440: I tensorflow/compiler/xla/service/service.cc:168] XLA service 0x7fc962067c10 initialized for platform Host (this does not guarantee that XLA will be used). Devices:
2020-02-02 17:42:22.227463: I tensorflow/compiler/xla/service/service.cc:176]   StreamExecutor device (0): Host, Default Version
WARNING:tensorflow:From /Volumes/Transcend/opt/anaconda3/envs/keras/lib/python3.6/site-packages/keras/backend/tensorflow_backend.py:422: The name tf.global_variables is deprecated. Please use tf.compat.v1.global_variables instead.

Load data...
Adjusting sequence length for actual size
x_train shape: (9595, 56)
x_test shape: (1067, 56)
Vocabulary Size: 18779
Model type is CNN-non-static
Load existing Word2Vec model '50features_1minwords_10context'
Initializing embedding layer with word2vec weights, shape (18779, 50)
Train on 9595 samples, validate on 1067 samples
Epoch 1/10
 - 6s - loss: 0.7017 - accuracy: 0.4994 - val_loss: 0.6933 - val_accuracy: 0.4845
Epoch 2/10
 - 6s - loss: 0.6938 - accuracy: 0.5062 - val_loss: 0.6931 - val_accuracy: 0.5098
Epoch 3/10
 - 5s - loss: 0.6931 - accuracy: 0.5197 - val_loss: 0.6913 - val_accuracy: 0.5745
Epoch 4/10
 - 6s - loss: 0.6876 - accuracy: 0.5459 - val_loss: 0.6787 - val_accuracy: 0.6036
Epoch 5/10
 - 6s - loss: 0.6743 - accuracy: 0.5768 - val_loss: 0.6563 - val_accuracy: 0.6279
Epoch 6/10
 - 5s - loss: 0.6373 - accuracy: 0.6372 - val_loss: 0.5979 - val_accuracy: 0.7291
Epoch 7/10
 - 6s - loss: 0.5558 - accuracy: 0.7156 - val_loss: 0.5176 - val_accuracy: 0.7685
Epoch 8/10
 - 5s - loss: 0.4651 - accuracy: 0.7823 - val_loss: 0.4980 - val_accuracy: 0.7732
Epoch 9/10
 - 5s - loss: 0.3962 - accuracy: 0.8234 - val_loss: 0.4836 - val_accuracy: 0.7741
Epoch 10/10
 - 5s - loss: 0.3448 - accuracy: 0.8477 - val_loss: 0.4991 - val_accuracy: 0.7741
Training time:55.919729232788086
