Using TensorFlow backend.
WARNING:tensorflow:From /Volumes/Transcend/opt/anaconda3/envs/keras/lib/python3.6/site-packages/tensorflow_core/python/ops/resource_variable_ops.py:1630: calling BaseResourceVariable.__init__ (from tensorflow.python.ops.resource_variable_ops) with constraint is deprecated and will be removed in a future version.
Instructions for updating:
If using Keras pass *_constraint arguments to layers.
WARNING:tensorflow:From /Volumes/Transcend/opt/anaconda3/envs/keras/lib/python3.6/site-packages/keras/backend/tensorflow_backend.py:4070: The name tf.nn.max_pool is deprecated. Please use tf.nn.max_pool2d instead.

WARNING:tensorflow:Large dropout rate: 0.8 (>0.5). In TensorFlow 2.x, dropout() uses dropout rate instead of keep_prob. Please ensure that this is intended.
WARNING:tensorflow:From /Volumes/Transcend/opt/anaconda3/envs/keras/lib/python3.6/site-packages/tensorflow_core/python/ops/nn_impl.py:183: where (from tensorflow.python.ops.array_ops) is deprecated and will be removed in a future version.
Instructions for updating:
Use tf.where in 2.0, which has the same broadcast rule as np.where
2020-02-02 17:41:12.470772: I tensorflow/core/platform/cpu_feature_guard.cc:142] Your CPU supports instructions that this TensorFlow binary was not compiled to use: AVX2 FMA
2020-02-02 17:41:12.486322: I tensorflow/compiler/xla/service/service.cc:168] XLA service 0x7fd9a2f9ed10 initialized for platform Host (this does not guarantee that XLA will be used). Devices:
2020-02-02 17:41:12.486362: I tensorflow/compiler/xla/service/service.cc:176]   StreamExecutor device (0): Host, Default Version
WARNING:tensorflow:From /Volumes/Transcend/opt/anaconda3/envs/keras/lib/python3.6/site-packages/keras/backend/tensorflow_backend.py:422: The name tf.global_variables is deprecated. Please use tf.compat.v1.global_variables instead.

Load data...
Adjusting sequence length for actual size
x_train shape: (9595, 56)
x_test shape: (1067, 56)
Vocabulary Size: 18779
Model type is CNN-non-static
Load existing Word2Vec model '50features_1minwords_10context'
Initializing embedding layer with word2vec weights, shape (18779, 50)
Train on 9595 samples, validate on 1067 samples
Epoch 1/10
 - 6s - loss: 0.7020 - accuracy: 0.4923 - val_loss: 0.6933 - val_accuracy: 0.4799
Epoch 2/10
 - 7s - loss: 0.6936 - accuracy: 0.5046 - val_loss: 0.6912 - val_accuracy: 0.5586
Epoch 3/10
 - 7s - loss: 0.6904 - accuracy: 0.5258 - val_loss: 0.6880 - val_accuracy: 0.5998
Epoch 4/10
 - 6s - loss: 0.6813 - accuracy: 0.5580 - val_loss: 0.6706 - val_accuracy: 0.6195
Epoch 5/10
 - 5s - loss: 0.6566 - accuracy: 0.6022 - val_loss: 0.6327 - val_accuracy: 0.6720
Epoch 6/10
 - 5s - loss: 0.6002 - accuracy: 0.6780 - val_loss: 0.5638 - val_accuracy: 0.7526
Epoch 7/10
 - 5s - loss: 0.5101 - accuracy: 0.7496 - val_loss: 0.4973 - val_accuracy: 0.7798
Epoch 8/10
 - 5s - loss: 0.4346 - accuracy: 0.8035 - val_loss: 0.4908 - val_accuracy: 0.7713
Epoch 9/10
 - 5s - loss: 0.3815 - accuracy: 0.8292 - val_loss: 0.4884 - val_accuracy: 0.7788
Epoch 10/10
 - 5s - loss: 0.3259 - accuracy: 0.8587 - val_loss: 0.4970 - val_accuracy: 0.7798
Training time:56.81086707115173
