Using TensorFlow backend.
WARNING:tensorflow:From /Volumes/Transcend/opt/anaconda3/envs/keras/lib/python3.6/site-packages/tensorflow_core/python/ops/resource_variable_ops.py:1630: calling BaseResourceVariable.__init__ (from tensorflow.python.ops.resource_variable_ops) with constraint is deprecated and will be removed in a future version.
Instructions for updating:
If using Keras pass *_constraint arguments to layers.
WARNING:tensorflow:From /Volumes/Transcend/opt/anaconda3/envs/keras/lib/python3.6/site-packages/keras/backend/tensorflow_backend.py:4070: The name tf.nn.max_pool is deprecated. Please use tf.nn.max_pool2d instead.

WARNING:tensorflow:Large dropout rate: 0.8 (>0.5). In TensorFlow 2.x, dropout() uses dropout rate instead of keep_prob. Please ensure that this is intended.
WARNING:tensorflow:From /Volumes/Transcend/opt/anaconda3/envs/keras/lib/python3.6/site-packages/tensorflow_core/python/ops/nn_impl.py:183: where (from tensorflow.python.ops.array_ops) is deprecated and will be removed in a future version.
Instructions for updating:
Use tf.where in 2.0, which has the same broadcast rule as np.where
2020-02-02 17:44:35.094889: I tensorflow/core/platform/cpu_feature_guard.cc:142] Your CPU supports instructions that this TensorFlow binary was not compiled to use: AVX2 FMA
2020-02-02 17:44:35.111443: I tensorflow/compiler/xla/service/service.cc:168] XLA service 0x7fa10473c5a0 initialized for platform Host (this does not guarantee that XLA will be used). Devices:
2020-02-02 17:44:35.111470: I tensorflow/compiler/xla/service/service.cc:176]   StreamExecutor device (0): Host, Default Version
WARNING:tensorflow:From /Volumes/Transcend/opt/anaconda3/envs/keras/lib/python3.6/site-packages/keras/backend/tensorflow_backend.py:422: The name tf.global_variables is deprecated. Please use tf.compat.v1.global_variables instead.

Load data...
Adjusting sequence length for actual size
x_train shape: (9595, 56)
x_test shape: (1067, 56)
Vocabulary Size: 18779
Model type is CNN-non-static
Load existing Word2Vec model '50features_1minwords_10context'
Initializing embedding layer with word2vec weights, shape (18779, 50)
Train on 9595 samples, validate on 1067 samples
Epoch 1/10
 - 7s - loss: 0.7017 - accuracy: 0.4986 - val_loss: 0.6933 - val_accuracy: 0.4930
Epoch 2/10
 - 8s - loss: 0.6929 - accuracy: 0.5145 - val_loss: 0.6897 - val_accuracy: 0.5792
Epoch 3/10
 - 6s - loss: 0.6896 - accuracy: 0.5292 - val_loss: 0.6844 - val_accuracy: 0.6036
Epoch 4/10
 - 7s - loss: 0.6791 - accuracy: 0.5672 - val_loss: 0.6637 - val_accuracy: 0.6448
Epoch 5/10
 - 6s - loss: 0.6530 - accuracy: 0.6077 - val_loss: 0.6324 - val_accuracy: 0.6476
Epoch 6/10
 - 5s - loss: 0.5955 - accuracy: 0.6830 - val_loss: 0.5547 - val_accuracy: 0.7479
Epoch 7/10
 - 5s - loss: 0.4990 - accuracy: 0.7600 - val_loss: 0.4931 - val_accuracy: 0.7816
Epoch 8/10
 - 5s - loss: 0.4214 - accuracy: 0.8098 - val_loss: 0.4816 - val_accuracy: 0.7882
Epoch 9/10
 - 5s - loss: 0.3652 - accuracy: 0.8431 - val_loss: 0.4788 - val_accuracy: 0.7798
Epoch 10/10
 - 6s - loss: 0.3065 - accuracy: 0.8669 - val_loss: 0.4992 - val_accuracy: 0.7798
Training time:62.07040524482727
