Using TensorFlow backend.
WARNING:tensorflow:From /Volumes/Transcend/opt/anaconda3/envs/keras/lib/python3.6/site-packages/tensorflow_core/python/ops/resource_variable_ops.py:1630: calling BaseResourceVariable.__init__ (from tensorflow.python.ops.resource_variable_ops) with constraint is deprecated and will be removed in a future version.
Instructions for updating:
If using Keras pass *_constraint arguments to layers.
WARNING:tensorflow:From /Volumes/Transcend/opt/anaconda3/envs/keras/lib/python3.6/site-packages/keras/backend/tensorflow_backend.py:4070: The name tf.nn.max_pool is deprecated. Please use tf.nn.max_pool2d instead.

WARNING:tensorflow:Large dropout rate: 0.8 (>0.5). In TensorFlow 2.x, dropout() uses dropout rate instead of keep_prob. Please ensure that this is intended.
WARNING:tensorflow:From /Volumes/Transcend/opt/anaconda3/envs/keras/lib/python3.6/site-packages/tensorflow_core/python/ops/nn_impl.py:183: where (from tensorflow.python.ops.array_ops) is deprecated and will be removed in a future version.
Instructions for updating:
Use tf.where in 2.0, which has the same broadcast rule as np.where
2020-02-02 17:39:05.341749: I tensorflow/core/platform/cpu_feature_guard.cc:142] Your CPU supports instructions that this TensorFlow binary was not compiled to use: AVX2 FMA
2020-02-02 17:39:05.354906: I tensorflow/compiler/xla/service/service.cc:168] XLA service 0x7fe0bbeb49a0 initialized for platform Host (this does not guarantee that XLA will be used). Devices:
2020-02-02 17:39:05.354928: I tensorflow/compiler/xla/service/service.cc:176]   StreamExecutor device (0): Host, Default Version
WARNING:tensorflow:From /Volumes/Transcend/opt/anaconda3/envs/keras/lib/python3.6/site-packages/keras/backend/tensorflow_backend.py:422: The name tf.global_variables is deprecated. Please use tf.compat.v1.global_variables instead.

Load data...
Adjusting sequence length for actual size
x_train shape: (9595, 56)
x_test shape: (1067, 56)
Vocabulary Size: 18779
Model type is CNN-non-static
Load existing Word2Vec model '50features_1minwords_10context'
Initializing embedding layer with word2vec weights, shape (18779, 50)
Train on 9595 samples, validate on 1067 samples
Epoch 1/10
 - 6s - loss: 0.7130 - accuracy: 0.5020 - val_loss: 0.6922 - val_accuracy: 0.5183
Epoch 2/10
 - 6s - loss: 0.7003 - accuracy: 0.5141 - val_loss: 0.6835 - val_accuracy: 0.5979
Epoch 3/10
 - 5s - loss: 0.6891 - accuracy: 0.5443 - val_loss: 0.6712 - val_accuracy: 0.6373
Epoch 4/10
 - 5s - loss: 0.6621 - accuracy: 0.5981 - val_loss: 0.6168 - val_accuracy: 0.7029
Epoch 5/10
 - 5s - loss: 0.5924 - accuracy: 0.6807 - val_loss: 0.5550 - val_accuracy: 0.7067
Epoch 6/10
 - 5s - loss: 0.4798 - accuracy: 0.7714 - val_loss: 0.4857 - val_accuracy: 0.7769
Epoch 7/10
 - 6s - loss: 0.3830 - accuracy: 0.8321 - val_loss: 0.4992 - val_accuracy: 0.7826
Epoch 8/10
 - 5s - loss: 0.3159 - accuracy: 0.8628 - val_loss: 0.5447 - val_accuracy: 0.7788
Epoch 9/10
 - 5s - loss: 0.2713 - accuracy: 0.8846 - val_loss: 0.5448 - val_accuracy: 0.7769
Epoch 10/10
 - 5s - loss: 0.2260 - accuracy: 0.9053 - val_loss: 0.5659 - val_accuracy: 0.7723
Training time:54.21526217460632
