Using TensorFlow backend.
WARNING:tensorflow:From /Volumes/Transcend/opt/anaconda3/envs/keras/lib/python3.6/site-packages/tensorflow_core/python/ops/resource_variable_ops.py:1630: calling BaseResourceVariable.__init__ (from tensorflow.python.ops.resource_variable_ops) with constraint is deprecated and will be removed in a future version.
Instructions for updating:
If using Keras pass *_constraint arguments to layers.
WARNING:tensorflow:From /Volumes/Transcend/opt/anaconda3/envs/keras/lib/python3.6/site-packages/keras/backend/tensorflow_backend.py:4070: The name tf.nn.max_pool is deprecated. Please use tf.nn.max_pool2d instead.

WARNING:tensorflow:Large dropout rate: 0.8 (>0.5). In TensorFlow 2.x, dropout() uses dropout rate instead of keep_prob. Please ensure that this is intended.
WARNING:tensorflow:From /Volumes/Transcend/opt/anaconda3/envs/keras/lib/python3.6/site-packages/tensorflow_core/python/ops/nn_impl.py:183: where (from tensorflow.python.ops.array_ops) is deprecated and will be removed in a future version.
Instructions for updating:
Use tf.where in 2.0, which has the same broadcast rule as np.where
2020-02-02 17:45:48.070470: I tensorflow/core/platform/cpu_feature_guard.cc:142] Your CPU supports instructions that this TensorFlow binary was not compiled to use: AVX2 FMA
2020-02-02 17:45:48.088045: I tensorflow/compiler/xla/service/service.cc:168] XLA service 0x7fabd11641b0 initialized for platform Host (this does not guarantee that XLA will be used). Devices:
2020-02-02 17:45:48.088067: I tensorflow/compiler/xla/service/service.cc:176]   StreamExecutor device (0): Host, Default Version
WARNING:tensorflow:From /Volumes/Transcend/opt/anaconda3/envs/keras/lib/python3.6/site-packages/keras/backend/tensorflow_backend.py:422: The name tf.global_variables is deprecated. Please use tf.compat.v1.global_variables instead.

Load data...
Adjusting sequence length for actual size
x_train shape: (9595, 56)
x_test shape: (1067, 56)
Vocabulary Size: 18779
Model type is CNN-non-static
Load existing Word2Vec model '50features_1minwords_10context'
Initializing embedding layer with word2vec weights, shape (18779, 50)
Train on 9595 samples, validate on 1067 samples
Epoch 1/10
 - 6s - loss: 0.7013 - accuracy: 0.4962 - val_loss: 0.6933 - val_accuracy: 0.4836
Epoch 2/10
 - 7s - loss: 0.6933 - accuracy: 0.5101 - val_loss: 0.6907 - val_accuracy: 0.5698
Epoch 3/10
 - 6s - loss: 0.6906 - accuracy: 0.5237 - val_loss: 0.6859 - val_accuracy: 0.5998
Epoch 4/10
 - 5s - loss: 0.6810 - accuracy: 0.5608 - val_loss: 0.6681 - val_accuracy: 0.6326
Epoch 5/10
 - 5s - loss: 0.6583 - accuracy: 0.5982 - val_loss: 0.6397 - val_accuracy: 0.6467
Epoch 6/10
 - 5s - loss: 0.6110 - accuracy: 0.6645 - val_loss: 0.5690 - val_accuracy: 0.7563
Epoch 7/10
 - 6s - loss: 0.5250 - accuracy: 0.7393 - val_loss: 0.5013 - val_accuracy: 0.7826
Epoch 8/10
 - 7s - loss: 0.4429 - accuracy: 0.7937 - val_loss: 0.4846 - val_accuracy: 0.7863
Epoch 9/10
 - 5s - loss: 0.3820 - accuracy: 0.8319 - val_loss: 0.4825 - val_accuracy: 0.7826
Epoch 10/10
 - 5s - loss: 0.3127 - accuracy: 0.8628 - val_loss: 0.4977 - val_accuracy: 0.7741
Training time:58.04033303260803
