Using TensorFlow backend.
WARNING:tensorflow:From /Volumes/Transcend/opt/anaconda3/envs/keras/lib/python3.6/site-packages/tensorflow_core/python/ops/resource_variable_ops.py:1630: calling BaseResourceVariable.__init__ (from tensorflow.python.ops.resource_variable_ops) with constraint is deprecated and will be removed in a future version.
Instructions for updating:
If using Keras pass *_constraint arguments to layers.
WARNING:tensorflow:From /Volumes/Transcend/opt/anaconda3/envs/keras/lib/python3.6/site-packages/keras/backend/tensorflow_backend.py:4070: The name tf.nn.max_pool is deprecated. Please use tf.nn.max_pool2d instead.

WARNING:tensorflow:Large dropout rate: 0.8 (>0.5). In TensorFlow 2.x, dropout() uses dropout rate instead of keep_prob. Please ensure that this is intended.
WARNING:tensorflow:From /Volumes/Transcend/opt/anaconda3/envs/keras/lib/python3.6/site-packages/tensorflow_core/python/ops/nn_impl.py:183: where (from tensorflow.python.ops.array_ops) is deprecated and will be removed in a future version.
Instructions for updating:
Use tf.where in 2.0, which has the same broadcast rule as np.where
2020-02-02 17:50:12.013785: I tensorflow/core/platform/cpu_feature_guard.cc:142] Your CPU supports instructions that this TensorFlow binary was not compiled to use: AVX2 FMA
2020-02-02 17:50:12.027977: I tensorflow/compiler/xla/service/service.cc:168] XLA service 0x7fb21d871380 initialized for platform Host (this does not guarantee that XLA will be used). Devices:
2020-02-02 17:50:12.028000: I tensorflow/compiler/xla/service/service.cc:176]   StreamExecutor device (0): Host, Default Version
WARNING:tensorflow:From /Volumes/Transcend/opt/anaconda3/envs/keras/lib/python3.6/site-packages/keras/backend/tensorflow_backend.py:422: The name tf.global_variables is deprecated. Please use tf.compat.v1.global_variables instead.

Load data...
Adjusting sequence length for actual size
x_train shape: (9595, 56)
x_test shape: (1067, 56)
Vocabulary Size: 18779
Model type is CNN-non-static
Load existing Word2Vec model '50features_1minwords_10context'
Initializing embedding layer with word2vec weights, shape (18779, 50)
Train on 9595 samples, validate on 1067 samples
Epoch 1/10
 - 6s - loss: 0.7018 - accuracy: 0.4921 - val_loss: 0.6932 - val_accuracy: 0.4930
Epoch 2/10
 - 6s - loss: 0.6932 - accuracy: 0.5146 - val_loss: 0.6907 - val_accuracy: 0.5548
Epoch 3/10
 - 5s - loss: 0.6898 - accuracy: 0.5276 - val_loss: 0.6861 - val_accuracy: 0.5989
Epoch 4/10
 - 5s - loss: 0.6798 - accuracy: 0.5629 - val_loss: 0.6653 - val_accuracy: 0.6439
Epoch 5/10
 - 6s - loss: 0.6556 - accuracy: 0.6066 - val_loss: 0.6323 - val_accuracy: 0.6720
Epoch 6/10
 - 5s - loss: 0.6031 - accuracy: 0.6747 - val_loss: 0.5690 - val_accuracy: 0.7423
Epoch 7/10
 - 6s - loss: 0.5085 - accuracy: 0.7521 - val_loss: 0.5002 - val_accuracy: 0.7788
Epoch 8/10
 - 7s - loss: 0.4252 - accuracy: 0.8098 - val_loss: 0.4798 - val_accuracy: 0.7844
Epoch 9/10
 - 6s - loss: 0.3664 - accuracy: 0.8388 - val_loss: 0.4830 - val_accuracy: 0.7760
Epoch 10/10
 - 6s - loss: 0.3140 - accuracy: 0.8645 - val_loss: 0.4992 - val_accuracy: 0.7760
Training time:60.31888723373413
