Using TensorFlow backend.
WARNING:tensorflow:From /Volumes/Transcend/opt/anaconda3/envs/keras/lib/python3.6/site-packages/tensorflow_core/python/ops/resource_variable_ops.py:1630: calling BaseResourceVariable.__init__ (from tensorflow.python.ops.resource_variable_ops) with constraint is deprecated and will be removed in a future version.
Instructions for updating:
If using Keras pass *_constraint arguments to layers.
WARNING:tensorflow:From /Volumes/Transcend/opt/anaconda3/envs/keras/lib/python3.6/site-packages/keras/backend/tensorflow_backend.py:4070: The name tf.nn.max_pool is deprecated. Please use tf.nn.max_pool2d instead.

WARNING:tensorflow:Large dropout rate: 0.8 (>0.5). In TensorFlow 2.x, dropout() uses dropout rate instead of keep_prob. Please ensure that this is intended.
WARNING:tensorflow:From /Volumes/Transcend/opt/anaconda3/envs/keras/lib/python3.6/site-packages/tensorflow_core/python/ops/nn_impl.py:183: where (from tensorflow.python.ops.array_ops) is deprecated and will be removed in a future version.
Instructions for updating:
Use tf.where in 2.0, which has the same broadcast rule as np.where
2020-02-02 17:51:18.839259: I tensorflow/core/platform/cpu_feature_guard.cc:142] Your CPU supports instructions that this TensorFlow binary was not compiled to use: AVX2 FMA
2020-02-02 17:51:18.856695: I tensorflow/compiler/xla/service/service.cc:168] XLA service 0x7f99176894a0 initialized for platform Host (this does not guarantee that XLA will be used). Devices:
2020-02-02 17:51:18.856723: I tensorflow/compiler/xla/service/service.cc:176]   StreamExecutor device (0): Host, Default Version
WARNING:tensorflow:From /Volumes/Transcend/opt/anaconda3/envs/keras/lib/python3.6/site-packages/keras/backend/tensorflow_backend.py:422: The name tf.global_variables is deprecated. Please use tf.compat.v1.global_variables instead.

Load data...
Adjusting sequence length for actual size
x_train shape: (9595, 56)
x_test shape: (1067, 56)
Vocabulary Size: 18779
Model type is CNN-non-static
Load existing Word2Vec model '50features_1minwords_10context'
Initializing embedding layer with word2vec weights, shape (18779, 50)
Train on 9595 samples, validate on 1067 samples
Epoch 1/10
 - 6s - loss: 0.7017 - accuracy: 0.4994 - val_loss: 0.6931 - val_accuracy: 0.4930
Epoch 2/10
 - 5s - loss: 0.6928 - accuracy: 0.5179 - val_loss: 0.6897 - val_accuracy: 0.5595
Epoch 3/10
 - 5s - loss: 0.6890 - accuracy: 0.5371 - val_loss: 0.6834 - val_accuracy: 0.6026
Epoch 4/10
 - 5s - loss: 0.6774 - accuracy: 0.5706 - val_loss: 0.6644 - val_accuracy: 0.6279
Epoch 5/10
 - 5s - loss: 0.6500 - accuracy: 0.6168 - val_loss: 0.6293 - val_accuracy: 0.6607
Epoch 6/10
 - 5s - loss: 0.5908 - accuracy: 0.6841 - val_loss: 0.5580 - val_accuracy: 0.7591
Epoch 7/10
 - 5s - loss: 0.5045 - accuracy: 0.7558 - val_loss: 0.4976 - val_accuracy: 0.7835
Epoch 8/10
 - 5s - loss: 0.4282 - accuracy: 0.8060 - val_loss: 0.4883 - val_accuracy: 0.7807
Epoch 9/10
 - 5s - loss: 0.3676 - accuracy: 0.8393 - val_loss: 0.4837 - val_accuracy: 0.7807
Epoch 10/10
 - 5s - loss: 0.3192 - accuracy: 0.8600 - val_loss: 0.5078 - val_accuracy: 0.7760
Training time:52.88370895385742
