Using TensorFlow backend.
WARNING:tensorflow:From /Volumes/Transcend/opt/anaconda3/envs/keras/lib/python3.6/site-packages/tensorflow_core/python/ops/resource_variable_ops.py:1630: calling BaseResourceVariable.__init__ (from tensorflow.python.ops.resource_variable_ops) with constraint is deprecated and will be removed in a future version.
Instructions for updating:
If using Keras pass *_constraint arguments to layers.
WARNING:tensorflow:From /Volumes/Transcend/opt/anaconda3/envs/keras/lib/python3.6/site-packages/keras/backend/tensorflow_backend.py:4070: The name tf.nn.max_pool is deprecated. Please use tf.nn.max_pool2d instead.

WARNING:tensorflow:Large dropout rate: 0.8 (>0.5). In TensorFlow 2.x, dropout() uses dropout rate instead of keep_prob. Please ensure that this is intended.
WARNING:tensorflow:From /Volumes/Transcend/opt/anaconda3/envs/keras/lib/python3.6/site-packages/tensorflow_core/python/ops/nn_impl.py:183: where (from tensorflow.python.ops.array_ops) is deprecated and will be removed in a future version.
Instructions for updating:
Use tf.where in 2.0, which has the same broadcast rule as np.where
2020-02-02 17:52:53.627018: I tensorflow/core/platform/cpu_feature_guard.cc:142] Your CPU supports instructions that this TensorFlow binary was not compiled to use: AVX2 FMA
2020-02-02 17:52:53.642193: I tensorflow/compiler/xla/service/service.cc:168] XLA service 0x7f9c9d159490 initialized for platform Host (this does not guarantee that XLA will be used). Devices:
2020-02-02 17:52:53.642215: I tensorflow/compiler/xla/service/service.cc:176]   StreamExecutor device (0): Host, Default Version
WARNING:tensorflow:From /Volumes/Transcend/opt/anaconda3/envs/keras/lib/python3.6/site-packages/keras/backend/tensorflow_backend.py:422: The name tf.global_variables is deprecated. Please use tf.compat.v1.global_variables instead.

Load data...
Adjusting sequence length for actual size
x_train shape: (9595, 56)
x_test shape: (1067, 56)
Vocabulary Size: 18779
Model type is CNN-non-static
Load existing Word2Vec model '50features_1minwords_10context'
Initializing embedding layer with word2vec weights, shape (18779, 50)
Train on 9595 samples, validate on 1067 samples
Epoch 1/10
 - 6s - loss: 0.7023 - accuracy: 0.4910 - val_loss: 0.6933 - val_accuracy: 0.4789
Epoch 2/10
 - 5s - loss: 0.6942 - accuracy: 0.5046 - val_loss: 0.6931 - val_accuracy: 0.5061
Epoch 3/10
 - 5s - loss: 0.6927 - accuracy: 0.5124 - val_loss: 0.6922 - val_accuracy: 0.5501
Epoch 4/10
 - 6s - loss: 0.6865 - accuracy: 0.5387 - val_loss: 0.6742 - val_accuracy: 0.6120
Epoch 5/10
 - 6s - loss: 0.6711 - accuracy: 0.5834 - val_loss: 0.6531 - val_accuracy: 0.6467
Epoch 6/10
 - 6s - loss: 0.6284 - accuracy: 0.6476 - val_loss: 0.5909 - val_accuracy: 0.7188
Epoch 7/10
 - 5s - loss: 0.5418 - accuracy: 0.7258 - val_loss: 0.5101 - val_accuracy: 0.7723
Epoch 8/10
 - 5s - loss: 0.4497 - accuracy: 0.7880 - val_loss: 0.4905 - val_accuracy: 0.7694
Epoch 9/10
 - 5s - loss: 0.3820 - accuracy: 0.8295 - val_loss: 0.4806 - val_accuracy: 0.7769
Epoch 10/10
 - 5s - loss: 0.3271 - accuracy: 0.8584 - val_loss: 0.4924 - val_accuracy: 0.7732
Training time:54.83280682563782
