Using TensorFlow backend.
WARNING:tensorflow:From /Volumes/Transcend/opt/anaconda3/envs/keras/lib/python3.6/site-packages/tensorflow_core/python/ops/resource_variable_ops.py:1630: calling BaseResourceVariable.__init__ (from tensorflow.python.ops.resource_variable_ops) with constraint is deprecated and will be removed in a future version.
Instructions for updating:
If using Keras pass *_constraint arguments to layers.
WARNING:tensorflow:From /Volumes/Transcend/opt/anaconda3/envs/keras/lib/python3.6/site-packages/keras/backend/tensorflow_backend.py:4070: The name tf.nn.max_pool is deprecated. Please use tf.nn.max_pool2d instead.

WARNING:tensorflow:Large dropout rate: 0.8 (>0.5). In TensorFlow 2.x, dropout() uses dropout rate instead of keep_prob. Please ensure that this is intended.
WARNING:tensorflow:From /Volumes/Transcend/opt/anaconda3/envs/keras/lib/python3.6/site-packages/tensorflow_core/python/ops/nn_impl.py:183: where (from tensorflow.python.ops.array_ops) is deprecated and will be removed in a future version.
Instructions for updating:
Use tf.where in 2.0, which has the same broadcast rule as np.where
2020-02-02 17:35:31.689144: I tensorflow/core/platform/cpu_feature_guard.cc:142] Your CPU supports instructions that this TensorFlow binary was not compiled to use: AVX2 FMA
2020-02-02 17:35:31.704621: I tensorflow/compiler/xla/service/service.cc:168] XLA service 0x7fc57a93c490 initialized for platform Host (this does not guarantee that XLA will be used). Devices:
2020-02-02 17:35:31.704642: I tensorflow/compiler/xla/service/service.cc:176]   StreamExecutor device (0): Host, Default Version
WARNING:tensorflow:From /Volumes/Transcend/opt/anaconda3/envs/keras/lib/python3.6/site-packages/keras/backend/tensorflow_backend.py:422: The name tf.global_variables is deprecated. Please use tf.compat.v1.global_variables instead.

Load data...
Adjusting sequence length for actual size
x_train shape: (9595, 56)
x_test shape: (1067, 56)
Vocabulary Size: 18779
Model type is CNN-non-static
Load existing Word2Vec model '50features_1minwords_10context'
Initializing embedding layer with word2vec weights, shape (18779, 50)
Train on 9595 samples, validate on 1067 samples
Epoch 1/10
 - 5s - loss: 0.7019 - accuracy: 0.4958 - val_loss: 0.6934 - val_accuracy: 0.4920
Epoch 2/10
 - 5s - loss: 0.6937 - accuracy: 0.5047 - val_loss: 0.6912 - val_accuracy: 0.5436
Epoch 3/10
 - 5s - loss: 0.6909 - accuracy: 0.5182 - val_loss: 0.6873 - val_accuracy: 0.5933
Epoch 4/10
 - 5s - loss: 0.6808 - accuracy: 0.5635 - val_loss: 0.6678 - val_accuracy: 0.6307
Epoch 5/10
 - 6s - loss: 0.6582 - accuracy: 0.6051 - val_loss: 0.6336 - val_accuracy: 0.6795
Epoch 6/10
 - 5s - loss: 0.6017 - accuracy: 0.6793 - val_loss: 0.5657 - val_accuracy: 0.7451
Epoch 7/10
 - 5s - loss: 0.5097 - accuracy: 0.7493 - val_loss: 0.5020 - val_accuracy: 0.7713
Epoch 8/10
 - 5s - loss: 0.4329 - accuracy: 0.8005 - val_loss: 0.4866 - val_accuracy: 0.7732
Epoch 9/10
 - 5s - loss: 0.3762 - accuracy: 0.8310 - val_loss: 0.4855 - val_accuracy: 0.7760
Epoch 10/10
 - 5s - loss: 0.3237 - accuracy: 0.8576 - val_loss: 0.4995 - val_accuracy: 0.7788
Training time:52.16083288192749
