Using TensorFlow backend.
WARNING:tensorflow:From /Volumes/Transcend/opt/anaconda3/envs/keras/lib/python3.6/site-packages/tensorflow_core/python/ops/resource_variable_ops.py:1630: calling BaseResourceVariable.__init__ (from tensorflow.python.ops.resource_variable_ops) with constraint is deprecated and will be removed in a future version.
Instructions for updating:
If using Keras pass *_constraint arguments to layers.
WARNING:tensorflow:From /Volumes/Transcend/opt/anaconda3/envs/keras/lib/python3.6/site-packages/keras/backend/tensorflow_backend.py:4070: The name tf.nn.max_pool is deprecated. Please use tf.nn.max_pool2d instead.

WARNING:tensorflow:Large dropout rate: 0.8 (>0.5). In TensorFlow 2.x, dropout() uses dropout rate instead of keep_prob. Please ensure that this is intended.
WARNING:tensorflow:From /Volumes/Transcend/opt/anaconda3/envs/keras/lib/python3.6/site-packages/tensorflow_core/python/ops/nn_impl.py:183: where (from tensorflow.python.ops.array_ops) is deprecated and will be removed in a future version.
Instructions for updating:
Use tf.where in 2.0, which has the same broadcast rule as np.where
2020-02-04 19:24:48.932878: I tensorflow/core/platform/cpu_feature_guard.cc:142] Your CPU supports instructions that this TensorFlow binary was not compiled to use: AVX2 FMA
2020-02-04 19:24:48.957944: I tensorflow/compiler/xla/service/service.cc:168] XLA service 0x7f9d707ac890 initialized for platform Host (this does not guarantee that XLA will be used). Devices:
2020-02-04 19:24:48.957966: I tensorflow/compiler/xla/service/service.cc:176]   StreamExecutor device (0): Host, Default Version
WARNING:tensorflow:From /Volumes/Transcend/opt/anaconda3/envs/keras/lib/python3.6/site-packages/keras/backend/tensorflow_backend.py:422: The name tf.global_variables is deprecated. Please use tf.compat.v1.global_variables instead.

Load data...
Adjusting sequence length for actual size
x_train shape: (9595, 56)
x_test shape: (1067, 56)
Vocabulary Size: 18779
Model type is CNN-non-static
Load existing Word2Vec model '50features_1minwords_10context'
Initializing embedding layer with word2vec weights, shape (18779, 50)
Train on 9595 samples, validate on 1067 samples
Epoch 1/10
 - 7s - loss: 0.7021 - accuracy: 0.4941 - val_loss: 0.6933 - val_accuracy: 0.4986
Epoch 2/10
 - 7s - loss: 0.6935 - accuracy: 0.5098 - val_loss: 0.6906 - val_accuracy: 0.5417
Epoch 3/10
 - 7s - loss: 0.6906 - accuracy: 0.5248 - val_loss: 0.6865 - val_accuracy: 0.5933
Epoch 4/10
 - 7s - loss: 0.6821 - accuracy: 0.5546 - val_loss: 0.6718 - val_accuracy: 0.6214
Epoch 5/10
 - 7s - loss: 0.6610 - accuracy: 0.5967 - val_loss: 0.6402 - val_accuracy: 0.6598
Epoch 6/10
 - 9s - loss: 0.6119 - accuracy: 0.6632 - val_loss: 0.5731 - val_accuracy: 0.7385
Epoch 7/10
 - 7s - loss: 0.5174 - accuracy: 0.7458 - val_loss: 0.4988 - val_accuracy: 0.7713
Epoch 8/10
 - 7s - loss: 0.4401 - accuracy: 0.8008 - val_loss: 0.4840 - val_accuracy: 0.7835
Epoch 9/10
 - 7s - loss: 0.3776 - accuracy: 0.8339 - val_loss: 0.4793 - val_accuracy: 0.7854
Epoch 10/10
 - 7s - loss: 0.3190 - accuracy: 0.8586 - val_loss: 0.4911 - val_accuracy: 0.7788
Training time:72.51956105232239
