Using TensorFlow backend.
WARNING:tensorflow:From /Volumes/Transcend/opt/anaconda3/envs/keras/lib/python3.6/site-packages/tensorflow_core/python/ops/resource_variable_ops.py:1630: calling BaseResourceVariable.__init__ (from tensorflow.python.ops.resource_variable_ops) with constraint is deprecated and will be removed in a future version.
Instructions for updating:
If using Keras pass *_constraint arguments to layers.
WARNING:tensorflow:From /Volumes/Transcend/opt/anaconda3/envs/keras/lib/python3.6/site-packages/keras/backend/tensorflow_backend.py:4070: The name tf.nn.max_pool is deprecated. Please use tf.nn.max_pool2d instead.

WARNING:tensorflow:Large dropout rate: 0.8 (>0.5). In TensorFlow 2.x, dropout() uses dropout rate instead of keep_prob. Please ensure that this is intended.
WARNING:tensorflow:From /Volumes/Transcend/opt/anaconda3/envs/keras/lib/python3.6/site-packages/tensorflow_core/python/ops/nn_impl.py:183: where (from tensorflow.python.ops.array_ops) is deprecated and will be removed in a future version.
Instructions for updating:
Use tf.where in 2.0, which has the same broadcast rule as np.where
2020-02-04 19:44:19.406778: I tensorflow/core/platform/cpu_feature_guard.cc:142] Your CPU supports instructions that this TensorFlow binary was not compiled to use: AVX2 FMA
2020-02-04 19:44:19.428867: I tensorflow/compiler/xla/service/service.cc:168] XLA service 0x7f821d245730 initialized for platform Host (this does not guarantee that XLA will be used). Devices:
2020-02-04 19:44:19.428903: I tensorflow/compiler/xla/service/service.cc:176]   StreamExecutor device (0): Host, Default Version
WARNING:tensorflow:From /Volumes/Transcend/opt/anaconda3/envs/keras/lib/python3.6/site-packages/keras/backend/tensorflow_backend.py:422: The name tf.global_variables is deprecated. Please use tf.compat.v1.global_variables instead.

Load data...
Adjusting sequence length for actual size
x_train shape: (9595, 56)
x_test shape: (1067, 56)
Vocabulary Size: 18779
Model type is CNN-non-static
Load existing Word2Vec model '50features_1minwords_10context'
Initializing embedding layer with word2vec weights, shape (18779, 50)
Train on 9595 samples, validate on 1067 samples
Epoch 1/10
 - 8s - loss: 0.7020 - accuracy: 0.4945 - val_loss: 0.6933 - val_accuracy: 0.4892
Epoch 2/10
 - 7s - loss: 0.6931 - accuracy: 0.5070 - val_loss: 0.6904 - val_accuracy: 0.5717
Epoch 3/10
 - 7s - loss: 0.6904 - accuracy: 0.5268 - val_loss: 0.6869 - val_accuracy: 0.6026
Epoch 4/10
 - 7s - loss: 0.6799 - accuracy: 0.5640 - val_loss: 0.6684 - val_accuracy: 0.6364
Epoch 5/10
 - 7s - loss: 0.6542 - accuracy: 0.6074 - val_loss: 0.6309 - val_accuracy: 0.6673
Epoch 6/10
 - 7s - loss: 0.5973 - accuracy: 0.6771 - val_loss: 0.5612 - val_accuracy: 0.7582
Epoch 7/10
 - 7s - loss: 0.5071 - accuracy: 0.7530 - val_loss: 0.4985 - val_accuracy: 0.7816
Epoch 8/10
 - 8s - loss: 0.4241 - accuracy: 0.8060 - val_loss: 0.4854 - val_accuracy: 0.7798
Epoch 9/10
 - 7s - loss: 0.3629 - accuracy: 0.8394 - val_loss: 0.4881 - val_accuracy: 0.7798
Epoch 10/10
 - 7s - loss: 0.3107 - accuracy: 0.8641 - val_loss: 0.5002 - val_accuracy: 0.7779
Training time:73.09084820747375
