Using TensorFlow backend.
WARNING:tensorflow:From /Volumes/Transcend/opt/anaconda3/envs/keras/lib/python3.6/site-packages/tensorflow_core/python/ops/resource_variable_ops.py:1630: calling BaseResourceVariable.__init__ (from tensorflow.python.ops.resource_variable_ops) with constraint is deprecated and will be removed in a future version.
Instructions for updating:
If using Keras pass *_constraint arguments to layers.
WARNING:tensorflow:From /Volumes/Transcend/opt/anaconda3/envs/keras/lib/python3.6/site-packages/keras/backend/tensorflow_backend.py:4070: The name tf.nn.max_pool is deprecated. Please use tf.nn.max_pool2d instead.

WARNING:tensorflow:Large dropout rate: 0.8 (>0.5). In TensorFlow 2.x, dropout() uses dropout rate instead of keep_prob. Please ensure that this is intended.
WARNING:tensorflow:From /Volumes/Transcend/opt/anaconda3/envs/keras/lib/python3.6/site-packages/tensorflow_core/python/ops/nn_impl.py:183: where (from tensorflow.python.ops.array_ops) is deprecated and will be removed in a future version.
Instructions for updating:
Use tf.where in 2.0, which has the same broadcast rule as np.where
2020-02-04 19:40:57.743526: I tensorflow/core/platform/cpu_feature_guard.cc:142] Your CPU supports instructions that this TensorFlow binary was not compiled to use: AVX2 FMA
2020-02-04 19:40:57.763155: I tensorflow/compiler/xla/service/service.cc:168] XLA service 0x7f9e8678ec00 initialized for platform Host (this does not guarantee that XLA will be used). Devices:
2020-02-04 19:40:57.763191: I tensorflow/compiler/xla/service/service.cc:176]   StreamExecutor device (0): Host, Default Version
WARNING:tensorflow:From /Volumes/Transcend/opt/anaconda3/envs/keras/lib/python3.6/site-packages/keras/backend/tensorflow_backend.py:422: The name tf.global_variables is deprecated. Please use tf.compat.v1.global_variables instead.

Load data...
Adjusting sequence length for actual size
x_train shape: (9595, 56)
x_test shape: (1067, 56)
Vocabulary Size: 18779
Model type is CNN-non-static
Load existing Word2Vec model '50features_1minwords_10context'
Initializing embedding layer with word2vec weights, shape (18779, 50)
Train on 9595 samples, validate on 1067 samples
Epoch 1/10
 - 11s - loss: 0.7018 - accuracy: 0.4947 - val_loss: 0.6932 - val_accuracy: 0.4948
Epoch 2/10
 - 10s - loss: 0.6930 - accuracy: 0.5116 - val_loss: 0.6901 - val_accuracy: 0.5839
Epoch 3/10
 - 10s - loss: 0.6897 - accuracy: 0.5294 - val_loss: 0.6864 - val_accuracy: 0.5961
Epoch 4/10
 - 8s - loss: 0.6793 - accuracy: 0.5649 - val_loss: 0.6668 - val_accuracy: 0.6354
Epoch 5/10
 - 7s - loss: 0.6538 - accuracy: 0.6073 - val_loss: 0.6355 - val_accuracy: 0.6523
Epoch 6/10
 - 9s - loss: 0.5950 - accuracy: 0.6792 - val_loss: 0.5579 - val_accuracy: 0.7507
Epoch 7/10
 - 10s - loss: 0.4978 - accuracy: 0.7636 - val_loss: 0.5000 - val_accuracy: 0.7816
Epoch 8/10
 - 9s - loss: 0.4232 - accuracy: 0.8059 - val_loss: 0.4877 - val_accuracy: 0.7835
Epoch 9/10
 - 9s - loss: 0.3634 - accuracy: 0.8411 - val_loss: 0.4854 - val_accuracy: 0.7760
Epoch 10/10
 - 9s - loss: 0.3104 - accuracy: 0.8675 - val_loss: 0.5050 - val_accuracy: 0.7694
Training time:93.44927501678467
