Using TensorFlow backend.
WARNING:tensorflow:From /Volumes/Transcend/opt/anaconda3/envs/keras/lib/python3.6/site-packages/tensorflow_core/python/ops/resource_variable_ops.py:1630: calling BaseResourceVariable.__init__ (from tensorflow.python.ops.resource_variable_ops) with constraint is deprecated and will be removed in a future version.
Instructions for updating:
If using Keras pass *_constraint arguments to layers.
WARNING:tensorflow:From /Volumes/Transcend/opt/anaconda3/envs/keras/lib/python3.6/site-packages/keras/backend/tensorflow_backend.py:4070: The name tf.nn.max_pool is deprecated. Please use tf.nn.max_pool2d instead.

WARNING:tensorflow:Large dropout rate: 0.8 (>0.5). In TensorFlow 2.x, dropout() uses dropout rate instead of keep_prob. Please ensure that this is intended.
WARNING:tensorflow:From /Volumes/Transcend/opt/anaconda3/envs/keras/lib/python3.6/site-packages/tensorflow_core/python/ops/nn_impl.py:183: where (from tensorflow.python.ops.array_ops) is deprecated and will be removed in a future version.
Instructions for updating:
Use tf.where in 2.0, which has the same broadcast rule as np.where
2020-02-04 19:39:24.748163: I tensorflow/core/platform/cpu_feature_guard.cc:142] Your CPU supports instructions that this TensorFlow binary was not compiled to use: AVX2 FMA
2020-02-04 19:39:24.769319: I tensorflow/compiler/xla/service/service.cc:168] XLA service 0x7fc542a09bc0 initialized for platform Host (this does not guarantee that XLA will be used). Devices:
2020-02-04 19:39:24.769343: I tensorflow/compiler/xla/service/service.cc:176]   StreamExecutor device (0): Host, Default Version
WARNING:tensorflow:From /Volumes/Transcend/opt/anaconda3/envs/keras/lib/python3.6/site-packages/keras/backend/tensorflow_backend.py:422: The name tf.global_variables is deprecated. Please use tf.compat.v1.global_variables instead.

Load data...
Adjusting sequence length for actual size
x_train shape: (9595, 56)
x_test shape: (1067, 56)
Vocabulary Size: 18779
Model type is CNN-non-static
Load existing Word2Vec model '50features_1minwords_10context'
Initializing embedding layer with word2vec weights, shape (18779, 50)
Train on 9595 samples, validate on 1067 samples
Epoch 1/10
 - 8s - loss: 0.7019 - accuracy: 0.4969 - val_loss: 0.6932 - val_accuracy: 0.4977
Epoch 2/10
 - 6s - loss: 0.6928 - accuracy: 0.5117 - val_loss: 0.6902 - val_accuracy: 0.5783
Epoch 3/10
 - 7s - loss: 0.6899 - accuracy: 0.5250 - val_loss: 0.6853 - val_accuracy: 0.5970
Epoch 4/10
 - 7s - loss: 0.6796 - accuracy: 0.5605 - val_loss: 0.6669 - val_accuracy: 0.6392
Epoch 5/10
 - 8s - loss: 0.6556 - accuracy: 0.6008 - val_loss: 0.6356 - val_accuracy: 0.6767
Epoch 6/10
 - 8s - loss: 0.6104 - accuracy: 0.6622 - val_loss: 0.5685 - val_accuracy: 0.7488
Epoch 7/10
 - 7s - loss: 0.5228 - accuracy: 0.7419 - val_loss: 0.4983 - val_accuracy: 0.7816
Epoch 8/10
 - 8s - loss: 0.4332 - accuracy: 0.8018 - val_loss: 0.4859 - val_accuracy: 0.7882
Epoch 9/10
 - 9s - loss: 0.3746 - accuracy: 0.8351 - val_loss: 0.4892 - val_accuracy: 0.7751
Epoch 10/10
 - 11s - loss: 0.3209 - accuracy: 0.8607 - val_loss: 0.4996 - val_accuracy: 0.7713
Training time:78.99877095222473
