Using TensorFlow backend.
WARNING:tensorflow:From /Volumes/Transcend/opt/anaconda3/envs/keras/lib/python3.6/site-packages/tensorflow_core/python/ops/resource_variable_ops.py:1630: calling BaseResourceVariable.__init__ (from tensorflow.python.ops.resource_variable_ops) with constraint is deprecated and will be removed in a future version.
Instructions for updating:
If using Keras pass *_constraint arguments to layers.
WARNING:tensorflow:From /Volumes/Transcend/opt/anaconda3/envs/keras/lib/python3.6/site-packages/keras/backend/tensorflow_backend.py:4070: The name tf.nn.max_pool is deprecated. Please use tf.nn.max_pool2d instead.

WARNING:tensorflow:Large dropout rate: 0.8 (>0.5). In TensorFlow 2.x, dropout() uses dropout rate instead of keep_prob. Please ensure that this is intended.
WARNING:tensorflow:From /Volumes/Transcend/opt/anaconda3/envs/keras/lib/python3.6/site-packages/tensorflow_core/python/ops/nn_impl.py:183: where (from tensorflow.python.ops.array_ops) is deprecated and will be removed in a future version.
Instructions for updating:
Use tf.where in 2.0, which has the same broadcast rule as np.where
2020-02-04 19:37:59.502780: I tensorflow/core/platform/cpu_feature_guard.cc:142] Your CPU supports instructions that this TensorFlow binary was not compiled to use: AVX2 FMA
2020-02-04 19:37:59.521334: I tensorflow/compiler/xla/service/service.cc:168] XLA service 0x7fa71c4f7a50 initialized for platform Host (this does not guarantee that XLA will be used). Devices:
2020-02-04 19:37:59.521369: I tensorflow/compiler/xla/service/service.cc:176]   StreamExecutor device (0): Host, Default Version
WARNING:tensorflow:From /Volumes/Transcend/opt/anaconda3/envs/keras/lib/python3.6/site-packages/keras/backend/tensorflow_backend.py:422: The name tf.global_variables is deprecated. Please use tf.compat.v1.global_variables instead.

Load data...
Adjusting sequence length for actual size
x_train shape: (9595, 56)
x_test shape: (1067, 56)
Vocabulary Size: 18779
Model type is CNN-non-static
Load existing Word2Vec model '50features_1minwords_10context'
Initializing embedding layer with word2vec weights, shape (18779, 50)
Train on 9595 samples, validate on 1067 samples
Epoch 1/10
 - 8s - loss: 0.7017 - accuracy: 0.4970 - val_loss: 0.6933 - val_accuracy: 0.5023
Epoch 2/10
 - 8s - loss: 0.6936 - accuracy: 0.5139 - val_loss: 0.6917 - val_accuracy: 0.5445
Epoch 3/10
 - 7s - loss: 0.6912 - accuracy: 0.5195 - val_loss: 0.6883 - val_accuracy: 0.5961
Epoch 4/10
 - 6s - loss: 0.6818 - accuracy: 0.5552 - val_loss: 0.6710 - val_accuracy: 0.6307
Epoch 5/10
 - 6s - loss: 0.6617 - accuracy: 0.5955 - val_loss: 0.6394 - val_accuracy: 0.6710
Epoch 6/10
 - 6s - loss: 0.6155 - accuracy: 0.6589 - val_loss: 0.5776 - val_accuracy: 0.7376
Epoch 7/10
 - 6s - loss: 0.5321 - accuracy: 0.7368 - val_loss: 0.5082 - val_accuracy: 0.7751
Epoch 8/10
 - 8s - loss: 0.4492 - accuracy: 0.7902 - val_loss: 0.4861 - val_accuracy: 0.7863
Epoch 9/10
 - 9s - loss: 0.3824 - accuracy: 0.8303 - val_loss: 0.4832 - val_accuracy: 0.7835
Epoch 10/10
 - 8s - loss: 0.3277 - accuracy: 0.8562 - val_loss: 0.5049 - val_accuracy: 0.7732
Training time:72.2692449092865
