Using TensorFlow backend.
WARNING:tensorflow:From /Volumes/Transcend/opt/anaconda3/envs/keras/lib/python3.6/site-packages/tensorflow_core/python/ops/resource_variable_ops.py:1630: calling BaseResourceVariable.__init__ (from tensorflow.python.ops.resource_variable_ops) with constraint is deprecated and will be removed in a future version.
Instructions for updating:
If using Keras pass *_constraint arguments to layers.
WARNING:tensorflow:From /Volumes/Transcend/opt/anaconda3/envs/keras/lib/python3.6/site-packages/keras/backend/tensorflow_backend.py:4070: The name tf.nn.max_pool is deprecated. Please use tf.nn.max_pool2d instead.

WARNING:tensorflow:Large dropout rate: 0.8 (>0.5). In TensorFlow 2.x, dropout() uses dropout rate instead of keep_prob. Please ensure that this is intended.
WARNING:tensorflow:From /Volumes/Transcend/opt/anaconda3/envs/keras/lib/python3.6/site-packages/tensorflow_core/python/ops/nn_impl.py:183: where (from tensorflow.python.ops.array_ops) is deprecated and will be removed in a future version.
Instructions for updating:
Use tf.where in 2.0, which has the same broadcast rule as np.where
2020-02-04 19:48:54.219359: I tensorflow/core/platform/cpu_feature_guard.cc:142] Your CPU supports instructions that this TensorFlow binary was not compiled to use: AVX2 FMA
2020-02-04 19:48:54.255717: I tensorflow/compiler/xla/service/service.cc:168] XLA service 0x7ff9dd0b48e0 initialized for platform Host (this does not guarantee that XLA will be used). Devices:
2020-02-04 19:48:54.255782: I tensorflow/compiler/xla/service/service.cc:176]   StreamExecutor device (0): Host, Default Version
WARNING:tensorflow:From /Volumes/Transcend/opt/anaconda3/envs/keras/lib/python3.6/site-packages/keras/backend/tensorflow_backend.py:422: The name tf.global_variables is deprecated. Please use tf.compat.v1.global_variables instead.

Load data...
Adjusting sequence length for actual size
x_train shape: (9595, 56)
x_test shape: (1067, 56)
Vocabulary Size: 18779
Model type is CNN-non-static
Load existing Word2Vec model '50features_1minwords_10context'
Initializing embedding layer with word2vec weights, shape (18779, 50)
Train on 9595 samples, validate on 1067 samples
Epoch 1/10
 - 8s - loss: 0.7017 - accuracy: 4797.0000 - val_loss: 0.6933 - val_accuracy: 523.0000
Epoch 2/10
 - 7s - loss: 0.6932 - accuracy: 4896.0000 - val_loss: 0.6899 - val_accuracy: 595.0000
Epoch 3/10
 - 7s - loss: 0.6891 - accuracy: 5133.0000 - val_loss: 0.6835 - val_accuracy: 654.0000
Epoch 4/10
 - 7s - loss: 0.6777 - accuracy: 5402.0000 - val_loss: 0.6649 - val_accuracy: 683.0000
Epoch 5/10
 - 7s - loss: 0.6522 - accuracy: 5869.0000 - val_loss: 0.6302 - val_accuracy: 718.0000
Epoch 6/10
 - 8s - loss: 0.5946 - accuracy: 6622.0000 - val_loss: 0.5524 - val_accuracy: 797.0000
Epoch 7/10
 - 10s - loss: 0.4945 - accuracy: 7299.0000 - val_loss: 0.4976 - val_accuracy: 821.0000
Epoch 8/10
 - 9s - loss: 0.4166 - accuracy: 7808.0000 - val_loss: 0.4804 - val_accuracy: 832.0000
Epoch 9/10
 - 7s - loss: 0.3610 - accuracy: 8057.0000 - val_loss: 0.4845 - val_accuracy: 824.0000
Epoch 10/10
 - 8s - loss: 0.3073 - accuracy: 8306.0000 - val_loss: 0.5026 - val_accuracy: 821.0000
Training time:80.05973196029663
