Using TensorFlow backend.
WARNING:tensorflow:From /Volumes/Transcend/opt/anaconda3/envs/keras/lib/python3.6/site-packages/tensorflow_core/python/ops/resource_variable_ops.py:1630: calling BaseResourceVariable.__init__ (from tensorflow.python.ops.resource_variable_ops) with constraint is deprecated and will be removed in a future version.
Instructions for updating:
If using Keras pass *_constraint arguments to layers.
WARNING:tensorflow:From /Volumes/Transcend/opt/anaconda3/envs/keras/lib/python3.6/site-packages/keras/backend/tensorflow_backend.py:4070: The name tf.nn.max_pool is deprecated. Please use tf.nn.max_pool2d instead.

WARNING:tensorflow:Large dropout rate: 0.8 (>0.5). In TensorFlow 2.x, dropout() uses dropout rate instead of keep_prob. Please ensure that this is intended.
WARNING:tensorflow:From /Volumes/Transcend/opt/anaconda3/envs/keras/lib/python3.6/site-packages/tensorflow_core/python/ops/nn_impl.py:183: where (from tensorflow.python.ops.array_ops) is deprecated and will be removed in a future version.
Instructions for updating:
Use tf.where in 2.0, which has the same broadcast rule as np.where
2020-02-04 19:50:37.186121: I tensorflow/core/platform/cpu_feature_guard.cc:142] Your CPU supports instructions that this TensorFlow binary was not compiled to use: AVX2 FMA
2020-02-04 19:50:37.207438: I tensorflow/compiler/xla/service/service.cc:168] XLA service 0x7f991d032f90 initialized for platform Host (this does not guarantee that XLA will be used). Devices:
2020-02-04 19:50:37.207472: I tensorflow/compiler/xla/service/service.cc:176]   StreamExecutor device (0): Host, Default Version
WARNING:tensorflow:From /Volumes/Transcend/opt/anaconda3/envs/keras/lib/python3.6/site-packages/keras/backend/tensorflow_backend.py:422: The name tf.global_variables is deprecated. Please use tf.compat.v1.global_variables instead.

Load data...
Adjusting sequence length for actual size
x_train shape: (9595, 56)
x_test shape: (1067, 56)
Vocabulary Size: 18779
Model type is CNN-non-static
Load existing Word2Vec model '50features_1minwords_10context'
Initializing embedding layer with word2vec weights, shape (18779, 50)
Train on 9595 samples, validate on 1067 samples
Epoch 1/10
 - 8s - loss: 0.7018 - accuracy: 0.4964 - val_loss: 0.6932 - val_accuracy: 0.4845
Epoch 2/10
 - 7s - loss: 0.6935 - accuracy: 0.5088 - val_loss: 0.6919 - val_accuracy: 0.5492
Epoch 3/10
 - 7s - loss: 0.6905 - accuracy: 0.5236 - val_loss: 0.6872 - val_accuracy: 0.6111
Epoch 4/10
 - 8s - loss: 0.6808 - accuracy: 0.5587 - val_loss: 0.6691 - val_accuracy: 0.6354
Epoch 5/10
 - 7s - loss: 0.6576 - accuracy: 0.6026 - val_loss: 0.6338 - val_accuracy: 0.6710
Epoch 6/10
 - 7s - loss: 0.6107 - accuracy: 0.6688 - val_loss: 0.5687 - val_accuracy: 0.7545
Epoch 7/10
 - 7s - loss: 0.5351 - accuracy: 0.7315 - val_loss: 0.5082 - val_accuracy: 0.7929
Epoch 8/10
 - 8s - loss: 0.4594 - accuracy: 0.7865 - val_loss: 0.4899 - val_accuracy: 0.7835
Epoch 9/10
 - 8s - loss: 0.3945 - accuracy: 0.8258 - val_loss: 0.4800 - val_accuracy: 0.7873
Epoch 10/10
 - 8s - loss: 0.3278 - accuracy: 0.8525 - val_loss: 0.5046 - val_accuracy: 0.7610
Training time:76.78039193153381
