Using TensorFlow backend.
WARNING:tensorflow:From /Volumes/Transcend/opt/anaconda3/envs/keras/lib/python3.6/site-packages/tensorflow_core/python/ops/resource_variable_ops.py:1630: calling BaseResourceVariable.__init__ (from tensorflow.python.ops.resource_variable_ops) with constraint is deprecated and will be removed in a future version.
Instructions for updating:
If using Keras pass *_constraint arguments to layers.
WARNING:tensorflow:From /Volumes/Transcend/opt/anaconda3/envs/keras/lib/python3.6/site-packages/keras/backend/tensorflow_backend.py:4070: The name tf.nn.max_pool is deprecated. Please use tf.nn.max_pool2d instead.

WARNING:tensorflow:Large dropout rate: 0.8 (>0.5). In TensorFlow 2.x, dropout() uses dropout rate instead of keep_prob. Please ensure that this is intended.
WARNING:tensorflow:From /Volumes/Transcend/opt/anaconda3/envs/keras/lib/python3.6/site-packages/tensorflow_core/python/ops/nn_impl.py:183: where (from tensorflow.python.ops.array_ops) is deprecated and will be removed in a future version.
Instructions for updating:
Use tf.where in 2.0, which has the same broadcast rule as np.where
2020-02-04 19:55:02.465229: I tensorflow/core/platform/cpu_feature_guard.cc:142] Your CPU supports instructions that this TensorFlow binary was not compiled to use: AVX2 FMA
2020-02-04 19:55:02.487807: I tensorflow/compiler/xla/service/service.cc:168] XLA service 0x7f98dccecdc0 initialized for platform Host (this does not guarantee that XLA will be used). Devices:
2020-02-04 19:55:02.487864: I tensorflow/compiler/xla/service/service.cc:176]   StreamExecutor device (0): Host, Default Version
WARNING:tensorflow:From /Volumes/Transcend/opt/anaconda3/envs/keras/lib/python3.6/site-packages/keras/backend/tensorflow_backend.py:422: The name tf.global_variables is deprecated. Please use tf.compat.v1.global_variables instead.

Load data...
Adjusting sequence length for actual size
x_train shape: (9595, 56)
x_test shape: (1067, 56)
Vocabulary Size: 18779
Model type is CNN-non-static
Load existing Word2Vec model '50features_1minwords_10context'
Initializing embedding layer with word2vec weights, shape (18779, 50)
Train on 9595 samples, validate on 1067 samples
Epoch 1/10
 - 8s - loss: 0.7020 - accuracy: 0.4990 - val_loss: 0.6932 - val_accuracy: 0.4873
Epoch 2/10
 - 7s - loss: 0.6938 - accuracy: 0.5032 - val_loss: 0.6913 - val_accuracy: 0.5230
Epoch 3/10
 - 7s - loss: 0.6914 - accuracy: 0.5208 - val_loss: 0.6889 - val_accuracy: 0.5989
Epoch 4/10
 - 7s - loss: 0.6826 - accuracy: 0.5563 - val_loss: 0.6714 - val_accuracy: 0.6176
Epoch 5/10
 - 7s - loss: 0.6588 - accuracy: 0.6040 - val_loss: 0.6376 - val_accuracy: 0.6757
Epoch 6/10
 - 8s - loss: 0.6057 - accuracy: 0.6748 - val_loss: 0.5713 - val_accuracy: 0.7507
Epoch 7/10
 - 8s - loss: 0.5145 - accuracy: 0.7470 - val_loss: 0.5054 - val_accuracy: 0.7788
Epoch 8/10
 - 9s - loss: 0.4291 - accuracy: 0.8056 - val_loss: 0.4845 - val_accuracy: 0.7779
Epoch 9/10
 - 8s - loss: 0.3633 - accuracy: 0.8409 - val_loss: 0.4828 - val_accuracy: 0.7732
Epoch 10/10
 - 8s - loss: 0.3150 - accuracy: 0.8645 - val_loss: 0.4925 - val_accuracy: 0.7835
Training time:78.7310950756073
