Using TensorFlow backend.
WARNING:tensorflow:From /Volumes/Transcend/opt/anaconda3/envs/keras/lib/python3.6/site-packages/tensorflow_core/python/ops/resource_variable_ops.py:1630: calling BaseResourceVariable.__init__ (from tensorflow.python.ops.resource_variable_ops) with constraint is deprecated and will be removed in a future version.
Instructions for updating:
If using Keras pass *_constraint arguments to layers.
WARNING:tensorflow:From /Volumes/Transcend/opt/anaconda3/envs/keras/lib/python3.6/site-packages/keras/backend/tensorflow_backend.py:4070: The name tf.nn.max_pool is deprecated. Please use tf.nn.max_pool2d instead.

WARNING:tensorflow:Large dropout rate: 0.8 (>0.5). In TensorFlow 2.x, dropout() uses dropout rate instead of keep_prob. Please ensure that this is intended.
WARNING:tensorflow:From /Volumes/Transcend/opt/anaconda3/envs/keras/lib/python3.6/site-packages/tensorflow_core/python/ops/nn_impl.py:183: where (from tensorflow.python.ops.array_ops) is deprecated and will be removed in a future version.
Instructions for updating:
Use tf.where in 2.0, which has the same broadcast rule as np.where
2020-02-04 19:52:03.843013: I tensorflow/core/platform/cpu_feature_guard.cc:142] Your CPU supports instructions that this TensorFlow binary was not compiled to use: AVX2 FMA
2020-02-04 19:52:03.862823: I tensorflow/compiler/xla/service/service.cc:168] XLA service 0x7fbb258a5650 initialized for platform Host (this does not guarantee that XLA will be used). Devices:
2020-02-04 19:52:03.862849: I tensorflow/compiler/xla/service/service.cc:176]   StreamExecutor device (0): Host, Default Version
WARNING:tensorflow:From /Volumes/Transcend/opt/anaconda3/envs/keras/lib/python3.6/site-packages/keras/backend/tensorflow_backend.py:422: The name tf.global_variables is deprecated. Please use tf.compat.v1.global_variables instead.

Load data...
Adjusting sequence length for actual size
x_train shape: (9595, 56)
x_test shape: (1067, 56)
Vocabulary Size: 18779
Model type is CNN-non-static
Load existing Word2Vec model '50features_1minwords_10context'
Initializing embedding layer with word2vec weights, shape (18779, 50)
Train on 9595 samples, validate on 1067 samples
Epoch 1/10
 - 8s - loss: 0.7017 - accuracy: 0.4963 - val_loss: 0.6932 - val_accuracy: 0.4930
Epoch 2/10
 - 8s - loss: 0.6941 - accuracy: 0.5082 - val_loss: 0.6928 - val_accuracy: 0.5305
Epoch 3/10
 - 7s - loss: 0.6930 - accuracy: 0.5135 - val_loss: 0.6933 - val_accuracy: 0.4883
Epoch 4/10
 - 7s - loss: 0.6895 - accuracy: 0.5355 - val_loss: 0.6839 - val_accuracy: 0.6176
Epoch 5/10
 - 6s - loss: 0.6784 - accuracy: 0.5703 - val_loss: 0.6631 - val_accuracy: 0.6410
Epoch 6/10
 - 7s - loss: 0.6449 - accuracy: 0.6245 - val_loss: 0.6126 - val_accuracy: 0.7010
Epoch 7/10
 - 7s - loss: 0.5690 - accuracy: 0.7028 - val_loss: 0.5277 - val_accuracy: 0.7676
Epoch 8/10
 - 7s - loss: 0.4886 - accuracy: 0.7666 - val_loss: 0.4963 - val_accuracy: 0.7901
Epoch 9/10
 - 8s - loss: 0.4172 - accuracy: 0.8088 - val_loss: 0.4856 - val_accuracy: 0.7844
Epoch 10/10
 - 8s - loss: 0.3631 - accuracy: 0.8368 - val_loss: 0.4890 - val_accuracy: 0.7666
Training time:74.03694224357605
