Using TensorFlow backend.
WARNING:tensorflow:From /Volumes/Transcend/opt/anaconda3/envs/keras/lib/python3.6/site-packages/tensorflow_core/python/ops/resource_variable_ops.py:1630: calling BaseResourceVariable.__init__ (from tensorflow.python.ops.resource_variable_ops) with constraint is deprecated and will be removed in a future version.
Instructions for updating:
If using Keras pass *_constraint arguments to layers.
WARNING:tensorflow:From /Volumes/Transcend/opt/anaconda3/envs/keras/lib/python3.6/site-packages/keras/backend/tensorflow_backend.py:4070: The name tf.nn.max_pool is deprecated. Please use tf.nn.max_pool2d instead.

WARNING:tensorflow:Large dropout rate: 0.8 (>0.5). In TensorFlow 2.x, dropout() uses dropout rate instead of keep_prob. Please ensure that this is intended.
WARNING:tensorflow:From /Volumes/Transcend/opt/anaconda3/envs/keras/lib/python3.6/site-packages/tensorflow_core/python/ops/nn_impl.py:183: where (from tensorflow.python.ops.array_ops) is deprecated and will be removed in a future version.
Instructions for updating:
Use tf.where in 2.0, which has the same broadcast rule as np.where
2020-02-04 19:31:22.812790: I tensorflow/core/platform/cpu_feature_guard.cc:142] Your CPU supports instructions that this TensorFlow binary was not compiled to use: AVX2 FMA
2020-02-04 19:31:22.833501: I tensorflow/compiler/xla/service/service.cc:168] XLA service 0x7ff9b921f5f0 initialized for platform Host (this does not guarantee that XLA will be used). Devices:
2020-02-04 19:31:22.833524: I tensorflow/compiler/xla/service/service.cc:176]   StreamExecutor device (0): Host, Default Version
WARNING:tensorflow:From /Volumes/Transcend/opt/anaconda3/envs/keras/lib/python3.6/site-packages/keras/backend/tensorflow_backend.py:422: The name tf.global_variables is deprecated. Please use tf.compat.v1.global_variables instead.

Load data...
Adjusting sequence length for actual size
x_train shape: (9595, 56)
x_test shape: (1067, 56)
Vocabulary Size: 18779
Model type is CNN-non-static
Load existing Word2Vec model '50features_1minwords_10context'
Initializing embedding layer with word2vec weights, shape (18779, 50)
Train on 9595 samples, validate on 1067 samples
Epoch 1/10
 - 7s - loss: 0.7019 - accuracy: 0.4963 - val_loss: 0.6933 - val_accuracy: 0.4939
Epoch 2/10
 - 7s - loss: 0.6938 - accuracy: 0.5116 - val_loss: 0.6902 - val_accuracy: 0.5651
Epoch 3/10
 - 7s - loss: 0.6900 - accuracy: 0.5267 - val_loss: 0.6844 - val_accuracy: 0.5970
Epoch 4/10
 - 7s - loss: 0.6791 - accuracy: 0.5607 - val_loss: 0.6671 - val_accuracy: 0.6382
Epoch 5/10
 - 7s - loss: 0.6543 - accuracy: 0.6054 - val_loss: 0.6305 - val_accuracy: 0.6767
Epoch 6/10
 - 8s - loss: 0.6025 - accuracy: 0.6764 - val_loss: 0.5546 - val_accuracy: 0.7657
Epoch 7/10
 - 7s - loss: 0.5108 - accuracy: 0.7500 - val_loss: 0.4989 - val_accuracy: 0.7788
Epoch 8/10
 - 7s - loss: 0.4405 - accuracy: 0.8021 - val_loss: 0.4787 - val_accuracy: 0.7854
Epoch 9/10
 - 7s - loss: 0.3838 - accuracy: 0.8280 - val_loss: 0.4799 - val_accuracy: 0.7760
Epoch 10/10
 - 7s - loss: 0.3227 - accuracy: 0.8564 - val_loss: 0.4907 - val_accuracy: 0.7769
Training time:71.32644987106323
