Using TensorFlow backend.
WARNING:tensorflow:From /Volumes/Transcend/opt/anaconda3/envs/keras/lib/python3.6/site-packages/tensorflow_core/python/ops/resource_variable_ops.py:1630: calling BaseResourceVariable.__init__ (from tensorflow.python.ops.resource_variable_ops) with constraint is deprecated and will be removed in a future version.
Instructions for updating:
If using Keras pass *_constraint arguments to layers.
WARNING:tensorflow:From /Volumes/Transcend/opt/anaconda3/envs/keras/lib/python3.6/site-packages/keras/backend/tensorflow_backend.py:4070: The name tf.nn.max_pool is deprecated. Please use tf.nn.max_pool2d instead.

WARNING:tensorflow:Large dropout rate: 0.8 (>0.5). In TensorFlow 2.x, dropout() uses dropout rate instead of keep_prob. Please ensure that this is intended.
WARNING:tensorflow:From /Volumes/Transcend/opt/anaconda3/envs/keras/lib/python3.6/site-packages/tensorflow_core/python/ops/nn_impl.py:183: where (from tensorflow.python.ops.array_ops) is deprecated and will be removed in a future version.
Instructions for updating:
Use tf.where in 2.0, which has the same broadcast rule as np.where
2020-02-04 19:32:42.334118: I tensorflow/core/platform/cpu_feature_guard.cc:142] Your CPU supports instructions that this TensorFlow binary was not compiled to use: AVX2 FMA
2020-02-04 19:32:42.351149: I tensorflow/compiler/xla/service/service.cc:168] XLA service 0x7fb18e133de0 initialized for platform Host (this does not guarantee that XLA will be used). Devices:
2020-02-04 19:32:42.351172: I tensorflow/compiler/xla/service/service.cc:176]   StreamExecutor device (0): Host, Default Version
WARNING:tensorflow:From /Volumes/Transcend/opt/anaconda3/envs/keras/lib/python3.6/site-packages/keras/backend/tensorflow_backend.py:422: The name tf.global_variables is deprecated. Please use tf.compat.v1.global_variables instead.

Load data...
Adjusting sequence length for actual size
x_train shape: (9595, 56)
x_test shape: (1067, 56)
Vocabulary Size: 18779
Model type is CNN-non-static
Load existing Word2Vec model '50features_1minwords_10context'
Initializing embedding layer with word2vec weights, shape (18779, 50)
Train on 9595 samples, validate on 1067 samples
Epoch 1/10
 - 7s - loss: 0.7020 - accuracy: 0.4959 - val_loss: 0.6933 - val_accuracy: 0.4911
Epoch 2/10
 - 7s - loss: 0.6939 - accuracy: 0.5119 - val_loss: 0.6919 - val_accuracy: 0.5201
Epoch 3/10
 - 7s - loss: 0.6908 - accuracy: 0.5221 - val_loss: 0.6883 - val_accuracy: 0.5961
Epoch 4/10
 - 7s - loss: 0.6816 - accuracy: 0.5541 - val_loss: 0.6683 - val_accuracy: 0.6242
Epoch 5/10
 - 6s - loss: 0.6570 - accuracy: 0.6059 - val_loss: 0.6349 - val_accuracy: 0.6617
Epoch 6/10
 - 6s - loss: 0.6060 - accuracy: 0.6745 - val_loss: 0.5702 - val_accuracy: 0.7348
Epoch 7/10
 - 7s - loss: 0.5180 - accuracy: 0.7452 - val_loss: 0.5018 - val_accuracy: 0.7760
Epoch 8/10
 - 7s - loss: 0.4380 - accuracy: 0.8015 - val_loss: 0.4861 - val_accuracy: 0.7835
Epoch 9/10
 - 8s - loss: 0.3758 - accuracy: 0.8344 - val_loss: 0.4823 - val_accuracy: 0.7788
Epoch 10/10
 - 7s - loss: 0.3174 - accuracy: 0.8613 - val_loss: 0.4985 - val_accuracy: 0.7741
Training time:69.43635201454163
