Using TensorFlow backend.
WARNING:tensorflow:From /Volumes/Transcend/opt/anaconda3/envs/keras/lib/python3.6/site-packages/tensorflow_core/python/ops/resource_variable_ops.py:1630: calling BaseResourceVariable.__init__ (from tensorflow.python.ops.resource_variable_ops) with constraint is deprecated and will be removed in a future version.
Instructions for updating:
If using Keras pass *_constraint arguments to layers.
WARNING:tensorflow:From /Volumes/Transcend/opt/anaconda3/envs/keras/lib/python3.6/site-packages/keras/backend/tensorflow_backend.py:4070: The name tf.nn.max_pool is deprecated. Please use tf.nn.max_pool2d instead.

WARNING:tensorflow:Large dropout rate: 0.8 (>0.5). In TensorFlow 2.x, dropout() uses dropout rate instead of keep_prob. Please ensure that this is intended.
WARNING:tensorflow:From /Volumes/Transcend/opt/anaconda3/envs/keras/lib/python3.6/site-packages/tensorflow_core/python/ops/nn_impl.py:183: where (from tensorflow.python.ops.array_ops) is deprecated and will be removed in a future version.
Instructions for updating:
Use tf.where in 2.0, which has the same broadcast rule as np.where
2020-02-02 11:42:55.703909: I tensorflow/core/platform/cpu_feature_guard.cc:142] Your CPU supports instructions that this TensorFlow binary was not compiled to use: AVX2 FMA
2020-02-02 11:42:55.733189: I tensorflow/compiler/xla/service/service.cc:168] XLA service 0x7fd43d96d240 initialized for platform Host (this does not guarantee that XLA will be used). Devices:
2020-02-02 11:42:55.733213: I tensorflow/compiler/xla/service/service.cc:176]   StreamExecutor device (0): Host, Default Version
WARNING:tensorflow:From /Volumes/Transcend/opt/anaconda3/envs/keras/lib/python3.6/site-packages/keras/backend/tensorflow_backend.py:422: The name tf.global_variables is deprecated. Please use tf.compat.v1.global_variables instead.

Load data...
Adjusting sequence length for actual size
x_train shape: (9595, 56)
x_test shape: (1067, 56)
Vocabulary Size: 18779
Model type is CNN-non-static
Load existing Word2Vec model '50features_1minwords_10context'
Initializing embedding layer with word2vec weights, shape (18779, 50)
Train on 9595 samples, validate on 1067 samples
Epoch 1/10
 - 6s - loss: 0.7018 - accuracy: 0.4965 - val_loss: 0.6933 - val_accuracy: 0.4892
Epoch 2/10
 - 5s - loss: 0.6939 - accuracy: 0.5098 - val_loss: 0.6920 - val_accuracy: 0.5614
Epoch 3/10
 - 5s - loss: 0.6909 - accuracy: 0.5262 - val_loss: 0.6886 - val_accuracy: 0.5951
Epoch 4/10
 - 6s - loss: 0.6820 - accuracy: 0.5555 - val_loss: 0.6704 - val_accuracy: 0.6270
Epoch 5/10
 - 6s - loss: 0.6612 - accuracy: 0.5975 - val_loss: 0.6373 - val_accuracy: 0.6645
Epoch 6/10
 - 5s - loss: 0.6091 - accuracy: 0.6697 - val_loss: 0.5703 - val_accuracy: 0.7479
Epoch 7/10
 - 6s - loss: 0.5141 - accuracy: 0.7508 - val_loss: 0.5034 - val_accuracy: 0.7798
Epoch 8/10
 - 5s - loss: 0.4341 - accuracy: 0.8041 - val_loss: 0.4873 - val_accuracy: 0.7807
Epoch 9/10
 - 5s - loss: 0.3758 - accuracy: 0.8343 - val_loss: 0.4886 - val_accuracy: 0.7704
Epoch 10/10
 - 5s - loss: 0.3176 - accuracy: 0.8582 - val_loss: 0.5088 - val_accuracy: 0.7732
Training time:55.22973608970642
