Using TensorFlow backend.
WARNING:tensorflow:From /Volumes/Transcend/opt/anaconda3/envs/keras/lib/python3.6/site-packages/tensorflow_core/python/ops/resource_variable_ops.py:1630: calling BaseResourceVariable.__init__ (from tensorflow.python.ops.resource_variable_ops) with constraint is deprecated and will be removed in a future version.
Instructions for updating:
If using Keras pass *_constraint arguments to layers.
WARNING:tensorflow:From /Volumes/Transcend/opt/anaconda3/envs/keras/lib/python3.6/site-packages/keras/backend/tensorflow_backend.py:4070: The name tf.nn.max_pool is deprecated. Please use tf.nn.max_pool2d instead.

WARNING:tensorflow:Large dropout rate: 0.8 (>0.5). In TensorFlow 2.x, dropout() uses dropout rate instead of keep_prob. Please ensure that this is intended.
WARNING:tensorflow:From /Volumes/Transcend/opt/anaconda3/envs/keras/lib/python3.6/site-packages/tensorflow_core/python/ops/nn_impl.py:183: where (from tensorflow.python.ops.array_ops) is deprecated and will be removed in a future version.
Instructions for updating:
Use tf.where in 2.0, which has the same broadcast rule as np.where
2020-02-02 11:52:24.316096: I tensorflow/core/platform/cpu_feature_guard.cc:142] Your CPU supports instructions that this TensorFlow binary was not compiled to use: AVX2 FMA
2020-02-02 11:52:24.331524: I tensorflow/compiler/xla/service/service.cc:168] XLA service 0x7fcd2268a7f0 initialized for platform Host (this does not guarantee that XLA will be used). Devices:
2020-02-02 11:52:24.331549: I tensorflow/compiler/xla/service/service.cc:176]   StreamExecutor device (0): Host, Default Version
WARNING:tensorflow:From /Volumes/Transcend/opt/anaconda3/envs/keras/lib/python3.6/site-packages/keras/backend/tensorflow_backend.py:422: The name tf.global_variables is deprecated. Please use tf.compat.v1.global_variables instead.

Load data...
Adjusting sequence length for actual size
x_train shape: (9595, 56)
x_test shape: (1067, 56)
Vocabulary Size: 18779
Model type is CNN-non-static
Load existing Word2Vec model '50features_1minwords_10context'
Initializing embedding layer with word2vec weights, shape (18779, 50)
Train on 9595 samples, validate on 1067 samples
Epoch 1/10
 - 5s - loss: 0.7020 - accuracy: 0.4943 - val_loss: 0.6932 - val_accuracy: 0.4967
Epoch 2/10
 - 5s - loss: 0.6929 - accuracy: 0.5135 - val_loss: 0.6902 - val_accuracy: 0.5811
Epoch 3/10
 - 5s - loss: 0.6893 - accuracy: 0.5280 - val_loss: 0.6833 - val_accuracy: 0.6167
Epoch 4/10
 - 5s - loss: 0.6773 - accuracy: 0.5665 - val_loss: 0.6657 - val_accuracy: 0.6429
Epoch 5/10
 - 5s - loss: 0.6520 - accuracy: 0.6118 - val_loss: 0.6276 - val_accuracy: 0.6907
Epoch 6/10
 - 5s - loss: 0.5983 - accuracy: 0.6784 - val_loss: 0.5586 - val_accuracy: 0.7545
Epoch 7/10
 - 5s - loss: 0.5127 - accuracy: 0.7488 - val_loss: 0.4997 - val_accuracy: 0.7807
Epoch 8/10
 - 5s - loss: 0.4363 - accuracy: 0.7961 - val_loss: 0.4853 - val_accuracy: 0.7788
Epoch 9/10
 - 5s - loss: 0.3755 - accuracy: 0.8337 - val_loss: 0.4816 - val_accuracy: 0.7826
Epoch 10/10
 - 5s - loss: 0.3196 - accuracy: 0.8603 - val_loss: 0.5022 - val_accuracy: 0.7788
Training time:49.78203296661377
