Using TensorFlow backend.
WARNING:tensorflow:From /Volumes/Transcend/opt/anaconda3/envs/keras/lib/python3.6/site-packages/tensorflow_core/python/ops/resource_variable_ops.py:1630: calling BaseResourceVariable.__init__ (from tensorflow.python.ops.resource_variable_ops) with constraint is deprecated and will be removed in a future version.
Instructions for updating:
If using Keras pass *_constraint arguments to layers.
WARNING:tensorflow:From /Volumes/Transcend/opt/anaconda3/envs/keras/lib/python3.6/site-packages/keras/backend/tensorflow_backend.py:4070: The name tf.nn.max_pool is deprecated. Please use tf.nn.max_pool2d instead.

WARNING:tensorflow:Large dropout rate: 0.8 (>0.5). In TensorFlow 2.x, dropout() uses dropout rate instead of keep_prob. Please ensure that this is intended.
WARNING:tensorflow:From /Volumes/Transcend/opt/anaconda3/envs/keras/lib/python3.6/site-packages/tensorflow_core/python/ops/nn_impl.py:183: where (from tensorflow.python.ops.array_ops) is deprecated and will be removed in a future version.
Instructions for updating:
Use tf.where in 2.0, which has the same broadcast rule as np.where
2020-02-02 11:43:58.390739: I tensorflow/core/platform/cpu_feature_guard.cc:142] Your CPU supports instructions that this TensorFlow binary was not compiled to use: AVX2 FMA
2020-02-02 11:43:58.405108: I tensorflow/compiler/xla/service/service.cc:168] XLA service 0x7fd8ff782680 initialized for platform Host (this does not guarantee that XLA will be used). Devices:
2020-02-02 11:43:58.405131: I tensorflow/compiler/xla/service/service.cc:176]   StreamExecutor device (0): Host, Default Version
WARNING:tensorflow:From /Volumes/Transcend/opt/anaconda3/envs/keras/lib/python3.6/site-packages/keras/backend/tensorflow_backend.py:422: The name tf.global_variables is deprecated. Please use tf.compat.v1.global_variables instead.

Load data...
Adjusting sequence length for actual size
x_train shape: (9595, 56)
x_test shape: (1067, 56)
Vocabulary Size: 18779
Model type is CNN-non-static
Load existing Word2Vec model '50features_1minwords_10context'
Initializing embedding layer with word2vec weights, shape (18779, 50)
Train on 9595 samples, validate on 1067 samples
Epoch 1/10
 - 6s - loss: 0.7021 - accuracy: 0.4949 - val_loss: 0.6932 - val_accuracy: 0.4995
Epoch 2/10
 - 5s - loss: 0.6939 - accuracy: 0.5078 - val_loss: 0.6922 - val_accuracy: 0.5604
Epoch 3/10
 - 5s - loss: 0.6910 - accuracy: 0.5242 - val_loss: 0.6874 - val_accuracy: 0.5979
Epoch 4/10
 - 5s - loss: 0.6827 - accuracy: 0.5550 - val_loss: 0.6696 - val_accuracy: 0.6307
Epoch 5/10
 - 5s - loss: 0.6600 - accuracy: 0.6015 - val_loss: 0.6373 - val_accuracy: 0.6692
Epoch 6/10
 - 5s - loss: 0.6038 - accuracy: 0.6788 - val_loss: 0.5723 - val_accuracy: 0.7385
Epoch 7/10
 - 5s - loss: 0.5058 - accuracy: 0.7553 - val_loss: 0.4986 - val_accuracy: 0.7769
Epoch 8/10
 - 5s - loss: 0.4183 - accuracy: 0.8100 - val_loss: 0.4868 - val_accuracy: 0.7788
Epoch 9/10
 - 5s - loss: 0.3614 - accuracy: 0.8424 - val_loss: 0.4839 - val_accuracy: 0.7844
Epoch 10/10
 - 5s - loss: 0.3071 - accuracy: 0.8692 - val_loss: 0.5028 - val_accuracy: 0.7769
Training time:51.77447199821472
