Using TensorFlow backend.
WARNING:tensorflow:From /Volumes/Transcend/opt/anaconda3/envs/keras/lib/python3.6/site-packages/tensorflow_core/python/ops/resource_variable_ops.py:1630: calling BaseResourceVariable.__init__ (from tensorflow.python.ops.resource_variable_ops) with constraint is deprecated and will be removed in a future version.
Instructions for updating:
If using Keras pass *_constraint arguments to layers.
WARNING:tensorflow:From /Volumes/Transcend/opt/anaconda3/envs/keras/lib/python3.6/site-packages/keras/backend/tensorflow_backend.py:4070: The name tf.nn.max_pool is deprecated. Please use tf.nn.max_pool2d instead.

WARNING:tensorflow:Large dropout rate: 0.8 (>0.5). In TensorFlow 2.x, dropout() uses dropout rate instead of keep_prob. Please ensure that this is intended.
WARNING:tensorflow:From /Volumes/Transcend/opt/anaconda3/envs/keras/lib/python3.6/site-packages/tensorflow_core/python/ops/nn_impl.py:183: where (from tensorflow.python.ops.array_ops) is deprecated and will be removed in a future version.
Instructions for updating:
Use tf.where in 2.0, which has the same broadcast rule as np.where
2020-02-02 11:44:56.076178: I tensorflow/core/platform/cpu_feature_guard.cc:142] Your CPU supports instructions that this TensorFlow binary was not compiled to use: AVX2 FMA
2020-02-02 11:44:56.089606: I tensorflow/compiler/xla/service/service.cc:168] XLA service 0x7fec667851f0 initialized for platform Host (this does not guarantee that XLA will be used). Devices:
2020-02-02 11:44:56.089628: I tensorflow/compiler/xla/service/service.cc:176]   StreamExecutor device (0): Host, Default Version
WARNING:tensorflow:From /Volumes/Transcend/opt/anaconda3/envs/keras/lib/python3.6/site-packages/keras/backend/tensorflow_backend.py:422: The name tf.global_variables is deprecated. Please use tf.compat.v1.global_variables instead.

Load data...
Adjusting sequence length for actual size
x_train shape: (9595, 56)
x_test shape: (1067, 56)
Vocabulary Size: 18779
Model type is CNN-non-static
Load existing Word2Vec model '50features_1minwords_10context'
Initializing embedding layer with word2vec weights, shape (18779, 50)
Train on 9595 samples, validate on 1067 samples
Epoch 1/10
 - 5s - loss: 0.7018 - accuracy: 0.4991 - val_loss: 0.6933 - val_accuracy: 0.4948
Epoch 2/10
 - 5s - loss: 0.6933 - accuracy: 0.5165 - val_loss: 0.6911 - val_accuracy: 0.5717
Epoch 3/10
 - 5s - loss: 0.6903 - accuracy: 0.5264 - val_loss: 0.6874 - val_accuracy: 0.6007
Epoch 4/10
 - 5s - loss: 0.6805 - accuracy: 0.5612 - val_loss: 0.6665 - val_accuracy: 0.6523
Epoch 5/10
 - 5s - loss: 0.6541 - accuracy: 0.6068 - val_loss: 0.6284 - val_accuracy: 0.6645
Epoch 6/10
 - 5s - loss: 0.5936 - accuracy: 0.6807 - val_loss: 0.5549 - val_accuracy: 0.7488
Epoch 7/10
 - 5s - loss: 0.5033 - accuracy: 0.7578 - val_loss: 0.4940 - val_accuracy: 0.7807
Epoch 8/10
 - 5s - loss: 0.4300 - accuracy: 0.8006 - val_loss: 0.4851 - val_accuracy: 0.7854
Epoch 9/10
 - 5s - loss: 0.3726 - accuracy: 0.8363 - val_loss: 0.4765 - val_accuracy: 0.7751
Epoch 10/10
 - 5s - loss: 0.3114 - accuracy: 0.8649 - val_loss: 0.4934 - val_accuracy: 0.7779
Training time:50.480616092681885
