Using TensorFlow backend.
WARNING:tensorflow:From /Volumes/Transcend/opt/anaconda3/envs/keras/lib/python3.6/site-packages/tensorflow_core/python/ops/resource_variable_ops.py:1630: calling BaseResourceVariable.__init__ (from tensorflow.python.ops.resource_variable_ops) with constraint is deprecated and will be removed in a future version.
Instructions for updating:
If using Keras pass *_constraint arguments to layers.
WARNING:tensorflow:From /Volumes/Transcend/opt/anaconda3/envs/keras/lib/python3.6/site-packages/keras/backend/tensorflow_backend.py:4070: The name tf.nn.max_pool is deprecated. Please use tf.nn.max_pool2d instead.

WARNING:tensorflow:Large dropout rate: 0.8 (>0.5). In TensorFlow 2.x, dropout() uses dropout rate instead of keep_prob. Please ensure that this is intended.
WARNING:tensorflow:From /Volumes/Transcend/opt/anaconda3/envs/keras/lib/python3.6/site-packages/tensorflow_core/python/ops/nn_impl.py:183: where (from tensorflow.python.ops.array_ops) is deprecated and will be removed in a future version.
Instructions for updating:
Use tf.where in 2.0, which has the same broadcast rule as np.where
2020-02-02 11:45:52.740284: I tensorflow/core/platform/cpu_feature_guard.cc:142] Your CPU supports instructions that this TensorFlow binary was not compiled to use: AVX2 FMA
2020-02-02 11:45:52.756108: I tensorflow/compiler/xla/service/service.cc:168] XLA service 0x7f93580edb90 initialized for platform Host (this does not guarantee that XLA will be used). Devices:
2020-02-02 11:45:52.756137: I tensorflow/compiler/xla/service/service.cc:176]   StreamExecutor device (0): Host, Default Version
WARNING:tensorflow:From /Volumes/Transcend/opt/anaconda3/envs/keras/lib/python3.6/site-packages/keras/backend/tensorflow_backend.py:422: The name tf.global_variables is deprecated. Please use tf.compat.v1.global_variables instead.

Load data...
Adjusting sequence length for actual size
x_train shape: (9595, 56)
x_test shape: (1067, 56)
Vocabulary Size: 18779
Model type is CNN-non-static
Load existing Word2Vec model '50features_1minwords_10context'
Initializing embedding layer with word2vec weights, shape (18779, 50)
Train on 9595 samples, validate on 1067 samples
Epoch 1/10
 - 5s - loss: 0.7021 - accuracy: 0.4954 - val_loss: 0.6933 - val_accuracy: 0.4977
Epoch 2/10
 - 5s - loss: 0.6935 - accuracy: 0.5115 - val_loss: 0.6913 - val_accuracy: 0.5089
Epoch 3/10
 - 5s - loss: 0.6911 - accuracy: 0.5174 - val_loss: 0.6880 - val_accuracy: 0.5933
Epoch 4/10
 - 5s - loss: 0.6826 - accuracy: 0.5536 - val_loss: 0.6723 - val_accuracy: 0.6232
Epoch 5/10
 - 5s - loss: 0.6612 - accuracy: 0.5945 - val_loss: 0.6413 - val_accuracy: 0.6664
Epoch 6/10
 - 5s - loss: 0.6116 - accuracy: 0.6643 - val_loss: 0.5691 - val_accuracy: 0.7535
Epoch 7/10
 - 5s - loss: 0.5219 - accuracy: 0.7429 - val_loss: 0.5003 - val_accuracy: 0.7835
Epoch 8/10
 - 5s - loss: 0.4393 - accuracy: 0.7985 - val_loss: 0.4839 - val_accuracy: 0.7807
Epoch 9/10
 - 5s - loss: 0.3794 - accuracy: 0.8329 - val_loss: 0.4789 - val_accuracy: 0.7816
Epoch 10/10
 - 5s - loss: 0.3179 - accuracy: 0.8607 - val_loss: 0.5003 - val_accuracy: 0.7732
Training time:49.71024703979492
