Using TensorFlow backend.
WARNING:tensorflow:From /Volumes/Transcend/opt/anaconda3/envs/keras/lib/python3.6/site-packages/tensorflow_core/python/ops/resource_variable_ops.py:1630: calling BaseResourceVariable.__init__ (from tensorflow.python.ops.resource_variable_ops) with constraint is deprecated and will be removed in a future version.
Instructions for updating:
If using Keras pass *_constraint arguments to layers.
WARNING:tensorflow:From /Volumes/Transcend/opt/anaconda3/envs/keras/lib/python3.6/site-packages/keras/backend/tensorflow_backend.py:4070: The name tf.nn.max_pool is deprecated. Please use tf.nn.max_pool2d instead.

WARNING:tensorflow:Large dropout rate: 0.8 (>0.5). In TensorFlow 2.x, dropout() uses dropout rate instead of keep_prob. Please ensure that this is intended.
WARNING:tensorflow:From /Volumes/Transcend/opt/anaconda3/envs/keras/lib/python3.6/site-packages/tensorflow_core/python/ops/nn_impl.py:183: where (from tensorflow.python.ops.array_ops) is deprecated and will be removed in a future version.
Instructions for updating:
Use tf.where in 2.0, which has the same broadcast rule as np.where
2020-02-02 11:47:44.068747: I tensorflow/core/platform/cpu_feature_guard.cc:142] Your CPU supports instructions that this TensorFlow binary was not compiled to use: AVX2 FMA
2020-02-02 11:47:44.082644: I tensorflow/compiler/xla/service/service.cc:168] XLA service 0x7fb115fe5240 initialized for platform Host (this does not guarantee that XLA will be used). Devices:
2020-02-02 11:47:44.082667: I tensorflow/compiler/xla/service/service.cc:176]   StreamExecutor device (0): Host, Default Version
WARNING:tensorflow:From /Volumes/Transcend/opt/anaconda3/envs/keras/lib/python3.6/site-packages/keras/backend/tensorflow_backend.py:422: The name tf.global_variables is deprecated. Please use tf.compat.v1.global_variables instead.

Load data...
Adjusting sequence length for actual size
x_train shape: (9595, 56)
x_test shape: (1067, 56)
Vocabulary Size: 18779
Model type is CNN-non-static
Load existing Word2Vec model '50features_1minwords_10context'
Initializing embedding layer with word2vec weights, shape (18779, 50)
Train on 9595 samples, validate on 1067 samples
Epoch 1/10
 - 5s - loss: 0.7016 - accuracy: 0.4984 - val_loss: 0.6933 - val_accuracy: 0.5173
Epoch 2/10
 - 5s - loss: 0.6937 - accuracy: 0.5147 - val_loss: 0.6917 - val_accuracy: 0.5436
Epoch 3/10
 - 5s - loss: 0.6910 - accuracy: 0.5256 - val_loss: 0.6881 - val_accuracy: 0.5970
Epoch 4/10
 - 5s - loss: 0.6819 - accuracy: 0.5517 - val_loss: 0.6707 - val_accuracy: 0.6270
Epoch 5/10
 - 5s - loss: 0.6560 - accuracy: 0.6099 - val_loss: 0.6328 - val_accuracy: 0.6598
Epoch 6/10
 - 5s - loss: 0.5938 - accuracy: 0.6825 - val_loss: 0.5610 - val_accuracy: 0.7488
Epoch 7/10
 - 5s - loss: 0.4906 - accuracy: 0.7668 - val_loss: 0.4951 - val_accuracy: 0.7779
Epoch 8/10
 - 5s - loss: 0.4087 - accuracy: 0.8171 - val_loss: 0.4863 - val_accuracy: 0.7769
Epoch 9/10
 - 5s - loss: 0.3510 - accuracy: 0.8450 - val_loss: 0.4838 - val_accuracy: 0.7769
Epoch 10/10
 - 5s - loss: 0.2934 - accuracy: 0.8750 - val_loss: 0.5046 - val_accuracy: 0.7769
Training time:49.51404309272766
