Using TensorFlow backend.
WARNING:tensorflow:From /Volumes/Transcend/opt/anaconda3/envs/keras/lib/python3.6/site-packages/tensorflow_core/python/ops/resource_variable_ops.py:1630: calling BaseResourceVariable.__init__ (from tensorflow.python.ops.resource_variable_ops) with constraint is deprecated and will be removed in a future version.
Instructions for updating:
If using Keras pass *_constraint arguments to layers.
WARNING:tensorflow:From /Volumes/Transcend/opt/anaconda3/envs/keras/lib/python3.6/site-packages/keras/backend/tensorflow_backend.py:4070: The name tf.nn.max_pool is deprecated. Please use tf.nn.max_pool2d instead.

WARNING:tensorflow:Large dropout rate: 0.8 (>0.5). In TensorFlow 2.x, dropout() uses dropout rate instead of keep_prob. Please ensure that this is intended.
WARNING:tensorflow:From /Volumes/Transcend/opt/anaconda3/envs/keras/lib/python3.6/site-packages/tensorflow_core/python/ops/nn_impl.py:183: where (from tensorflow.python.ops.array_ops) is deprecated and will be removed in a future version.
Instructions for updating:
Use tf.where in 2.0, which has the same broadcast rule as np.where
2020-02-02 11:48:39.382180: I tensorflow/core/platform/cpu_feature_guard.cc:142] Your CPU supports instructions that this TensorFlow binary was not compiled to use: AVX2 FMA
2020-02-02 11:48:39.395395: I tensorflow/compiler/xla/service/service.cc:168] XLA service 0x7fc242470e00 initialized for platform Host (this does not guarantee that XLA will be used). Devices:
2020-02-02 11:48:39.395417: I tensorflow/compiler/xla/service/service.cc:176]   StreamExecutor device (0): Host, Default Version
WARNING:tensorflow:From /Volumes/Transcend/opt/anaconda3/envs/keras/lib/python3.6/site-packages/keras/backend/tensorflow_backend.py:422: The name tf.global_variables is deprecated. Please use tf.compat.v1.global_variables instead.

Load data...
Adjusting sequence length for actual size
x_train shape: (9595, 56)
x_test shape: (1067, 56)
Vocabulary Size: 18779
Model type is CNN-non-static
Load existing Word2Vec model '50features_1minwords_10context'
Initializing embedding layer with word2vec weights, shape (18779, 50)
Train on 9595 samples, validate on 1067 samples
Epoch 1/10
 - 5s - loss: 0.7016 - accuracy: 0.4956 - val_loss: 0.6933 - val_accuracy: 0.4977
Epoch 2/10
 - 5s - loss: 0.6940 - accuracy: 0.5135 - val_loss: 0.6932 - val_accuracy: 0.4873
Epoch 3/10
 - 5s - loss: 0.6919 - accuracy: 0.5202 - val_loss: 0.6898 - val_accuracy: 0.5792
Epoch 4/10
 - 5s - loss: 0.6851 - accuracy: 0.5491 - val_loss: 0.6747 - val_accuracy: 0.6101
Epoch 5/10
 - 5s - loss: 0.6682 - accuracy: 0.5871 - val_loss: 0.6479 - val_accuracy: 0.6560
Epoch 6/10
 - 5s - loss: 0.6253 - accuracy: 0.6465 - val_loss: 0.5864 - val_accuracy: 0.7413
Epoch 7/10
 - 5s - loss: 0.5323 - accuracy: 0.7365 - val_loss: 0.5095 - val_accuracy: 0.7704
Epoch 8/10
 - 5s - loss: 0.4487 - accuracy: 0.7945 - val_loss: 0.4872 - val_accuracy: 0.7807
Epoch 9/10
 - 5s - loss: 0.3849 - accuracy: 0.8303 - val_loss: 0.4842 - val_accuracy: 0.7769
Epoch 10/10
 - 5s - loss: 0.3325 - accuracy: 0.8551 - val_loss: 0.5026 - val_accuracy: 0.7723
Training time:49.5586302280426
