Using TensorFlow backend.
WARNING:tensorflow:From /Volumes/Transcend/opt/anaconda3/envs/keras/lib/python3.6/site-packages/tensorflow_core/python/ops/resource_variable_ops.py:1630: calling BaseResourceVariable.__init__ (from tensorflow.python.ops.resource_variable_ops) with constraint is deprecated and will be removed in a future version.
Instructions for updating:
If using Keras pass *_constraint arguments to layers.
WARNING:tensorflow:From /Volumes/Transcend/opt/anaconda3/envs/keras/lib/python3.6/site-packages/keras/backend/tensorflow_backend.py:4070: The name tf.nn.max_pool is deprecated. Please use tf.nn.max_pool2d instead.

WARNING:tensorflow:Large dropout rate: 0.8 (>0.5). In TensorFlow 2.x, dropout() uses dropout rate instead of keep_prob. Please ensure that this is intended.
WARNING:tensorflow:From /Volumes/Transcend/opt/anaconda3/envs/keras/lib/python3.6/site-packages/tensorflow_core/python/ops/nn_impl.py:183: where (from tensorflow.python.ops.array_ops) is deprecated and will be removed in a future version.
Instructions for updating:
Use tf.where in 2.0, which has the same broadcast rule as np.where
2020-02-02 11:49:35.275107: I tensorflow/core/platform/cpu_feature_guard.cc:142] Your CPU supports instructions that this TensorFlow binary was not compiled to use: AVX2 FMA
2020-02-02 11:49:35.288468: I tensorflow/compiler/xla/service/service.cc:168] XLA service 0x7fa9a57635e0 initialized for platform Host (this does not guarantee that XLA will be used). Devices:
2020-02-02 11:49:35.288490: I tensorflow/compiler/xla/service/service.cc:176]   StreamExecutor device (0): Host, Default Version
WARNING:tensorflow:From /Volumes/Transcend/opt/anaconda3/envs/keras/lib/python3.6/site-packages/keras/backend/tensorflow_backend.py:422: The name tf.global_variables is deprecated. Please use tf.compat.v1.global_variables instead.

Load data...
Adjusting sequence length for actual size
x_train shape: (9595, 56)
x_test shape: (1067, 56)
Vocabulary Size: 18779
Model type is CNN-non-static
Load existing Word2Vec model '50features_1minwords_10context'
Initializing embedding layer with word2vec weights, shape (18779, 50)
Train on 9595 samples, validate on 1067 samples
Epoch 1/10
 - 5s - loss: 0.7018 - accuracy: 0.4997 - val_loss: 0.6933 - val_accuracy: 0.4873
Epoch 2/10
 - 5s - loss: 0.6939 - accuracy: 0.5038 - val_loss: 0.6917 - val_accuracy: 0.5698
Epoch 3/10
 - 5s - loss: 0.6901 - accuracy: 0.5253 - val_loss: 0.6861 - val_accuracy: 0.6073
Epoch 4/10
 - 5s - loss: 0.6798 - accuracy: 0.5605 - val_loss: 0.6690 - val_accuracy: 0.6298
Epoch 5/10
 - 5s - loss: 0.6516 - accuracy: 0.6133 - val_loss: 0.6252 - val_accuracy: 0.6804
Epoch 6/10
 - 5s - loss: 0.5886 - accuracy: 0.6859 - val_loss: 0.5578 - val_accuracy: 0.7535
Epoch 7/10
 - 5s - loss: 0.4947 - accuracy: 0.7637 - val_loss: 0.4906 - val_accuracy: 0.7919
Epoch 8/10
 - 5s - loss: 0.4229 - accuracy: 0.8038 - val_loss: 0.4840 - val_accuracy: 0.7863
Epoch 9/10
 - 5s - loss: 0.3660 - accuracy: 0.8396 - val_loss: 0.4884 - val_accuracy: 0.7844
Epoch 10/10
 - 5s - loss: 0.3197 - accuracy: 0.8594 - val_loss: 0.4914 - val_accuracy: 0.7807
Training time:49.424968004226685
