Using TensorFlow backend.
WARNING:tensorflow:From /Volumes/Transcend/opt/anaconda3/envs/keras/lib/python3.6/site-packages/tensorflow_core/python/ops/resource_variable_ops.py:1630: calling BaseResourceVariable.__init__ (from tensorflow.python.ops.resource_variable_ops) with constraint is deprecated and will be removed in a future version.
Instructions for updating:
If using Keras pass *_constraint arguments to layers.
WARNING:tensorflow:From /Volumes/Transcend/opt/anaconda3/envs/keras/lib/python3.6/site-packages/keras/backend/tensorflow_backend.py:4070: The name tf.nn.max_pool is deprecated. Please use tf.nn.max_pool2d instead.

WARNING:tensorflow:Large dropout rate: 0.8 (>0.5). In TensorFlow 2.x, dropout() uses dropout rate instead of keep_prob. Please ensure that this is intended.
WARNING:tensorflow:From /Volumes/Transcend/opt/anaconda3/envs/keras/lib/python3.6/site-packages/tensorflow_core/python/ops/nn_impl.py:183: where (from tensorflow.python.ops.array_ops) is deprecated and will be removed in a future version.
Instructions for updating:
Use tf.where in 2.0, which has the same broadcast rule as np.where
2020-02-02 11:50:30.902634: I tensorflow/core/platform/cpu_feature_guard.cc:142] Your CPU supports instructions that this TensorFlow binary was not compiled to use: AVX2 FMA
2020-02-02 11:50:30.919515: I tensorflow/compiler/xla/service/service.cc:168] XLA service 0x7fbc82b15090 initialized for platform Host (this does not guarantee that XLA will be used). Devices:
2020-02-02 11:50:30.919541: I tensorflow/compiler/xla/service/service.cc:176]   StreamExecutor device (0): Host, Default Version
WARNING:tensorflow:From /Volumes/Transcend/opt/anaconda3/envs/keras/lib/python3.6/site-packages/keras/backend/tensorflow_backend.py:422: The name tf.global_variables is deprecated. Please use tf.compat.v1.global_variables instead.

Load data...
Adjusting sequence length for actual size
x_train shape: (9595, 56)
x_test shape: (1067, 56)
Vocabulary Size: 18779
Model type is CNN-non-static
Load existing Word2Vec model '50features_1minwords_10context'
Initializing embedding layer with word2vec weights, shape (18779, 50)
Train on 9595 samples, validate on 1067 samples
Epoch 1/10
 - 5s - loss: 0.7019 - accuracy: 0.4948 - val_loss: 0.6933 - val_accuracy: 0.4902
Epoch 2/10
 - 5s - loss: 0.6938 - accuracy: 0.5084 - val_loss: 0.6913 - val_accuracy: 0.5267
Epoch 3/10
 - 5s - loss: 0.6905 - accuracy: 0.5245 - val_loss: 0.6868 - val_accuracy: 0.5961
Epoch 4/10
 - 5s - loss: 0.6819 - accuracy: 0.5540 - val_loss: 0.6708 - val_accuracy: 0.6354
Epoch 5/10
 - 5s - loss: 0.6581 - accuracy: 0.6066 - val_loss: 0.6317 - val_accuracy: 0.6860
Epoch 6/10
 - 5s - loss: 0.6021 - accuracy: 0.6755 - val_loss: 0.5603 - val_accuracy: 0.7545
Epoch 7/10
 - 5s - loss: 0.5074 - accuracy: 0.7551 - val_loss: 0.4949 - val_accuracy: 0.7788
Epoch 8/10
 - 5s - loss: 0.4284 - accuracy: 0.8031 - val_loss: 0.4807 - val_accuracy: 0.7816
Epoch 9/10
 - 5s - loss: 0.3703 - accuracy: 0.8395 - val_loss: 0.4799 - val_accuracy: 0.7816
Epoch 10/10
 - 5s - loss: 0.3143 - accuracy: 0.8641 - val_loss: 0.4973 - val_accuracy: 0.7807
Training time:51.711265087127686
