Using TensorFlow backend.
WARNING:tensorflow:From /Volumes/Transcend/opt/anaconda3/envs/keras/lib/python3.6/site-packages/tensorflow_core/python/ops/resource_variable_ops.py:1630: calling BaseResourceVariable.__init__ (from tensorflow.python.ops.resource_variable_ops) with constraint is deprecated and will be removed in a future version.
Instructions for updating:
If using Keras pass *_constraint arguments to layers.
WARNING:tensorflow:From /Volumes/Transcend/opt/anaconda3/envs/keras/lib/python3.6/site-packages/keras/backend/tensorflow_backend.py:4070: The name tf.nn.max_pool is deprecated. Please use tf.nn.max_pool2d instead.

WARNING:tensorflow:Large dropout rate: 0.8 (>0.5). In TensorFlow 2.x, dropout() uses dropout rate instead of keep_prob. Please ensure that this is intended.
WARNING:tensorflow:From /Volumes/Transcend/opt/anaconda3/envs/keras/lib/python3.6/site-packages/tensorflow_core/python/ops/nn_impl.py:183: where (from tensorflow.python.ops.array_ops) is deprecated and will be removed in a future version.
Instructions for updating:
Use tf.where in 2.0, which has the same broadcast rule as np.where
2020-02-18 22:55:53.958051: I tensorflow/core/platform/cpu_feature_guard.cc:142] Your CPU supports instructions that this TensorFlow binary was not compiled to use: AVX2 FMA
2020-02-18 22:55:53.974039: I tensorflow/compiler/xla/service/service.cc:168] XLA service 0x7ffe84bc2bb0 initialized for platform Host (this does not guarantee that XLA will be used). Devices:
2020-02-18 22:55:53.974062: I tensorflow/compiler/xla/service/service.cc:176]   StreamExecutor device (0): Host, Default Version
WARNING:tensorflow:From /Volumes/Transcend/opt/anaconda3/envs/keras/lib/python3.6/site-packages/keras/backend/tensorflow_backend.py:422: The name tf.global_variables is deprecated. Please use tf.compat.v1.global_variables instead.

Load data...
Adjusting sequence length for actual size
x_train shape: (9595, 56)
x_test shape: (1067, 56)
Vocabulary Size: 18779
Model type is CNN-non-static
Load existing Word2Vec model '50features_1minwords_10context'
Initializing embedding layer with word2vec weights, shape (18779, 50)
Train on 9595 samples, validate on 1067 samples
Epoch 1/10
 - 6s - loss: 0.7016 - accuracy: 0.5018 - val_loss: 0.6934 - val_accuracy: 0.4808
Epoch 2/10
 - 5s - loss: 0.6940 - accuracy: 0.5094 - val_loss: 0.6932 - val_accuracy: 0.4920
Epoch 3/10
 - 5s - loss: 0.6926 - accuracy: 0.5158 - val_loss: 0.6894 - val_accuracy: 0.5351
Epoch 4/10
 - 6s - loss: 0.6853 - accuracy: 0.5495 - val_loss: 0.6746 - val_accuracy: 0.6223
Epoch 5/10
 - 5s - loss: 0.6642 - accuracy: 0.5971 - val_loss: 0.6464 - val_accuracy: 0.6617
Epoch 6/10
 - 5s - loss: 0.6189 - accuracy: 0.6576 - val_loss: 0.5819 - val_accuracy: 0.7348
Epoch 7/10
 - 5s - loss: 0.5343 - accuracy: 0.7315 - val_loss: 0.5074 - val_accuracy: 0.7732
Epoch 8/10
 - 5s - loss: 0.4532 - accuracy: 0.7872 - val_loss: 0.4881 - val_accuracy: 0.7816
Epoch 9/10
 - 5s - loss: 0.3900 - accuracy: 0.8277 - val_loss: 0.4843 - val_accuracy: 0.7835
Epoch 10/10
 - 5s - loss: 0.3431 - accuracy: 0.8501 - val_loss: 0.4923 - val_accuracy: 0.7779
Training time:52.931801080703735
