Using TensorFlow backend.
WARNING:tensorflow:From /Volumes/Transcend/opt/anaconda3/envs/keras/lib/python3.6/site-packages/tensorflow_core/python/ops/resource_variable_ops.py:1630: calling BaseResourceVariable.__init__ (from tensorflow.python.ops.resource_variable_ops) with constraint is deprecated and will be removed in a future version.
Instructions for updating:
If using Keras pass *_constraint arguments to layers.
WARNING:tensorflow:From /Volumes/Transcend/opt/anaconda3/envs/keras/lib/python3.6/site-packages/keras/backend/tensorflow_backend.py:4070: The name tf.nn.max_pool is deprecated. Please use tf.nn.max_pool2d instead.

WARNING:tensorflow:Large dropout rate: 0.8 (>0.5). In TensorFlow 2.x, dropout() uses dropout rate instead of keep_prob. Please ensure that this is intended.
WARNING:tensorflow:From /Volumes/Transcend/opt/anaconda3/envs/keras/lib/python3.6/site-packages/tensorflow_core/python/ops/nn_impl.py:183: where (from tensorflow.python.ops.array_ops) is deprecated and will be removed in a future version.
Instructions for updating:
Use tf.where in 2.0, which has the same broadcast rule as np.where
2020-02-18 22:57:57.567114: I tensorflow/core/platform/cpu_feature_guard.cc:142] Your CPU supports instructions that this TensorFlow binary was not compiled to use: AVX2 FMA
2020-02-18 22:57:57.583369: I tensorflow/compiler/xla/service/service.cc:168] XLA service 0x7fc05c222790 initialized for platform Host (this does not guarantee that XLA will be used). Devices:
2020-02-18 22:57:57.583392: I tensorflow/compiler/xla/service/service.cc:176]   StreamExecutor device (0): Host, Default Version
WARNING:tensorflow:From /Volumes/Transcend/opt/anaconda3/envs/keras/lib/python3.6/site-packages/keras/backend/tensorflow_backend.py:422: The name tf.global_variables is deprecated. Please use tf.compat.v1.global_variables instead.

Load data...
Adjusting sequence length for actual size
x_train shape: (9595, 56)
x_test shape: (1067, 56)
Vocabulary Size: 18779
Model type is CNN-non-static
Load existing Word2Vec model '50features_1minwords_10context'
Initializing embedding layer with word2vec weights, shape (18779, 50)
Train on 9595 samples, validate on 1067 samples
Epoch 1/10
 - 7s - loss: 0.7018 - accuracy: 0.4969 - val_loss: 0.6932 - val_accuracy: 0.4967
Epoch 2/10
 - 6s - loss: 0.6932 - accuracy: 0.5138 - val_loss: 0.6904 - val_accuracy: 0.5754
Epoch 3/10
 - 6s - loss: 0.6898 - accuracy: 0.5305 - val_loss: 0.6858 - val_accuracy: 0.5970
Epoch 4/10
 - 6s - loss: 0.6782 - accuracy: 0.5666 - val_loss: 0.6647 - val_accuracy: 0.6373
Epoch 5/10
 - 6s - loss: 0.6522 - accuracy: 0.6129 - val_loss: 0.6338 - val_accuracy: 0.6701
Epoch 6/10
 - 6s - loss: 0.5917 - accuracy: 0.6860 - val_loss: 0.5606 - val_accuracy: 0.7601
Epoch 7/10
 - 5s - loss: 0.4990 - accuracy: 0.7571 - val_loss: 0.4944 - val_accuracy: 0.7788
Epoch 8/10
 - 5s - loss: 0.4237 - accuracy: 0.8070 - val_loss: 0.4848 - val_accuracy: 0.7760
Epoch 9/10
 - 6s - loss: 0.3688 - accuracy: 0.8364 - val_loss: 0.4852 - val_accuracy: 0.7798
Epoch 10/10
 - 5s - loss: 0.3139 - accuracy: 0.8609 - val_loss: 0.5040 - val_accuracy: 0.7694
Training time:60.397732734680176
