Using TensorFlow backend.
WARNING:tensorflow:From /Volumes/Transcend/opt/anaconda3/envs/keras/lib/python3.6/site-packages/tensorflow_core/python/ops/resource_variable_ops.py:1630: calling BaseResourceVariable.__init__ (from tensorflow.python.ops.resource_variable_ops) with constraint is deprecated and will be removed in a future version.
Instructions for updating:
If using Keras pass *_constraint arguments to layers.
WARNING:tensorflow:From /Volumes/Transcend/opt/anaconda3/envs/keras/lib/python3.6/site-packages/keras/backend/tensorflow_backend.py:4070: The name tf.nn.max_pool is deprecated. Please use tf.nn.max_pool2d instead.

WARNING:tensorflow:Large dropout rate: 0.8 (>0.5). In TensorFlow 2.x, dropout() uses dropout rate instead of keep_prob. Please ensure that this is intended.
WARNING:tensorflow:From /Volumes/Transcend/opt/anaconda3/envs/keras/lib/python3.6/site-packages/tensorflow_core/python/ops/nn_impl.py:183: where (from tensorflow.python.ops.array_ops) is deprecated and will be removed in a future version.
Instructions for updating:
Use tf.where in 2.0, which has the same broadcast rule as np.where
2020-02-18 22:53:50.775597: I tensorflow/core/platform/cpu_feature_guard.cc:142] Your CPU supports instructions that this TensorFlow binary was not compiled to use: AVX2 FMA
2020-02-18 22:53:50.791021: I tensorflow/compiler/xla/service/service.cc:168] XLA service 0x7fa4526b9f80 initialized for platform Host (this does not guarantee that XLA will be used). Devices:
2020-02-18 22:53:50.791043: I tensorflow/compiler/xla/service/service.cc:176]   StreamExecutor device (0): Host, Default Version
WARNING:tensorflow:From /Volumes/Transcend/opt/anaconda3/envs/keras/lib/python3.6/site-packages/keras/backend/tensorflow_backend.py:422: The name tf.global_variables is deprecated. Please use tf.compat.v1.global_variables instead.

Load data...
Adjusting sequence length for actual size
x_train shape: (9595, 56)
x_test shape: (1067, 56)
Vocabulary Size: 18779
Model type is CNN-non-static
Load existing Word2Vec model '50features_1minwords_10context'
Initializing embedding layer with word2vec weights, shape (18779, 50)
Train on 9595 samples, validate on 1067 samples
Epoch 1/10
 - 5s - loss: 0.7018 - accuracy: 0.4963 - val_loss: 0.6933 - val_accuracy: 0.4939
Epoch 2/10
 - 5s - loss: 0.6940 - accuracy: 0.5061 - val_loss: 0.6924 - val_accuracy: 0.5333
Epoch 3/10
 - 5s - loss: 0.6916 - accuracy: 0.5204 - val_loss: 0.6908 - val_accuracy: 0.5820
Epoch 4/10
 - 5s - loss: 0.6838 - accuracy: 0.5569 - val_loss: 0.6739 - val_accuracy: 0.6204
Epoch 5/10
 - 6s - loss: 0.6599 - accuracy: 0.6007 - val_loss: 0.6394 - val_accuracy: 0.6560
Epoch 6/10
 - 5s - loss: 0.6088 - accuracy: 0.6653 - val_loss: 0.5730 - val_accuracy: 0.7441
Epoch 7/10
 - 6s - loss: 0.5178 - accuracy: 0.7468 - val_loss: 0.4992 - val_accuracy: 0.7723
Epoch 8/10
 - 5s - loss: 0.4304 - accuracy: 0.8021 - val_loss: 0.4855 - val_accuracy: 0.7901
Epoch 9/10
 - 6s - loss: 0.3669 - accuracy: 0.8422 - val_loss: 0.4831 - val_accuracy: 0.7863
Epoch 10/10
 - 6s - loss: 0.3101 - accuracy: 0.8659 - val_loss: 0.5013 - val_accuracy: 0.7760
Training time:54.561100006103516
