Using TensorFlow backend.
WARNING:tensorflow:From /Volumes/Transcend/opt/anaconda3/envs/keras/lib/python3.6/site-packages/tensorflow_core/python/ops/resource_variable_ops.py:1630: calling BaseResourceVariable.__init__ (from tensorflow.python.ops.resource_variable_ops) with constraint is deprecated and will be removed in a future version.
Instructions for updating:
If using Keras pass *_constraint arguments to layers.
WARNING:tensorflow:From /Volumes/Transcend/opt/anaconda3/envs/keras/lib/python3.6/site-packages/keras/backend/tensorflow_backend.py:4070: The name tf.nn.max_pool is deprecated. Please use tf.nn.max_pool2d instead.

WARNING:tensorflow:Large dropout rate: 0.8 (>0.5). In TensorFlow 2.x, dropout() uses dropout rate instead of keep_prob. Please ensure that this is intended.
WARNING:tensorflow:From /Volumes/Transcend/opt/anaconda3/envs/keras/lib/python3.6/site-packages/tensorflow_core/python/ops/nn_impl.py:183: where (from tensorflow.python.ops.array_ops) is deprecated and will be removed in a future version.
Instructions for updating:
Use tf.where in 2.0, which has the same broadcast rule as np.where
2020-02-18 22:51:01.759977: I tensorflow/core/platform/cpu_feature_guard.cc:142] Your CPU supports instructions that this TensorFlow binary was not compiled to use: AVX2 FMA
2020-02-18 22:51:01.774201: I tensorflow/compiler/xla/service/service.cc:168] XLA service 0x7fcc1aa4ae90 initialized for platform Host (this does not guarantee that XLA will be used). Devices:
2020-02-18 22:51:01.774224: I tensorflow/compiler/xla/service/service.cc:176]   StreamExecutor device (0): Host, Default Version
WARNING:tensorflow:From /Volumes/Transcend/opt/anaconda3/envs/keras/lib/python3.6/site-packages/keras/backend/tensorflow_backend.py:422: The name tf.global_variables is deprecated. Please use tf.compat.v1.global_variables instead.

Load data...
Adjusting sequence length for actual size
x_train shape: (9595, 56)
x_test shape: (1067, 56)
Vocabulary Size: 18779
Model type is CNN-non-static
Load existing Word2Vec model '50features_1minwords_10context'
Initializing embedding layer with word2vec weights, shape (18779, 50)
Train on 9595 samples, validate on 1067 samples
Epoch 1/10
 - 6s - loss: 0.7021 - accuracy: 0.4955 - val_loss: 0.6933 - val_accuracy: 0.4911
Epoch 2/10
 - 6s - loss: 0.6934 - accuracy: 0.5088 - val_loss: 0.6913 - val_accuracy: 0.5595
Epoch 3/10
 - 6s - loss: 0.6908 - accuracy: 0.5230 - val_loss: 0.6883 - val_accuracy: 0.5970
Epoch 4/10
 - 5s - loss: 0.6820 - accuracy: 0.5578 - val_loss: 0.6693 - val_accuracy: 0.6270
Epoch 5/10
 - 5s - loss: 0.6598 - accuracy: 0.5996 - val_loss: 0.6372 - val_accuracy: 0.6729
Epoch 6/10
 - 6s - loss: 0.6122 - accuracy: 0.6656 - val_loss: 0.5661 - val_accuracy: 0.7479
Epoch 7/10
 - 5s - loss: 0.5199 - accuracy: 0.7466 - val_loss: 0.4989 - val_accuracy: 0.7807
Epoch 8/10
 - 5s - loss: 0.4328 - accuracy: 0.8016 - val_loss: 0.4842 - val_accuracy: 0.7807
Epoch 9/10
 - 5s - loss: 0.3691 - accuracy: 0.8399 - val_loss: 0.4794 - val_accuracy: 0.7826
Epoch 10/10
 - 5s - loss: 0.3124 - accuracy: 0.8658 - val_loss: 0.5078 - val_accuracy: 0.7769
Training time:55.118067026138306
