Using TensorFlow backend.
WARNING:tensorflow:From /Volumes/Transcend/opt/anaconda3/envs/keras/lib/python3.6/site-packages/tensorflow_core/python/ops/resource_variable_ops.py:1630: calling BaseResourceVariable.__init__ (from tensorflow.python.ops.resource_variable_ops) with constraint is deprecated and will be removed in a future version.
Instructions for updating:
If using Keras pass *_constraint arguments to layers.
WARNING:tensorflow:From /Volumes/Transcend/opt/anaconda3/envs/keras/lib/python3.6/site-packages/keras/backend/tensorflow_backend.py:4070: The name tf.nn.max_pool is deprecated. Please use tf.nn.max_pool2d instead.

WARNING:tensorflow:Large dropout rate: 0.8 (>0.5). In TensorFlow 2.x, dropout() uses dropout rate instead of keep_prob. Please ensure that this is intended.
WARNING:tensorflow:From /Volumes/Transcend/opt/anaconda3/envs/keras/lib/python3.6/site-packages/tensorflow_core/python/ops/nn_impl.py:183: where (from tensorflow.python.ops.array_ops) is deprecated and will be removed in a future version.
Instructions for updating:
Use tf.where in 2.0, which has the same broadcast rule as np.where
2020-02-18 23:06:53.462017: I tensorflow/core/platform/cpu_feature_guard.cc:142] Your CPU supports instructions that this TensorFlow binary was not compiled to use: AVX2 FMA
2020-02-18 23:06:53.673767: I tensorflow/compiler/xla/service/service.cc:168] XLA service 0x7f92335e3230 initialized for platform Host (this does not guarantee that XLA will be used). Devices:
2020-02-18 23:06:53.673794: I tensorflow/compiler/xla/service/service.cc:176]   StreamExecutor device (0): Host, Default Version
WARNING:tensorflow:From /Volumes/Transcend/opt/anaconda3/envs/keras/lib/python3.6/site-packages/keras/backend/tensorflow_backend.py:422: The name tf.global_variables is deprecated. Please use tf.compat.v1.global_variables instead.

Load data...
Adjusting sequence length for actual size
x_train shape: (9595, 56)
x_test shape: (1067, 56)
Vocabulary Size: 18779
Model type is CNN-non-static
Load existing Word2Vec model '50features_1minwords_10context'
Initializing embedding layer with word2vec weights, shape (18779, 50)
Train on 9595 samples, validate on 1067 samples
Epoch 1/10
 - 7s - loss: 0.7021 - accuracy: 0.4944 - val_loss: 0.6933 - val_accuracy: 0.5005
Epoch 2/10
 - 6s - loss: 0.6933 - accuracy: 0.5133 - val_loss: 0.6908 - val_accuracy: 0.5726
Epoch 3/10
 - 6s - loss: 0.6899 - accuracy: 0.5261 - val_loss: 0.6863 - val_accuracy: 0.6045
Epoch 4/10
 - 6s - loss: 0.6794 - accuracy: 0.5676 - val_loss: 0.6693 - val_accuracy: 0.6298
Epoch 5/10
 - 6s - loss: 0.6536 - accuracy: 0.6122 - val_loss: 0.6331 - val_accuracy: 0.6701
Epoch 6/10
 - 5s - loss: 0.5970 - accuracy: 0.6781 - val_loss: 0.5633 - val_accuracy: 0.7516
Epoch 7/10
 - 5s - loss: 0.5017 - accuracy: 0.7580 - val_loss: 0.4956 - val_accuracy: 0.7882
Epoch 8/10
 - 5s - loss: 0.4219 - accuracy: 0.8104 - val_loss: 0.4835 - val_accuracy: 0.7835
Epoch 9/10
 - 5s - loss: 0.3640 - accuracy: 0.8406 - val_loss: 0.4804 - val_accuracy: 0.7816
Epoch 10/10
 - 5s - loss: 0.3110 - accuracy: 0.8622 - val_loss: 0.5080 - val_accuracy: 0.7769
Training time:58.676198959350586
