Using TensorFlow backend.
WARNING:tensorflow:From /Volumes/Transcend/opt/anaconda3/envs/keras/lib/python3.6/site-packages/tensorflow_core/python/ops/resource_variable_ops.py:1630: calling BaseResourceVariable.__init__ (from tensorflow.python.ops.resource_variable_ops) with constraint is deprecated and will be removed in a future version.
Instructions for updating:
If using Keras pass *_constraint arguments to layers.
WARNING:tensorflow:From /Volumes/Transcend/opt/anaconda3/envs/keras/lib/python3.6/site-packages/keras/backend/tensorflow_backend.py:4070: The name tf.nn.max_pool is deprecated. Please use tf.nn.max_pool2d instead.

WARNING:tensorflow:Large dropout rate: 0.8 (>0.5). In TensorFlow 2.x, dropout() uses dropout rate instead of keep_prob. Please ensure that this is intended.
WARNING:tensorflow:From /Volumes/Transcend/opt/anaconda3/envs/keras/lib/python3.6/site-packages/tensorflow_core/python/ops/nn_impl.py:183: where (from tensorflow.python.ops.array_ops) is deprecated and will be removed in a future version.
Instructions for updating:
Use tf.where in 2.0, which has the same broadcast rule as np.where
2020-02-18 23:16:22.030445: I tensorflow/core/platform/cpu_feature_guard.cc:142] Your CPU supports instructions that this TensorFlow binary was not compiled to use: AVX2 FMA
2020-02-18 23:16:22.048211: I tensorflow/compiler/xla/service/service.cc:168] XLA service 0x7f936917ac10 initialized for platform Host (this does not guarantee that XLA will be used). Devices:
2020-02-18 23:16:22.048233: I tensorflow/compiler/xla/service/service.cc:176]   StreamExecutor device (0): Host, Default Version
WARNING:tensorflow:From /Volumes/Transcend/opt/anaconda3/envs/keras/lib/python3.6/site-packages/keras/backend/tensorflow_backend.py:422: The name tf.global_variables is deprecated. Please use tf.compat.v1.global_variables instead.

Load data...
Adjusting sequence length for actual size
x_train shape: (9595, 56)
x_test shape: (1067, 56)
Vocabulary Size: 18779
Model type is CNN-non-static
Load existing Word2Vec model '50features_1minwords_10context'
Initializing embedding layer with word2vec weights, shape (18779, 50)
Train on 9595 samples, validate on 1067 samples
Epoch 1/10
 - 5s - loss: 0.7017 - accuracy: 0.4955 - val_loss: 0.6933 - val_accuracy: 0.4855
Epoch 2/10
 - 5s - loss: 0.6934 - accuracy: 0.5079 - val_loss: 0.6902 - val_accuracy: 0.5614
Epoch 3/10
 - 5s - loss: 0.6899 - accuracy: 0.5252 - val_loss: 0.6856 - val_accuracy: 0.6101
Epoch 4/10
 - 5s - loss: 0.6804 - accuracy: 0.5607 - val_loss: 0.6682 - val_accuracy: 0.6373
Epoch 5/10
 - 5s - loss: 0.6569 - accuracy: 0.5973 - val_loss: 0.6310 - val_accuracy: 0.6626
Epoch 6/10
 - 5s - loss: 0.6064 - accuracy: 0.6687 - val_loss: 0.5612 - val_accuracy: 0.7488
Epoch 7/10
 - 5s - loss: 0.5180 - accuracy: 0.7476 - val_loss: 0.4999 - val_accuracy: 0.7788
Epoch 8/10
 - 5s - loss: 0.4368 - accuracy: 0.8017 - val_loss: 0.4806 - val_accuracy: 0.7854
Epoch 9/10
 - 5s - loss: 0.3770 - accuracy: 0.8361 - val_loss: 0.4764 - val_accuracy: 0.7788
Epoch 10/10
 - 5s - loss: 0.3128 - accuracy: 0.8636 - val_loss: 0.4964 - val_accuracy: 0.7826
Training time:52.58308792114258
