Using TensorFlow backend.
WARNING:tensorflow:From /Volumes/Transcend/opt/anaconda3/envs/keras/lib/python3.6/site-packages/tensorflow_core/python/ops/resource_variable_ops.py:1630: calling BaseResourceVariable.__init__ (from tensorflow.python.ops.resource_variable_ops) with constraint is deprecated and will be removed in a future version.
Instructions for updating:
If using Keras pass *_constraint arguments to layers.
WARNING:tensorflow:From /Volumes/Transcend/opt/anaconda3/envs/keras/lib/python3.6/site-packages/keras/backend/tensorflow_backend.py:4070: The name tf.nn.max_pool is deprecated. Please use tf.nn.max_pool2d instead.

WARNING:tensorflow:Large dropout rate: 0.8 (>0.5). In TensorFlow 2.x, dropout() uses dropout rate instead of keep_prob. Please ensure that this is intended.
WARNING:tensorflow:From /Volumes/Transcend/opt/anaconda3/envs/keras/lib/python3.6/site-packages/tensorflow_core/python/ops/nn_impl.py:183: where (from tensorflow.python.ops.array_ops) is deprecated and will be removed in a future version.
Instructions for updating:
Use tf.where in 2.0, which has the same broadcast rule as np.where
2020-02-18 23:19:46.322333: I tensorflow/core/platform/cpu_feature_guard.cc:142] Your CPU supports instructions that this TensorFlow binary was not compiled to use: AVX2 FMA
2020-02-18 23:19:46.337207: I tensorflow/compiler/xla/service/service.cc:168] XLA service 0x7f88b017d3e0 initialized for platform Host (this does not guarantee that XLA will be used). Devices:
2020-02-18 23:19:46.337255: I tensorflow/compiler/xla/service/service.cc:176]   StreamExecutor device (0): Host, Default Version
WARNING:tensorflow:From /Volumes/Transcend/opt/anaconda3/envs/keras/lib/python3.6/site-packages/keras/backend/tensorflow_backend.py:422: The name tf.global_variables is deprecated. Please use tf.compat.v1.global_variables instead.

Load data...
Adjusting sequence length for actual size
x_train shape: (9595, 56)
x_test shape: (1067, 56)
Vocabulary Size: 18779
Model type is CNN-non-static
Load existing Word2Vec model '50features_1minwords_10context'
Initializing embedding layer with word2vec weights, shape (18779, 50)
Train on 9595 samples, validate on 1067 samples
Epoch 1/10
 - 6s - loss: 0.7016 - accuracy: 0.4968 - val_loss: 0.6932 - val_accuracy: 0.4986
Epoch 2/10
 - 6s - loss: 0.6940 - accuracy: 0.5084 - val_loss: 0.6922 - val_accuracy: 0.5361
Epoch 3/10
 - 5s - loss: 0.6917 - accuracy: 0.5137 - val_loss: 0.6887 - val_accuracy: 0.5942
Epoch 4/10
 - 6s - loss: 0.6838 - accuracy: 0.5567 - val_loss: 0.6735 - val_accuracy: 0.6157
Epoch 5/10
 - 6s - loss: 0.6633 - accuracy: 0.5928 - val_loss: 0.6390 - val_accuracy: 0.6560
Epoch 6/10
 - 7s - loss: 0.6104 - accuracy: 0.6631 - val_loss: 0.5750 - val_accuracy: 0.7479
Epoch 7/10
 - 7s - loss: 0.5122 - accuracy: 0.7498 - val_loss: 0.4931 - val_accuracy: 0.7779
Epoch 8/10
 - 6s - loss: 0.4280 - accuracy: 0.8049 - val_loss: 0.4781 - val_accuracy: 0.7835
Epoch 9/10
 - 6s - loss: 0.3641 - accuracy: 0.8372 - val_loss: 0.4808 - val_accuracy: 0.7816
Epoch 10/10
 - 6s - loss: 0.3016 - accuracy: 0.8688 - val_loss: 0.4967 - val_accuracy: 0.7835
Training time:62.17091774940491
