Using TensorFlow backend.
WARNING:tensorflow:From /Volumes/Transcend/opt/anaconda3/envs/keras/lib/python3.6/site-packages/tensorflow_core/python/ops/resource_variable_ops.py:1630: calling BaseResourceVariable.__init__ (from tensorflow.python.ops.resource_variable_ops) with constraint is deprecated and will be removed in a future version.
Instructions for updating:
If using Keras pass *_constraint arguments to layers.
WARNING:tensorflow:From /Volumes/Transcend/opt/anaconda3/envs/keras/lib/python3.6/site-packages/keras/backend/tensorflow_backend.py:4070: The name tf.nn.max_pool is deprecated. Please use tf.nn.max_pool2d instead.

WARNING:tensorflow:Large dropout rate: 0.8 (>0.5). In TensorFlow 2.x, dropout() uses dropout rate instead of keep_prob. Please ensure that this is intended.
WARNING:tensorflow:From /Volumes/Transcend/opt/anaconda3/envs/keras/lib/python3.6/site-packages/tensorflow_core/python/ops/nn_impl.py:183: where (from tensorflow.python.ops.array_ops) is deprecated and will be removed in a future version.
Instructions for updating:
Use tf.where in 2.0, which has the same broadcast rule as np.where
2020-02-18 23:20:58.796334: I tensorflow/core/platform/cpu_feature_guard.cc:142] Your CPU supports instructions that this TensorFlow binary was not compiled to use: AVX2 FMA
2020-02-18 23:20:58.821427: I tensorflow/compiler/xla/service/service.cc:168] XLA service 0x7f9b36144c10 initialized for platform Host (this does not guarantee that XLA will be used). Devices:
2020-02-18 23:20:58.821449: I tensorflow/compiler/xla/service/service.cc:176]   StreamExecutor device (0): Host, Default Version
WARNING:tensorflow:From /Volumes/Transcend/opt/anaconda3/envs/keras/lib/python3.6/site-packages/keras/backend/tensorflow_backend.py:422: The name tf.global_variables is deprecated. Please use tf.compat.v1.global_variables instead.

Load data...
Adjusting sequence length for actual size
x_train shape: (9595, 56)
x_test shape: (1067, 56)
Vocabulary Size: 18779
Model type is CNN-non-static
Load existing Word2Vec model '50features_1minwords_10context'
Initializing embedding layer with word2vec weights, shape (18779, 50)
Train on 9595 samples, validate on 1067 samples
Epoch 1/10
 - 5s - loss: 0.7017 - accuracy: 0.4965 - val_loss: 0.6933 - val_accuracy: 0.4986
Epoch 2/10
 - 6s - loss: 0.6941 - accuracy: 0.5069 - val_loss: 0.6919 - val_accuracy: 0.5080
Epoch 3/10
 - 6s - loss: 0.6915 - accuracy: 0.5224 - val_loss: 0.6905 - val_accuracy: 0.5961
Epoch 4/10
 - 5s - loss: 0.6831 - accuracy: 0.5586 - val_loss: 0.6737 - val_accuracy: 0.6279
Epoch 5/10
 - 5s - loss: 0.6595 - accuracy: 0.6051 - val_loss: 0.6353 - val_accuracy: 0.6635
Epoch 6/10
 - 6s - loss: 0.6051 - accuracy: 0.6707 - val_loss: 0.5703 - val_accuracy: 0.7470
Epoch 7/10
 - 7s - loss: 0.5135 - accuracy: 0.7470 - val_loss: 0.4977 - val_accuracy: 0.7826
Epoch 8/10
 - 7s - loss: 0.4392 - accuracy: 0.7980 - val_loss: 0.4807 - val_accuracy: 0.7835
Epoch 9/10
 - 6s - loss: 0.3776 - accuracy: 0.8348 - val_loss: 0.4778 - val_accuracy: 0.7779
Epoch 10/10
 - 5s - loss: 0.3186 - accuracy: 0.8615 - val_loss: 0.4913 - val_accuracy: 0.7713
Training time:59.34991908073425
