Using TensorFlow backend.
WARNING:tensorflow:From /Volumes/Transcend/opt/anaconda3/envs/keras/lib/python3.6/site-packages/tensorflow_core/python/ops/resource_variable_ops.py:1630: calling BaseResourceVariable.__init__ (from tensorflow.python.ops.resource_variable_ops) with constraint is deprecated and will be removed in a future version.
Instructions for updating:
If using Keras pass *_constraint arguments to layers.
WARNING:tensorflow:From /Volumes/Transcend/opt/anaconda3/envs/keras/lib/python3.6/site-packages/keras/backend/tensorflow_backend.py:4070: The name tf.nn.max_pool is deprecated. Please use tf.nn.max_pool2d instead.

WARNING:tensorflow:Large dropout rate: 0.8 (>0.5). In TensorFlow 2.x, dropout() uses dropout rate instead of keep_prob. Please ensure that this is intended.
WARNING:tensorflow:From /Volumes/Transcend/opt/anaconda3/envs/keras/lib/python3.6/site-packages/tensorflow_core/python/ops/nn_impl.py:183: where (from tensorflow.python.ops.array_ops) is deprecated and will be removed in a future version.
Instructions for updating:
Use tf.where in 2.0, which has the same broadcast rule as np.where
2020-02-18 23:23:23.667991: I tensorflow/core/platform/cpu_feature_guard.cc:142] Your CPU supports instructions that this TensorFlow binary was not compiled to use: AVX2 FMA
2020-02-18 23:23:23.685544: I tensorflow/compiler/xla/service/service.cc:168] XLA service 0x7feb190ab290 initialized for platform Host (this does not guarantee that XLA will be used). Devices:
2020-02-18 23:23:23.685587: I tensorflow/compiler/xla/service/service.cc:176]   StreamExecutor device (0): Host, Default Version
WARNING:tensorflow:From /Volumes/Transcend/opt/anaconda3/envs/keras/lib/python3.6/site-packages/keras/backend/tensorflow_backend.py:422: The name tf.global_variables is deprecated. Please use tf.compat.v1.global_variables instead.

Load data...
Adjusting sequence length for actual size
x_train shape: (9595, 56)
x_test shape: (1067, 56)
Vocabulary Size: 18779
Model type is CNN-non-static
Load existing Word2Vec model '50features_1minwords_10context'
Initializing embedding layer with word2vec weights, shape (18779, 50)
Train on 9595 samples, validate on 1067 samples
Epoch 1/10
 - 6s - loss: 0.7020 - accuracy: 0.4963 - val_loss: 0.6934 - val_accuracy: 0.4799
Epoch 2/10
 - 5s - loss: 0.6937 - accuracy: 0.5112 - val_loss: 0.6924 - val_accuracy: 0.5380
Epoch 3/10
 - 5s - loss: 0.6908 - accuracy: 0.5244 - val_loss: 0.6886 - val_accuracy: 0.5989
Epoch 4/10
 - 5s - loss: 0.6801 - accuracy: 0.5630 - val_loss: 0.6666 - val_accuracy: 0.6270
Epoch 5/10
 - 5s - loss: 0.6510 - accuracy: 0.6209 - val_loss: 0.6316 - val_accuracy: 0.6617
Epoch 6/10
 - 5s - loss: 0.5881 - accuracy: 0.6945 - val_loss: 0.5584 - val_accuracy: 0.7460
Epoch 7/10
 - 5s - loss: 0.4962 - accuracy: 0.7620 - val_loss: 0.4955 - val_accuracy: 0.7844
Epoch 8/10
 - 5s - loss: 0.4220 - accuracy: 0.8053 - val_loss: 0.4876 - val_accuracy: 0.7807
Epoch 9/10
 - 5s - loss: 0.3665 - accuracy: 0.8381 - val_loss: 0.4834 - val_accuracy: 0.7816
Epoch 10/10
 - 5s - loss: 0.3207 - accuracy: 0.8591 - val_loss: 0.4995 - val_accuracy: 0.7751
Training time:52.769476652145386
