Using TensorFlow backend.
WARNING:tensorflow:From /Volumes/Transcend/opt/anaconda3/envs/keras/lib/python3.6/site-packages/tensorflow_core/python/ops/resource_variable_ops.py:1630: calling BaseResourceVariable.__init__ (from tensorflow.python.ops.resource_variable_ops) with constraint is deprecated and will be removed in a future version.
Instructions for updating:
If using Keras pass *_constraint arguments to layers.
WARNING:tensorflow:From /Volumes/Transcend/opt/anaconda3/envs/keras/lib/python3.6/site-packages/keras/backend/tensorflow_backend.py:4070: The name tf.nn.max_pool is deprecated. Please use tf.nn.max_pool2d instead.

WARNING:tensorflow:Large dropout rate: 0.8 (>0.5). In TensorFlow 2.x, dropout() uses dropout rate instead of keep_prob. Please ensure that this is intended.
WARNING:tensorflow:From /Volumes/Transcend/opt/anaconda3/envs/keras/lib/python3.6/site-packages/tensorflow_core/python/ops/nn_impl.py:183: where (from tensorflow.python.ops.array_ops) is deprecated and will be removed in a future version.
Instructions for updating:
Use tf.where in 2.0, which has the same broadcast rule as np.where
2020-02-18 23:25:34.088737: I tensorflow/core/platform/cpu_feature_guard.cc:142] Your CPU supports instructions that this TensorFlow binary was not compiled to use: AVX2 FMA
2020-02-18 23:25:34.111151: I tensorflow/compiler/xla/service/service.cc:168] XLA service 0x7fed4207ca30 initialized for platform Host (this does not guarantee that XLA will be used). Devices:
2020-02-18 23:25:34.111182: I tensorflow/compiler/xla/service/service.cc:176]   StreamExecutor device (0): Host, Default Version
WARNING:tensorflow:From /Volumes/Transcend/opt/anaconda3/envs/keras/lib/python3.6/site-packages/keras/backend/tensorflow_backend.py:422: The name tf.global_variables is deprecated. Please use tf.compat.v1.global_variables instead.

Load data...
Adjusting sequence length for actual size
x_train shape: (9595, 56)
x_test shape: (1067, 56)
Vocabulary Size: 18779
Model type is CNN-non-static
Load existing Word2Vec model '50features_1minwords_10context'
Initializing embedding layer with word2vec weights, shape (18779, 50)
Train on 9595 samples, validate on 1067 samples
Epoch 1/10
 - 6s - loss: 0.7019 - accuracy: 0.4984 - val_loss: 0.6933 - val_accuracy: 0.4939
Epoch 2/10
 - 6s - loss: 0.6940 - accuracy: 0.5111 - val_loss: 0.6924 - val_accuracy: 0.5033
Epoch 3/10
 - 6s - loss: 0.6914 - accuracy: 0.5211 - val_loss: 0.6897 - val_accuracy: 0.5914
Epoch 4/10
 - 5s - loss: 0.6824 - accuracy: 0.5595 - val_loss: 0.6722 - val_accuracy: 0.6223
Epoch 5/10
 - 5s - loss: 0.6599 - accuracy: 0.6017 - val_loss: 0.6378 - val_accuracy: 0.6720
Epoch 6/10
 - 5s - loss: 0.6016 - accuracy: 0.6746 - val_loss: 0.5712 - val_accuracy: 0.7366
Epoch 7/10
 - 5s - loss: 0.5091 - accuracy: 0.7521 - val_loss: 0.5007 - val_accuracy: 0.7798
Epoch 8/10
 - 5s - loss: 0.4288 - accuracy: 0.8059 - val_loss: 0.4863 - val_accuracy: 0.7816
Epoch 9/10
 - 5s - loss: 0.3730 - accuracy: 0.8343 - val_loss: 0.4846 - val_accuracy: 0.7788
Epoch 10/10
 - 5s - loss: 0.3213 - accuracy: 0.8628 - val_loss: 0.5052 - val_accuracy: 0.7779
Training time:52.5565230846405
