Using TensorFlow backend.
WARNING:tensorflow:From /Volumes/Transcend/opt/anaconda3/envs/keras/lib/python3.6/site-packages/tensorflow_core/python/ops/resource_variable_ops.py:1630: calling BaseResourceVariable.__init__ (from tensorflow.python.ops.resource_variable_ops) with constraint is deprecated and will be removed in a future version.
Instructions for updating:
If using Keras pass *_constraint arguments to layers.
WARNING:tensorflow:From /Volumes/Transcend/opt/anaconda3/envs/keras/lib/python3.6/site-packages/keras/backend/tensorflow_backend.py:4070: The name tf.nn.max_pool is deprecated. Please use tf.nn.max_pool2d instead.

WARNING:tensorflow:Large dropout rate: 0.8 (>0.5). In TensorFlow 2.x, dropout() uses dropout rate instead of keep_prob. Please ensure that this is intended.
WARNING:tensorflow:From /Volumes/Transcend/opt/anaconda3/envs/keras/lib/python3.6/site-packages/tensorflow_core/python/ops/nn_impl.py:183: where (from tensorflow.python.ops.array_ops) is deprecated and will be removed in a future version.
Instructions for updating:
Use tf.where in 2.0, which has the same broadcast rule as np.where
2020-02-18 23:09:17.040402: I tensorflow/core/platform/cpu_feature_guard.cc:142] Your CPU supports instructions that this TensorFlow binary was not compiled to use: AVX2 FMA
2020-02-18 23:09:17.058513: I tensorflow/compiler/xla/service/service.cc:168] XLA service 0x7fb9a189eb70 initialized for platform Host (this does not guarantee that XLA will be used). Devices:
2020-02-18 23:09:17.058546: I tensorflow/compiler/xla/service/service.cc:176]   StreamExecutor device (0): Host, Default Version
WARNING:tensorflow:From /Volumes/Transcend/opt/anaconda3/envs/keras/lib/python3.6/site-packages/keras/backend/tensorflow_backend.py:422: The name tf.global_variables is deprecated. Please use tf.compat.v1.global_variables instead.

Load data...
Adjusting sequence length for actual size
x_train shape: (9595, 56)
x_test shape: (1067, 56)
Vocabulary Size: 18779
Model type is CNN-non-static
Load existing Word2Vec model '50features_1minwords_10context'
Initializing embedding layer with word2vec weights, shape (18779, 50)
Train on 9595 samples, validate on 1067 samples
Epoch 1/10
 - 7s - loss: 0.7020 - accuracy: 0.4957 - val_loss: 0.6933 - val_accuracy: 0.4911
Epoch 2/10
 - 6s - loss: 0.6941 - accuracy: 0.5073 - val_loss: 0.6932 - val_accuracy: 0.4920
Epoch 3/10
 - 5s - loss: 0.6919 - accuracy: 0.5188 - val_loss: 0.6905 - val_accuracy: 0.5708
Epoch 4/10
 - 5s - loss: 0.6847 - accuracy: 0.5465 - val_loss: 0.6744 - val_accuracy: 0.6242
Epoch 5/10
 - 5s - loss: 0.6672 - accuracy: 0.5858 - val_loss: 0.6431 - val_accuracy: 0.6645
Epoch 6/10
 - 5s - loss: 0.6231 - accuracy: 0.6530 - val_loss: 0.5817 - val_accuracy: 0.7338
Epoch 7/10
 - 5s - loss: 0.5316 - accuracy: 0.7355 - val_loss: 0.5113 - val_accuracy: 0.7676
Epoch 8/10
 - 5s - loss: 0.4467 - accuracy: 0.7979 - val_loss: 0.4774 - val_accuracy: 0.7891
Epoch 9/10
 - 5s - loss: 0.3778 - accuracy: 0.8321 - val_loss: 0.4752 - val_accuracy: 0.7769
Epoch 10/10
 - 5s - loss: 0.3171 - accuracy: 0.8629 - val_loss: 0.4980 - val_accuracy: 0.7732
Training time:55.17844605445862
