Using TensorFlow backend.
WARNING:tensorflow:From /Volumes/Transcend/opt/anaconda3/envs/keras/lib/python3.6/site-packages/tensorflow_core/python/ops/resource_variable_ops.py:1630: calling BaseResourceVariable.__init__ (from tensorflow.python.ops.resource_variable_ops) with constraint is deprecated and will be removed in a future version.
Instructions for updating:
If using Keras pass *_constraint arguments to layers.
WARNING:tensorflow:From /Volumes/Transcend/opt/anaconda3/envs/keras/lib/python3.6/site-packages/keras/backend/tensorflow_backend.py:4070: The name tf.nn.max_pool is deprecated. Please use tf.nn.max_pool2d instead.

WARNING:tensorflow:Large dropout rate: 0.8 (>0.5). In TensorFlow 2.x, dropout() uses dropout rate instead of keep_prob. Please ensure that this is intended.
WARNING:tensorflow:From /Volumes/Transcend/opt/anaconda3/envs/keras/lib/python3.6/site-packages/tensorflow_core/python/ops/nn_impl.py:183: where (from tensorflow.python.ops.array_ops) is deprecated and will be removed in a future version.
Instructions for updating:
Use tf.where in 2.0, which has the same broadcast rule as np.where
2020-02-04 22:15:58.271821: I tensorflow/core/platform/cpu_feature_guard.cc:142] Your CPU supports instructions that this TensorFlow binary was not compiled to use: AVX2 FMA
2020-02-04 22:15:58.290124: I tensorflow/compiler/xla/service/service.cc:168] XLA service 0x7fa61dfe30d0 initialized for platform Host (this does not guarantee that XLA will be used). Devices:
2020-02-04 22:15:58.290170: I tensorflow/compiler/xla/service/service.cc:176]   StreamExecutor device (0): Host, Default Version
WARNING:tensorflow:From /Volumes/Transcend/opt/anaconda3/envs/keras/lib/python3.6/site-packages/keras/backend/tensorflow_backend.py:422: The name tf.global_variables is deprecated. Please use tf.compat.v1.global_variables instead.

Load data...
Adjusting sequence length for actual size
x_train shape: (9595, 56)
x_test shape: (1067, 56)
Vocabulary Size: 18779
Model type is CNN-non-static
Load existing Word2Vec model '50features_1minwords_10context'
Initializing embedding layer with word2vec weights, shape (18779, 50)
Train on 9595 samples, validate on 1067 samples
Epoch 1/10
 - 6s - loss: 0.7019 - accuracy: 0.4928 - val_loss: 0.6932 - val_accuracy: 0.5136
Epoch 2/10
 - 7s - loss: 0.6941 - accuracy: 0.5119 - val_loss: 0.6934 - val_accuracy: 0.4930
Epoch 3/10
 - 6s - loss: 0.6928 - accuracy: 0.5136 - val_loss: 0.6901 - val_accuracy: 0.5792
Epoch 4/10
 - 5s - loss: 0.6854 - accuracy: 0.5499 - val_loss: 0.6755 - val_accuracy: 0.6251
Epoch 5/10
 - 5s - loss: 0.6668 - accuracy: 0.5945 - val_loss: 0.6468 - val_accuracy: 0.6617
Epoch 6/10
 - 5s - loss: 0.6215 - accuracy: 0.6581 - val_loss: 0.5795 - val_accuracy: 0.7423
Epoch 7/10
 - 6s - loss: 0.5321 - accuracy: 0.7340 - val_loss: 0.5052 - val_accuracy: 0.7723
Epoch 8/10
 - 5s - loss: 0.4486 - accuracy: 0.7933 - val_loss: 0.4844 - val_accuracy: 0.7844
Epoch 9/10
 - 6s - loss: 0.3913 - accuracy: 0.8246 - val_loss: 0.4775 - val_accuracy: 0.7807
Epoch 10/10
 - 6s - loss: 0.3353 - accuracy: 0.8549 - val_loss: 0.4910 - val_accuracy: 0.7741
Training time:56.28247928619385
