Using TensorFlow backend.
WARNING:tensorflow:From /Volumes/Transcend/opt/anaconda3/envs/keras/lib/python3.6/site-packages/tensorflow_core/python/ops/resource_variable_ops.py:1630: calling BaseResourceVariable.__init__ (from tensorflow.python.ops.resource_variable_ops) with constraint is deprecated and will be removed in a future version.
Instructions for updating:
If using Keras pass *_constraint arguments to layers.
WARNING:tensorflow:From /Volumes/Transcend/opt/anaconda3/envs/keras/lib/python3.6/site-packages/keras/backend/tensorflow_backend.py:4070: The name tf.nn.max_pool is deprecated. Please use tf.nn.max_pool2d instead.

WARNING:tensorflow:Large dropout rate: 0.8 (>0.5). In TensorFlow 2.x, dropout() uses dropout rate instead of keep_prob. Please ensure that this is intended.
WARNING:tensorflow:From /Volumes/Transcend/opt/anaconda3/envs/keras/lib/python3.6/site-packages/tensorflow_core/python/ops/nn_impl.py:183: where (from tensorflow.python.ops.array_ops) is deprecated and will be removed in a future version.
Instructions for updating:
Use tf.where in 2.0, which has the same broadcast rule as np.where
2020-02-04 22:23:06.637228: I tensorflow/core/platform/cpu_feature_guard.cc:142] Your CPU supports instructions that this TensorFlow binary was not compiled to use: AVX2 FMA
2020-02-04 22:23:06.652090: I tensorflow/compiler/xla/service/service.cc:168] XLA service 0x7fb09ffef7e0 initialized for platform Host (this does not guarantee that XLA will be used). Devices:
2020-02-04 22:23:06.652112: I tensorflow/compiler/xla/service/service.cc:176]   StreamExecutor device (0): Host, Default Version
WARNING:tensorflow:From /Volumes/Transcend/opt/anaconda3/envs/keras/lib/python3.6/site-packages/keras/backend/tensorflow_backend.py:422: The name tf.global_variables is deprecated. Please use tf.compat.v1.global_variables instead.

Load data...
Adjusting sequence length for actual size
x_train shape: (9595, 56)
x_test shape: (1067, 56)
Vocabulary Size: 18779
Model type is CNN-non-static
Load existing Word2Vec model '50features_1minwords_10context'
Initializing embedding layer with word2vec weights, shape (18779, 50)
Train on 9595 samples, validate on 1067 samples
Epoch 1/10
 - 7s - loss: 0.7018 - accuracy: 0.4938 - val_loss: 0.6933 - val_accuracy: 0.4883
Epoch 2/10
 - 7s - loss: 0.6941 - accuracy: 0.5159 - val_loss: 0.6929 - val_accuracy: 0.4920
Epoch 3/10
 - 7s - loss: 0.6917 - accuracy: 0.5228 - val_loss: 0.6895 - val_accuracy: 0.5820
Epoch 4/10
 - 6s - loss: 0.6840 - accuracy: 0.5475 - val_loss: 0.6752 - val_accuracy: 0.6129
Epoch 5/10
 - 5s - loss: 0.6645 - accuracy: 0.5955 - val_loss: 0.6458 - val_accuracy: 0.6626
Epoch 6/10
 - 5s - loss: 0.6163 - accuracy: 0.6649 - val_loss: 0.5823 - val_accuracy: 0.7366
Epoch 7/10
 - 6s - loss: 0.5248 - accuracy: 0.7393 - val_loss: 0.5090 - val_accuracy: 0.7685
Epoch 8/10
 - 5s - loss: 0.4459 - accuracy: 0.7934 - val_loss: 0.4892 - val_accuracy: 0.7873
Epoch 9/10
 - 8s - loss: 0.3780 - accuracy: 0.8305 - val_loss: 0.4869 - val_accuracy: 0.7751
Epoch 10/10
 - 6s - loss: 0.3250 - accuracy: 0.8591 - val_loss: 0.5085 - val_accuracy: 0.7741
Training time:62.67418694496155
