Using TensorFlow backend.
WARNING:tensorflow:From /Volumes/Transcend/opt/anaconda3/envs/keras/lib/python3.6/site-packages/tensorflow_core/python/ops/resource_variable_ops.py:1630: calling BaseResourceVariable.__init__ (from tensorflow.python.ops.resource_variable_ops) with constraint is deprecated and will be removed in a future version.
Instructions for updating:
If using Keras pass *_constraint arguments to layers.
WARNING:tensorflow:From /Volumes/Transcend/opt/anaconda3/envs/keras/lib/python3.6/site-packages/keras/backend/tensorflow_backend.py:4070: The name tf.nn.max_pool is deprecated. Please use tf.nn.max_pool2d instead.

WARNING:tensorflow:Large dropout rate: 0.8 (>0.5). In TensorFlow 2.x, dropout() uses dropout rate instead of keep_prob. Please ensure that this is intended.
WARNING:tensorflow:From /Volumes/Transcend/opt/anaconda3/envs/keras/lib/python3.6/site-packages/tensorflow_core/python/ops/nn_impl.py:183: where (from tensorflow.python.ops.array_ops) is deprecated and will be removed in a future version.
Instructions for updating:
Use tf.where in 2.0, which has the same broadcast rule as np.where
2020-02-04 22:22:02.197982: I tensorflow/core/platform/cpu_feature_guard.cc:142] Your CPU supports instructions that this TensorFlow binary was not compiled to use: AVX2 FMA
2020-02-04 22:22:02.214588: I tensorflow/compiler/xla/service/service.cc:168] XLA service 0x7fbffd96e190 initialized for platform Host (this does not guarantee that XLA will be used). Devices:
2020-02-04 22:22:02.214611: I tensorflow/compiler/xla/service/service.cc:176]   StreamExecutor device (0): Host, Default Version
WARNING:tensorflow:From /Volumes/Transcend/opt/anaconda3/envs/keras/lib/python3.6/site-packages/keras/backend/tensorflow_backend.py:422: The name tf.global_variables is deprecated. Please use tf.compat.v1.global_variables instead.

Load data...
Adjusting sequence length for actual size
x_train shape: (9595, 56)
x_test shape: (1067, 56)
Vocabulary Size: 18779
Model type is CNN-non-static
Load existing Word2Vec model '50features_1minwords_10context'
Initializing embedding layer with word2vec weights, shape (18779, 50)
Train on 9595 samples, validate on 1067 samples
Epoch 1/10
 - 6s - loss: 0.7017 - accuracy: 0.4954 - val_loss: 0.6933 - val_accuracy: 0.4995
Epoch 2/10
 - 6s - loss: 0.6930 - accuracy: 0.5115 - val_loss: 0.6905 - val_accuracy: 0.5614
Epoch 3/10
 - 5s - loss: 0.6900 - accuracy: 0.5264 - val_loss: 0.6851 - val_accuracy: 0.6045
Epoch 4/10
 - 5s - loss: 0.6789 - accuracy: 0.5622 - val_loss: 0.6657 - val_accuracy: 0.6354
Epoch 5/10
 - 5s - loss: 0.6556 - accuracy: 0.6064 - val_loss: 0.6327 - val_accuracy: 0.6682
Epoch 6/10
 - 6s - loss: 0.6062 - accuracy: 0.6700 - val_loss: 0.5636 - val_accuracy: 0.7601
Epoch 7/10
 - 5s - loss: 0.5207 - accuracy: 0.7441 - val_loss: 0.5015 - val_accuracy: 0.7816
Epoch 8/10
 - 6s - loss: 0.4347 - accuracy: 0.8015 - val_loss: 0.4843 - val_accuracy: 0.7882
Epoch 9/10
 - 6s - loss: 0.3749 - accuracy: 0.8374 - val_loss: 0.4843 - val_accuracy: 0.7788
Epoch 10/10
 - 5s - loss: 0.3137 - accuracy: 0.8627 - val_loss: 0.5004 - val_accuracy: 0.7732
Training time:57.43926024436951
