Using TensorFlow backend.
WARNING:tensorflow:From /Volumes/Transcend/opt/anaconda3/envs/keras/lib/python3.6/site-packages/tensorflow_core/python/ops/resource_variable_ops.py:1630: calling BaseResourceVariable.__init__ (from tensorflow.python.ops.resource_variable_ops) with constraint is deprecated and will be removed in a future version.
Instructions for updating:
If using Keras pass *_constraint arguments to layers.
WARNING:tensorflow:From /Volumes/Transcend/opt/anaconda3/envs/keras/lib/python3.6/site-packages/keras/backend/tensorflow_backend.py:4070: The name tf.nn.max_pool is deprecated. Please use tf.nn.max_pool2d instead.

WARNING:tensorflow:Large dropout rate: 0.8 (>0.5). In TensorFlow 2.x, dropout() uses dropout rate instead of keep_prob. Please ensure that this is intended.
WARNING:tensorflow:From /Volumes/Transcend/opt/anaconda3/envs/keras/lib/python3.6/site-packages/tensorflow_core/python/ops/nn_impl.py:183: where (from tensorflow.python.ops.array_ops) is deprecated and will be removed in a future version.
Instructions for updating:
Use tf.where in 2.0, which has the same broadcast rule as np.where
2020-02-04 22:24:15.723040: I tensorflow/core/platform/cpu_feature_guard.cc:142] Your CPU supports instructions that this TensorFlow binary was not compiled to use: AVX2 FMA
2020-02-04 22:24:15.735840: I tensorflow/compiler/xla/service/service.cc:168] XLA service 0x7ff026890200 initialized for platform Host (this does not guarantee that XLA will be used). Devices:
2020-02-04 22:24:15.735863: I tensorflow/compiler/xla/service/service.cc:176]   StreamExecutor device (0): Host, Default Version
WARNING:tensorflow:From /Volumes/Transcend/opt/anaconda3/envs/keras/lib/python3.6/site-packages/keras/backend/tensorflow_backend.py:422: The name tf.global_variables is deprecated. Please use tf.compat.v1.global_variables instead.

Load data...
Adjusting sequence length for actual size
x_train shape: (9595, 56)
x_test shape: (1067, 56)
Vocabulary Size: 18779
Model type is CNN-non-static
Load existing Word2Vec model '50features_1minwords_10context'
Initializing embedding layer with word2vec weights, shape (18779, 50)
Train on 9595 samples, validate on 1067 samples
Epoch 1/10
 - 6s - loss: 0.7021 - accuracy: 0.4929 - val_loss: 0.6933 - val_accuracy: 0.4930
Epoch 2/10
 - 5s - loss: 0.6930 - accuracy: 0.5115 - val_loss: 0.6901 - val_accuracy: 0.5745
Epoch 3/10
 - 6s - loss: 0.6900 - accuracy: 0.5217 - val_loss: 0.6844 - val_accuracy: 0.5998
Epoch 4/10
 - 7s - loss: 0.6793 - accuracy: 0.5639 - val_loss: 0.6662 - val_accuracy: 0.6401
Epoch 5/10
 - 6s - loss: 0.6532 - accuracy: 0.6046 - val_loss: 0.6319 - val_accuracy: 0.6598
Epoch 6/10
 - 6s - loss: 0.6030 - accuracy: 0.6741 - val_loss: 0.5588 - val_accuracy: 0.7582
Epoch 7/10
 - 6s - loss: 0.5189 - accuracy: 0.7465 - val_loss: 0.5008 - val_accuracy: 0.7807
Epoch 8/10
 - 5s - loss: 0.4372 - accuracy: 0.8005 - val_loss: 0.4859 - val_accuracy: 0.7929
Epoch 9/10
 - 6s - loss: 0.3817 - accuracy: 0.8297 - val_loss: 0.4832 - val_accuracy: 0.7769
Epoch 10/10
 - 6s - loss: 0.3202 - accuracy: 0.8581 - val_loss: 0.4999 - val_accuracy: 0.7741
Training time:59.14484357833862
