Using TensorFlow backend.
WARNING:tensorflow:From /Volumes/Transcend/opt/anaconda3/envs/keras/lib/python3.6/site-packages/tensorflow_core/python/ops/resource_variable_ops.py:1630: calling BaseResourceVariable.__init__ (from tensorflow.python.ops.resource_variable_ops) with constraint is deprecated and will be removed in a future version.
Instructions for updating:
If using Keras pass *_constraint arguments to layers.
WARNING:tensorflow:From /Volumes/Transcend/opt/anaconda3/envs/keras/lib/python3.6/site-packages/keras/backend/tensorflow_backend.py:4070: The name tf.nn.max_pool is deprecated. Please use tf.nn.max_pool2d instead.

WARNING:tensorflow:Large dropout rate: 0.8 (>0.5). In TensorFlow 2.x, dropout() uses dropout rate instead of keep_prob. Please ensure that this is intended.
WARNING:tensorflow:From /Volumes/Transcend/opt/anaconda3/envs/keras/lib/python3.6/site-packages/tensorflow_core/python/ops/nn_impl.py:183: where (from tensorflow.python.ops.array_ops) is deprecated and will be removed in a future version.
Instructions for updating:
Use tf.where in 2.0, which has the same broadcast rule as np.where
2020-02-04 22:20:53.674072: I tensorflow/core/platform/cpu_feature_guard.cc:142] Your CPU supports instructions that this TensorFlow binary was not compiled to use: AVX2 FMA
2020-02-04 22:20:53.686707: I tensorflow/compiler/xla/service/service.cc:168] XLA service 0x7fbee5020090 initialized for platform Host (this does not guarantee that XLA will be used). Devices:
2020-02-04 22:20:53.686729: I tensorflow/compiler/xla/service/service.cc:176]   StreamExecutor device (0): Host, Default Version
WARNING:tensorflow:From /Volumes/Transcend/opt/anaconda3/envs/keras/lib/python3.6/site-packages/keras/backend/tensorflow_backend.py:422: The name tf.global_variables is deprecated. Please use tf.compat.v1.global_variables instead.

Load data...
Adjusting sequence length for actual size
x_train shape: (9595, 56)
x_test shape: (1067, 56)
Vocabulary Size: 18779
Model type is CNN-non-static
Load existing Word2Vec model '50features_1minwords_10context'
Initializing embedding layer with word2vec weights, shape (18779, 50)
Train on 9595 samples, validate on 1067 samples
Epoch 1/10
 - 5s - loss: 0.7018 - accuracy: 0.4976 - val_loss: 0.6933 - val_accuracy: 0.4930
Epoch 2/10
 - 5s - loss: 0.6934 - accuracy: 0.5168 - val_loss: 0.6911 - val_accuracy: 0.5117
Epoch 3/10
 - 4s - loss: 0.6901 - accuracy: 0.5232 - val_loss: 0.6866 - val_accuracy: 0.5998
Epoch 4/10
 - 5s - loss: 0.6804 - accuracy: 0.5605 - val_loss: 0.6681 - val_accuracy: 0.6336
Epoch 5/10
 - 5s - loss: 0.6577 - accuracy: 0.6033 - val_loss: 0.6370 - val_accuracy: 0.6607
Epoch 6/10
 - 5s - loss: 0.6053 - accuracy: 0.6734 - val_loss: 0.5667 - val_accuracy: 0.7507
Epoch 7/10
 - 6s - loss: 0.5125 - accuracy: 0.7497 - val_loss: 0.4995 - val_accuracy: 0.7798
Epoch 8/10
 - 5s - loss: 0.4291 - accuracy: 0.8025 - val_loss: 0.4887 - val_accuracy: 0.7807
Epoch 9/10
 - 5s - loss: 0.3688 - accuracy: 0.8354 - val_loss: 0.4893 - val_accuracy: 0.7816
Epoch 10/10
 - 5s - loss: 0.3202 - accuracy: 0.8602 - val_loss: 0.5082 - val_accuracy: 0.7760
Training time:50.34420299530029
