Using TensorFlow backend.
WARNING:tensorflow:From /Volumes/Transcend/opt/anaconda3/envs/keras/lib/python3.6/site-packages/tensorflow_core/python/ops/resource_variable_ops.py:1630: calling BaseResourceVariable.__init__ (from tensorflow.python.ops.resource_variable_ops) with constraint is deprecated and will be removed in a future version.
Instructions for updating:
If using Keras pass *_constraint arguments to layers.
WARNING:tensorflow:From /Volumes/Transcend/opt/anaconda3/envs/keras/lib/python3.6/site-packages/keras/backend/tensorflow_backend.py:4070: The name tf.nn.max_pool is deprecated. Please use tf.nn.max_pool2d instead.

WARNING:tensorflow:Large dropout rate: 0.8 (>0.5). In TensorFlow 2.x, dropout() uses dropout rate instead of keep_prob. Please ensure that this is intended.
WARNING:tensorflow:From /Volumes/Transcend/opt/anaconda3/envs/keras/lib/python3.6/site-packages/tensorflow_core/python/ops/nn_impl.py:183: where (from tensorflow.python.ops.array_ops) is deprecated and will be removed in a future version.
Instructions for updating:
Use tf.where in 2.0, which has the same broadcast rule as np.where
2020-02-04 22:30:56.677462: I tensorflow/core/platform/cpu_feature_guard.cc:142] Your CPU supports instructions that this TensorFlow binary was not compiled to use: AVX2 FMA
2020-02-04 22:30:56.691174: I tensorflow/compiler/xla/service/service.cc:168] XLA service 0x7f80d4132e90 initialized for platform Host (this does not guarantee that XLA will be used). Devices:
2020-02-04 22:30:56.691196: I tensorflow/compiler/xla/service/service.cc:176]   StreamExecutor device (0): Host, Default Version
WARNING:tensorflow:From /Volumes/Transcend/opt/anaconda3/envs/keras/lib/python3.6/site-packages/keras/backend/tensorflow_backend.py:422: The name tf.global_variables is deprecated. Please use tf.compat.v1.global_variables instead.

Load data...
Adjusting sequence length for actual size
x_train shape: (9595, 56)
x_test shape: (1067, 56)
Vocabulary Size: 18779
Model type is CNN-non-static
Load existing Word2Vec model '50features_1minwords_10context'
Initializing embedding layer with word2vec weights, shape (18779, 50)
Train on 9595 samples, validate on 1067 samples
Epoch 1/10
 - 6s - loss: 0.7021 - accuracy: 0.4949 - val_loss: 0.6933 - val_accuracy: 0.4930
Epoch 2/10
 - 6s - loss: 0.6933 - accuracy: 0.5088 - val_loss: 0.6908 - val_accuracy: 0.5633
Epoch 3/10
 - 6s - loss: 0.6900 - accuracy: 0.5282 - val_loss: 0.6864 - val_accuracy: 0.5904
Epoch 4/10
 - 6s - loss: 0.6806 - accuracy: 0.5599 - val_loss: 0.6697 - val_accuracy: 0.6382
Epoch 5/10
 - 5s - loss: 0.6587 - accuracy: 0.6002 - val_loss: 0.6390 - val_accuracy: 0.6654
Epoch 6/10
 - 5s - loss: 0.6076 - accuracy: 0.6661 - val_loss: 0.5707 - val_accuracy: 0.7488
Epoch 7/10
 - 5s - loss: 0.5201 - accuracy: 0.7482 - val_loss: 0.5012 - val_accuracy: 0.7891
Epoch 8/10
 - 6s - loss: 0.4386 - accuracy: 0.7964 - val_loss: 0.4893 - val_accuracy: 0.7873
Epoch 9/10
 - 5s - loss: 0.3761 - accuracy: 0.8386 - val_loss: 0.4834 - val_accuracy: 0.7863
Epoch 10/10
 - 5s - loss: 0.3169 - accuracy: 0.8613 - val_loss: 0.4968 - val_accuracy: 0.7741
Training time:55.06995916366577
