Using TensorFlow backend.
WARNING:tensorflow:From /Volumes/Transcend/opt/anaconda3/envs/keras/lib/python3.6/site-packages/tensorflow_core/python/ops/resource_variable_ops.py:1630: calling BaseResourceVariable.__init__ (from tensorflow.python.ops.resource_variable_ops) with constraint is deprecated and will be removed in a future version.
Instructions for updating:
If using Keras pass *_constraint arguments to layers.
WARNING:tensorflow:From /Volumes/Transcend/opt/anaconda3/envs/keras/lib/python3.6/site-packages/keras/backend/tensorflow_backend.py:4070: The name tf.nn.max_pool is deprecated. Please use tf.nn.max_pool2d instead.

WARNING:tensorflow:Large dropout rate: 0.8 (>0.5). In TensorFlow 2.x, dropout() uses dropout rate instead of keep_prob. Please ensure that this is intended.
WARNING:tensorflow:From /Volumes/Transcend/opt/anaconda3/envs/keras/lib/python3.6/site-packages/tensorflow_core/python/ops/nn_impl.py:183: where (from tensorflow.python.ops.array_ops) is deprecated and will be removed in a future version.
Instructions for updating:
Use tf.where in 2.0, which has the same broadcast rule as np.where
2020-02-04 22:29:54.438081: I tensorflow/core/platform/cpu_feature_guard.cc:142] Your CPU supports instructions that this TensorFlow binary was not compiled to use: AVX2 FMA
2020-02-04 22:29:54.453653: I tensorflow/compiler/xla/service/service.cc:168] XLA service 0x7fce1f12a2e0 initialized for platform Host (this does not guarantee that XLA will be used). Devices:
2020-02-04 22:29:54.453676: I tensorflow/compiler/xla/service/service.cc:176]   StreamExecutor device (0): Host, Default Version
WARNING:tensorflow:From /Volumes/Transcend/opt/anaconda3/envs/keras/lib/python3.6/site-packages/keras/backend/tensorflow_backend.py:422: The name tf.global_variables is deprecated. Please use tf.compat.v1.global_variables instead.

Load data...
Adjusting sequence length for actual size
x_train shape: (9595, 56)
x_test shape: (1067, 56)
Vocabulary Size: 18779
Model type is CNN-non-static
Load existing Word2Vec model '50features_1minwords_10context'
Initializing embedding layer with word2vec weights, shape (18779, 50)
Train on 9595 samples, validate on 1067 samples
Epoch 1/10
 - 6s - loss: 0.7017 - accuracy: 0.4971 - val_loss: 0.6933 - val_accuracy: 0.4930
Epoch 2/10
 - 5s - loss: 0.6942 - accuracy: 0.5047 - val_loss: 0.6920 - val_accuracy: 0.5464
Epoch 3/10
 - 5s - loss: 0.6914 - accuracy: 0.5172 - val_loss: 0.6892 - val_accuracy: 0.5886
Epoch 4/10
 - 5s - loss: 0.6835 - accuracy: 0.5548 - val_loss: 0.6724 - val_accuracy: 0.6129
Epoch 5/10
 - 5s - loss: 0.6627 - accuracy: 0.5949 - val_loss: 0.6455 - val_accuracy: 0.6392
Epoch 6/10
 - 5s - loss: 0.6136 - accuracy: 0.6612 - val_loss: 0.5791 - val_accuracy: 0.7451
Epoch 7/10
 - 6s - loss: 0.5248 - accuracy: 0.7393 - val_loss: 0.5028 - val_accuracy: 0.7882
Epoch 8/10
 - 6s - loss: 0.4407 - accuracy: 0.7954 - val_loss: 0.4899 - val_accuracy: 0.7844
Epoch 9/10
 - 5s - loss: 0.3843 - accuracy: 0.8302 - val_loss: 0.4865 - val_accuracy: 0.7826
Epoch 10/10
 - 6s - loss: 0.3373 - accuracy: 0.8518 - val_loss: 0.5042 - val_accuracy: 0.7704
Training time:55.372894048690796
