Using TensorFlow backend.
WARNING:tensorflow:From /Volumes/Transcend/opt/anaconda3/envs/keras/lib/python3.6/site-packages/tensorflow_core/python/ops/resource_variable_ops.py:1630: calling BaseResourceVariable.__init__ (from tensorflow.python.ops.resource_variable_ops) with constraint is deprecated and will be removed in a future version.
Instructions for updating:
If using Keras pass *_constraint arguments to layers.
WARNING:tensorflow:From /Volumes/Transcend/opt/anaconda3/envs/keras/lib/python3.6/site-packages/keras/backend/tensorflow_backend.py:4070: The name tf.nn.max_pool is deprecated. Please use tf.nn.max_pool2d instead.

WARNING:tensorflow:Large dropout rate: 0.8 (>0.5). In TensorFlow 2.x, dropout() uses dropout rate instead of keep_prob. Please ensure that this is intended.
WARNING:tensorflow:From /Volumes/Transcend/opt/anaconda3/envs/keras/lib/python3.6/site-packages/tensorflow_core/python/ops/nn_impl.py:183: where (from tensorflow.python.ops.array_ops) is deprecated and will be removed in a future version.
Instructions for updating:
Use tf.where in 2.0, which has the same broadcast rule as np.where
2020-02-04 22:34:04.507987: I tensorflow/core/platform/cpu_feature_guard.cc:142] Your CPU supports instructions that this TensorFlow binary was not compiled to use: AVX2 FMA
2020-02-04 22:34:04.522608: I tensorflow/compiler/xla/service/service.cc:168] XLA service 0x7fa25aa32e00 initialized for platform Host (this does not guarantee that XLA will be used). Devices:
2020-02-04 22:34:04.522631: I tensorflow/compiler/xla/service/service.cc:176]   StreamExecutor device (0): Host, Default Version
WARNING:tensorflow:From /Volumes/Transcend/opt/anaconda3/envs/keras/lib/python3.6/site-packages/keras/backend/tensorflow_backend.py:422: The name tf.global_variables is deprecated. Please use tf.compat.v1.global_variables instead.

Load data...
Adjusting sequence length for actual size
x_train shape: (9595, 56)
x_test shape: (1067, 56)
Vocabulary Size: 18779
Model type is CNN-non-static
Load existing Word2Vec model '50features_1minwords_10context'
Initializing embedding layer with word2vec weights, shape (18779, 50)
Train on 9595 samples, validate on 1067 samples
Epoch 1/10

  64/9595 [..............................] - ETA: 54s - loss: 0.8339 - accuracy: 0.4531
 192/9595 [..............................] - ETA: 20s - loss: 0.7487 - accuracy: 0.4948
 320/9595 [>.............................] - ETA: 14s - loss: 0.7269 - accuracy: 0.5031
 448/9595 [>.............................] - ETA: 11s - loss: 0.7227 - accuracy: 0.5000
 576/9595 [>.............................] - ETA: 9s - loss: 0.7197 - accuracy: 0.5087 
 704/9595 [=>............................] - ETA: 8s - loss: 0.7216 - accuracy: 0.5099
 832/9595 [=>............................] - ETA: 7s - loss: 0.7220 - accuracy: 0.5048
 960/9595 [==>...........................] - ETA: 7s - loss: 0.7231 - accuracy: 0.5000
1088/9595 [==>...........................] - ETA: 6s - loss: 0.7222 - accuracy: 0.4954
1216/9595 [==>...........................] - ETA: 6s - loss: 0.7204 - accuracy: 0.4951
1344/9595 [===>..........................] - ETA: 6s - loss: 0.7191 - accuracy: 0.4926
1472/9595 [===>..........................] - ETA: 5s - loss: 0.7191 - accuracy: 0.4891
1600/9595 [====>.........................] - ETA: 5s - loss: 0.7206 - accuracy: 0.4831
1728/9595 [====>.........................] - ETA: 5s - loss: 0.7200 - accuracy: 0.4844
1856/9595 [====>.........................] - ETA: 5s - loss: 0.7193 - accuracy: 0.4838
1984/9595 [=====>........................] - ETA: 4s - loss: 0.7184 - accuracy: 0.4819
2112/9595 [=====>........................] - ETA: 4s - loss: 0.7157 - accuracy: 0.4867
2240/9595 [======>.......................] - ETA: 4s - loss: 0.7156 - accuracy: 0.4839
2368/9595 [======>.......................] - ETA: 4s - loss: 0.7148 - accuracy: 0.4840
2496/9595 [======>.......................] - ETA: 4s - loss: 0.7146 - accuracy: 0.4828
2624/9595 [=======>......................] - ETA: 4s - loss: 0.7149 - accuracy: 0.4813
2752/9595 [=======>......................] - ETA: 4s - loss: 0.7138 - accuracy: 0.4818
2880/9595 [========>.....................] - ETA: 4s - loss: 0.7128 - accuracy: 0.4861
3008/9595 [========>.....................] - ETA: 3s - loss: 0.7124 - accuracy: 0.4877
3136/9595 [========>.....................] - ETA: 3s - loss: 0.7116 - accuracy: 0.4892
3264/9595 [=========>....................] - ETA: 3s - loss: 0.7109 - accuracy: 0.4905
3328/9595 [=========>....................] - ETA: 3s - loss: 0.7108 - accuracy: 0.4913
3456/9595 [=========>....................] - ETA: 3s - loss: 0.7113 - accuracy: 0.4893
3584/9595 [==========>...................] - ETA: 3s - loss: 0.7114 - accuracy: 0.4866
3712/9595 [==========>...................] - ETA: 3s - loss: 0.7107 - accuracy: 0.4890
3840/9595 [===========>..................] - ETA: 3s - loss: 0.7106 - accuracy: 0.4867
3968/9595 [===========>..................] - ETA: 3s - loss: 0.7102 - accuracy: 0.4897
4096/9595 [===========>..................] - ETA: 3s - loss: 0.7104 - accuracy: 0.4888
4224/9595 [============>.................] - ETA: 3s - loss: 0.7099 - accuracy: 0.4889
4352/9595 [============>.................] - ETA: 3s - loss: 0.7096 - accuracy: 0.4894
4480/9595 [=============>................] - ETA: 2s - loss: 0.7094 - accuracy: 0.4900
4608/9595 [=============>................] - ETA: 2s - loss: 0.7096 - accuracy: 0.4876
4672/9595 [=============>................] - ETA: 3s - loss: 0.7092 - accuracy: 0.4889
4736/9595 [=============>................] - ETA: 3s - loss: 0.7093 - accuracy: 0.4878
4800/9595 [==============>...............] - ETA: 3s - loss: 0.7090 - accuracy: 0.4879
4928/9595 [==============>...............] - ETA: 3s - loss: 0.7088 - accuracy: 0.4864
5056/9595 [==============>...............] - ETA: 2s - loss: 0.7087 - accuracy: 0.4854
5184/9595 [===============>..............] - ETA: 2s - loss: 0.7085 - accuracy: 0.4857
5312/9595 [===============>..............] - ETA: 2s - loss: 0.7085 - accuracy: 0.4834
5440/9595 [================>.............] - ETA: 2s - loss: 0.7084 - accuracy: 0.4816
5568/9595 [================>.............] - ETA: 2s - loss: 0.7081 - accuracy: 0.4833
5632/9595 [================>.............] - ETA: 2s - loss: 0.7080 - accuracy: 0.4830
5760/9595 [=================>............] - ETA: 2s - loss: 0.7078 - accuracy: 0.4839
5888/9595 [=================>............] - ETA: 2s - loss: 0.7075 - accuracy: 0.4847
6016/9595 [=================>............] - ETA: 2s - loss: 0.7071 - accuracy: 0.4854
6144/9595 [==================>...........] - ETA: 2s - loss: 0.7069 - accuracy: 0.4852
6272/9595 [==================>...........] - ETA: 2s - loss: 0.7069 - accuracy: 0.4850
6400/9595 [===================>..........] - ETA: 2s - loss: 0.7066 - accuracy: 0.4855
6528/9595 [===================>..........] - ETA: 1s - loss: 0.7066 - accuracy: 0.4839
6656/9595 [===================>..........] - ETA: 1s - loss: 0.7064 - accuracy: 0.4850
6784/9595 [====================>.........] - ETA: 1s - loss: 0.7061 - accuracy: 0.4864
6912/9595 [====================>.........] - ETA: 1s - loss: 0.7057 - accuracy: 0.4874
7040/9595 [=====================>........] - ETA: 1s - loss: 0.7054 - accuracy: 0.4875
7168/9595 [=====================>........] - ETA: 1s - loss: 0.7053 - accuracy: 0.4866
7296/9595 [=====================>........] - ETA: 1s - loss: 0.7051 - accuracy: 0.4868
7360/9595 [======================>.......] - ETA: 1s - loss: 0.7049 - accuracy: 0.4872
7424/9595 [======================>.......] - ETA: 1s - loss: 0.7049 - accuracy: 0.4879
7488/9595 [======================>.......] - ETA: 1s - loss: 0.7048 - accuracy: 0.4885
7552/9595 [======================>.......] - ETA: 1s - loss: 0.7046 - accuracy: 0.4889
7616/9595 [======================>.......] - ETA: 1s - loss: 0.7045 - accuracy: 0.4887
7680/9595 [=======================>......] - ETA: 1s - loss: 0.7043 - accuracy: 0.4897
7744/9595 [=======================>......] - ETA: 1s - loss: 0.7043 - accuracy: 0.4894
7872/9595 [=======================>......] - ETA: 1s - loss: 0.7042 - accuracy: 0.4895
8000/9595 [========================>.....] - ETA: 1s - loss: 0.7041 - accuracy: 0.4899
8128/9595 [========================>.....] - ETA: 0s - loss: 0.7041 - accuracy: 0.4888
8256/9595 [========================>.....] - ETA: 0s - loss: 0.7039 - accuracy: 0.4897
8320/9595 [=========================>....] - ETA: 0s - loss: 0.7038 - accuracy: 0.4901
8384/9595 [=========================>....] - ETA: 0s - loss: 0.7037 - accuracy: 0.4902
8448/9595 [=========================>....] - ETA: 0s - loss: 0.7036 - accuracy: 0.4902
8576/9595 [=========================>....] - ETA: 0s - loss: 0.7034 - accuracy: 0.4906
8704/9595 [==========================>...] - ETA: 0s - loss: 0.7031 - accuracy: 0.4925
8832/9595 [==========================>...] - ETA: 0s - loss: 0.7029 - accuracy: 0.4930
8960/9595 [===========================>..] - ETA: 0s - loss: 0.7028 - accuracy: 0.4939
9088/9595 [===========================>..] - ETA: 0s - loss: 0.7026 - accuracy: 0.4946
9216/9595 [===========================>..] - ETA: 0s - loss: 0.7025 - accuracy: 0.4938
9344/9595 [============================>.] - ETA: 0s - loss: 0.7024 - accuracy: 0.4937
9472/9595 [============================>.] - ETA: 0s - loss: 0.7022 - accuracy: 0.4943
9595/9595 [==============================] - 6s 673us/step - loss: 0.7021 - accuracy: 0.4944 - val_loss: 0.6933 - val_accuracy: 0.4873
Epoch 2/10

  64/9595 [..............................] - ETA: 4s - loss: 0.6976 - accuracy: 0.4531
 192/9595 [..............................] - ETA: 4s - loss: 0.6918 - accuracy: 0.4948
 320/9595 [>.............................] - ETA: 4s - loss: 0.6899 - accuracy: 0.5219
 448/9595 [>.............................] - ETA: 4s - loss: 0.6919 - accuracy: 0.5112
 576/9595 [>.............................] - ETA: 4s - loss: 0.6929 - accuracy: 0.5017
 704/9595 [=>............................] - ETA: 4s - loss: 0.6925 - accuracy: 0.5057
 832/9595 [=>............................] - ETA: 4s - loss: 0.6928 - accuracy: 0.5060
 960/9595 [==>...........................] - ETA: 4s - loss: 0.6930 - accuracy: 0.5052
1024/9595 [==>...........................] - ETA: 4s - loss: 0.6922 - accuracy: 0.5098
1152/9595 [==>...........................] - ETA: 4s - loss: 0.6925 - accuracy: 0.5104
1280/9595 [===>..........................] - ETA: 4s - loss: 0.6926 - accuracy: 0.5086
1408/9595 [===>..........................] - ETA: 4s - loss: 0.6926 - accuracy: 0.5085
1536/9595 [===>..........................] - ETA: 4s - loss: 0.6927 - accuracy: 0.5098
1664/9595 [====>.........................] - ETA: 4s - loss: 0.6931 - accuracy: 0.5048
1792/9595 [====>.........................] - ETA: 4s - loss: 0.6933 - accuracy: 0.5022
1920/9595 [=====>........................] - ETA: 4s - loss: 0.6936 - accuracy: 0.5042
2048/9595 [=====>........................] - ETA: 4s - loss: 0.6936 - accuracy: 0.5078
2176/9595 [=====>........................] - ETA: 3s - loss: 0.6941 - accuracy: 0.5060
2304/9595 [======>.......................] - ETA: 3s - loss: 0.6941 - accuracy: 0.5056
2432/9595 [======>.......................] - ETA: 3s - loss: 0.6937 - accuracy: 0.5095
2560/9595 [=======>......................] - ETA: 3s - loss: 0.6941 - accuracy: 0.5074
2688/9595 [=======>......................] - ETA: 3s - loss: 0.6940 - accuracy: 0.5071
2752/9595 [=======>......................] - ETA: 3s - loss: 0.6941 - accuracy: 0.5080
2816/9595 [=======>......................] - ETA: 3s - loss: 0.6944 - accuracy: 0.5057
2944/9595 [========>.....................] - ETA: 3s - loss: 0.6942 - accuracy: 0.5078
3072/9595 [========>.....................] - ETA: 3s - loss: 0.6938 - accuracy: 0.5091
3200/9595 [=========>....................] - ETA: 3s - loss: 0.6935 - accuracy: 0.5119
3328/9595 [=========>....................] - ETA: 3s - loss: 0.6938 - accuracy: 0.5090
3456/9595 [=========>....................] - ETA: 3s - loss: 0.6938 - accuracy: 0.5093
3584/9595 [==========>...................] - ETA: 3s - loss: 0.6936 - accuracy: 0.5117
3712/9595 [==========>...................] - ETA: 3s - loss: 0.6935 - accuracy: 0.5127
3840/9595 [===========>..................] - ETA: 3s - loss: 0.6934 - accuracy: 0.5133
3968/9595 [===========>..................] - ETA: 2s - loss: 0.6934 - accuracy: 0.5134
4096/9595 [===========>..................] - ETA: 2s - loss: 0.6935 - accuracy: 0.5122
4224/9595 [============>.................] - ETA: 2s - loss: 0.6936 - accuracy: 0.5116
4352/9595 [============>.................] - ETA: 2s - loss: 0.6936 - accuracy: 0.5108
4480/9595 [=============>................] - ETA: 2s - loss: 0.6935 - accuracy: 0.5123
4608/9595 [=============>................] - ETA: 2s - loss: 0.6938 - accuracy: 0.5095
4736/9595 [=============>................] - ETA: 2s - loss: 0.6936 - accuracy: 0.5106
4864/9595 [==============>...............] - ETA: 2s - loss: 0.6938 - accuracy: 0.5105
4992/9595 [==============>...............] - ETA: 2s - loss: 0.6939 - accuracy: 0.5082
5120/9595 [===============>..............] - ETA: 2s - loss: 0.6936 - accuracy: 0.5104
5248/9595 [===============>..............] - ETA: 2s - loss: 0.6936 - accuracy: 0.5095
5376/9595 [===============>..............] - ETA: 2s - loss: 0.6937 - accuracy: 0.5095
5504/9595 [================>.............] - ETA: 2s - loss: 0.6939 - accuracy: 0.5089
5632/9595 [================>.............] - ETA: 2s - loss: 0.6941 - accuracy: 0.5080
5760/9595 [=================>............] - ETA: 2s - loss: 0.6939 - accuracy: 0.5080
5824/9595 [=================>............] - ETA: 2s - loss: 0.6940 - accuracy: 0.5067
5952/9595 [=================>............] - ETA: 1s - loss: 0.6939 - accuracy: 0.5081
6080/9595 [==================>...........] - ETA: 1s - loss: 0.6941 - accuracy: 0.5076
6144/9595 [==================>...........] - ETA: 1s - loss: 0.6941 - accuracy: 0.5073
6208/9595 [==================>...........] - ETA: 1s - loss: 0.6940 - accuracy: 0.5076
6272/9595 [==================>...........] - ETA: 1s - loss: 0.6940 - accuracy: 0.5085
6400/9595 [===================>..........] - ETA: 1s - loss: 0.6940 - accuracy: 0.5083
6528/9595 [===================>..........] - ETA: 1s - loss: 0.6940 - accuracy: 0.5078
6656/9595 [===================>..........] - ETA: 1s - loss: 0.6938 - accuracy: 0.5098
6784/9595 [====================>.........] - ETA: 1s - loss: 0.6937 - accuracy: 0.5109
6848/9595 [====================>.........] - ETA: 1s - loss: 0.6936 - accuracy: 0.5114
6976/9595 [====================>.........] - ETA: 1s - loss: 0.6937 - accuracy: 0.5125
7104/9595 [=====================>........] - ETA: 1s - loss: 0.6937 - accuracy: 0.5122
7232/9595 [=====================>........] - ETA: 1s - loss: 0.6939 - accuracy: 0.5112
7360/9595 [======================>.......] - ETA: 1s - loss: 0.6939 - accuracy: 0.5115
7424/9595 [======================>.......] - ETA: 1s - loss: 0.6939 - accuracy: 0.5123
7488/9595 [======================>.......] - ETA: 1s - loss: 0.6938 - accuracy: 0.5123
7616/9595 [======================>.......] - ETA: 1s - loss: 0.6937 - accuracy: 0.5126
7744/9595 [=======================>......] - ETA: 1s - loss: 0.6936 - accuracy: 0.5137
7872/9595 [=======================>......] - ETA: 1s - loss: 0.6935 - accuracy: 0.5140
8000/9595 [========================>.....] - ETA: 0s - loss: 0.6935 - accuracy: 0.5135
8128/9595 [========================>.....] - ETA: 0s - loss: 0.6935 - accuracy: 0.5138
8256/9595 [========================>.....] - ETA: 0s - loss: 0.6936 - accuracy: 0.5124
8384/9595 [=========================>....] - ETA: 0s - loss: 0.6936 - accuracy: 0.5122
8512/9595 [=========================>....] - ETA: 0s - loss: 0.6935 - accuracy: 0.5126
8640/9595 [==========================>...] - ETA: 0s - loss: 0.6936 - accuracy: 0.5122
8768/9595 [==========================>...] - ETA: 0s - loss: 0.6937 - accuracy: 0.5114
8896/9595 [==========================>...] - ETA: 0s - loss: 0.6937 - accuracy: 0.5108
9024/9595 [===========================>..] - ETA: 0s - loss: 0.6938 - accuracy: 0.5113
9152/9595 [===========================>..] - ETA: 0s - loss: 0.6938 - accuracy: 0.5110
9280/9595 [============================>.] - ETA: 0s - loss: 0.6936 - accuracy: 0.5126
9408/9595 [============================>.] - ETA: 0s - loss: 0.6936 - accuracy: 0.5131
9536/9595 [============================>.] - ETA: 0s - loss: 0.6936 - accuracy: 0.5132
9595/9595 [==============================] - 6s 587us/step - loss: 0.6936 - accuracy: 0.5125 - val_loss: 0.6915 - val_accuracy: 0.5567
Epoch 3/10

  64/9595 [..............................] - ETA: 4s - loss: 0.6996 - accuracy: 0.4062
 192/9595 [..............................] - ETA: 4s - loss: 0.6940 - accuracy: 0.5104
 320/9595 [>.............................] - ETA: 4s - loss: 0.6975 - accuracy: 0.4844
 448/9595 [>.............................] - ETA: 4s - loss: 0.6929 - accuracy: 0.5045
 576/9595 [>.............................] - ETA: 4s - loss: 0.6900 - accuracy: 0.5208
 704/9595 [=>............................] - ETA: 4s - loss: 0.6907 - accuracy: 0.5256
 832/9595 [=>............................] - ETA: 4s - loss: 0.6928 - accuracy: 0.5108
 960/9595 [==>...........................] - ETA: 4s - loss: 0.6930 - accuracy: 0.5094
1088/9595 [==>...........................] - ETA: 4s - loss: 0.6925 - accuracy: 0.5119
1216/9595 [==>...........................] - ETA: 4s - loss: 0.6924 - accuracy: 0.5132
1344/9595 [===>..........................] - ETA: 4s - loss: 0.6913 - accuracy: 0.5186
1472/9595 [===>..........................] - ETA: 4s - loss: 0.6922 - accuracy: 0.5143
1536/9595 [===>..........................] - ETA: 4s - loss: 0.6928 - accuracy: 0.5124
1600/9595 [====>.........................] - ETA: 4s - loss: 0.6935 - accuracy: 0.5094
1664/9595 [====>.........................] - ETA: 4s - loss: 0.6934 - accuracy: 0.5090
1728/9595 [====>.........................] - ETA: 4s - loss: 0.6931 - accuracy: 0.5075
1792/9595 [====>.........................] - ETA: 4s - loss: 0.6928 - accuracy: 0.5067
1920/9595 [=====>........................] - ETA: 4s - loss: 0.6923 - accuracy: 0.5104
2048/9595 [=====>........................] - ETA: 4s - loss: 0.6928 - accuracy: 0.5073
2176/9595 [=====>........................] - ETA: 4s - loss: 0.6928 - accuracy: 0.5069
2304/9595 [======>.......................] - ETA: 4s - loss: 0.6929 - accuracy: 0.5074
2432/9595 [======>.......................] - ETA: 4s - loss: 0.6936 - accuracy: 0.5033
2560/9595 [=======>......................] - ETA: 3s - loss: 0.6935 - accuracy: 0.5047
2688/9595 [=======>......................] - ETA: 3s - loss: 0.6931 - accuracy: 0.5071
2816/9595 [=======>......................] - ETA: 3s - loss: 0.6933 - accuracy: 0.5064
2944/9595 [========>.....................] - ETA: 3s - loss: 0.6931 - accuracy: 0.5078
3072/9595 [========>.....................] - ETA: 3s - loss: 0.6928 - accuracy: 0.5094
3136/9595 [========>.....................] - ETA: 3s - loss: 0.6927 - accuracy: 0.5102
3200/9595 [=========>....................] - ETA: 3s - loss: 0.6927 - accuracy: 0.5106
3328/9595 [=========>....................] - ETA: 3s - loss: 0.6927 - accuracy: 0.5132
3456/9595 [=========>....................] - ETA: 3s - loss: 0.6926 - accuracy: 0.5159
3584/9595 [==========>...................] - ETA: 3s - loss: 0.6924 - accuracy: 0.5167
3712/9595 [==========>...................] - ETA: 3s - loss: 0.6925 - accuracy: 0.5145
3840/9595 [===========>..................] - ETA: 3s - loss: 0.6924 - accuracy: 0.5151
3968/9595 [===========>..................] - ETA: 3s - loss: 0.6921 - accuracy: 0.5161
4096/9595 [===========>..................] - ETA: 3s - loss: 0.6919 - accuracy: 0.5188
4224/9595 [============>.................] - ETA: 3s - loss: 0.6918 - accuracy: 0.5201
4352/9595 [============>.................] - ETA: 3s - loss: 0.6919 - accuracy: 0.5202
4480/9595 [=============>................] - ETA: 2s - loss: 0.6918 - accuracy: 0.5208
4608/9595 [=============>................] - ETA: 2s - loss: 0.6920 - accuracy: 0.5202
4672/9595 [=============>................] - ETA: 2s - loss: 0.6918 - accuracy: 0.5201
4800/9595 [==============>...............] - ETA: 2s - loss: 0.6920 - accuracy: 0.5204
4928/9595 [==============>...............] - ETA: 2s - loss: 0.6922 - accuracy: 0.5172
5056/9595 [==============>...............] - ETA: 2s - loss: 0.6921 - accuracy: 0.5172
5184/9595 [===============>..............] - ETA: 2s - loss: 0.6919 - accuracy: 0.5174
5312/9595 [===============>..............] - ETA: 2s - loss: 0.6919 - accuracy: 0.5179
5440/9595 [================>.............] - ETA: 2s - loss: 0.6919 - accuracy: 0.5176
5568/9595 [================>.............] - ETA: 2s - loss: 0.6917 - accuracy: 0.5198
5696/9595 [================>.............] - ETA: 2s - loss: 0.6918 - accuracy: 0.5191
5824/9595 [=================>............] - ETA: 2s - loss: 0.6916 - accuracy: 0.5206
5952/9595 [=================>............] - ETA: 2s - loss: 0.6918 - accuracy: 0.5183
6080/9595 [==================>...........] - ETA: 2s - loss: 0.6916 - accuracy: 0.5191
6144/9595 [==================>...........] - ETA: 2s - loss: 0.6916 - accuracy: 0.5192
6208/9595 [==================>...........] - ETA: 2s - loss: 0.6914 - accuracy: 0.5203
6272/9595 [==================>...........] - ETA: 2s - loss: 0.6917 - accuracy: 0.5201
6336/9595 [==================>...........] - ETA: 2s - loss: 0.6915 - accuracy: 0.5213
6464/9595 [===================>..........] - ETA: 2s - loss: 0.6913 - accuracy: 0.5224
6592/9595 [===================>..........] - ETA: 1s - loss: 0.6910 - accuracy: 0.5246
6720/9595 [====================>.........] - ETA: 1s - loss: 0.6908 - accuracy: 0.5249
6784/9595 [====================>.........] - ETA: 1s - loss: 0.6908 - accuracy: 0.5246
6912/9595 [====================>.........] - ETA: 1s - loss: 0.6908 - accuracy: 0.5252
7040/9595 [=====================>........] - ETA: 1s - loss: 0.6910 - accuracy: 0.5247
7168/9595 [=====================>........] - ETA: 1s - loss: 0.6908 - accuracy: 0.5262
7296/9595 [=====================>........] - ETA: 1s - loss: 0.6910 - accuracy: 0.5251
7424/9595 [======================>.......] - ETA: 1s - loss: 0.6909 - accuracy: 0.5265
7552/9595 [======================>.......] - ETA: 1s - loss: 0.6907 - accuracy: 0.5274
7680/9595 [=======================>......] - ETA: 1s - loss: 0.6906 - accuracy: 0.5280
7808/9595 [=======================>......] - ETA: 1s - loss: 0.6908 - accuracy: 0.5274
7936/9595 [=======================>......] - ETA: 1s - loss: 0.6907 - accuracy: 0.5266
8064/9595 [========================>.....] - ETA: 0s - loss: 0.6909 - accuracy: 0.5258
8192/9595 [========================>.....] - ETA: 0s - loss: 0.6907 - accuracy: 0.5262
8256/9595 [========================>.....] - ETA: 0s - loss: 0.6907 - accuracy: 0.5265
8320/9595 [=========================>....] - ETA: 0s - loss: 0.6908 - accuracy: 0.5258
8448/9595 [=========================>....] - ETA: 0s - loss: 0.6909 - accuracy: 0.5249
8576/9595 [=========================>....] - ETA: 0s - loss: 0.6906 - accuracy: 0.5266
8704/9595 [==========================>...] - ETA: 0s - loss: 0.6905 - accuracy: 0.5275
8832/9595 [==========================>...] - ETA: 0s - loss: 0.6906 - accuracy: 0.5271
8960/9595 [===========================>..] - ETA: 0s - loss: 0.6906 - accuracy: 0.5267
9088/9595 [===========================>..] - ETA: 0s - loss: 0.6906 - accuracy: 0.5266
9216/9595 [===========================>..] - ETA: 0s - loss: 0.6905 - accuracy: 0.5271
9344/9595 [============================>.] - ETA: 0s - loss: 0.6905 - accuracy: 0.5271
9472/9595 [============================>.] - ETA: 0s - loss: 0.6906 - accuracy: 0.5264
9595/9595 [==============================] - 6s 622us/step - loss: 0.6905 - accuracy: 0.5268 - val_loss: 0.6874 - val_accuracy: 0.6036
Epoch 4/10

  64/9595 [..............................] - ETA: 4s - loss: 0.6960 - accuracy: 0.4688
 192/9595 [..............................] - ETA: 5s - loss: 0.6914 - accuracy: 0.5312
 320/9595 [>.............................] - ETA: 5s - loss: 0.6926 - accuracy: 0.5281
 448/9595 [>.............................] - ETA: 5s - loss: 0.6905 - accuracy: 0.5290
 576/9595 [>.............................] - ETA: 4s - loss: 0.6894 - accuracy: 0.5208
 704/9595 [=>............................] - ETA: 4s - loss: 0.6889 - accuracy: 0.5199
 832/9595 [=>............................] - ETA: 4s - loss: 0.6886 - accuracy: 0.5192
 960/9595 [==>...........................] - ETA: 4s - loss: 0.6895 - accuracy: 0.5156
1088/9595 [==>...........................] - ETA: 4s - loss: 0.6880 - accuracy: 0.5239
1216/9595 [==>...........................] - ETA: 4s - loss: 0.6872 - accuracy: 0.5263
1344/9595 [===>..........................] - ETA: 4s - loss: 0.6857 - accuracy: 0.5312
1472/9595 [===>..........................] - ETA: 4s - loss: 0.6828 - accuracy: 0.5428
1600/9595 [====>.........................] - ETA: 4s - loss: 0.6847 - accuracy: 0.5381
1728/9595 [====>.........................] - ETA: 4s - loss: 0.6835 - accuracy: 0.5428
1856/9595 [====>.........................] - ETA: 4s - loss: 0.6843 - accuracy: 0.5426
1920/9595 [=====>........................] - ETA: 4s - loss: 0.6841 - accuracy: 0.5385
1984/9595 [=====>........................] - ETA: 4s - loss: 0.6837 - accuracy: 0.5408
2112/9595 [=====>........................] - ETA: 4s - loss: 0.6849 - accuracy: 0.5379
2240/9595 [======>.......................] - ETA: 4s - loss: 0.6853 - accuracy: 0.5375
2368/9595 [======>.......................] - ETA: 4s - loss: 0.6860 - accuracy: 0.5389
2496/9595 [======>.......................] - ETA: 4s - loss: 0.6862 - accuracy: 0.5409
2624/9595 [=======>......................] - ETA: 3s - loss: 0.6861 - accuracy: 0.5423
2752/9595 [=======>......................] - ETA: 3s - loss: 0.6858 - accuracy: 0.5440
2880/9595 [========>.....................] - ETA: 3s - loss: 0.6853 - accuracy: 0.5455
3008/9595 [========>.....................] - ETA: 3s - loss: 0.6855 - accuracy: 0.5452
3136/9595 [========>.....................] - ETA: 3s - loss: 0.6854 - accuracy: 0.5459
3264/9595 [=========>....................] - ETA: 3s - loss: 0.6855 - accuracy: 0.5475
3392/9595 [=========>....................] - ETA: 3s - loss: 0.6856 - accuracy: 0.5475
3520/9595 [==========>...................] - ETA: 3s - loss: 0.6856 - accuracy: 0.5472
3648/9595 [==========>...................] - ETA: 3s - loss: 0.6855 - accuracy: 0.5485
3776/9595 [==========>...................] - ETA: 3s - loss: 0.6852 - accuracy: 0.5495
3904/9595 [===========>..................] - ETA: 3s - loss: 0.6847 - accuracy: 0.5499
4032/9595 [===========>..................] - ETA: 3s - loss: 0.6846 - accuracy: 0.5501
4160/9595 [============>.................] - ETA: 3s - loss: 0.6852 - accuracy: 0.5488
4288/9595 [============>.................] - ETA: 2s - loss: 0.6855 - accuracy: 0.5476
4416/9595 [============>.................] - ETA: 2s - loss: 0.6851 - accuracy: 0.5494
4544/9595 [=============>................] - ETA: 2s - loss: 0.6850 - accuracy: 0.5502
4672/9595 [=============>................] - ETA: 2s - loss: 0.6846 - accuracy: 0.5499
4800/9595 [==============>...............] - ETA: 2s - loss: 0.6845 - accuracy: 0.5500
4928/9595 [==============>...............] - ETA: 2s - loss: 0.6839 - accuracy: 0.5505
5056/9595 [==============>...............] - ETA: 2s - loss: 0.6838 - accuracy: 0.5506
5184/9595 [===============>..............] - ETA: 2s - loss: 0.6840 - accuracy: 0.5502
5312/9595 [===============>..............] - ETA: 2s - loss: 0.6842 - accuracy: 0.5512
5440/9595 [================>.............] - ETA: 2s - loss: 0.6844 - accuracy: 0.5489
5568/9595 [================>.............] - ETA: 2s - loss: 0.6843 - accuracy: 0.5483
5696/9595 [================>.............] - ETA: 2s - loss: 0.6837 - accuracy: 0.5504
5824/9595 [=================>............] - ETA: 2s - loss: 0.6834 - accuracy: 0.5508
5952/9595 [=================>............] - ETA: 1s - loss: 0.6837 - accuracy: 0.5501
6080/9595 [==================>...........] - ETA: 1s - loss: 0.6833 - accuracy: 0.5513
6208/9595 [==================>...........] - ETA: 1s - loss: 0.6830 - accuracy: 0.5520
6336/9595 [==================>...........] - ETA: 1s - loss: 0.6827 - accuracy: 0.5529
6464/9595 [===================>..........] - ETA: 1s - loss: 0.6829 - accuracy: 0.5532
6592/9595 [===================>..........] - ETA: 1s - loss: 0.6832 - accuracy: 0.5528
6720/9595 [====================>.........] - ETA: 1s - loss: 0.6829 - accuracy: 0.5534
6848/9595 [====================>.........] - ETA: 1s - loss: 0.6828 - accuracy: 0.5529
6976/9595 [====================>.........] - ETA: 1s - loss: 0.6829 - accuracy: 0.5519
7104/9595 [=====================>........] - ETA: 1s - loss: 0.6830 - accuracy: 0.5512
7232/9595 [=====================>........] - ETA: 1s - loss: 0.6828 - accuracy: 0.5514
7360/9595 [======================>.......] - ETA: 1s - loss: 0.6826 - accuracy: 0.5512
7488/9595 [======================>.......] - ETA: 1s - loss: 0.6827 - accuracy: 0.5507
7616/9595 [======================>.......] - ETA: 1s - loss: 0.6830 - accuracy: 0.5507
7744/9595 [=======================>......] - ETA: 0s - loss: 0.6827 - accuracy: 0.5510
7872/9595 [=======================>......] - ETA: 0s - loss: 0.6825 - accuracy: 0.5520
8000/9595 [========================>.....] - ETA: 0s - loss: 0.6824 - accuracy: 0.5526
8128/9595 [========================>.....] - ETA: 0s - loss: 0.6824 - accuracy: 0.5522
8192/9595 [========================>.....] - ETA: 0s - loss: 0.6825 - accuracy: 0.5519
8256/9595 [========================>.....] - ETA: 0s - loss: 0.6824 - accuracy: 0.5521
8320/9595 [=========================>....] - ETA: 0s - loss: 0.6824 - accuracy: 0.5520
8448/9595 [=========================>....] - ETA: 0s - loss: 0.6824 - accuracy: 0.5522
8576/9595 [=========================>....] - ETA: 0s - loss: 0.6824 - accuracy: 0.5524
8704/9595 [==========================>...] - ETA: 0s - loss: 0.6821 - accuracy: 0.5525
8832/9595 [==========================>...] - ETA: 0s - loss: 0.6820 - accuracy: 0.5531
8960/9595 [===========================>..] - ETA: 0s - loss: 0.6820 - accuracy: 0.5529
9024/9595 [===========================>..] - ETA: 0s - loss: 0.6820 - accuracy: 0.5535
9152/9595 [===========================>..] - ETA: 0s - loss: 0.6819 - accuracy: 0.5544
9280/9595 [============================>.] - ETA: 0s - loss: 0.6820 - accuracy: 0.5545
9408/9595 [============================>.] - ETA: 0s - loss: 0.6821 - accuracy: 0.5541
9536/9595 [============================>.] - ETA: 0s - loss: 0.6823 - accuracy: 0.5538
9595/9595 [==============================] - 6s 576us/step - loss: 0.6821 - accuracy: 0.5542 - val_loss: 0.6705 - val_accuracy: 0.6317
Epoch 5/10

  64/9595 [..............................] - ETA: 4s - loss: 0.6784 - accuracy: 0.5469
 192/9595 [..............................] - ETA: 4s - loss: 0.6485 - accuracy: 0.6250
 320/9595 [>.............................] - ETA: 4s - loss: 0.6574 - accuracy: 0.6187
 448/9595 [>.............................] - ETA: 4s - loss: 0.6638 - accuracy: 0.5938
 576/9595 [>.............................] - ETA: 4s - loss: 0.6691 - accuracy: 0.5851
 704/9595 [=>............................] - ETA: 4s - loss: 0.6696 - accuracy: 0.5781
 832/9595 [=>............................] - ETA: 4s - loss: 0.6700 - accuracy: 0.5841
 960/9595 [==>...........................] - ETA: 4s - loss: 0.6743 - accuracy: 0.5760
1088/9595 [==>...........................] - ETA: 4s - loss: 0.6717 - accuracy: 0.5873
1216/9595 [==>...........................] - ETA: 4s - loss: 0.6714 - accuracy: 0.5888
1344/9595 [===>..........................] - ETA: 4s - loss: 0.6688 - accuracy: 0.5952
1472/9595 [===>..........................] - ETA: 4s - loss: 0.6721 - accuracy: 0.5951
1600/9595 [====>.........................] - ETA: 4s - loss: 0.6733 - accuracy: 0.5900
1728/9595 [====>.........................] - ETA: 4s - loss: 0.6726 - accuracy: 0.5926
1856/9595 [====>.........................] - ETA: 4s - loss: 0.6722 - accuracy: 0.5927
1984/9595 [=====>........................] - ETA: 4s - loss: 0.6730 - accuracy: 0.5877
2112/9595 [=====>........................] - ETA: 3s - loss: 0.6732 - accuracy: 0.5904
2240/9595 [======>.......................] - ETA: 3s - loss: 0.6734 - accuracy: 0.5844
2368/9595 [======>.......................] - ETA: 3s - loss: 0.6741 - accuracy: 0.5802
2496/9595 [======>.......................] - ETA: 3s - loss: 0.6740 - accuracy: 0.5825
2624/9595 [=======>......................] - ETA: 3s - loss: 0.6741 - accuracy: 0.5816
2752/9595 [=======>......................] - ETA: 3s - loss: 0.6742 - accuracy: 0.5792
2880/9595 [========>.....................] - ETA: 3s - loss: 0.6733 - accuracy: 0.5816
3008/9595 [========>.....................] - ETA: 3s - loss: 0.6728 - accuracy: 0.5818
3136/9595 [========>.....................] - ETA: 3s - loss: 0.6733 - accuracy: 0.5804
3264/9595 [=========>....................] - ETA: 3s - loss: 0.6719 - accuracy: 0.5827
3392/9595 [=========>....................] - ETA: 3s - loss: 0.6718 - accuracy: 0.5823
3520/9595 [==========>...................] - ETA: 3s - loss: 0.6716 - accuracy: 0.5838
3648/9595 [==========>...................] - ETA: 3s - loss: 0.6709 - accuracy: 0.5842
3776/9595 [==========>...................] - ETA: 3s - loss: 0.6703 - accuracy: 0.5845
3904/9595 [===========>..................] - ETA: 3s - loss: 0.6692 - accuracy: 0.5858
4032/9595 [===========>..................] - ETA: 2s - loss: 0.6688 - accuracy: 0.5873
4160/9595 [============>.................] - ETA: 2s - loss: 0.6701 - accuracy: 0.5846
4288/9595 [============>.................] - ETA: 2s - loss: 0.6705 - accuracy: 0.5854
4416/9595 [============>.................] - ETA: 2s - loss: 0.6706 - accuracy: 0.5845
4544/9595 [=============>................] - ETA: 2s - loss: 0.6704 - accuracy: 0.5843
4672/9595 [=============>................] - ETA: 2s - loss: 0.6697 - accuracy: 0.5860
4800/9595 [==============>...............] - ETA: 2s - loss: 0.6697 - accuracy: 0.5852
4928/9595 [==============>...............] - ETA: 2s - loss: 0.6700 - accuracy: 0.5844
5056/9595 [==============>...............] - ETA: 2s - loss: 0.6706 - accuracy: 0.5843
5184/9595 [===============>..............] - ETA: 2s - loss: 0.6703 - accuracy: 0.5845
5312/9595 [===============>..............] - ETA: 2s - loss: 0.6698 - accuracy: 0.5858
5440/9595 [================>.............] - ETA: 2s - loss: 0.6698 - accuracy: 0.5849
5568/9595 [================>.............] - ETA: 2s - loss: 0.6694 - accuracy: 0.5849
5696/9595 [================>.............] - ETA: 2s - loss: 0.6695 - accuracy: 0.5864
5824/9595 [=================>............] - ETA: 1s - loss: 0.6694 - accuracy: 0.5859
5952/9595 [=================>............] - ETA: 1s - loss: 0.6694 - accuracy: 0.5852
6080/9595 [==================>...........] - ETA: 1s - loss: 0.6698 - accuracy: 0.5850
6208/9595 [==================>...........] - ETA: 1s - loss: 0.6691 - accuracy: 0.5854
6272/9595 [==================>...........] - ETA: 1s - loss: 0.6690 - accuracy: 0.5859
6336/9595 [==================>...........] - ETA: 1s - loss: 0.6690 - accuracy: 0.5855
6464/9595 [===================>..........] - ETA: 1s - loss: 0.6680 - accuracy: 0.5865
6592/9595 [===================>..........] - ETA: 1s - loss: 0.6672 - accuracy: 0.5880
6720/9595 [====================>.........] - ETA: 1s - loss: 0.6672 - accuracy: 0.5876
6848/9595 [====================>.........] - ETA: 1s - loss: 0.6668 - accuracy: 0.5885
6976/9595 [====================>.........] - ETA: 1s - loss: 0.6665 - accuracy: 0.5892
7104/9595 [=====================>........] - ETA: 1s - loss: 0.6661 - accuracy: 0.5897
7232/9595 [=====================>........] - ETA: 1s - loss: 0.6656 - accuracy: 0.5906
7360/9595 [======================>.......] - ETA: 1s - loss: 0.6655 - accuracy: 0.5905
7488/9595 [======================>.......] - ETA: 1s - loss: 0.6649 - accuracy: 0.5911
7616/9595 [======================>.......] - ETA: 1s - loss: 0.6644 - accuracy: 0.5918
7744/9595 [=======================>......] - ETA: 0s - loss: 0.6634 - accuracy: 0.5930
7872/9595 [=======================>......] - ETA: 0s - loss: 0.6638 - accuracy: 0.5925
8000/9595 [========================>.....] - ETA: 0s - loss: 0.6639 - accuracy: 0.5918
8128/9595 [========================>.....] - ETA: 0s - loss: 0.6635 - accuracy: 0.5929
8256/9595 [========================>.....] - ETA: 0s - loss: 0.6630 - accuracy: 0.5930
8384/9595 [=========================>....] - ETA: 0s - loss: 0.6624 - accuracy: 0.5941
8512/9595 [=========================>....] - ETA: 0s - loss: 0.6618 - accuracy: 0.5952
8640/9595 [==========================>...] - ETA: 0s - loss: 0.6619 - accuracy: 0.5959
8768/9595 [==========================>...] - ETA: 0s - loss: 0.6616 - accuracy: 0.5967
8896/9595 [==========================>...] - ETA: 0s - loss: 0.6620 - accuracy: 0.5964
9024/9595 [===========================>..] - ETA: 0s - loss: 0.6618 - accuracy: 0.5966
9152/9595 [===========================>..] - ETA: 0s - loss: 0.6614 - accuracy: 0.5977
9280/9595 [============================>.] - ETA: 0s - loss: 0.6609 - accuracy: 0.5990
9408/9595 [============================>.] - ETA: 0s - loss: 0.6606 - accuracy: 0.5994
9536/9595 [============================>.] - ETA: 0s - loss: 0.6608 - accuracy: 0.5990
9595/9595 [==============================] - 5s 545us/step - loss: 0.6607 - accuracy: 0.5994 - val_loss: 0.6416 - val_accuracy: 0.6514
Epoch 6/10

  64/9595 [..............................] - ETA: 4s - loss: 0.6090 - accuracy: 0.5938
 192/9595 [..............................] - ETA: 5s - loss: 0.6200 - accuracy: 0.6354
 320/9595 [>.............................] - ETA: 5s - loss: 0.6666 - accuracy: 0.5969
 448/9595 [>.............................] - ETA: 5s - loss: 0.6638 - accuracy: 0.6004
 576/9595 [>.............................] - ETA: 4s - loss: 0.6571 - accuracy: 0.6042
 704/9595 [=>............................] - ETA: 4s - loss: 0.6584 - accuracy: 0.5980
 832/9595 [=>............................] - ETA: 4s - loss: 0.6540 - accuracy: 0.6118
 896/9595 [=>............................] - ETA: 4s - loss: 0.6523 - accuracy: 0.6071
 960/9595 [==>...........................] - ETA: 4s - loss: 0.6488 - accuracy: 0.6104
1088/9595 [==>...........................] - ETA: 4s - loss: 0.6461 - accuracy: 0.6167
1216/9595 [==>...........................] - ETA: 4s - loss: 0.6444 - accuracy: 0.6184
1344/9595 [===>..........................] - ETA: 4s - loss: 0.6401 - accuracy: 0.6250
1472/9595 [===>..........................] - ETA: 4s - loss: 0.6361 - accuracy: 0.6332
1600/9595 [====>.........................] - ETA: 4s - loss: 0.6344 - accuracy: 0.6363
1728/9595 [====>.........................] - ETA: 4s - loss: 0.6304 - accuracy: 0.6429
1856/9595 [====>.........................] - ETA: 4s - loss: 0.6300 - accuracy: 0.6471
1920/9595 [=====>........................] - ETA: 4s - loss: 0.6329 - accuracy: 0.6422
2048/9595 [=====>........................] - ETA: 4s - loss: 0.6315 - accuracy: 0.6406
2176/9595 [=====>........................] - ETA: 4s - loss: 0.6337 - accuracy: 0.6379
2304/9595 [======>.......................] - ETA: 4s - loss: 0.6313 - accuracy: 0.6389
2368/9595 [======>.......................] - ETA: 4s - loss: 0.6316 - accuracy: 0.6394
2432/9595 [======>.......................] - ETA: 4s - loss: 0.6293 - accuracy: 0.6410
2560/9595 [=======>......................] - ETA: 4s - loss: 0.6273 - accuracy: 0.6449
2624/9595 [=======>......................] - ETA: 4s - loss: 0.6273 - accuracy: 0.6444
2688/9595 [=======>......................] - ETA: 4s - loss: 0.6272 - accuracy: 0.6451
2752/9595 [=======>......................] - ETA: 4s - loss: 0.6279 - accuracy: 0.6443
2816/9595 [=======>......................] - ETA: 4s - loss: 0.6273 - accuracy: 0.6460
2880/9595 [========>.....................] - ETA: 4s - loss: 0.6263 - accuracy: 0.6465
3008/9595 [========>.....................] - ETA: 4s - loss: 0.6255 - accuracy: 0.6469
3136/9595 [========>.....................] - ETA: 4s - loss: 0.6234 - accuracy: 0.6480
3200/9595 [=========>....................] - ETA: 4s - loss: 0.6232 - accuracy: 0.6478
3328/9595 [=========>....................] - ETA: 4s - loss: 0.6232 - accuracy: 0.6475
3456/9595 [=========>....................] - ETA: 4s - loss: 0.6234 - accuracy: 0.6473
3584/9595 [==========>...................] - ETA: 4s - loss: 0.6232 - accuracy: 0.6462
3712/9595 [==========>...................] - ETA: 4s - loss: 0.6215 - accuracy: 0.6490
3840/9595 [===========>..................] - ETA: 3s - loss: 0.6225 - accuracy: 0.6477
3968/9595 [===========>..................] - ETA: 3s - loss: 0.6226 - accuracy: 0.6459
4096/9595 [===========>..................] - ETA: 3s - loss: 0.6212 - accuracy: 0.6475
4224/9595 [============>.................] - ETA: 3s - loss: 0.6213 - accuracy: 0.6480
4352/9595 [============>.................] - ETA: 3s - loss: 0.6211 - accuracy: 0.6482
4480/9595 [=============>................] - ETA: 3s - loss: 0.6205 - accuracy: 0.6478
4608/9595 [=============>................] - ETA: 3s - loss: 0.6197 - accuracy: 0.6471
4736/9595 [=============>................] - ETA: 3s - loss: 0.6204 - accuracy: 0.6472
4864/9595 [==============>...............] - ETA: 3s - loss: 0.6204 - accuracy: 0.6486
4992/9595 [==============>...............] - ETA: 2s - loss: 0.6202 - accuracy: 0.6484
5120/9595 [===============>..............] - ETA: 2s - loss: 0.6203 - accuracy: 0.6492
5248/9595 [===============>..............] - ETA: 2s - loss: 0.6195 - accuracy: 0.6505
5376/9595 [===============>..............] - ETA: 2s - loss: 0.6197 - accuracy: 0.6507
5504/9595 [================>.............] - ETA: 2s - loss: 0.6187 - accuracy: 0.6513
5632/9595 [================>.............] - ETA: 2s - loss: 0.6192 - accuracy: 0.6507
5760/9595 [=================>............] - ETA: 2s - loss: 0.6187 - accuracy: 0.6514
5888/9595 [=================>............] - ETA: 2s - loss: 0.6184 - accuracy: 0.6518
6016/9595 [=================>............] - ETA: 2s - loss: 0.6170 - accuracy: 0.6533
6144/9595 [==================>...........] - ETA: 2s - loss: 0.6163 - accuracy: 0.6536
6272/9595 [==================>...........] - ETA: 2s - loss: 0.6156 - accuracy: 0.6548
6400/9595 [===================>..........] - ETA: 1s - loss: 0.6150 - accuracy: 0.6559
6528/9595 [===================>..........] - ETA: 1s - loss: 0.6154 - accuracy: 0.6556
6656/9595 [===================>..........] - ETA: 1s - loss: 0.6144 - accuracy: 0.6558
6784/9595 [====================>.........] - ETA: 1s - loss: 0.6150 - accuracy: 0.6558
6912/9595 [====================>.........] - ETA: 1s - loss: 0.6145 - accuracy: 0.6568
7040/9595 [=====================>........] - ETA: 1s - loss: 0.6141 - accuracy: 0.6581
7168/9595 [=====================>........] - ETA: 1s - loss: 0.6142 - accuracy: 0.6583
7232/9595 [=====================>........] - ETA: 1s - loss: 0.6143 - accuracy: 0.6582
7296/9595 [=====================>........] - ETA: 1s - loss: 0.6148 - accuracy: 0.6576
7424/9595 [======================>.......] - ETA: 1s - loss: 0.6145 - accuracy: 0.6572
7552/9595 [======================>.......] - ETA: 1s - loss: 0.6131 - accuracy: 0.6584
7680/9595 [=======================>......] - ETA: 1s - loss: 0.6134 - accuracy: 0.6579
7808/9595 [=======================>......] - ETA: 1s - loss: 0.6127 - accuracy: 0.6591
7936/9595 [=======================>......] - ETA: 1s - loss: 0.6117 - accuracy: 0.6603
8064/9595 [========================>.....] - ETA: 0s - loss: 0.6125 - accuracy: 0.6592
8192/9595 [========================>.....] - ETA: 0s - loss: 0.6125 - accuracy: 0.6595
8320/9595 [=========================>....] - ETA: 0s - loss: 0.6115 - accuracy: 0.6602
8448/9595 [=========================>....] - ETA: 0s - loss: 0.6110 - accuracy: 0.6612
8576/9595 [=========================>....] - ETA: 0s - loss: 0.6107 - accuracy: 0.6624
8704/9595 [==========================>...] - ETA: 0s - loss: 0.6105 - accuracy: 0.6627
8832/9595 [==========================>...] - ETA: 0s - loss: 0.6096 - accuracy: 0.6639
8960/9595 [===========================>..] - ETA: 0s - loss: 0.6098 - accuracy: 0.6645
9088/9595 [===========================>..] - ETA: 0s - loss: 0.6095 - accuracy: 0.6648
9216/9595 [===========================>..] - ETA: 0s - loss: 0.6090 - accuracy: 0.6651
9280/9595 [============================>.] - ETA: 0s - loss: 0.6088 - accuracy: 0.6656
9408/9595 [============================>.] - ETA: 0s - loss: 0.6091 - accuracy: 0.6655
9536/9595 [============================>.] - ETA: 0s - loss: 0.6093 - accuracy: 0.6651
9595/9595 [==============================] - 6s 630us/step - loss: 0.6086 - accuracy: 0.6656 - val_loss: 0.5733 - val_accuracy: 0.7479
Epoch 7/10

  64/9595 [..............................] - ETA: 8s - loss: 0.5722 - accuracy: 0.7656
 192/9595 [..............................] - ETA: 6s - loss: 0.5666 - accuracy: 0.7292
 320/9595 [>.............................] - ETA: 6s - loss: 0.5578 - accuracy: 0.7375
 448/9595 [>.............................] - ETA: 6s - loss: 0.5468 - accuracy: 0.7299
 576/9595 [>.............................] - ETA: 5s - loss: 0.5458 - accuracy: 0.7274
 704/9595 [=>............................] - ETA: 5s - loss: 0.5445 - accuracy: 0.7344
 832/9595 [=>............................] - ETA: 5s - loss: 0.5353 - accuracy: 0.7440
 960/9595 [==>...........................] - ETA: 5s - loss: 0.5411 - accuracy: 0.7437
1088/9595 [==>...........................] - ETA: 5s - loss: 0.5450 - accuracy: 0.7417
1216/9595 [==>...........................] - ETA: 5s - loss: 0.5511 - accuracy: 0.7368
1280/9595 [===>..........................] - ETA: 5s - loss: 0.5476 - accuracy: 0.7367
1408/9595 [===>..........................] - ETA: 5s - loss: 0.5468 - accuracy: 0.7393
1472/9595 [===>..........................] - ETA: 5s - loss: 0.5460 - accuracy: 0.7385
1600/9595 [====>.........................] - ETA: 5s - loss: 0.5442 - accuracy: 0.7387
1728/9595 [====>.........................] - ETA: 5s - loss: 0.5405 - accuracy: 0.7407
1856/9595 [====>.........................] - ETA: 4s - loss: 0.5422 - accuracy: 0.7365
1984/9595 [=====>........................] - ETA: 4s - loss: 0.5431 - accuracy: 0.7339
2112/9595 [=====>........................] - ETA: 4s - loss: 0.5392 - accuracy: 0.7372
2240/9595 [======>.......................] - ETA: 4s - loss: 0.5389 - accuracy: 0.7366
2368/9595 [======>.......................] - ETA: 4s - loss: 0.5425 - accuracy: 0.7356
2496/9595 [======>.......................] - ETA: 4s - loss: 0.5396 - accuracy: 0.7368
2624/9595 [=======>......................] - ETA: 4s - loss: 0.5420 - accuracy: 0.7336
2752/9595 [=======>......................] - ETA: 4s - loss: 0.5411 - accuracy: 0.7347
2816/9595 [=======>......................] - ETA: 4s - loss: 0.5403 - accuracy: 0.7354
2880/9595 [========>.....................] - ETA: 4s - loss: 0.5406 - accuracy: 0.7351
2944/9595 [========>.....................] - ETA: 4s - loss: 0.5420 - accuracy: 0.7340
3008/9595 [========>.....................] - ETA: 4s - loss: 0.5428 - accuracy: 0.7344
3072/9595 [========>.....................] - ETA: 4s - loss: 0.5413 - accuracy: 0.7357
3136/9595 [========>.....................] - ETA: 4s - loss: 0.5412 - accuracy: 0.7350
3264/9595 [=========>....................] - ETA: 4s - loss: 0.5429 - accuracy: 0.7319
3328/9595 [=========>....................] - ETA: 4s - loss: 0.5426 - accuracy: 0.7323
3456/9595 [=========>....................] - ETA: 4s - loss: 0.5410 - accuracy: 0.7332
3520/9595 [==========>...................] - ETA: 4s - loss: 0.5404 - accuracy: 0.7327
3584/9595 [==========>...................] - ETA: 4s - loss: 0.5393 - accuracy: 0.7330
3648/9595 [==========>...................] - ETA: 4s - loss: 0.5383 - accuracy: 0.7330
3712/9595 [==========>...................] - ETA: 4s - loss: 0.5388 - accuracy: 0.7317
3776/9595 [==========>...................] - ETA: 4s - loss: 0.5398 - accuracy: 0.7312
3904/9595 [===========>..................] - ETA: 4s - loss: 0.5380 - accuracy: 0.7328
4032/9595 [===========>..................] - ETA: 4s - loss: 0.5362 - accuracy: 0.7344
4160/9595 [============>.................] - ETA: 4s - loss: 0.5363 - accuracy: 0.7341
4288/9595 [============>.................] - ETA: 4s - loss: 0.5355 - accuracy: 0.7348
4416/9595 [============>.................] - ETA: 3s - loss: 0.5323 - accuracy: 0.7371
4544/9595 [=============>................] - ETA: 3s - loss: 0.5304 - accuracy: 0.7379
4672/9595 [=============>................] - ETA: 3s - loss: 0.5281 - accuracy: 0.7387
4800/9595 [==============>...............] - ETA: 3s - loss: 0.5255 - accuracy: 0.7402
4928/9595 [==============>...............] - ETA: 3s - loss: 0.5271 - accuracy: 0.7388
5056/9595 [==============>...............] - ETA: 3s - loss: 0.5291 - accuracy: 0.7381
5120/9595 [===============>..............] - ETA: 3s - loss: 0.5281 - accuracy: 0.7395
5248/9595 [===============>..............] - ETA: 3s - loss: 0.5283 - accuracy: 0.7393
5312/9595 [===============>..............] - ETA: 3s - loss: 0.5281 - accuracy: 0.7396
5440/9595 [================>.............] - ETA: 3s - loss: 0.5282 - accuracy: 0.7388
5504/9595 [================>.............] - ETA: 2s - loss: 0.5269 - accuracy: 0.7402
5568/9595 [================>.............] - ETA: 2s - loss: 0.5262 - accuracy: 0.7403
5696/9595 [================>.............] - ETA: 2s - loss: 0.5251 - accuracy: 0.7409
5824/9595 [=================>............] - ETA: 2s - loss: 0.5240 - accuracy: 0.7414
5952/9595 [=================>............] - ETA: 2s - loss: 0.5231 - accuracy: 0.7419
6080/9595 [==================>...........] - ETA: 2s - loss: 0.5226 - accuracy: 0.7414
6208/9595 [==================>...........] - ETA: 2s - loss: 0.5223 - accuracy: 0.7419
6336/9595 [==================>...........] - ETA: 2s - loss: 0.5216 - accuracy: 0.7420
6464/9595 [===================>..........] - ETA: 2s - loss: 0.5214 - accuracy: 0.7429
6592/9595 [===================>..........] - ETA: 2s - loss: 0.5211 - accuracy: 0.7429
6720/9595 [====================>.........] - ETA: 1s - loss: 0.5231 - accuracy: 0.7417
6848/9595 [====================>.........] - ETA: 1s - loss: 0.5234 - accuracy: 0.7417
6976/9595 [====================>.........] - ETA: 1s - loss: 0.5237 - accuracy: 0.7423
7104/9595 [=====================>........] - ETA: 1s - loss: 0.5224 - accuracy: 0.7435
7232/9595 [=====================>........] - ETA: 1s - loss: 0.5206 - accuracy: 0.7449
7360/9595 [======================>.......] - ETA: 1s - loss: 0.5201 - accuracy: 0.7458
7488/9595 [======================>.......] - ETA: 1s - loss: 0.5192 - accuracy: 0.7457
7616/9595 [======================>.......] - ETA: 1s - loss: 0.5189 - accuracy: 0.7463
7744/9595 [=======================>......] - ETA: 1s - loss: 0.5187 - accuracy: 0.7465
7872/9595 [=======================>......] - ETA: 1s - loss: 0.5176 - accuracy: 0.7473
8000/9595 [========================>.....] - ETA: 1s - loss: 0.5170 - accuracy: 0.7475
8128/9595 [========================>.....] - ETA: 0s - loss: 0.5168 - accuracy: 0.7483
8256/9595 [========================>.....] - ETA: 0s - loss: 0.5168 - accuracy: 0.7483
8384/9595 [=========================>....] - ETA: 0s - loss: 0.5158 - accuracy: 0.7489
8448/9595 [=========================>....] - ETA: 0s - loss: 0.5156 - accuracy: 0.7487
8576/9595 [=========================>....] - ETA: 0s - loss: 0.5161 - accuracy: 0.7485
8704/9595 [==========================>...] - ETA: 0s - loss: 0.5169 - accuracy: 0.7487
8832/9595 [==========================>...] - ETA: 0s - loss: 0.5164 - accuracy: 0.7483
8960/9595 [===========================>..] - ETA: 0s - loss: 0.5160 - accuracy: 0.7490
9088/9595 [===========================>..] - ETA: 0s - loss: 0.5149 - accuracy: 0.7497
9216/9595 [===========================>..] - ETA: 0s - loss: 0.5132 - accuracy: 0.7508
9344/9595 [============================>.] - ETA: 0s - loss: 0.5122 - accuracy: 0.7518
9472/9595 [============================>.] - ETA: 0s - loss: 0.5121 - accuracy: 0.7520
9595/9595 [==============================] - 6s 659us/step - loss: 0.5120 - accuracy: 0.7523 - val_loss: 0.4981 - val_accuracy: 0.7788
Epoch 8/10

  64/9595 [..............................] - ETA: 5s - loss: 0.4518 - accuracy: 0.7500
 192/9595 [..............................] - ETA: 5s - loss: 0.4701 - accuracy: 0.7604
 320/9595 [>.............................] - ETA: 5s - loss: 0.4338 - accuracy: 0.7937
 448/9595 [>.............................] - ETA: 5s - loss: 0.4450 - accuracy: 0.8013
 576/9595 [>.............................] - ETA: 4s - loss: 0.4482 - accuracy: 0.8003
 704/9595 [=>............................] - ETA: 4s - loss: 0.4388 - accuracy: 0.8026
 832/9595 [=>............................] - ETA: 4s - loss: 0.4357 - accuracy: 0.8065
 960/9595 [==>...........................] - ETA: 4s - loss: 0.4378 - accuracy: 0.8042
1088/9595 [==>...........................] - ETA: 4s - loss: 0.4464 - accuracy: 0.8006
1216/9595 [==>...........................] - ETA: 4s - loss: 0.4522 - accuracy: 0.7944
1344/9595 [===>..........................] - ETA: 4s - loss: 0.4480 - accuracy: 0.7954
1472/9595 [===>..........................] - ETA: 4s - loss: 0.4411 - accuracy: 0.8003
1600/9595 [====>.........................] - ETA: 4s - loss: 0.4481 - accuracy: 0.7950
1728/9595 [====>.........................] - ETA: 4s - loss: 0.4452 - accuracy: 0.7905
1856/9595 [====>.........................] - ETA: 3s - loss: 0.4426 - accuracy: 0.7926
1984/9595 [=====>........................] - ETA: 3s - loss: 0.4407 - accuracy: 0.7923
2112/9595 [=====>........................] - ETA: 3s - loss: 0.4407 - accuracy: 0.7940
2240/9595 [======>.......................] - ETA: 3s - loss: 0.4420 - accuracy: 0.7969
2368/9595 [======>.......................] - ETA: 3s - loss: 0.4383 - accuracy: 0.7973
2496/9595 [======>.......................] - ETA: 3s - loss: 0.4346 - accuracy: 0.7985
2624/9595 [=======>......................] - ETA: 3s - loss: 0.4315 - accuracy: 0.8007
2752/9595 [=======>......................] - ETA: 3s - loss: 0.4333 - accuracy: 0.7998
2880/9595 [========>.....................] - ETA: 3s - loss: 0.4360 - accuracy: 0.7976
3008/9595 [========>.....................] - ETA: 3s - loss: 0.4347 - accuracy: 0.7989
3136/9595 [========>.....................] - ETA: 3s - loss: 0.4361 - accuracy: 0.7982
3264/9595 [=========>....................] - ETA: 3s - loss: 0.4321 - accuracy: 0.8015
3392/9595 [=========>....................] - ETA: 3s - loss: 0.4347 - accuracy: 0.8001
3520/9595 [==========>...................] - ETA: 3s - loss: 0.4353 - accuracy: 0.7983
3648/9595 [==========>...................] - ETA: 2s - loss: 0.4357 - accuracy: 0.7991
3776/9595 [==========>...................] - ETA: 2s - loss: 0.4347 - accuracy: 0.7987
3904/9595 [===========>..................] - ETA: 2s - loss: 0.4336 - accuracy: 0.7997
4032/9595 [===========>..................] - ETA: 2s - loss: 0.4307 - accuracy: 0.8008
4160/9595 [============>.................] - ETA: 2s - loss: 0.4307 - accuracy: 0.8010
4288/9595 [============>.................] - ETA: 2s - loss: 0.4313 - accuracy: 0.8011
4416/9595 [============>.................] - ETA: 2s - loss: 0.4310 - accuracy: 0.8012
4544/9595 [=============>................] - ETA: 2s - loss: 0.4312 - accuracy: 0.8004
4672/9595 [=============>................] - ETA: 2s - loss: 0.4325 - accuracy: 0.7994
4800/9595 [==============>...............] - ETA: 2s - loss: 0.4306 - accuracy: 0.8010
4928/9595 [==============>...............] - ETA: 2s - loss: 0.4321 - accuracy: 0.8005
5056/9595 [==============>...............] - ETA: 2s - loss: 0.4324 - accuracy: 0.8014
5184/9595 [===============>..............] - ETA: 2s - loss: 0.4318 - accuracy: 0.8019
5312/9595 [===============>..............] - ETA: 2s - loss: 0.4320 - accuracy: 0.8021
5440/9595 [================>.............] - ETA: 2s - loss: 0.4337 - accuracy: 0.8015
5568/9595 [================>.............] - ETA: 1s - loss: 0.4341 - accuracy: 0.8008
5696/9595 [================>.............] - ETA: 1s - loss: 0.4329 - accuracy: 0.8009
5824/9595 [=================>............] - ETA: 1s - loss: 0.4324 - accuracy: 0.8005
5952/9595 [=================>............] - ETA: 1s - loss: 0.4323 - accuracy: 0.8014
6080/9595 [==================>...........] - ETA: 1s - loss: 0.4333 - accuracy: 0.8015
6208/9595 [==================>...........] - ETA: 1s - loss: 0.4358 - accuracy: 0.7996
6336/9595 [==================>...........] - ETA: 1s - loss: 0.4347 - accuracy: 0.8008
6464/9595 [===================>..........] - ETA: 1s - loss: 0.4347 - accuracy: 0.8003
6592/9595 [===================>..........] - ETA: 1s - loss: 0.4357 - accuracy: 0.7998
6720/9595 [====================>.........] - ETA: 1s - loss: 0.4351 - accuracy: 0.7994
6848/9595 [====================>.........] - ETA: 1s - loss: 0.4357 - accuracy: 0.7985
6976/9595 [====================>.........] - ETA: 1s - loss: 0.4350 - accuracy: 0.7989
7104/9595 [=====================>........] - ETA: 1s - loss: 0.4351 - accuracy: 0.7990
7232/9595 [=====================>........] - ETA: 1s - loss: 0.4339 - accuracy: 0.7994
7360/9595 [======================>.......] - ETA: 1s - loss: 0.4332 - accuracy: 0.7996
7488/9595 [======================>.......] - ETA: 1s - loss: 0.4329 - accuracy: 0.7999
7616/9595 [======================>.......] - ETA: 0s - loss: 0.4323 - accuracy: 0.8007
7744/9595 [=======================>......] - ETA: 0s - loss: 0.4318 - accuracy: 0.8005
7872/9595 [=======================>......] - ETA: 0s - loss: 0.4327 - accuracy: 0.8003
8000/9595 [========================>.....] - ETA: 0s - loss: 0.4326 - accuracy: 0.8006
8064/9595 [========================>.....] - ETA: 0s - loss: 0.4339 - accuracy: 0.7997
8128/9595 [========================>.....] - ETA: 0s - loss: 0.4336 - accuracy: 0.8000
8192/9595 [========================>.....] - ETA: 0s - loss: 0.4335 - accuracy: 0.7997
8256/9595 [========================>.....] - ETA: 0s - loss: 0.4336 - accuracy: 0.7995
8384/9595 [=========================>....] - ETA: 0s - loss: 0.4341 - accuracy: 0.7996
8448/9595 [=========================>....] - ETA: 0s - loss: 0.4334 - accuracy: 0.8000
8512/9595 [=========================>....] - ETA: 0s - loss: 0.4330 - accuracy: 0.8002
8576/9595 [=========================>....] - ETA: 0s - loss: 0.4323 - accuracy: 0.8008
8640/9595 [==========================>...] - ETA: 0s - loss: 0.4320 - accuracy: 0.8013
8768/9595 [==========================>...] - ETA: 0s - loss: 0.4315 - accuracy: 0.8019
8896/9595 [==========================>...] - ETA: 0s - loss: 0.4317 - accuracy: 0.8018
9024/9595 [===========================>..] - ETA: 0s - loss: 0.4315 - accuracy: 0.8021
9152/9595 [===========================>..] - ETA: 0s - loss: 0.4312 - accuracy: 0.8022
9280/9595 [============================>.] - ETA: 0s - loss: 0.4307 - accuracy: 0.8022
9408/9595 [============================>.] - ETA: 0s - loss: 0.4302 - accuracy: 0.8029
9536/9595 [============================>.] - ETA: 0s - loss: 0.4298 - accuracy: 0.8033
9595/9595 [==============================] - 5s 543us/step - loss: 0.4295 - accuracy: 0.8034 - val_loss: 0.4921 - val_accuracy: 0.7704
Epoch 9/10

  64/9595 [..............................] - ETA: 5s - loss: 0.4103 - accuracy: 0.8125
 192/9595 [..............................] - ETA: 5s - loss: 0.4111 - accuracy: 0.8333
 320/9595 [>.............................] - ETA: 4s - loss: 0.3974 - accuracy: 0.8281
 448/9595 [>.............................] - ETA: 4s - loss: 0.3919 - accuracy: 0.8281
 576/9595 [>.............................] - ETA: 5s - loss: 0.3869 - accuracy: 0.8299
 640/9595 [=>............................] - ETA: 5s - loss: 0.3934 - accuracy: 0.8250
 704/9595 [=>............................] - ETA: 5s - loss: 0.3806 - accuracy: 0.8310
 768/9595 [=>............................] - ETA: 6s - loss: 0.3713 - accuracy: 0.8372
 896/9595 [=>............................] - ETA: 6s - loss: 0.3643 - accuracy: 0.8404
 960/9595 [==>...........................] - ETA: 6s - loss: 0.3699 - accuracy: 0.8396
1088/9595 [==>...........................] - ETA: 6s - loss: 0.3667 - accuracy: 0.8392
1152/9595 [==>...........................] - ETA: 6s - loss: 0.3747 - accuracy: 0.8351
1216/9595 [==>...........................] - ETA: 6s - loss: 0.3787 - accuracy: 0.8339
1344/9595 [===>..........................] - ETA: 5s - loss: 0.3776 - accuracy: 0.8333
1472/9595 [===>..........................] - ETA: 5s - loss: 0.3695 - accuracy: 0.8383
1600/9595 [====>.........................] - ETA: 5s - loss: 0.3638 - accuracy: 0.8413
1728/9595 [====>.........................] - ETA: 5s - loss: 0.3617 - accuracy: 0.8409
1856/9595 [====>.........................] - ETA: 5s - loss: 0.3682 - accuracy: 0.8389
1984/9595 [=====>........................] - ETA: 4s - loss: 0.3689 - accuracy: 0.8372
2112/9595 [=====>........................] - ETA: 4s - loss: 0.3736 - accuracy: 0.8333
2240/9595 [======>.......................] - ETA: 4s - loss: 0.3795 - accuracy: 0.8290
2368/9595 [======>.......................] - ETA: 4s - loss: 0.3806 - accuracy: 0.8298
2496/9595 [======>.......................] - ETA: 4s - loss: 0.3851 - accuracy: 0.8285
2624/9595 [=======>......................] - ETA: 4s - loss: 0.3821 - accuracy: 0.8316
2752/9595 [=======>......................] - ETA: 4s - loss: 0.3848 - accuracy: 0.8310
2880/9595 [========>.....................] - ETA: 4s - loss: 0.3830 - accuracy: 0.8316
3008/9595 [========>.....................] - ETA: 4s - loss: 0.3829 - accuracy: 0.8301
3136/9595 [========>.....................] - ETA: 3s - loss: 0.3803 - accuracy: 0.8316
3264/9595 [=========>....................] - ETA: 3s - loss: 0.3803 - accuracy: 0.8312
3392/9595 [=========>....................] - ETA: 3s - loss: 0.3806 - accuracy: 0.8299
3520/9595 [==========>...................] - ETA: 3s - loss: 0.3802 - accuracy: 0.8304
3584/9595 [==========>...................] - ETA: 3s - loss: 0.3812 - accuracy: 0.8298
3712/9595 [==========>...................] - ETA: 3s - loss: 0.3794 - accuracy: 0.8314
3840/9595 [===========>..................] - ETA: 3s - loss: 0.3781 - accuracy: 0.8318
3968/9595 [===========>..................] - ETA: 3s - loss: 0.3759 - accuracy: 0.8344
4096/9595 [===========>..................] - ETA: 3s - loss: 0.3768 - accuracy: 0.8330
4224/9595 [============>.................] - ETA: 3s - loss: 0.3755 - accuracy: 0.8340
4352/9595 [============>.................] - ETA: 3s - loss: 0.3737 - accuracy: 0.8350
4480/9595 [=============>................] - ETA: 3s - loss: 0.3700 - accuracy: 0.8375
4608/9595 [=============>................] - ETA: 3s - loss: 0.3695 - accuracy: 0.8377
4736/9595 [=============>................] - ETA: 2s - loss: 0.3687 - accuracy: 0.8366
4800/9595 [==============>...............] - ETA: 2s - loss: 0.3672 - accuracy: 0.8375
4928/9595 [==============>...............] - ETA: 2s - loss: 0.3665 - accuracy: 0.8383
4992/9595 [==============>...............] - ETA: 2s - loss: 0.3658 - accuracy: 0.8385
5120/9595 [===============>..............] - ETA: 2s - loss: 0.3660 - accuracy: 0.8383
5248/9595 [===============>..............] - ETA: 2s - loss: 0.3673 - accuracy: 0.8367
5376/9595 [===============>..............] - ETA: 2s - loss: 0.3685 - accuracy: 0.8372
5504/9595 [================>.............] - ETA: 2s - loss: 0.3718 - accuracy: 0.8358
5632/9595 [================>.............] - ETA: 2s - loss: 0.3731 - accuracy: 0.8343
5760/9595 [=================>............] - ETA: 2s - loss: 0.3740 - accuracy: 0.8340
5888/9595 [=================>............] - ETA: 2s - loss: 0.3749 - accuracy: 0.8337
6016/9595 [=================>............] - ETA: 2s - loss: 0.3745 - accuracy: 0.8336
6144/9595 [==================>...........] - ETA: 2s - loss: 0.3738 - accuracy: 0.8337
6272/9595 [==================>...........] - ETA: 2s - loss: 0.3728 - accuracy: 0.8350
6400/9595 [===================>..........] - ETA: 1s - loss: 0.3701 - accuracy: 0.8364
6528/9595 [===================>..........] - ETA: 1s - loss: 0.3719 - accuracy: 0.8353
6656/9595 [===================>..........] - ETA: 1s - loss: 0.3727 - accuracy: 0.8340
6784/9595 [====================>.........] - ETA: 1s - loss: 0.3725 - accuracy: 0.8340
6912/9595 [====================>.........] - ETA: 1s - loss: 0.3730 - accuracy: 0.8335
7040/9595 [=====================>........] - ETA: 1s - loss: 0.3730 - accuracy: 0.8331
7168/9595 [=====================>........] - ETA: 1s - loss: 0.3726 - accuracy: 0.8329
7296/9595 [=====================>........] - ETA: 1s - loss: 0.3721 - accuracy: 0.8331
7424/9595 [======================>.......] - ETA: 1s - loss: 0.3710 - accuracy: 0.8336
7552/9595 [======================>.......] - ETA: 1s - loss: 0.3711 - accuracy: 0.8334
7680/9595 [=======================>......] - ETA: 1s - loss: 0.3701 - accuracy: 0.8341
7808/9595 [=======================>......] - ETA: 1s - loss: 0.3702 - accuracy: 0.8345
7936/9595 [=======================>......] - ETA: 0s - loss: 0.3705 - accuracy: 0.8340
8064/9595 [========================>.....] - ETA: 0s - loss: 0.3702 - accuracy: 0.8343
8192/9595 [========================>.....] - ETA: 0s - loss: 0.3708 - accuracy: 0.8346
8320/9595 [=========================>....] - ETA: 0s - loss: 0.3706 - accuracy: 0.8350
8448/9595 [=========================>....] - ETA: 0s - loss: 0.3703 - accuracy: 0.8351
8576/9595 [=========================>....] - ETA: 0s - loss: 0.3703 - accuracy: 0.8350
8704/9595 [==========================>...] - ETA: 0s - loss: 0.3698 - accuracy: 0.8355
8832/9595 [==========================>...] - ETA: 0s - loss: 0.3697 - accuracy: 0.8361
8960/9595 [===========================>..] - ETA: 0s - loss: 0.3694 - accuracy: 0.8362
9088/9595 [===========================>..] - ETA: 0s - loss: 0.3700 - accuracy: 0.8357
9216/9595 [===========================>..] - ETA: 0s - loss: 0.3711 - accuracy: 0.8352
9344/9595 [============================>.] - ETA: 0s - loss: 0.3708 - accuracy: 0.8358
9472/9595 [============================>.] - ETA: 0s - loss: 0.3716 - accuracy: 0.8351
9595/9595 [==============================] - 6s 574us/step - loss: 0.3715 - accuracy: 0.8351 - val_loss: 0.4775 - val_accuracy: 0.7854
Epoch 10/10

  64/9595 [..............................] - ETA: 4s - loss: 0.3821 - accuracy: 0.8750
 192/9595 [..............................] - ETA: 4s - loss: 0.3693 - accuracy: 0.8281
 320/9595 [>.............................] - ETA: 4s - loss: 0.3498 - accuracy: 0.8500
 448/9595 [>.............................] - ETA: 4s - loss: 0.3385 - accuracy: 0.8549
 576/9595 [>.............................] - ETA: 4s - loss: 0.3382 - accuracy: 0.8524
 704/9595 [=>............................] - ETA: 4s - loss: 0.3302 - accuracy: 0.8537
 832/9595 [=>............................] - ETA: 4s - loss: 0.3261 - accuracy: 0.8558
 960/9595 [==>...........................] - ETA: 4s - loss: 0.3318 - accuracy: 0.8562
1088/9595 [==>...........................] - ETA: 4s - loss: 0.3308 - accuracy: 0.8529
1216/9595 [==>...........................] - ETA: 4s - loss: 0.3247 - accuracy: 0.8577
1344/9595 [===>..........................] - ETA: 4s - loss: 0.3286 - accuracy: 0.8549
1472/9595 [===>..........................] - ETA: 4s - loss: 0.3275 - accuracy: 0.8560
1600/9595 [====>.........................] - ETA: 4s - loss: 0.3242 - accuracy: 0.8587
1728/9595 [====>.........................] - ETA: 3s - loss: 0.3263 - accuracy: 0.8553
1856/9595 [====>.........................] - ETA: 3s - loss: 0.3297 - accuracy: 0.8534
1984/9595 [=====>........................] - ETA: 3s - loss: 0.3241 - accuracy: 0.8564
2048/9595 [=====>........................] - ETA: 3s - loss: 0.3246 - accuracy: 0.8560
2176/9595 [=====>........................] - ETA: 3s - loss: 0.3287 - accuracy: 0.8543
2304/9595 [======>.......................] - ETA: 3s - loss: 0.3243 - accuracy: 0.8568
2432/9595 [======>.......................] - ETA: 3s - loss: 0.3223 - accuracy: 0.8577
2560/9595 [=======>......................] - ETA: 3s - loss: 0.3209 - accuracy: 0.8582
2624/9595 [=======>......................] - ETA: 3s - loss: 0.3209 - accuracy: 0.8579
2752/9595 [=======>......................] - ETA: 3s - loss: 0.3219 - accuracy: 0.8576
2880/9595 [========>.....................] - ETA: 3s - loss: 0.3220 - accuracy: 0.8576
3008/9595 [========>.....................] - ETA: 3s - loss: 0.3231 - accuracy: 0.8577
3136/9595 [========>.....................] - ETA: 3s - loss: 0.3201 - accuracy: 0.8603
3264/9595 [=========>....................] - ETA: 3s - loss: 0.3193 - accuracy: 0.8612
3328/9595 [=========>....................] - ETA: 3s - loss: 0.3191 - accuracy: 0.8615
3456/9595 [=========>....................] - ETA: 3s - loss: 0.3165 - accuracy: 0.8617
3584/9595 [==========>...................] - ETA: 3s - loss: 0.3153 - accuracy: 0.8605
3712/9595 [==========>...................] - ETA: 3s - loss: 0.3142 - accuracy: 0.8615
3840/9595 [===========>..................] - ETA: 3s - loss: 0.3151 - accuracy: 0.8609
3968/9595 [===========>..................] - ETA: 3s - loss: 0.3132 - accuracy: 0.8619
4096/9595 [===========>..................] - ETA: 3s - loss: 0.3113 - accuracy: 0.8630
4224/9595 [============>.................] - ETA: 3s - loss: 0.3109 - accuracy: 0.8641
4352/9595 [============>.................] - ETA: 2s - loss: 0.3108 - accuracy: 0.8640
4480/9595 [=============>................] - ETA: 2s - loss: 0.3104 - accuracy: 0.8638
4608/9595 [=============>................] - ETA: 2s - loss: 0.3105 - accuracy: 0.8637
4736/9595 [=============>................] - ETA: 2s - loss: 0.3098 - accuracy: 0.8634
4864/9595 [==============>...............] - ETA: 2s - loss: 0.3109 - accuracy: 0.8627
4992/9595 [==============>...............] - ETA: 2s - loss: 0.3104 - accuracy: 0.8638
5120/9595 [===============>..............] - ETA: 2s - loss: 0.3114 - accuracy: 0.8631
5248/9595 [===============>..............] - ETA: 2s - loss: 0.3107 - accuracy: 0.8647
5376/9595 [===============>..............] - ETA: 2s - loss: 0.3103 - accuracy: 0.8646
5504/9595 [================>.............] - ETA: 2s - loss: 0.3114 - accuracy: 0.8626
5632/9595 [================>.............] - ETA: 2s - loss: 0.3116 - accuracy: 0.8631
5760/9595 [=================>............] - ETA: 2s - loss: 0.3131 - accuracy: 0.8627
5824/9595 [=================>............] - ETA: 2s - loss: 0.3138 - accuracy: 0.8625
5888/9595 [=================>............] - ETA: 2s - loss: 0.3135 - accuracy: 0.8626
6016/9595 [=================>............] - ETA: 2s - loss: 0.3132 - accuracy: 0.8629
6144/9595 [==================>...........] - ETA: 2s - loss: 0.3120 - accuracy: 0.8636
6208/9595 [==================>...........] - ETA: 2s - loss: 0.3132 - accuracy: 0.8632
6336/9595 [==================>...........] - ETA: 1s - loss: 0.3147 - accuracy: 0.8616
6464/9595 [===================>..........] - ETA: 1s - loss: 0.3168 - accuracy: 0.8611
6592/9595 [===================>..........] - ETA: 1s - loss: 0.3160 - accuracy: 0.8613
6720/9595 [====================>.........] - ETA: 1s - loss: 0.3153 - accuracy: 0.8619
6848/9595 [====================>.........] - ETA: 1s - loss: 0.3149 - accuracy: 0.8626
6912/9595 [====================>.........] - ETA: 1s - loss: 0.3151 - accuracy: 0.8624
6976/9595 [====================>.........] - ETA: 1s - loss: 0.3158 - accuracy: 0.8617
7040/9595 [=====================>........] - ETA: 1s - loss: 0.3165 - accuracy: 0.8614
7104/9595 [=====================>........] - ETA: 1s - loss: 0.3168 - accuracy: 0.8612
7232/9595 [=====================>........] - ETA: 1s - loss: 0.3170 - accuracy: 0.8603
7360/9595 [======================>.......] - ETA: 1s - loss: 0.3168 - accuracy: 0.8611
7488/9595 [======================>.......] - ETA: 1s - loss: 0.3155 - accuracy: 0.8618
7616/9595 [======================>.......] - ETA: 1s - loss: 0.3167 - accuracy: 0.8612
7744/9595 [=======================>......] - ETA: 1s - loss: 0.3168 - accuracy: 0.8611
7872/9595 [=======================>......] - ETA: 1s - loss: 0.3182 - accuracy: 0.8604
8000/9595 [========================>.....] - ETA: 0s - loss: 0.3189 - accuracy: 0.8605
8128/9595 [========================>.....] - ETA: 0s - loss: 0.3189 - accuracy: 0.8605
8256/9595 [========================>.....] - ETA: 0s - loss: 0.3193 - accuracy: 0.8606
8384/9595 [=========================>....] - ETA: 0s - loss: 0.3195 - accuracy: 0.8608
8512/9595 [=========================>....] - ETA: 0s - loss: 0.3193 - accuracy: 0.8611
8640/9595 [==========================>...] - ETA: 0s - loss: 0.3202 - accuracy: 0.8604
8768/9595 [==========================>...] - ETA: 0s - loss: 0.3198 - accuracy: 0.8604
8896/9595 [==========================>...] - ETA: 0s - loss: 0.3194 - accuracy: 0.8607
9024/9595 [===========================>..] - ETA: 0s - loss: 0.3201 - accuracy: 0.8600
9152/9595 [===========================>..] - ETA: 0s - loss: 0.3201 - accuracy: 0.8597
9280/9595 [============================>.] - ETA: 0s - loss: 0.3195 - accuracy: 0.8600
9408/9595 [============================>.] - ETA: 0s - loss: 0.3189 - accuracy: 0.8601
9536/9595 [============================>.] - ETA: 0s - loss: 0.3190 - accuracy: 0.8604
9595/9595 [==============================] - 6s 605us/step - loss: 0.3193 - accuracy: 0.8603 - val_loss: 0.4936 - val_accuracy: 0.7732
Training time:58.493958950042725
