Using TensorFlow backend.
WARNING:tensorflow:From /Volumes/Transcend/opt/anaconda3/envs/keras/lib/python3.6/site-packages/tensorflow_core/python/ops/resource_variable_ops.py:1630: calling BaseResourceVariable.__init__ (from tensorflow.python.ops.resource_variable_ops) with constraint is deprecated and will be removed in a future version.
Instructions for updating:
If using Keras pass *_constraint arguments to layers.
WARNING:tensorflow:From /Volumes/Transcend/opt/anaconda3/envs/keras/lib/python3.6/site-packages/keras/backend/tensorflow_backend.py:4070: The name tf.nn.max_pool is deprecated. Please use tf.nn.max_pool2d instead.

WARNING:tensorflow:Large dropout rate: 0.8 (>0.5). In TensorFlow 2.x, dropout() uses dropout rate instead of keep_prob. Please ensure that this is intended.
WARNING:tensorflow:From /Volumes/Transcend/opt/anaconda3/envs/keras/lib/python3.6/site-packages/tensorflow_core/python/ops/nn_impl.py:183: where (from tensorflow.python.ops.array_ops) is deprecated and will be removed in a future version.
Instructions for updating:
Use tf.where in 2.0, which has the same broadcast rule as np.where
2020-02-04 22:33:00.220426: I tensorflow/core/platform/cpu_feature_guard.cc:142] Your CPU supports instructions that this TensorFlow binary was not compiled to use: AVX2 FMA
2020-02-04 22:33:00.234315: I tensorflow/compiler/xla/service/service.cc:168] XLA service 0x7f898d0867d0 initialized for platform Host (this does not guarantee that XLA will be used). Devices:
2020-02-04 22:33:00.234344: I tensorflow/compiler/xla/service/service.cc:176]   StreamExecutor device (0): Host, Default Version
WARNING:tensorflow:From /Volumes/Transcend/opt/anaconda3/envs/keras/lib/python3.6/site-packages/keras/backend/tensorflow_backend.py:422: The name tf.global_variables is deprecated. Please use tf.compat.v1.global_variables instead.

Load data...
Adjusting sequence length for actual size
x_train shape: (9595, 56)
x_test shape: (1067, 56)
Vocabulary Size: 18779
Model type is CNN-non-static
Load existing Word2Vec model '50features_1minwords_10context'
Initializing embedding layer with word2vec weights, shape (18779, 50)
Train on 9595 samples, validate on 1067 samples
Epoch 1/10

  64/9595 [..............................] - ETA: 57s - loss: 0.8339 - accuracy: 0.4531
 192/9595 [..............................] - ETA: 21s - loss: 0.7469 - accuracy: 0.5000
 320/9595 [>.............................] - ETA: 14s - loss: 0.7250 - accuracy: 0.5156
 448/9595 [>.............................] - ETA: 11s - loss: 0.7219 - accuracy: 0.5089
 576/9595 [>.............................] - ETA: 9s - loss: 0.7187 - accuracy: 0.5156 
 704/9595 [=>............................] - ETA: 8s - loss: 0.7205 - accuracy: 0.5128
 832/9595 [=>............................] - ETA: 7s - loss: 0.7211 - accuracy: 0.5048
 960/9595 [==>...........................] - ETA: 7s - loss: 0.7220 - accuracy: 0.5021
1088/9595 [==>...........................] - ETA: 6s - loss: 0.7213 - accuracy: 0.4963
1216/9595 [==>...........................] - ETA: 6s - loss: 0.7195 - accuracy: 0.4942
1344/9595 [===>..........................] - ETA: 6s - loss: 0.7181 - accuracy: 0.4926
1472/9595 [===>..........................] - ETA: 5s - loss: 0.7185 - accuracy: 0.4871
1600/9595 [====>.........................] - ETA: 5s - loss: 0.7199 - accuracy: 0.4806
1728/9595 [====>.........................] - ETA: 5s - loss: 0.7191 - accuracy: 0.4821
1856/9595 [====>.........................] - ETA: 5s - loss: 0.7187 - accuracy: 0.4822
1984/9595 [=====>........................] - ETA: 5s - loss: 0.7177 - accuracy: 0.4814
2112/9595 [=====>........................] - ETA: 4s - loss: 0.7151 - accuracy: 0.4853
2240/9595 [======>.......................] - ETA: 4s - loss: 0.7149 - accuracy: 0.4839
2368/9595 [======>.......................] - ETA: 4s - loss: 0.7139 - accuracy: 0.4831
2496/9595 [======>.......................] - ETA: 4s - loss: 0.7138 - accuracy: 0.4824
2624/9595 [=======>......................] - ETA: 4s - loss: 0.7143 - accuracy: 0.4809
2752/9595 [=======>......................] - ETA: 4s - loss: 0.7132 - accuracy: 0.4833
2880/9595 [========>.....................] - ETA: 4s - loss: 0.7125 - accuracy: 0.4872
3008/9595 [========>.....................] - ETA: 4s - loss: 0.7120 - accuracy: 0.4884
3136/9595 [========>.....................] - ETA: 3s - loss: 0.7112 - accuracy: 0.4908
3264/9595 [=========>....................] - ETA: 3s - loss: 0.7106 - accuracy: 0.4914
3392/9595 [=========>....................] - ETA: 3s - loss: 0.7109 - accuracy: 0.4903
3520/9595 [==========>...................] - ETA: 3s - loss: 0.7110 - accuracy: 0.4884
3648/9595 [==========>...................] - ETA: 3s - loss: 0.7110 - accuracy: 0.4882
3776/9595 [==========>...................] - ETA: 3s - loss: 0.7104 - accuracy: 0.4897
3904/9595 [===========>..................] - ETA: 3s - loss: 0.7101 - accuracy: 0.4903
4032/9595 [===========>..................] - ETA: 3s - loss: 0.7100 - accuracy: 0.4893
4160/9595 [============>.................] - ETA: 3s - loss: 0.7098 - accuracy: 0.4901
4288/9595 [============>.................] - ETA: 3s - loss: 0.7096 - accuracy: 0.4897
4416/9595 [============>.................] - ETA: 2s - loss: 0.7092 - accuracy: 0.4909
4544/9595 [=============>................] - ETA: 2s - loss: 0.7093 - accuracy: 0.4908
4672/9595 [=============>................] - ETA: 2s - loss: 0.7089 - accuracy: 0.4904
4800/9595 [==============>...............] - ETA: 2s - loss: 0.7087 - accuracy: 0.4885
4928/9595 [==============>...............] - ETA: 2s - loss: 0.7084 - accuracy: 0.4888
5056/9595 [==============>...............] - ETA: 2s - loss: 0.7082 - accuracy: 0.4885
5184/9595 [===============>..............] - ETA: 2s - loss: 0.7080 - accuracy: 0.4884
5312/9595 [===============>..............] - ETA: 2s - loss: 0.7079 - accuracy: 0.4866
5440/9595 [================>.............] - ETA: 2s - loss: 0.7080 - accuracy: 0.4849
5568/9595 [================>.............] - ETA: 2s - loss: 0.7076 - accuracy: 0.4862
5696/9595 [================>.............] - ETA: 2s - loss: 0.7074 - accuracy: 0.4865
5824/9595 [=================>............] - ETA: 2s - loss: 0.7072 - accuracy: 0.4870
5952/9595 [=================>............] - ETA: 2s - loss: 0.7069 - accuracy: 0.4887
6080/9595 [==================>...........] - ETA: 1s - loss: 0.7065 - accuracy: 0.4887
6208/9595 [==================>...........] - ETA: 1s - loss: 0.7065 - accuracy: 0.4892
6336/9595 [==================>...........] - ETA: 1s - loss: 0.7062 - accuracy: 0.4897
6464/9595 [===================>..........] - ETA: 1s - loss: 0.7061 - accuracy: 0.4886
6592/9595 [===================>..........] - ETA: 1s - loss: 0.7059 - accuracy: 0.4894
6720/9595 [====================>.........] - ETA: 1s - loss: 0.7057 - accuracy: 0.4894
6848/9595 [====================>.........] - ETA: 1s - loss: 0.7053 - accuracy: 0.4908
6976/9595 [====================>.........] - ETA: 1s - loss: 0.7050 - accuracy: 0.4907
7104/9595 [=====================>........] - ETA: 1s - loss: 0.7048 - accuracy: 0.4914
7232/9595 [=====================>........] - ETA: 1s - loss: 0.7045 - accuracy: 0.4920
7360/9595 [======================>.......] - ETA: 1s - loss: 0.7043 - accuracy: 0.4928
7488/9595 [======================>.......] - ETA: 1s - loss: 0.7041 - accuracy: 0.4936
7616/9595 [======================>.......] - ETA: 1s - loss: 0.7040 - accuracy: 0.4930
7744/9595 [=======================>......] - ETA: 0s - loss: 0.7038 - accuracy: 0.4933
7872/9595 [=======================>......] - ETA: 0s - loss: 0.7037 - accuracy: 0.4931
8000/9595 [========================>.....] - ETA: 0s - loss: 0.7037 - accuracy: 0.4933
8128/9595 [========================>.....] - ETA: 0s - loss: 0.7037 - accuracy: 0.4920
8256/9595 [========================>.....] - ETA: 0s - loss: 0.7035 - accuracy: 0.4927
8384/9595 [=========================>....] - ETA: 0s - loss: 0.7033 - accuracy: 0.4933
8512/9595 [=========================>....] - ETA: 0s - loss: 0.7030 - accuracy: 0.4941
8640/9595 [==========================>...] - ETA: 0s - loss: 0.7028 - accuracy: 0.4957
8768/9595 [==========================>...] - ETA: 0s - loss: 0.7026 - accuracy: 0.4974
8896/9595 [==========================>...] - ETA: 0s - loss: 0.7024 - accuracy: 0.4978
9024/9595 [===========================>..] - ETA: 0s - loss: 0.7023 - accuracy: 0.4976
9152/9595 [===========================>..] - ETA: 0s - loss: 0.7020 - accuracy: 0.4985
9280/9595 [============================>.] - ETA: 0s - loss: 0.7020 - accuracy: 0.4975
9408/9595 [============================>.] - ETA: 0s - loss: 0.7019 - accuracy: 0.4979
9536/9595 [============================>.] - ETA: 0s - loss: 0.7018 - accuracy: 0.4972
9595/9595 [==============================] - 5s 543us/step - loss: 0.7017 - accuracy: 0.4977 - val_loss: 0.6933 - val_accuracy: 0.4986
Epoch 2/10

  64/9595 [..............................] - ETA: 4s - loss: 0.7007 - accuracy: 0.3906
 192/9595 [..............................] - ETA: 4s - loss: 0.6922 - accuracy: 0.4740
 320/9595 [>.............................] - ETA: 4s - loss: 0.6901 - accuracy: 0.5063
 448/9595 [>.............................] - ETA: 4s - loss: 0.6920 - accuracy: 0.5045
 576/9595 [>.............................] - ETA: 4s - loss: 0.6932 - accuracy: 0.4948
 704/9595 [=>............................] - ETA: 4s - loss: 0.6925 - accuracy: 0.5028
 832/9595 [=>............................] - ETA: 4s - loss: 0.6923 - accuracy: 0.5048
 960/9595 [==>...........................] - ETA: 4s - loss: 0.6927 - accuracy: 0.5042
1088/9595 [==>...........................] - ETA: 4s - loss: 0.6916 - accuracy: 0.5119
1216/9595 [==>...........................] - ETA: 4s - loss: 0.6920 - accuracy: 0.5107
1344/9595 [===>..........................] - ETA: 4s - loss: 0.6924 - accuracy: 0.5052
1472/9595 [===>..........................] - ETA: 4s - loss: 0.6920 - accuracy: 0.5041
1600/9595 [====>.........................] - ETA: 3s - loss: 0.6924 - accuracy: 0.5019
1728/9595 [====>.........................] - ETA: 3s - loss: 0.6928 - accuracy: 0.4994
1856/9595 [====>.........................] - ETA: 3s - loss: 0.6934 - accuracy: 0.4989
1984/9595 [=====>........................] - ETA: 3s - loss: 0.6934 - accuracy: 0.5055
2112/9595 [=====>........................] - ETA: 3s - loss: 0.6938 - accuracy: 0.5024
2240/9595 [======>.......................] - ETA: 3s - loss: 0.6938 - accuracy: 0.5031
2368/9595 [======>.......................] - ETA: 3s - loss: 0.6935 - accuracy: 0.5055
2496/9595 [======>.......................] - ETA: 3s - loss: 0.6935 - accuracy: 0.5060
2624/9595 [=======>......................] - ETA: 3s - loss: 0.6937 - accuracy: 0.5065
2752/9595 [=======>......................] - ETA: 3s - loss: 0.6937 - accuracy: 0.5073
2880/9595 [========>.....................] - ETA: 3s - loss: 0.6939 - accuracy: 0.5066
3008/9595 [========>.....................] - ETA: 3s - loss: 0.6936 - accuracy: 0.5080
3136/9595 [========>.....................] - ETA: 3s - loss: 0.6932 - accuracy: 0.5102
3264/9595 [=========>....................] - ETA: 3s - loss: 0.6931 - accuracy: 0.5110
3392/9595 [=========>....................] - ETA: 3s - loss: 0.6932 - accuracy: 0.5109
3520/9595 [==========>...................] - ETA: 3s - loss: 0.6931 - accuracy: 0.5114
3648/9595 [==========>...................] - ETA: 2s - loss: 0.6929 - accuracy: 0.5121
3776/9595 [==========>...................] - ETA: 2s - loss: 0.6928 - accuracy: 0.5138
3904/9595 [===========>..................] - ETA: 2s - loss: 0.6928 - accuracy: 0.5151
4032/9595 [===========>..................] - ETA: 2s - loss: 0.6930 - accuracy: 0.5149
4160/9595 [============>.................] - ETA: 2s - loss: 0.6928 - accuracy: 0.5159
4288/9595 [============>.................] - ETA: 2s - loss: 0.6930 - accuracy: 0.5145
4416/9595 [============>.................] - ETA: 2s - loss: 0.6929 - accuracy: 0.5159
4544/9595 [=============>................] - ETA: 2s - loss: 0.6933 - accuracy: 0.5141
4672/9595 [=============>................] - ETA: 2s - loss: 0.6934 - accuracy: 0.5122
4800/9595 [==============>...............] - ETA: 2s - loss: 0.6933 - accuracy: 0.5123
4928/9595 [==============>...............] - ETA: 2s - loss: 0.6934 - accuracy: 0.5116
5056/9595 [==============>...............] - ETA: 2s - loss: 0.6933 - accuracy: 0.5113
5184/9595 [===============>..............] - ETA: 2s - loss: 0.6933 - accuracy: 0.5108
5312/9595 [===============>..............] - ETA: 2s - loss: 0.6935 - accuracy: 0.5096
5440/9595 [================>.............] - ETA: 2s - loss: 0.6935 - accuracy: 0.5112
5568/9595 [================>.............] - ETA: 1s - loss: 0.6936 - accuracy: 0.5106
5696/9595 [================>.............] - ETA: 1s - loss: 0.6936 - accuracy: 0.5104
5824/9595 [=================>............] - ETA: 1s - loss: 0.6937 - accuracy: 0.5093
5952/9595 [=================>............] - ETA: 1s - loss: 0.6935 - accuracy: 0.5101
6080/9595 [==================>...........] - ETA: 1s - loss: 0.6937 - accuracy: 0.5095
6208/9595 [==================>...........] - ETA: 1s - loss: 0.6935 - accuracy: 0.5105
6272/9595 [==================>...........] - ETA: 1s - loss: 0.6935 - accuracy: 0.5112
6400/9595 [===================>..........] - ETA: 1s - loss: 0.6935 - accuracy: 0.5113
6528/9595 [===================>..........] - ETA: 1s - loss: 0.6936 - accuracy: 0.5107
6656/9595 [===================>..........] - ETA: 1s - loss: 0.6933 - accuracy: 0.5126
6784/9595 [====================>.........] - ETA: 1s - loss: 0.6933 - accuracy: 0.5139
6912/9595 [====================>.........] - ETA: 1s - loss: 0.6933 - accuracy: 0.5152
7040/9595 [=====================>........] - ETA: 1s - loss: 0.6934 - accuracy: 0.5152
7168/9595 [=====================>........] - ETA: 1s - loss: 0.6934 - accuracy: 0.5152
7296/9595 [=====================>........] - ETA: 1s - loss: 0.6935 - accuracy: 0.5148
7424/9595 [======================>.......] - ETA: 1s - loss: 0.6935 - accuracy: 0.5150
7552/9595 [======================>.......] - ETA: 1s - loss: 0.6933 - accuracy: 0.5155
7680/9595 [=======================>......] - ETA: 1s - loss: 0.6933 - accuracy: 0.5146
7808/9595 [=======================>......] - ETA: 0s - loss: 0.6933 - accuracy: 0.5143
7936/9595 [=======================>......] - ETA: 0s - loss: 0.6934 - accuracy: 0.5141
8064/9595 [========================>.....] - ETA: 0s - loss: 0.6932 - accuracy: 0.5149
8192/9595 [========================>.....] - ETA: 0s - loss: 0.6933 - accuracy: 0.5137
8320/9595 [=========================>....] - ETA: 0s - loss: 0.6934 - accuracy: 0.5127
8448/9595 [=========================>....] - ETA: 0s - loss: 0.6934 - accuracy: 0.5124
8576/9595 [=========================>....] - ETA: 0s - loss: 0.6934 - accuracy: 0.5121
8704/9595 [==========================>...] - ETA: 0s - loss: 0.6935 - accuracy: 0.5114
8832/9595 [==========================>...] - ETA: 0s - loss: 0.6935 - accuracy: 0.5114
8960/9595 [===========================>..] - ETA: 0s - loss: 0.6936 - accuracy: 0.5113
9024/9595 [===========================>..] - ETA: 0s - loss: 0.6936 - accuracy: 0.5111
9152/9595 [===========================>..] - ETA: 0s - loss: 0.6936 - accuracy: 0.5106
9280/9595 [============================>.] - ETA: 0s - loss: 0.6934 - accuracy: 0.5113
9344/9595 [============================>.] - ETA: 0s - loss: 0.6935 - accuracy: 0.5107
9472/9595 [============================>.] - ETA: 0s - loss: 0.6935 - accuracy: 0.5106
9595/9595 [==============================] - 5s 543us/step - loss: 0.6934 - accuracy: 0.5111 - val_loss: 0.6906 - val_accuracy: 0.5501
Epoch 3/10

  64/9595 [..............................] - ETA: 6s - loss: 0.7030 - accuracy: 0.4375
 192/9595 [..............................] - ETA: 7s - loss: 0.6972 - accuracy: 0.5260
 256/9595 [..............................] - ETA: 7s - loss: 0.7005 - accuracy: 0.4922
 320/9595 [>.............................] - ETA: 7s - loss: 0.6987 - accuracy: 0.5000
 448/9595 [>.............................] - ETA: 6s - loss: 0.6946 - accuracy: 0.5156
 576/9595 [>.............................] - ETA: 6s - loss: 0.6910 - accuracy: 0.5365
 704/9595 [=>............................] - ETA: 5s - loss: 0.6916 - accuracy: 0.5384
 832/9595 [=>............................] - ETA: 5s - loss: 0.6932 - accuracy: 0.5252
 960/9595 [==>...........................] - ETA: 5s - loss: 0.6935 - accuracy: 0.5229
1088/9595 [==>...........................] - ETA: 5s - loss: 0.6928 - accuracy: 0.5303
1152/9595 [==>...........................] - ETA: 5s - loss: 0.6925 - accuracy: 0.5312
1280/9595 [===>..........................] - ETA: 5s - loss: 0.6917 - accuracy: 0.5305
1408/9595 [===>..........................] - ETA: 5s - loss: 0.6922 - accuracy: 0.5284
1536/9595 [===>..........................] - ETA: 4s - loss: 0.6928 - accuracy: 0.5241
1664/9595 [====>.........................] - ETA: 4s - loss: 0.6935 - accuracy: 0.5216
1792/9595 [====>.........................] - ETA: 4s - loss: 0.6930 - accuracy: 0.5229
1920/9595 [=====>........................] - ETA: 4s - loss: 0.6924 - accuracy: 0.5245
2048/9595 [=====>........................] - ETA: 4s - loss: 0.6927 - accuracy: 0.5205
2176/9595 [=====>........................] - ETA: 4s - loss: 0.6926 - accuracy: 0.5211
2304/9595 [======>.......................] - ETA: 4s - loss: 0.6926 - accuracy: 0.5243
2432/9595 [======>.......................] - ETA: 4s - loss: 0.6932 - accuracy: 0.5193
2560/9595 [=======>......................] - ETA: 4s - loss: 0.6931 - accuracy: 0.5199
2688/9595 [=======>......................] - ETA: 4s - loss: 0.6926 - accuracy: 0.5219
2816/9595 [=======>......................] - ETA: 3s - loss: 0.6927 - accuracy: 0.5210
2944/9595 [========>.....................] - ETA: 3s - loss: 0.6925 - accuracy: 0.5211
3072/9595 [========>.....................] - ETA: 3s - loss: 0.6923 - accuracy: 0.5218
3200/9595 [=========>....................] - ETA: 3s - loss: 0.6923 - accuracy: 0.5231
3328/9595 [=========>....................] - ETA: 3s - loss: 0.6924 - accuracy: 0.5222
3456/9595 [=========>....................] - ETA: 3s - loss: 0.6923 - accuracy: 0.5240
3584/9595 [==========>...................] - ETA: 3s - loss: 0.6920 - accuracy: 0.5257
3712/9595 [==========>...................] - ETA: 3s - loss: 0.6921 - accuracy: 0.5242
3840/9595 [===========>..................] - ETA: 3s - loss: 0.6920 - accuracy: 0.5268
3968/9595 [===========>..................] - ETA: 3s - loss: 0.6917 - accuracy: 0.5275
4096/9595 [===========>..................] - ETA: 3s - loss: 0.6916 - accuracy: 0.5293
4224/9595 [============>.................] - ETA: 3s - loss: 0.6915 - accuracy: 0.5296
4352/9595 [============>.................] - ETA: 2s - loss: 0.6917 - accuracy: 0.5280
4480/9595 [=============>................] - ETA: 2s - loss: 0.6915 - accuracy: 0.5279
4608/9595 [=============>................] - ETA: 2s - loss: 0.6918 - accuracy: 0.5271
4736/9595 [=============>................] - ETA: 2s - loss: 0.6916 - accuracy: 0.5291
4864/9595 [==============>...............] - ETA: 2s - loss: 0.6920 - accuracy: 0.5255
4992/9595 [==============>...............] - ETA: 2s - loss: 0.6920 - accuracy: 0.5250
5120/9595 [===============>..............] - ETA: 2s - loss: 0.6918 - accuracy: 0.5262
5184/9595 [===============>..............] - ETA: 2s - loss: 0.6917 - accuracy: 0.5264
5248/9595 [===============>..............] - ETA: 2s - loss: 0.6917 - accuracy: 0.5253
5376/9595 [===============>..............] - ETA: 2s - loss: 0.6917 - accuracy: 0.5257
5440/9595 [================>.............] - ETA: 2s - loss: 0.6918 - accuracy: 0.5250
5568/9595 [================>.............] - ETA: 2s - loss: 0.6916 - accuracy: 0.5264
5696/9595 [================>.............] - ETA: 2s - loss: 0.6915 - accuracy: 0.5270
5824/9595 [=================>............] - ETA: 2s - loss: 0.6914 - accuracy: 0.5276
5952/9595 [=================>............] - ETA: 2s - loss: 0.6915 - accuracy: 0.5262
6080/9595 [==================>...........] - ETA: 2s - loss: 0.6914 - accuracy: 0.5266
6144/9595 [==================>...........] - ETA: 2s - loss: 0.6913 - accuracy: 0.5275
6208/9595 [==================>...........] - ETA: 2s - loss: 0.6912 - accuracy: 0.5280
6336/9595 [==================>...........] - ETA: 2s - loss: 0.6912 - accuracy: 0.5290
6464/9595 [===================>..........] - ETA: 1s - loss: 0.6911 - accuracy: 0.5288
6592/9595 [===================>..........] - ETA: 1s - loss: 0.6907 - accuracy: 0.5299
6720/9595 [====================>.........] - ETA: 1s - loss: 0.6906 - accuracy: 0.5305
6848/9595 [====================>.........] - ETA: 1s - loss: 0.6904 - accuracy: 0.5314
6976/9595 [====================>.........] - ETA: 1s - loss: 0.6905 - accuracy: 0.5308
7104/9595 [=====================>........] - ETA: 1s - loss: 0.6906 - accuracy: 0.5301
7232/9595 [=====================>........] - ETA: 1s - loss: 0.6904 - accuracy: 0.5317
7360/9595 [======================>.......] - ETA: 1s - loss: 0.6904 - accuracy: 0.5317
7488/9595 [======================>.......] - ETA: 1s - loss: 0.6902 - accuracy: 0.5322
7616/9595 [======================>.......] - ETA: 1s - loss: 0.6900 - accuracy: 0.5326
7744/9595 [=======================>......] - ETA: 1s - loss: 0.6898 - accuracy: 0.5328
7872/9595 [=======================>......] - ETA: 1s - loss: 0.6901 - accuracy: 0.5326
8000/9595 [========================>.....] - ETA: 0s - loss: 0.6903 - accuracy: 0.5314
8128/9595 [========================>.....] - ETA: 0s - loss: 0.6902 - accuracy: 0.5315
8256/9595 [========================>.....] - ETA: 0s - loss: 0.6901 - accuracy: 0.5317
8384/9595 [=========================>....] - ETA: 0s - loss: 0.6904 - accuracy: 0.5307
8512/9595 [=========================>....] - ETA: 0s - loss: 0.6903 - accuracy: 0.5303
8640/9595 [==========================>...] - ETA: 0s - loss: 0.6901 - accuracy: 0.5308
8768/9595 [==========================>...] - ETA: 0s - loss: 0.6903 - accuracy: 0.5305
8896/9595 [==========================>...] - ETA: 0s - loss: 0.6903 - accuracy: 0.5307
9024/9595 [===========================>..] - ETA: 0s - loss: 0.6902 - accuracy: 0.5310
9152/9595 [===========================>..] - ETA: 0s - loss: 0.6903 - accuracy: 0.5308
9280/9595 [============================>.] - ETA: 0s - loss: 0.6901 - accuracy: 0.5309
9408/9595 [============================>.] - ETA: 0s - loss: 0.6902 - accuracy: 0.5307
9536/9595 [============================>.] - ETA: 0s - loss: 0.6901 - accuracy: 0.5312
9595/9595 [==============================] - 6s 584us/step - loss: 0.6901 - accuracy: 0.5313 - val_loss: 0.6869 - val_accuracy: 0.5839
Epoch 4/10

  64/9595 [..............................] - ETA: 4s - loss: 0.6967 - accuracy: 0.5781
 192/9595 [..............................] - ETA: 4s - loss: 0.6911 - accuracy: 0.5104
 320/9595 [>.............................] - ETA: 4s - loss: 0.6909 - accuracy: 0.5156
 448/9595 [>.............................] - ETA: 4s - loss: 0.6886 - accuracy: 0.5312
 576/9595 [>.............................] - ETA: 4s - loss: 0.6887 - accuracy: 0.5260
 704/9595 [=>............................] - ETA: 4s - loss: 0.6870 - accuracy: 0.5298
 832/9595 [=>............................] - ETA: 4s - loss: 0.6891 - accuracy: 0.5252
 960/9595 [==>...........................] - ETA: 4s - loss: 0.6891 - accuracy: 0.5302
1088/9595 [==>...........................] - ETA: 4s - loss: 0.6878 - accuracy: 0.5368
1216/9595 [==>...........................] - ETA: 4s - loss: 0.6870 - accuracy: 0.5370
1344/9595 [===>..........................] - ETA: 4s - loss: 0.6857 - accuracy: 0.5424
1472/9595 [===>..........................] - ETA: 4s - loss: 0.6835 - accuracy: 0.5489
1600/9595 [====>.........................] - ETA: 4s - loss: 0.6845 - accuracy: 0.5506
1728/9595 [====>.........................] - ETA: 4s - loss: 0.6833 - accuracy: 0.5538
1856/9595 [====>.........................] - ETA: 4s - loss: 0.6835 - accuracy: 0.5539
1984/9595 [=====>........................] - ETA: 4s - loss: 0.6823 - accuracy: 0.5559
2112/9595 [=====>........................] - ETA: 4s - loss: 0.6835 - accuracy: 0.5545
2240/9595 [======>.......................] - ETA: 4s - loss: 0.6833 - accuracy: 0.5549
2368/9595 [======>.......................] - ETA: 3s - loss: 0.6838 - accuracy: 0.5528
2496/9595 [======>.......................] - ETA: 3s - loss: 0.6843 - accuracy: 0.5513
2624/9595 [=======>......................] - ETA: 3s - loss: 0.6841 - accuracy: 0.5549
2752/9595 [=======>......................] - ETA: 3s - loss: 0.6837 - accuracy: 0.5545
2880/9595 [========>.....................] - ETA: 3s - loss: 0.6832 - accuracy: 0.5559
3008/9595 [========>.....................] - ETA: 3s - loss: 0.6835 - accuracy: 0.5545
3136/9595 [========>.....................] - ETA: 3s - loss: 0.6836 - accuracy: 0.5520
3264/9595 [=========>....................] - ETA: 3s - loss: 0.6840 - accuracy: 0.5515
3392/9595 [=========>....................] - ETA: 3s - loss: 0.6841 - accuracy: 0.5516
3520/9595 [==========>...................] - ETA: 3s - loss: 0.6842 - accuracy: 0.5520
3648/9595 [==========>...................] - ETA: 3s - loss: 0.6839 - accuracy: 0.5524
3776/9595 [==========>...................] - ETA: 3s - loss: 0.6836 - accuracy: 0.5540
3904/9595 [===========>..................] - ETA: 3s - loss: 0.6834 - accuracy: 0.5543
3968/9595 [===========>..................] - ETA: 3s - loss: 0.6831 - accuracy: 0.5539
4096/9595 [===========>..................] - ETA: 3s - loss: 0.6835 - accuracy: 0.5549
4224/9595 [============>.................] - ETA: 2s - loss: 0.6840 - accuracy: 0.5535
4352/9595 [============>.................] - ETA: 2s - loss: 0.6845 - accuracy: 0.5533
4480/9595 [=============>................] - ETA: 2s - loss: 0.6841 - accuracy: 0.5549
4608/9595 [=============>................] - ETA: 2s - loss: 0.6839 - accuracy: 0.5543
4736/9595 [=============>................] - ETA: 2s - loss: 0.6838 - accuracy: 0.5541
4864/9595 [==============>...............] - ETA: 2s - loss: 0.6834 - accuracy: 0.5549
4992/9595 [==============>...............] - ETA: 2s - loss: 0.6831 - accuracy: 0.5545
5120/9595 [===============>..............] - ETA: 2s - loss: 0.6829 - accuracy: 0.5543
5248/9595 [===============>..............] - ETA: 2s - loss: 0.6828 - accuracy: 0.5553
5376/9595 [===============>..............] - ETA: 2s - loss: 0.6834 - accuracy: 0.5534
5504/9595 [================>.............] - ETA: 2s - loss: 0.6834 - accuracy: 0.5514
5632/9595 [================>.............] - ETA: 2s - loss: 0.6832 - accuracy: 0.5515
5760/9595 [=================>............] - ETA: 2s - loss: 0.6828 - accuracy: 0.5528
5888/9595 [=================>............] - ETA: 2s - loss: 0.6829 - accuracy: 0.5520
6016/9595 [=================>............] - ETA: 1s - loss: 0.6826 - accuracy: 0.5517
6080/9595 [==================>...........] - ETA: 1s - loss: 0.6825 - accuracy: 0.5520
6208/9595 [==================>...........] - ETA: 1s - loss: 0.6822 - accuracy: 0.5536
6336/9595 [==================>...........] - ETA: 1s - loss: 0.6819 - accuracy: 0.5546
6464/9595 [===================>..........] - ETA: 1s - loss: 0.6820 - accuracy: 0.5551
6592/9595 [===================>..........] - ETA: 1s - loss: 0.6823 - accuracy: 0.5554
6656/9595 [===================>..........] - ETA: 1s - loss: 0.6820 - accuracy: 0.5566
6784/9595 [====================>.........] - ETA: 1s - loss: 0.6819 - accuracy: 0.5573
6912/9595 [====================>.........] - ETA: 1s - loss: 0.6822 - accuracy: 0.5560
7040/9595 [=====================>........] - ETA: 1s - loss: 0.6824 - accuracy: 0.5553
7168/9595 [=====================>........] - ETA: 1s - loss: 0.6823 - accuracy: 0.5552
7296/9595 [=====================>........] - ETA: 1s - loss: 0.6818 - accuracy: 0.5556
7424/9595 [======================>.......] - ETA: 1s - loss: 0.6816 - accuracy: 0.5555
7552/9595 [======================>.......] - ETA: 1s - loss: 0.6820 - accuracy: 0.5548
7680/9595 [=======================>......] - ETA: 1s - loss: 0.6819 - accuracy: 0.5548
7808/9595 [=======================>......] - ETA: 0s - loss: 0.6816 - accuracy: 0.5561
7936/9595 [=======================>......] - ETA: 0s - loss: 0.6813 - accuracy: 0.5570
8064/9595 [========================>.....] - ETA: 0s - loss: 0.6812 - accuracy: 0.5563
8192/9595 [========================>.....] - ETA: 0s - loss: 0.6813 - accuracy: 0.5559
8320/9595 [=========================>....] - ETA: 0s - loss: 0.6812 - accuracy: 0.5559
8448/9595 [=========================>....] - ETA: 0s - loss: 0.6811 - accuracy: 0.5566
8576/9595 [=========================>....] - ETA: 0s - loss: 0.6812 - accuracy: 0.5567
8704/9595 [==========================>...] - ETA: 0s - loss: 0.6810 - accuracy: 0.5571
8832/9595 [==========================>...] - ETA: 0s - loss: 0.6809 - accuracy: 0.5575
8960/9595 [===========================>..] - ETA: 0s - loss: 0.6807 - accuracy: 0.5574
9088/9595 [===========================>..] - ETA: 0s - loss: 0.6810 - accuracy: 0.5569
9216/9595 [===========================>..] - ETA: 0s - loss: 0.6806 - accuracy: 0.5583
9344/9595 [============================>.] - ETA: 0s - loss: 0.6807 - accuracy: 0.5575
9472/9595 [============================>.] - ETA: 0s - loss: 0.6810 - accuracy: 0.5564
9595/9595 [==============================] - 5s 554us/step - loss: 0.6809 - accuracy: 0.5570 - val_loss: 0.6695 - val_accuracy: 0.6373
Epoch 5/10

  64/9595 [..............................] - ETA: 23s - loss: 0.6728 - accuracy: 0.5312
 128/9595 [..............................] - ETA: 17s - loss: 0.6466 - accuracy: 0.6406
 192/9595 [..............................] - ETA: 14s - loss: 0.6440 - accuracy: 0.6302
 320/9595 [>.............................] - ETA: 11s - loss: 0.6532 - accuracy: 0.6219
 448/9595 [>.............................] - ETA: 9s - loss: 0.6612 - accuracy: 0.6071 
 576/9595 [>.............................] - ETA: 8s - loss: 0.6650 - accuracy: 0.6007
 704/9595 [=>............................] - ETA: 7s - loss: 0.6662 - accuracy: 0.5895
 832/9595 [=>............................] - ETA: 7s - loss: 0.6650 - accuracy: 0.5889
 896/9595 [=>............................] - ETA: 7s - loss: 0.6693 - accuracy: 0.5826
 960/9595 [==>...........................] - ETA: 7s - loss: 0.6697 - accuracy: 0.5875
1024/9595 [==>...........................] - ETA: 6s - loss: 0.6674 - accuracy: 0.5947
1152/9595 [==>...........................] - ETA: 6s - loss: 0.6662 - accuracy: 0.5998
1280/9595 [===>..........................] - ETA: 6s - loss: 0.6672 - accuracy: 0.6008
1408/9595 [===>..........................] - ETA: 6s - loss: 0.6660 - accuracy: 0.6044
1536/9595 [===>..........................] - ETA: 5s - loss: 0.6685 - accuracy: 0.6003
1664/9595 [====>.........................] - ETA: 5s - loss: 0.6680 - accuracy: 0.5980
1792/9595 [====>.........................] - ETA: 5s - loss: 0.6668 - accuracy: 0.6032
1920/9595 [=====>........................] - ETA: 5s - loss: 0.6680 - accuracy: 0.5984
2048/9595 [=====>........................] - ETA: 5s - loss: 0.6698 - accuracy: 0.5942
2176/9595 [=====>........................] - ETA: 5s - loss: 0.6693 - accuracy: 0.5960
2304/9595 [======>.......................] - ETA: 4s - loss: 0.6705 - accuracy: 0.5916
2432/9595 [======>.......................] - ETA: 4s - loss: 0.6705 - accuracy: 0.5905
2560/9595 [=======>......................] - ETA: 4s - loss: 0.6709 - accuracy: 0.5875
2688/9595 [=======>......................] - ETA: 4s - loss: 0.6709 - accuracy: 0.5867
2816/9595 [=======>......................] - ETA: 4s - loss: 0.6699 - accuracy: 0.5870
2944/9595 [========>.....................] - ETA: 4s - loss: 0.6695 - accuracy: 0.5873
3072/9595 [========>.....................] - ETA: 4s - loss: 0.6692 - accuracy: 0.5885
3200/9595 [=========>....................] - ETA: 4s - loss: 0.6692 - accuracy: 0.5891
3328/9595 [=========>....................] - ETA: 4s - loss: 0.6687 - accuracy: 0.5904
3456/9595 [=========>....................] - ETA: 3s - loss: 0.6688 - accuracy: 0.5900
3584/9595 [==========>...................] - ETA: 3s - loss: 0.6681 - accuracy: 0.5926
3712/9595 [==========>...................] - ETA: 3s - loss: 0.6673 - accuracy: 0.5935
3840/9595 [===========>..................] - ETA: 3s - loss: 0.6665 - accuracy: 0.5938
3968/9595 [===========>..................] - ETA: 3s - loss: 0.6662 - accuracy: 0.5938
4096/9595 [===========>..................] - ETA: 3s - loss: 0.6656 - accuracy: 0.5955
4224/9595 [============>.................] - ETA: 3s - loss: 0.6658 - accuracy: 0.5952
4352/9595 [============>.................] - ETA: 3s - loss: 0.6663 - accuracy: 0.5944
4480/9595 [=============>................] - ETA: 3s - loss: 0.6656 - accuracy: 0.5946
4608/9595 [=============>................] - ETA: 3s - loss: 0.6653 - accuracy: 0.5948
4736/9595 [=============>................] - ETA: 3s - loss: 0.6653 - accuracy: 0.5946
4864/9595 [==============>...............] - ETA: 2s - loss: 0.6654 - accuracy: 0.5944
4992/9595 [==============>...............] - ETA: 2s - loss: 0.6655 - accuracy: 0.5942
5120/9595 [===============>..............] - ETA: 2s - loss: 0.6661 - accuracy: 0.5938
5248/9595 [===============>..............] - ETA: 2s - loss: 0.6658 - accuracy: 0.5932
5376/9595 [===============>..............] - ETA: 2s - loss: 0.6656 - accuracy: 0.5941
5504/9595 [================>.............] - ETA: 2s - loss: 0.6653 - accuracy: 0.5943
5632/9595 [================>.............] - ETA: 2s - loss: 0.6651 - accuracy: 0.5957
5760/9595 [=================>............] - ETA: 2s - loss: 0.6654 - accuracy: 0.5951
5888/9595 [=================>............] - ETA: 2s - loss: 0.6651 - accuracy: 0.5948
6016/9595 [=================>............] - ETA: 2s - loss: 0.6649 - accuracy: 0.5949
6144/9595 [==================>...........] - ETA: 2s - loss: 0.6646 - accuracy: 0.5955
6272/9595 [==================>...........] - ETA: 2s - loss: 0.6646 - accuracy: 0.5957
6400/9595 [===================>..........] - ETA: 1s - loss: 0.6642 - accuracy: 0.5956
6528/9595 [===================>..........] - ETA: 1s - loss: 0.6633 - accuracy: 0.5971
6656/9595 [===================>..........] - ETA: 1s - loss: 0.6630 - accuracy: 0.5986
6784/9595 [====================>.........] - ETA: 1s - loss: 0.6625 - accuracy: 0.5992
6912/9595 [====================>.........] - ETA: 1s - loss: 0.6626 - accuracy: 0.5997
7040/9595 [=====================>........] - ETA: 1s - loss: 0.6621 - accuracy: 0.6004
7168/9595 [=====================>........] - ETA: 1s - loss: 0.6619 - accuracy: 0.5999
7296/9595 [=====================>........] - ETA: 1s - loss: 0.6618 - accuracy: 0.6002
7424/9595 [======================>.......] - ETA: 1s - loss: 0.6609 - accuracy: 0.6005
7552/9595 [======================>.......] - ETA: 1s - loss: 0.6604 - accuracy: 0.6002
7680/9595 [=======================>......] - ETA: 1s - loss: 0.6598 - accuracy: 0.6010
7808/9595 [=======================>......] - ETA: 1s - loss: 0.6598 - accuracy: 0.6004
7936/9595 [=======================>......] - ETA: 0s - loss: 0.6597 - accuracy: 0.6009
8064/9595 [========================>.....] - ETA: 0s - loss: 0.6598 - accuracy: 0.6014
8192/9595 [========================>.....] - ETA: 0s - loss: 0.6590 - accuracy: 0.6029
8320/9595 [=========================>....] - ETA: 0s - loss: 0.6587 - accuracy: 0.6030
8448/9595 [=========================>....] - ETA: 0s - loss: 0.6583 - accuracy: 0.6035
8576/9595 [=========================>....] - ETA: 0s - loss: 0.6580 - accuracy: 0.6040
8704/9595 [==========================>...] - ETA: 0s - loss: 0.6574 - accuracy: 0.6052
8832/9595 [==========================>...] - ETA: 0s - loss: 0.6572 - accuracy: 0.6053
8896/9595 [==========================>...] - ETA: 0s - loss: 0.6580 - accuracy: 0.6036
8960/9595 [===========================>..] - ETA: 0s - loss: 0.6581 - accuracy: 0.6037
9024/9595 [===========================>..] - ETA: 0s - loss: 0.6581 - accuracy: 0.6036
9088/9595 [===========================>..] - ETA: 0s - loss: 0.6582 - accuracy: 0.6039
9152/9595 [===========================>..] - ETA: 0s - loss: 0.6579 - accuracy: 0.6043
9216/9595 [===========================>..] - ETA: 0s - loss: 0.6576 - accuracy: 0.6048
9280/9595 [============================>.] - ETA: 0s - loss: 0.6573 - accuracy: 0.6053
9408/9595 [============================>.] - ETA: 0s - loss: 0.6569 - accuracy: 0.6057
9536/9595 [============================>.] - ETA: 0s - loss: 0.6570 - accuracy: 0.6057
9595/9595 [==============================] - 6s 642us/step - loss: 0.6571 - accuracy: 0.6057 - val_loss: 0.6350 - val_accuracy: 0.6626
Epoch 6/10

  64/9595 [..............................] - ETA: 5s - loss: 0.5883 - accuracy: 0.6875
 192/9595 [..............................] - ETA: 5s - loss: 0.6166 - accuracy: 0.6406
 320/9595 [>.............................] - ETA: 5s - loss: 0.6632 - accuracy: 0.6062
 448/9595 [>.............................] - ETA: 5s - loss: 0.6591 - accuracy: 0.6071
 576/9595 [>.............................] - ETA: 5s - loss: 0.6525 - accuracy: 0.6163
 704/9595 [=>............................] - ETA: 5s - loss: 0.6554 - accuracy: 0.6122
 832/9595 [=>............................] - ETA: 5s - loss: 0.6539 - accuracy: 0.6214
 960/9595 [==>...........................] - ETA: 4s - loss: 0.6493 - accuracy: 0.6219
1024/9595 [==>...........................] - ETA: 5s - loss: 0.6473 - accuracy: 0.6270
1088/9595 [==>...........................] - ETA: 5s - loss: 0.6451 - accuracy: 0.6324
1152/9595 [==>...........................] - ETA: 5s - loss: 0.6424 - accuracy: 0.6389
1216/9595 [==>...........................] - ETA: 5s - loss: 0.6427 - accuracy: 0.6357
1280/9595 [===>..........................] - ETA: 5s - loss: 0.6392 - accuracy: 0.6430
1408/9595 [===>..........................] - ETA: 5s - loss: 0.6368 - accuracy: 0.6463
1472/9595 [===>..........................] - ETA: 5s - loss: 0.6340 - accuracy: 0.6501
1600/9595 [====>.........................] - ETA: 5s - loss: 0.6314 - accuracy: 0.6531
1664/9595 [====>.........................] - ETA: 5s - loss: 0.6303 - accuracy: 0.6538
1792/9595 [====>.........................] - ETA: 5s - loss: 0.6292 - accuracy: 0.6568
1920/9595 [=====>........................] - ETA: 5s - loss: 0.6328 - accuracy: 0.6547
2048/9595 [=====>........................] - ETA: 5s - loss: 0.6309 - accuracy: 0.6538
2176/9595 [=====>........................] - ETA: 5s - loss: 0.6323 - accuracy: 0.6535
2304/9595 [======>.......................] - ETA: 4s - loss: 0.6292 - accuracy: 0.6558
2432/9595 [======>.......................] - ETA: 4s - loss: 0.6282 - accuracy: 0.6571
2560/9595 [=======>......................] - ETA: 4s - loss: 0.6275 - accuracy: 0.6586
2688/9595 [=======>......................] - ETA: 4s - loss: 0.6274 - accuracy: 0.6585
2816/9595 [=======>......................] - ETA: 4s - loss: 0.6281 - accuracy: 0.6584
2880/9595 [========>.....................] - ETA: 4s - loss: 0.6279 - accuracy: 0.6573
2944/9595 [========>.....................] - ETA: 4s - loss: 0.6277 - accuracy: 0.6573
3008/9595 [========>.....................] - ETA: 4s - loss: 0.6269 - accuracy: 0.6579
3072/9595 [========>.....................] - ETA: 4s - loss: 0.6260 - accuracy: 0.6592
3200/9595 [=========>....................] - ETA: 4s - loss: 0.6233 - accuracy: 0.6619
3328/9595 [=========>....................] - ETA: 4s - loss: 0.6220 - accuracy: 0.6623
3456/9595 [=========>....................] - ETA: 4s - loss: 0.6223 - accuracy: 0.6620
3584/9595 [==========>...................] - ETA: 4s - loss: 0.6223 - accuracy: 0.6607
3712/9595 [==========>...................] - ETA: 4s - loss: 0.6209 - accuracy: 0.6638
3840/9595 [===========>..................] - ETA: 3s - loss: 0.6218 - accuracy: 0.6612
3904/9595 [===========>..................] - ETA: 3s - loss: 0.6217 - accuracy: 0.6609
3968/9595 [===========>..................] - ETA: 3s - loss: 0.6220 - accuracy: 0.6603
4032/9595 [===========>..................] - ETA: 3s - loss: 0.6217 - accuracy: 0.6602
4160/9595 [============>.................] - ETA: 3s - loss: 0.6209 - accuracy: 0.6615
4224/9595 [============>.................] - ETA: 3s - loss: 0.6214 - accuracy: 0.6617
4352/9595 [============>.................] - ETA: 3s - loss: 0.6215 - accuracy: 0.6620
4416/9595 [============>.................] - ETA: 3s - loss: 0.6219 - accuracy: 0.6619
4544/9595 [=============>................] - ETA: 3s - loss: 0.6213 - accuracy: 0.6620
4672/9595 [=============>................] - ETA: 3s - loss: 0.6222 - accuracy: 0.6597
4800/9595 [==============>...............] - ETA: 3s - loss: 0.6209 - accuracy: 0.6623
4928/9595 [==============>...............] - ETA: 3s - loss: 0.6213 - accuracy: 0.6634
5056/9595 [==============>...............] - ETA: 3s - loss: 0.6216 - accuracy: 0.6624
5184/9595 [===============>..............] - ETA: 3s - loss: 0.6213 - accuracy: 0.6615
5312/9595 [===============>..............] - ETA: 2s - loss: 0.6215 - accuracy: 0.6608
5440/9595 [================>.............] - ETA: 2s - loss: 0.6200 - accuracy: 0.6627
5568/9595 [================>.............] - ETA: 2s - loss: 0.6195 - accuracy: 0.6627
5696/9595 [================>.............] - ETA: 2s - loss: 0.6193 - accuracy: 0.6633
5824/9595 [=================>............] - ETA: 2s - loss: 0.6189 - accuracy: 0.6629
5952/9595 [=================>............] - ETA: 2s - loss: 0.6187 - accuracy: 0.6616
6080/9595 [==================>...........] - ETA: 2s - loss: 0.6176 - accuracy: 0.6630
6208/9595 [==================>...........] - ETA: 2s - loss: 0.6166 - accuracy: 0.6637
6336/9595 [==================>...........] - ETA: 2s - loss: 0.6159 - accuracy: 0.6649
6464/9595 [===================>..........] - ETA: 2s - loss: 0.6157 - accuracy: 0.6649
6592/9595 [===================>..........] - ETA: 2s - loss: 0.6154 - accuracy: 0.6640
6720/9595 [====================>.........] - ETA: 1s - loss: 0.6149 - accuracy: 0.6638
6848/9595 [====================>.........] - ETA: 1s - loss: 0.6148 - accuracy: 0.6637
6976/9595 [====================>.........] - ETA: 1s - loss: 0.6141 - accuracy: 0.6649
7104/9595 [=====================>........] - ETA: 1s - loss: 0.6139 - accuracy: 0.6653
7232/9595 [=====================>........] - ETA: 1s - loss: 0.6139 - accuracy: 0.6647
7360/9595 [======================>.......] - ETA: 1s - loss: 0.6137 - accuracy: 0.6648
7488/9595 [======================>.......] - ETA: 1s - loss: 0.6127 - accuracy: 0.6655
7616/9595 [======================>.......] - ETA: 1s - loss: 0.6125 - accuracy: 0.6654
7680/9595 [=======================>......] - ETA: 1s - loss: 0.6122 - accuracy: 0.6654
7808/9595 [=======================>......] - ETA: 1s - loss: 0.6115 - accuracy: 0.6664
7936/9595 [=======================>......] - ETA: 1s - loss: 0.6111 - accuracy: 0.6663
8064/9595 [========================>.....] - ETA: 1s - loss: 0.6122 - accuracy: 0.6648
8192/9595 [========================>.....] - ETA: 0s - loss: 0.6118 - accuracy: 0.6656
8320/9595 [=========================>....] - ETA: 0s - loss: 0.6110 - accuracy: 0.6667
8448/9595 [=========================>....] - ETA: 0s - loss: 0.6102 - accuracy: 0.6671
8576/9595 [=========================>....] - ETA: 0s - loss: 0.6105 - accuracy: 0.6677
8704/9595 [==========================>...] - ETA: 0s - loss: 0.6102 - accuracy: 0.6675
8832/9595 [==========================>...] - ETA: 0s - loss: 0.6091 - accuracy: 0.6690
8960/9595 [===========================>..] - ETA: 0s - loss: 0.6094 - accuracy: 0.6691
9088/9595 [===========================>..] - ETA: 0s - loss: 0.6087 - accuracy: 0.6701
9216/9595 [===========================>..] - ETA: 0s - loss: 0.6083 - accuracy: 0.6708
9344/9595 [============================>.] - ETA: 0s - loss: 0.6077 - accuracy: 0.6713
9472/9595 [============================>.] - ETA: 0s - loss: 0.6085 - accuracy: 0.6706
9595/9595 [==============================] - 6s 658us/step - loss: 0.6078 - accuracy: 0.6708 - val_loss: 0.5637 - val_accuracy: 0.7470
Epoch 7/10

  64/9595 [..............................] - ETA: 4s - loss: 0.5986 - accuracy: 0.6875
 192/9595 [..............................] - ETA: 5s - loss: 0.5829 - accuracy: 0.6771
 320/9595 [>.............................] - ETA: 4s - loss: 0.5647 - accuracy: 0.7031
 448/9595 [>.............................] - ETA: 4s - loss: 0.5663 - accuracy: 0.7009
 576/9595 [>.............................] - ETA: 4s - loss: 0.5679 - accuracy: 0.6944
 704/9595 [=>............................] - ETA: 4s - loss: 0.5638 - accuracy: 0.6974
 832/9595 [=>............................] - ETA: 4s - loss: 0.5519 - accuracy: 0.7079
 960/9595 [==>...........................] - ETA: 4s - loss: 0.5499 - accuracy: 0.7115
1088/9595 [==>...........................] - ETA: 4s - loss: 0.5540 - accuracy: 0.7050
1216/9595 [==>...........................] - ETA: 4s - loss: 0.5548 - accuracy: 0.7039
1344/9595 [===>..........................] - ETA: 4s - loss: 0.5505 - accuracy: 0.7128
1472/9595 [===>..........................] - ETA: 4s - loss: 0.5485 - accuracy: 0.7133
1600/9595 [====>.........................] - ETA: 4s - loss: 0.5514 - accuracy: 0.7144
1664/9595 [====>.........................] - ETA: 4s - loss: 0.5514 - accuracy: 0.7151
1792/9595 [====>.........................] - ETA: 4s - loss: 0.5525 - accuracy: 0.7154
1920/9595 [=====>........................] - ETA: 4s - loss: 0.5493 - accuracy: 0.7177
2048/9595 [=====>........................] - ETA: 4s - loss: 0.5441 - accuracy: 0.7227
2176/9595 [=====>........................] - ETA: 4s - loss: 0.5473 - accuracy: 0.7197
2304/9595 [======>.......................] - ETA: 4s - loss: 0.5456 - accuracy: 0.7196
2432/9595 [======>.......................] - ETA: 4s - loss: 0.5438 - accuracy: 0.7220
2560/9595 [=======>......................] - ETA: 4s - loss: 0.5429 - accuracy: 0.7223
2688/9595 [=======>......................] - ETA: 4s - loss: 0.5435 - accuracy: 0.7225
2816/9595 [=======>......................] - ETA: 3s - loss: 0.5405 - accuracy: 0.7259
2944/9595 [========>.....................] - ETA: 3s - loss: 0.5421 - accuracy: 0.7262
3072/9595 [========>.....................] - ETA: 3s - loss: 0.5414 - accuracy: 0.7272
3200/9595 [=========>....................] - ETA: 3s - loss: 0.5437 - accuracy: 0.7244
3328/9595 [=========>....................] - ETA: 3s - loss: 0.5421 - accuracy: 0.7260
3456/9595 [=========>....................] - ETA: 3s - loss: 0.5415 - accuracy: 0.7280
3584/9595 [==========>...................] - ETA: 3s - loss: 0.5398 - accuracy: 0.7274
3712/9595 [==========>...................] - ETA: 3s - loss: 0.5386 - accuracy: 0.7276
3840/9595 [===========>..................] - ETA: 3s - loss: 0.5390 - accuracy: 0.7279
3968/9595 [===========>..................] - ETA: 3s - loss: 0.5368 - accuracy: 0.7296
4096/9595 [===========>..................] - ETA: 3s - loss: 0.5353 - accuracy: 0.7302
4224/9595 [============>.................] - ETA: 3s - loss: 0.5362 - accuracy: 0.7296
4352/9595 [============>.................] - ETA: 3s - loss: 0.5359 - accuracy: 0.7300
4480/9595 [=============>................] - ETA: 2s - loss: 0.5335 - accuracy: 0.7310
4608/9595 [=============>................] - ETA: 2s - loss: 0.5328 - accuracy: 0.7313
4736/9595 [=============>................] - ETA: 2s - loss: 0.5289 - accuracy: 0.7354
4864/9595 [==============>...............] - ETA: 2s - loss: 0.5294 - accuracy: 0.7346
4992/9595 [==============>...............] - ETA: 2s - loss: 0.5320 - accuracy: 0.7334
5120/9595 [===============>..............] - ETA: 2s - loss: 0.5313 - accuracy: 0.7342
5248/9595 [===============>..............] - ETA: 2s - loss: 0.5316 - accuracy: 0.7349
5376/9595 [===============>..............] - ETA: 2s - loss: 0.5321 - accuracy: 0.7351
5504/9595 [================>.............] - ETA: 2s - loss: 0.5309 - accuracy: 0.7360
5632/9595 [================>.............] - ETA: 2s - loss: 0.5298 - accuracy: 0.7367
5760/9595 [=================>............] - ETA: 2s - loss: 0.5286 - accuracy: 0.7373
5888/9595 [=================>............] - ETA: 2s - loss: 0.5286 - accuracy: 0.7369
6016/9595 [=================>............] - ETA: 2s - loss: 0.5281 - accuracy: 0.7375
6144/9595 [==================>...........] - ETA: 1s - loss: 0.5279 - accuracy: 0.7376
6272/9595 [==================>...........] - ETA: 1s - loss: 0.5283 - accuracy: 0.7368
6400/9595 [===================>..........] - ETA: 1s - loss: 0.5273 - accuracy: 0.7366
6528/9595 [===================>..........] - ETA: 1s - loss: 0.5266 - accuracy: 0.7365
6656/9595 [===================>..........] - ETA: 1s - loss: 0.5265 - accuracy: 0.7357
6720/9595 [====================>.........] - ETA: 1s - loss: 0.5274 - accuracy: 0.7351
6784/9595 [====================>.........] - ETA: 1s - loss: 0.5270 - accuracy: 0.7357
6848/9595 [====================>.........] - ETA: 1s - loss: 0.5277 - accuracy: 0.7351
6976/9595 [====================>.........] - ETA: 1s - loss: 0.5277 - accuracy: 0.7358
7040/9595 [=====================>........] - ETA: 1s - loss: 0.5276 - accuracy: 0.7366
7168/9595 [=====================>........] - ETA: 1s - loss: 0.5260 - accuracy: 0.7386
7232/9595 [=====================>........] - ETA: 1s - loss: 0.5257 - accuracy: 0.7389
7296/9595 [=====================>........] - ETA: 1s - loss: 0.5252 - accuracy: 0.7394
7424/9595 [======================>.......] - ETA: 1s - loss: 0.5247 - accuracy: 0.7403
7552/9595 [======================>.......] - ETA: 1s - loss: 0.5238 - accuracy: 0.7410
7680/9595 [=======================>......] - ETA: 1s - loss: 0.5244 - accuracy: 0.7409
7744/9595 [=======================>......] - ETA: 1s - loss: 0.5248 - accuracy: 0.7408
7808/9595 [=======================>......] - ETA: 1s - loss: 0.5254 - accuracy: 0.7407
7872/9595 [=======================>......] - ETA: 1s - loss: 0.5244 - accuracy: 0.7411
7936/9595 [=======================>......] - ETA: 1s - loss: 0.5250 - accuracy: 0.7408
8064/9595 [========================>.....] - ETA: 0s - loss: 0.5242 - accuracy: 0.7413
8192/9595 [========================>.....] - ETA: 0s - loss: 0.5246 - accuracy: 0.7413
8320/9595 [=========================>....] - ETA: 0s - loss: 0.5233 - accuracy: 0.7430
8448/9595 [=========================>....] - ETA: 0s - loss: 0.5225 - accuracy: 0.7435
8576/9595 [=========================>....] - ETA: 0s - loss: 0.5221 - accuracy: 0.7441
8704/9595 [==========================>...] - ETA: 0s - loss: 0.5225 - accuracy: 0.7445
8832/9595 [==========================>...] - ETA: 0s - loss: 0.5224 - accuracy: 0.7442
8960/9595 [===========================>..] - ETA: 0s - loss: 0.5220 - accuracy: 0.7446
9088/9595 [===========================>..] - ETA: 0s - loss: 0.5208 - accuracy: 0.7455
9216/9595 [===========================>..] - ETA: 0s - loss: 0.5192 - accuracy: 0.7464
9344/9595 [============================>.] - ETA: 0s - loss: 0.5185 - accuracy: 0.7468
9472/9595 [============================>.] - ETA: 0s - loss: 0.5187 - accuracy: 0.7465
9595/9595 [==============================] - 6s 620us/step - loss: 0.5186 - accuracy: 0.7465 - val_loss: 0.5017 - val_accuracy: 0.7741
Epoch 8/10

  64/9595 [..............................] - ETA: 5s - loss: 0.4410 - accuracy: 0.7812
 192/9595 [..............................] - ETA: 5s - loss: 0.4775 - accuracy: 0.7656
 320/9595 [>.............................] - ETA: 4s - loss: 0.4495 - accuracy: 0.7812
 448/9595 [>.............................] - ETA: 4s - loss: 0.4585 - accuracy: 0.7768
 576/9595 [>.............................] - ETA: 4s - loss: 0.4504 - accuracy: 0.7830
 704/9595 [=>............................] - ETA: 4s - loss: 0.4451 - accuracy: 0.7798
 832/9595 [=>............................] - ETA: 4s - loss: 0.4391 - accuracy: 0.7837
 960/9595 [==>...........................] - ETA: 4s - loss: 0.4398 - accuracy: 0.7885
1088/9595 [==>...........................] - ETA: 4s - loss: 0.4412 - accuracy: 0.7932
1216/9595 [==>...........................] - ETA: 4s - loss: 0.4497 - accuracy: 0.7903
1344/9595 [===>..........................] - ETA: 4s - loss: 0.4476 - accuracy: 0.7917
1472/9595 [===>..........................] - ETA: 4s - loss: 0.4401 - accuracy: 0.7976
1600/9595 [====>.........................] - ETA: 4s - loss: 0.4472 - accuracy: 0.7919
1728/9595 [====>.........................] - ETA: 4s - loss: 0.4442 - accuracy: 0.7934
1856/9595 [====>.........................] - ETA: 4s - loss: 0.4425 - accuracy: 0.7947
1984/9595 [=====>........................] - ETA: 4s - loss: 0.4432 - accuracy: 0.7939
2112/9595 [=====>........................] - ETA: 4s - loss: 0.4417 - accuracy: 0.7959
2176/9595 [=====>........................] - ETA: 4s - loss: 0.4437 - accuracy: 0.7946
2240/9595 [======>.......................] - ETA: 4s - loss: 0.4450 - accuracy: 0.7946
2304/9595 [======>.......................] - ETA: 4s - loss: 0.4433 - accuracy: 0.7951
2368/9595 [======>.......................] - ETA: 4s - loss: 0.4430 - accuracy: 0.7956
2432/9595 [======>.......................] - ETA: 4s - loss: 0.4430 - accuracy: 0.7961
2496/9595 [======>.......................] - ETA: 4s - loss: 0.4407 - accuracy: 0.7981
2560/9595 [=======>......................] - ETA: 4s - loss: 0.4392 - accuracy: 0.7984
2624/9595 [=======>......................] - ETA: 4s - loss: 0.4397 - accuracy: 0.7984
2752/9595 [=======>......................] - ETA: 4s - loss: 0.4402 - accuracy: 0.7972
2880/9595 [========>.....................] - ETA: 4s - loss: 0.4441 - accuracy: 0.7948
3008/9595 [========>.....................] - ETA: 4s - loss: 0.4425 - accuracy: 0.7959
3072/9595 [========>.....................] - ETA: 4s - loss: 0.4431 - accuracy: 0.7959
3136/9595 [========>.....................] - ETA: 4s - loss: 0.4429 - accuracy: 0.7956
3264/9595 [=========>....................] - ETA: 4s - loss: 0.4404 - accuracy: 0.7987
3328/9595 [=========>....................] - ETA: 4s - loss: 0.4422 - accuracy: 0.7984
3392/9595 [=========>....................] - ETA: 4s - loss: 0.4430 - accuracy: 0.7981
3520/9595 [==========>...................] - ETA: 4s - loss: 0.4446 - accuracy: 0.7966
3648/9595 [==========>...................] - ETA: 4s - loss: 0.4442 - accuracy: 0.7974
3776/9595 [==========>...................] - ETA: 3s - loss: 0.4441 - accuracy: 0.7971
3904/9595 [===========>..................] - ETA: 3s - loss: 0.4436 - accuracy: 0.7976
4032/9595 [===========>..................] - ETA: 3s - loss: 0.4424 - accuracy: 0.7976
4160/9595 [============>.................] - ETA: 3s - loss: 0.4430 - accuracy: 0.7962
4288/9595 [============>.................] - ETA: 3s - loss: 0.4434 - accuracy: 0.7969
4416/9595 [============>.................] - ETA: 3s - loss: 0.4445 - accuracy: 0.7960
4544/9595 [=============>................] - ETA: 3s - loss: 0.4450 - accuracy: 0.7953
4672/9595 [=============>................] - ETA: 3s - loss: 0.4446 - accuracy: 0.7945
4800/9595 [==============>...............] - ETA: 3s - loss: 0.4432 - accuracy: 0.7946
4928/9595 [==============>...............] - ETA: 2s - loss: 0.4452 - accuracy: 0.7940
5056/9595 [==============>...............] - ETA: 2s - loss: 0.4454 - accuracy: 0.7937
5184/9595 [===============>..............] - ETA: 2s - loss: 0.4451 - accuracy: 0.7942
5312/9595 [===============>..............] - ETA: 2s - loss: 0.4454 - accuracy: 0.7941
5440/9595 [================>.............] - ETA: 2s - loss: 0.4473 - accuracy: 0.7930
5568/9595 [================>.............] - ETA: 2s - loss: 0.4477 - accuracy: 0.7931
5696/9595 [================>.............] - ETA: 2s - loss: 0.4458 - accuracy: 0.7932
5824/9595 [=================>............] - ETA: 2s - loss: 0.4450 - accuracy: 0.7931
5952/9595 [=================>............] - ETA: 2s - loss: 0.4448 - accuracy: 0.7933
6080/9595 [==================>...........] - ETA: 2s - loss: 0.4458 - accuracy: 0.7921
6208/9595 [==================>...........] - ETA: 2s - loss: 0.4481 - accuracy: 0.7909
6336/9595 [==================>...........] - ETA: 1s - loss: 0.4472 - accuracy: 0.7921
6464/9595 [===================>..........] - ETA: 1s - loss: 0.4480 - accuracy: 0.7918
6592/9595 [===================>..........] - ETA: 1s - loss: 0.4479 - accuracy: 0.7926
6720/9595 [====================>.........] - ETA: 1s - loss: 0.4471 - accuracy: 0.7927
6848/9595 [====================>.........] - ETA: 1s - loss: 0.4472 - accuracy: 0.7919
6976/9595 [====================>.........] - ETA: 1s - loss: 0.4462 - accuracy: 0.7933
7104/9595 [=====================>........] - ETA: 1s - loss: 0.4458 - accuracy: 0.7939
7232/9595 [=====================>........] - ETA: 1s - loss: 0.4442 - accuracy: 0.7949
7360/9595 [======================>.......] - ETA: 1s - loss: 0.4438 - accuracy: 0.7947
7488/9595 [======================>.......] - ETA: 1s - loss: 0.4432 - accuracy: 0.7949
7616/9595 [======================>.......] - ETA: 1s - loss: 0.4425 - accuracy: 0.7950
7744/9595 [=======================>......] - ETA: 1s - loss: 0.4423 - accuracy: 0.7952
7872/9595 [=======================>......] - ETA: 0s - loss: 0.4421 - accuracy: 0.7952
8000/9595 [========================>.....] - ETA: 0s - loss: 0.4418 - accuracy: 0.7952
8128/9595 [========================>.....] - ETA: 0s - loss: 0.4424 - accuracy: 0.7954
8256/9595 [========================>.....] - ETA: 0s - loss: 0.4426 - accuracy: 0.7952
8384/9595 [=========================>....] - ETA: 0s - loss: 0.4438 - accuracy: 0.7946
8512/9595 [=========================>....] - ETA: 0s - loss: 0.4427 - accuracy: 0.7951
8640/9595 [==========================>...] - ETA: 0s - loss: 0.4412 - accuracy: 0.7968
8768/9595 [==========================>...] - ETA: 0s - loss: 0.4402 - accuracy: 0.7978
8896/9595 [==========================>...] - ETA: 0s - loss: 0.4407 - accuracy: 0.7975
9024/9595 [===========================>..] - ETA: 0s - loss: 0.4398 - accuracy: 0.7978
9152/9595 [===========================>..] - ETA: 0s - loss: 0.4396 - accuracy: 0.7980
9280/9595 [============================>.] - ETA: 0s - loss: 0.4390 - accuracy: 0.7983
9408/9595 [============================>.] - ETA: 0s - loss: 0.4386 - accuracy: 0.7983
9536/9595 [============================>.] - ETA: 0s - loss: 0.4379 - accuracy: 0.7986
9595/9595 [==============================] - 5s 562us/step - loss: 0.4376 - accuracy: 0.7987 - val_loss: 0.4802 - val_accuracy: 0.7816
Epoch 9/10

  64/9595 [..............................] - ETA: 5s - loss: 0.4009 - accuracy: 0.8438
 192/9595 [..............................] - ETA: 4s - loss: 0.3983 - accuracy: 0.8542
 320/9595 [>.............................] - ETA: 4s - loss: 0.3956 - accuracy: 0.8344
 448/9595 [>.............................] - ETA: 4s - loss: 0.3944 - accuracy: 0.8326
 576/9595 [>.............................] - ETA: 4s - loss: 0.3851 - accuracy: 0.8281
 704/9595 [=>............................] - ETA: 4s - loss: 0.3842 - accuracy: 0.8210
 832/9595 [=>............................] - ETA: 4s - loss: 0.3733 - accuracy: 0.8281
 960/9595 [==>...........................] - ETA: 4s - loss: 0.3716 - accuracy: 0.8333
1088/9595 [==>...........................] - ETA: 3s - loss: 0.3688 - accuracy: 0.8346
1216/9595 [==>...........................] - ETA: 3s - loss: 0.3724 - accuracy: 0.8339
1344/9595 [===>..........................] - ETA: 3s - loss: 0.3762 - accuracy: 0.8289
1472/9595 [===>..........................] - ETA: 3s - loss: 0.3710 - accuracy: 0.8322
1600/9595 [====>.........................] - ETA: 3s - loss: 0.3669 - accuracy: 0.8356
1728/9595 [====>.........................] - ETA: 3s - loss: 0.3671 - accuracy: 0.8374
1856/9595 [====>.........................] - ETA: 3s - loss: 0.3754 - accuracy: 0.8319
1984/9595 [=====>........................] - ETA: 3s - loss: 0.3743 - accuracy: 0.8352
2112/9595 [=====>........................] - ETA: 3s - loss: 0.3785 - accuracy: 0.8324
2240/9595 [======>.......................] - ETA: 3s - loss: 0.3851 - accuracy: 0.8281
2368/9595 [======>.......................] - ETA: 3s - loss: 0.3857 - accuracy: 0.8269
2496/9595 [======>.......................] - ETA: 3s - loss: 0.3924 - accuracy: 0.8237
2624/9595 [=======>......................] - ETA: 3s - loss: 0.3888 - accuracy: 0.8270
2752/9595 [=======>......................] - ETA: 3s - loss: 0.3902 - accuracy: 0.8270
2880/9595 [========>.....................] - ETA: 3s - loss: 0.3893 - accuracy: 0.8288
3008/9595 [========>.....................] - ETA: 3s - loss: 0.3888 - accuracy: 0.8275
3136/9595 [========>.....................] - ETA: 2s - loss: 0.3876 - accuracy: 0.8281
3264/9595 [=========>....................] - ETA: 2s - loss: 0.3875 - accuracy: 0.8281
3392/9595 [=========>....................] - ETA: 2s - loss: 0.3867 - accuracy: 0.8284
3520/9595 [==========>...................] - ETA: 2s - loss: 0.3859 - accuracy: 0.8284
3648/9595 [==========>...................] - ETA: 2s - loss: 0.3870 - accuracy: 0.8276
3776/9595 [==========>...................] - ETA: 2s - loss: 0.3829 - accuracy: 0.8302
3904/9595 [===========>..................] - ETA: 2s - loss: 0.3813 - accuracy: 0.8304
4032/9595 [===========>..................] - ETA: 2s - loss: 0.3814 - accuracy: 0.8299
4160/9595 [============>.................] - ETA: 2s - loss: 0.3810 - accuracy: 0.8298
4288/9595 [============>.................] - ETA: 2s - loss: 0.3785 - accuracy: 0.8319
4416/9595 [============>.................] - ETA: 2s - loss: 0.3778 - accuracy: 0.8320
4544/9595 [=============>................] - ETA: 2s - loss: 0.3760 - accuracy: 0.8332
4672/9595 [=============>................] - ETA: 2s - loss: 0.3741 - accuracy: 0.8341
4800/9595 [==============>...............] - ETA: 2s - loss: 0.3719 - accuracy: 0.8352
4928/9595 [==============>...............] - ETA: 2s - loss: 0.3712 - accuracy: 0.8356
5056/9595 [==============>...............] - ETA: 2s - loss: 0.3706 - accuracy: 0.8364
5184/9595 [===============>..............] - ETA: 2s - loss: 0.3700 - accuracy: 0.8364
5312/9595 [===============>..............] - ETA: 1s - loss: 0.3715 - accuracy: 0.8362
5440/9595 [================>.............] - ETA: 1s - loss: 0.3746 - accuracy: 0.8358
5568/9595 [================>.............] - ETA: 1s - loss: 0.3765 - accuracy: 0.8351
5696/9595 [================>.............] - ETA: 1s - loss: 0.3781 - accuracy: 0.8350
5824/9595 [=================>............] - ETA: 1s - loss: 0.3784 - accuracy: 0.8350
5952/9595 [=================>............] - ETA: 1s - loss: 0.3774 - accuracy: 0.8357
6080/9595 [==================>...........] - ETA: 1s - loss: 0.3791 - accuracy: 0.8349
6208/9595 [==================>...........] - ETA: 1s - loss: 0.3777 - accuracy: 0.8357
6336/9595 [==================>...........] - ETA: 1s - loss: 0.3748 - accuracy: 0.8373
6464/9595 [===================>..........] - ETA: 1s - loss: 0.3737 - accuracy: 0.8380
6592/9595 [===================>..........] - ETA: 1s - loss: 0.3753 - accuracy: 0.8368
6720/9595 [====================>.........] - ETA: 1s - loss: 0.3756 - accuracy: 0.8359
6848/9595 [====================>.........] - ETA: 1s - loss: 0.3767 - accuracy: 0.8353
6976/9595 [====================>.........] - ETA: 1s - loss: 0.3769 - accuracy: 0.8341
7104/9595 [=====================>........] - ETA: 1s - loss: 0.3768 - accuracy: 0.8343
7232/9595 [=====================>........] - ETA: 1s - loss: 0.3768 - accuracy: 0.8345
7360/9595 [======================>.......] - ETA: 1s - loss: 0.3756 - accuracy: 0.8353
7488/9595 [======================>.......] - ETA: 0s - loss: 0.3744 - accuracy: 0.8361
7616/9595 [======================>.......] - ETA: 0s - loss: 0.3735 - accuracy: 0.8365
7744/9595 [=======================>......] - ETA: 0s - loss: 0.3728 - accuracy: 0.8366
7872/9595 [=======================>......] - ETA: 0s - loss: 0.3730 - accuracy: 0.8368
8000/9595 [========================>.....] - ETA: 0s - loss: 0.3723 - accuracy: 0.8371
8128/9595 [========================>.....] - ETA: 0s - loss: 0.3723 - accuracy: 0.8371
8256/9595 [========================>.....] - ETA: 0s - loss: 0.3735 - accuracy: 0.8364
8384/9595 [=========================>....] - ETA: 0s - loss: 0.3726 - accuracy: 0.8371
8512/9595 [=========================>....] - ETA: 0s - loss: 0.3726 - accuracy: 0.8369
8640/9595 [==========================>...] - ETA: 0s - loss: 0.3728 - accuracy: 0.8368
8768/9595 [==========================>...] - ETA: 0s - loss: 0.3733 - accuracy: 0.8371
8896/9595 [==========================>...] - ETA: 0s - loss: 0.3726 - accuracy: 0.8371
9024/9595 [===========================>..] - ETA: 0s - loss: 0.3723 - accuracy: 0.8368
9152/9595 [===========================>..] - ETA: 0s - loss: 0.3730 - accuracy: 0.8364
9280/9595 [============================>.] - ETA: 0s - loss: 0.3737 - accuracy: 0.8369
9408/9595 [============================>.] - ETA: 0s - loss: 0.3728 - accuracy: 0.8373
9536/9595 [============================>.] - ETA: 0s - loss: 0.3738 - accuracy: 0.8366
9595/9595 [==============================] - 5s 470us/step - loss: 0.3738 - accuracy: 0.8365 - val_loss: 0.4759 - val_accuracy: 0.7826
Epoch 10/10

  64/9595 [..............................] - ETA: 4s - loss: 0.3323 - accuracy: 0.8750
 192/9595 [..............................] - ETA: 4s - loss: 0.3427 - accuracy: 0.8542
 320/9595 [>.............................] - ETA: 4s - loss: 0.3279 - accuracy: 0.8594
 448/9595 [>.............................] - ETA: 4s - loss: 0.3190 - accuracy: 0.8705
 576/9595 [>.............................] - ETA: 4s - loss: 0.3175 - accuracy: 0.8733
 704/9595 [=>............................] - ETA: 4s - loss: 0.3173 - accuracy: 0.8693
 832/9595 [=>............................] - ETA: 3s - loss: 0.3117 - accuracy: 0.8690
 960/9595 [==>...........................] - ETA: 3s - loss: 0.3156 - accuracy: 0.8677
1088/9595 [==>...........................] - ETA: 3s - loss: 0.3162 - accuracy: 0.8658
1216/9595 [==>...........................] - ETA: 3s - loss: 0.3141 - accuracy: 0.8668
1344/9595 [===>..........................] - ETA: 3s - loss: 0.3135 - accuracy: 0.8638
1472/9595 [===>..........................] - ETA: 3s - loss: 0.3119 - accuracy: 0.8655
1600/9595 [====>.........................] - ETA: 3s - loss: 0.3112 - accuracy: 0.8656
1728/9595 [====>.........................] - ETA: 3s - loss: 0.3156 - accuracy: 0.8634
1856/9595 [====>.........................] - ETA: 3s - loss: 0.3174 - accuracy: 0.8642
1984/9595 [=====>........................] - ETA: 3s - loss: 0.3141 - accuracy: 0.8654
2112/9595 [=====>........................] - ETA: 3s - loss: 0.3147 - accuracy: 0.8627
2240/9595 [======>.......................] - ETA: 3s - loss: 0.3159 - accuracy: 0.8625
2368/9595 [======>.......................] - ETA: 3s - loss: 0.3117 - accuracy: 0.8653
2496/9595 [======>.......................] - ETA: 3s - loss: 0.3104 - accuracy: 0.8662
2624/9595 [=======>......................] - ETA: 3s - loss: 0.3119 - accuracy: 0.8651
2752/9595 [=======>......................] - ETA: 3s - loss: 0.3152 - accuracy: 0.8630
2880/9595 [========>.....................] - ETA: 3s - loss: 0.3165 - accuracy: 0.8628
3008/9595 [========>.....................] - ETA: 3s - loss: 0.3171 - accuracy: 0.8634
3136/9595 [========>.....................] - ETA: 2s - loss: 0.3134 - accuracy: 0.8651
3264/9595 [=========>....................] - ETA: 2s - loss: 0.3133 - accuracy: 0.8649
3392/9595 [=========>....................] - ETA: 2s - loss: 0.3132 - accuracy: 0.8647
3520/9595 [==========>...................] - ETA: 2s - loss: 0.3119 - accuracy: 0.8636
3648/9595 [==========>...................] - ETA: 2s - loss: 0.3120 - accuracy: 0.8627
3776/9595 [==========>...................] - ETA: 2s - loss: 0.3097 - accuracy: 0.8649
3904/9595 [===========>..................] - ETA: 2s - loss: 0.3115 - accuracy: 0.8648
4032/9595 [===========>..................] - ETA: 2s - loss: 0.3089 - accuracy: 0.8666
4160/9595 [============>.................] - ETA: 2s - loss: 0.3092 - accuracy: 0.8663
4288/9595 [============>.................] - ETA: 2s - loss: 0.3082 - accuracy: 0.8666
4416/9595 [============>.................] - ETA: 2s - loss: 0.3060 - accuracy: 0.8678
4544/9595 [=============>................] - ETA: 2s - loss: 0.3065 - accuracy: 0.8669
4672/9595 [=============>................] - ETA: 2s - loss: 0.3069 - accuracy: 0.8660
4800/9595 [==============>...............] - ETA: 2s - loss: 0.3089 - accuracy: 0.8648
4928/9595 [==============>...............] - ETA: 2s - loss: 0.3085 - accuracy: 0.8655
5056/9595 [==============>...............] - ETA: 2s - loss: 0.3086 - accuracy: 0.8659
5184/9595 [===============>..............] - ETA: 2s - loss: 0.3080 - accuracy: 0.8665
5312/9595 [===============>..............] - ETA: 1s - loss: 0.3089 - accuracy: 0.8662
5440/9595 [================>.............] - ETA: 1s - loss: 0.3081 - accuracy: 0.8664
5568/9595 [================>.............] - ETA: 1s - loss: 0.3090 - accuracy: 0.8655
5696/9595 [================>.............] - ETA: 1s - loss: 0.3092 - accuracy: 0.8653
5824/9595 [=================>............] - ETA: 1s - loss: 0.3100 - accuracy: 0.8649
5952/9595 [=================>............] - ETA: 1s - loss: 0.3095 - accuracy: 0.8651
6080/9595 [==================>...........] - ETA: 1s - loss: 0.3093 - accuracy: 0.8658
6208/9595 [==================>...........] - ETA: 1s - loss: 0.3098 - accuracy: 0.8653
6336/9595 [==================>...........] - ETA: 1s - loss: 0.3116 - accuracy: 0.8640
6464/9595 [===================>..........] - ETA: 1s - loss: 0.3127 - accuracy: 0.8636
6592/9595 [===================>..........] - ETA: 1s - loss: 0.3118 - accuracy: 0.8642
6720/9595 [====================>.........] - ETA: 1s - loss: 0.3112 - accuracy: 0.8646
6848/9595 [====================>.........] - ETA: 1s - loss: 0.3107 - accuracy: 0.8652
6976/9595 [====================>.........] - ETA: 1s - loss: 0.3117 - accuracy: 0.8645
7104/9595 [=====================>........] - ETA: 1s - loss: 0.3126 - accuracy: 0.8640
7232/9595 [=====================>........] - ETA: 1s - loss: 0.3128 - accuracy: 0.8639
7360/9595 [======================>.......] - ETA: 1s - loss: 0.3129 - accuracy: 0.8641
7488/9595 [======================>.......] - ETA: 0s - loss: 0.3123 - accuracy: 0.8640
7616/9595 [======================>.......] - ETA: 0s - loss: 0.3133 - accuracy: 0.8636
7744/9595 [=======================>......] - ETA: 0s - loss: 0.3126 - accuracy: 0.8643
7872/9595 [=======================>......] - ETA: 0s - loss: 0.3139 - accuracy: 0.8634
8000/9595 [========================>.....] - ETA: 0s - loss: 0.3144 - accuracy: 0.8635
8128/9595 [========================>.....] - ETA: 0s - loss: 0.3148 - accuracy: 0.8631
8256/9595 [========================>.....] - ETA: 0s - loss: 0.3151 - accuracy: 0.8630
8384/9595 [=========================>....] - ETA: 0s - loss: 0.3152 - accuracy: 0.8633
8512/9595 [=========================>....] - ETA: 0s - loss: 0.3147 - accuracy: 0.8638
8640/9595 [==========================>...] - ETA: 0s - loss: 0.3154 - accuracy: 0.8633
8768/9595 [==========================>...] - ETA: 0s - loss: 0.3148 - accuracy: 0.8633
8896/9595 [==========================>...] - ETA: 0s - loss: 0.3147 - accuracy: 0.8635
9024/9595 [===========================>..] - ETA: 0s - loss: 0.3153 - accuracy: 0.8631
9152/9595 [===========================>..] - ETA: 0s - loss: 0.3156 - accuracy: 0.8628
9280/9595 [============================>.] - ETA: 0s - loss: 0.3152 - accuracy: 0.8630
9408/9595 [============================>.] - ETA: 0s - loss: 0.3145 - accuracy: 0.8633
9472/9595 [============================>.] - ETA: 0s - loss: 0.3143 - accuracy: 0.8634
9595/9595 [==============================] - 5s 479us/step - loss: 0.3153 - accuracy: 0.8632 - val_loss: 0.4950 - val_accuracy: 0.7760
Training time:55.051202058792114
