Using TensorFlow backend.
Load data...
Adjusting sequence length for actual size
x_train shape: (9595, 56)
x_test shape: (1067, 56)
Vocabulary Size: 18779
Model type is CNN-non-static
Load existing Word2Vec model '50features_1minwords_10context'
Traceback (most recent call last):
  File "sentiment_cnn.py", line 135, in <module>
    z = Embedding(len(vocabulary_inv), embedding_dim, input_length=sequence_length, name="embedding")(model_input)
  File "/Volumes/Transcend/opt/anaconda3/envs/keras/lib/python3.6/site-packages/keras/legacy/interfaces.py", line 91, in wrapper
    return func(*args, **kwargs)
  File "/Volumes/Transcend/opt/anaconda3/envs/keras/lib/python3.6/site-packages/keras/layers/embeddings.py", line 97, in __init__
    self.embeddings_initializer = initializers.get(embeddings_initializer)
  File "/Volumes/Transcend/opt/anaconda3/envs/keras/lib/python3.6/site-packages/keras/initializers.py", line 518, in get
    return deserialize(config)
  File "/Volumes/Transcend/opt/anaconda3/envs/keras/lib/python3.6/site-packages/keras/initializers.py", line 510, in deserialize
    printable_module_name='initializer')
  File "/Volumes/Transcend/opt/anaconda3/envs/keras/lib/python3.6/site-packages/keras/utils/generic_utils.py", line 140, in deserialize_keras_object
    ': ' + class_name)
ValueError: Unknown initializer: uniform
