Using TensorFlow backend.
WARNING:tensorflow:From /Volumes/Transcend/opt/anaconda3/envs/keras/lib/python3.6/site-packages/tensorflow_core/python/ops/resource_variable_ops.py:1630: calling BaseResourceVariable.__init__ (from tensorflow.python.ops.resource_variable_ops) with constraint is deprecated and will be removed in a future version.
Instructions for updating:
If using Keras pass *_constraint arguments to layers.
WARNING:tensorflow:From /Volumes/Transcend/opt/anaconda3/envs/keras/lib/python3.6/site-packages/keras/backend/tensorflow_backend.py:4070: The name tf.nn.max_pool is deprecated. Please use tf.nn.max_pool2d instead.

WARNING:tensorflow:Large dropout rate: 0.8 (>0.5). In TensorFlow 2.x, dropout() uses dropout rate instead of keep_prob. Please ensure that this is intended.
WARNING:tensorflow:From /Volumes/Transcend/opt/anaconda3/envs/keras/lib/python3.6/site-packages/tensorflow_core/python/ops/nn_impl.py:183: where (from tensorflow.python.ops.array_ops) is deprecated and will be removed in a future version.
Instructions for updating:
Use tf.where in 2.0, which has the same broadcast rule as np.where
2020-02-04 22:43:38.691003: I tensorflow/core/platform/cpu_feature_guard.cc:142] Your CPU supports instructions that this TensorFlow binary was not compiled to use: AVX2 FMA
2020-02-04 22:43:38.731015: I tensorflow/compiler/xla/service/service.cc:168] XLA service 0x7fd59b0fb310 initialized for platform Host (this does not guarantee that XLA will be used). Devices:
2020-02-04 22:43:38.731049: I tensorflow/compiler/xla/service/service.cc:176]   StreamExecutor device (0): Host, Default Version
WARNING:tensorflow:From /Volumes/Transcend/opt/anaconda3/envs/keras/lib/python3.6/site-packages/keras/backend/tensorflow_backend.py:422: The name tf.global_variables is deprecated. Please use tf.compat.v1.global_variables instead.

Load data...
Adjusting sequence length for actual size
x_train shape: (9595, 56)
x_test shape: (1067, 56)
Vocabulary Size: 18779
Model type is CNN-non-static
Load existing Word2Vec model '50features_1minwords_10context'
Initializing embedding layer with word2vec weights, shape (18779, 50)
Train on 9595 samples, validate on 1067 samples
Epoch 1/10
 - 7s - loss: 0.7017 - accuracy: 0.4990 - val_loss: 0.6932 - val_accuracy: 0.5108
Epoch 2/10
 - 5s - loss: 0.6934 - accuracy: 0.5046 - val_loss: 0.6906 - val_accuracy: 0.5820
Epoch 3/10
 - 5s - loss: 0.6894 - accuracy: 0.5350 - val_loss: 0.6846 - val_accuracy: 0.5970
Epoch 4/10
 - 5s - loss: 0.6784 - accuracy: 0.5632 - val_loss: 0.6643 - val_accuracy: 0.6429
Epoch 5/10
 - 5s - loss: 0.6508 - accuracy: 0.6154 - val_loss: 0.6267 - val_accuracy: 0.6795
Epoch 6/10
 - 5s - loss: 0.5900 - accuracy: 0.6884 - val_loss: 0.5577 - val_accuracy: 0.7582
Epoch 7/10
 - 6s - loss: 0.4986 - accuracy: 0.7591 - val_loss: 0.4959 - val_accuracy: 0.7741
Epoch 8/10
 - 6s - loss: 0.4269 - accuracy: 0.8082 - val_loss: 0.4879 - val_accuracy: 0.7713
Epoch 9/10
 - 5s - loss: 0.3728 - accuracy: 0.8364 - val_loss: 0.4823 - val_accuracy: 0.7788
Epoch 10/10
 - 5s - loss: 0.3118 - accuracy: 0.8640 - val_loss: 0.4966 - val_accuracy: 0.7807
Training time:55.803982973098755
