Using TensorFlow backend.
WARNING:tensorflow:From /Volumes/Transcend/opt/anaconda3/envs/keras/lib/python3.6/site-packages/tensorflow_core/python/ops/resource_variable_ops.py:1630: calling BaseResourceVariable.__init__ (from tensorflow.python.ops.resource_variable_ops) with constraint is deprecated and will be removed in a future version.
Instructions for updating:
If using Keras pass *_constraint arguments to layers.
WARNING:tensorflow:From /Volumes/Transcend/opt/anaconda3/envs/keras/lib/python3.6/site-packages/keras/backend/tensorflow_backend.py:4070: The name tf.nn.max_pool is deprecated. Please use tf.nn.max_pool2d instead.

WARNING:tensorflow:Large dropout rate: 0.8 (>0.5). In TensorFlow 2.x, dropout() uses dropout rate instead of keep_prob. Please ensure that this is intended.
WARNING:tensorflow:From /Volumes/Transcend/opt/anaconda3/envs/keras/lib/python3.6/site-packages/tensorflow_core/python/ops/nn_impl.py:183: where (from tensorflow.python.ops.array_ops) is deprecated and will be removed in a future version.
Instructions for updating:
Use tf.where in 2.0, which has the same broadcast rule as np.where
2020-02-04 22:42:31.964942: I tensorflow/core/platform/cpu_feature_guard.cc:142] Your CPU supports instructions that this TensorFlow binary was not compiled to use: AVX2 FMA
2020-02-04 22:42:31.989250: I tensorflow/compiler/xla/service/service.cc:168] XLA service 0x7fefdf7ac610 initialized for platform Host (this does not guarantee that XLA will be used). Devices:
2020-02-04 22:42:31.989272: I tensorflow/compiler/xla/service/service.cc:176]   StreamExecutor device (0): Host, Default Version
WARNING:tensorflow:From /Volumes/Transcend/opt/anaconda3/envs/keras/lib/python3.6/site-packages/keras/backend/tensorflow_backend.py:422: The name tf.global_variables is deprecated. Please use tf.compat.v1.global_variables instead.

Load data...
Adjusting sequence length for actual size
x_train shape: (9595, 56)
x_test shape: (1067, 56)
Vocabulary Size: 18779
Model type is CNN-non-static
Load existing Word2Vec model '50features_1minwords_10context'
Initializing embedding layer with word2vec weights, shape (18779, 50)
Train on 9595 samples, validate on 1067 samples
Epoch 1/10
 - 6s - loss: 0.7017 - accuracy: 0.4954 - val_loss: 0.6934 - val_accuracy: 0.4892
Epoch 2/10
 - 5s - loss: 0.6940 - accuracy: 0.5066 - val_loss: 0.6923 - val_accuracy: 0.5258
Epoch 3/10
 - 5s - loss: 0.6920 - accuracy: 0.5218 - val_loss: 0.6899 - val_accuracy: 0.5867
Epoch 4/10
 - 6s - loss: 0.6855 - accuracy: 0.5456 - val_loss: 0.6754 - val_accuracy: 0.6167
Epoch 5/10
 - 5s - loss: 0.6683 - accuracy: 0.5876 - val_loss: 0.6488 - val_accuracy: 0.6448
Epoch 6/10
 - 5s - loss: 0.6260 - accuracy: 0.6545 - val_loss: 0.5815 - val_accuracy: 0.7320
Epoch 7/10
 - 5s - loss: 0.5393 - accuracy: 0.7287 - val_loss: 0.5097 - val_accuracy: 0.7769
Epoch 8/10
 - 5s - loss: 0.4562 - accuracy: 0.7871 - val_loss: 0.4812 - val_accuracy: 0.7863
Epoch 9/10
 - 5s - loss: 0.3923 - accuracy: 0.8296 - val_loss: 0.4767 - val_accuracy: 0.7751
Epoch 10/10
 - 5s - loss: 0.3282 - accuracy: 0.8577 - val_loss: 0.4965 - val_accuracy: 0.7685
Training time:52.995824098587036
