Using TensorFlow backend.
WARNING:tensorflow:From /Volumes/Transcend/opt/anaconda3/envs/keras/lib/python3.6/site-packages/tensorflow_core/python/ops/resource_variable_ops.py:1630: calling BaseResourceVariable.__init__ (from tensorflow.python.ops.resource_variable_ops) with constraint is deprecated and will be removed in a future version.
Instructions for updating:
If using Keras pass *_constraint arguments to layers.
WARNING:tensorflow:From /Volumes/Transcend/opt/anaconda3/envs/keras/lib/python3.6/site-packages/keras/backend/tensorflow_backend.py:4070: The name tf.nn.max_pool is deprecated. Please use tf.nn.max_pool2d instead.

WARNING:tensorflow:Large dropout rate: 0.8 (>0.5). In TensorFlow 2.x, dropout() uses dropout rate instead of keep_prob. Please ensure that this is intended.
WARNING:tensorflow:From /Volumes/Transcend/opt/anaconda3/envs/keras/lib/python3.6/site-packages/tensorflow_core/python/ops/nn_impl.py:183: where (from tensorflow.python.ops.array_ops) is deprecated and will be removed in a future version.
Instructions for updating:
Use tf.where in 2.0, which has the same broadcast rule as np.where
2020-02-04 22:18:23.714078: I tensorflow/core/platform/cpu_feature_guard.cc:142] Your CPU supports instructions that this TensorFlow binary was not compiled to use: AVX2 FMA
2020-02-04 22:18:23.727457: I tensorflow/compiler/xla/service/service.cc:168] XLA service 0x7f884212fc30 initialized for platform Host (this does not guarantee that XLA will be used). Devices:
2020-02-04 22:18:23.727478: I tensorflow/compiler/xla/service/service.cc:176]   StreamExecutor device (0): Host, Default Version
WARNING:tensorflow:From /Volumes/Transcend/opt/anaconda3/envs/keras/lib/python3.6/site-packages/keras/backend/tensorflow_backend.py:422: The name tf.global_variables is deprecated. Please use tf.compat.v1.global_variables instead.

Load data...
Adjusting sequence length for actual size
x_train shape: (9595, 56)
x_test shape: (1067, 56)
Vocabulary Size: 18779
Model type is CNN-non-static
Load existing Word2Vec model '50features_1minwords_10context'
Initializing embedding layer with word2vec weights, shape (18779, 50)
Train on 9595 samples, validate on 1067 samples
Epoch 1/10
 - 6s - loss: 0.7021 - accuracy: 0.4952 - val_loss: 0.6933 - val_accuracy: 0.4948
Epoch 2/10
 - 5s - loss: 0.6935 - accuracy: 0.5079 - val_loss: 0.6909 - val_accuracy: 0.5464
Epoch 3/10
 - 5s - loss: 0.6912 - accuracy: 0.5233 - val_loss: 0.6865 - val_accuracy: 0.6036
Epoch 4/10
 - 6s - loss: 0.6814 - accuracy: 0.5622 - val_loss: 0.6703 - val_accuracy: 0.6317
Epoch 5/10
 - 6s - loss: 0.6585 - accuracy: 0.6026 - val_loss: 0.6351 - val_accuracy: 0.6607
Epoch 6/10
 - 6s - loss: 0.6026 - accuracy: 0.6721 - val_loss: 0.5646 - val_accuracy: 0.7460
Epoch 7/10
 - 6s - loss: 0.5102 - accuracy: 0.7499 - val_loss: 0.4983 - val_accuracy: 0.7826
Epoch 8/10
 - 6s - loss: 0.4349 - accuracy: 0.8031 - val_loss: 0.4865 - val_accuracy: 0.7910
Epoch 9/10
 - 6s - loss: 0.3733 - accuracy: 0.8386 - val_loss: 0.4793 - val_accuracy: 0.7769
Epoch 10/10
 - 5s - loss: 0.3151 - accuracy: 0.8636 - val_loss: 0.5005 - val_accuracy: 0.7741
Training time:57.018935203552246
