Using TensorFlow backend.
WARNING:tensorflow:From /Volumes/Transcend/opt/anaconda3/envs/keras/lib/python3.6/site-packages/tensorflow_core/python/ops/resource_variable_ops.py:1630: calling BaseResourceVariable.__init__ (from tensorflow.python.ops.resource_variable_ops) with constraint is deprecated and will be removed in a future version.
Instructions for updating:
If using Keras pass *_constraint arguments to layers.
WARNING:tensorflow:From /Volumes/Transcend/opt/anaconda3/envs/keras/lib/python3.6/site-packages/keras/backend/tensorflow_backend.py:4070: The name tf.nn.max_pool is deprecated. Please use tf.nn.max_pool2d instead.

WARNING:tensorflow:Large dropout rate: 0.8 (>0.5). In TensorFlow 2.x, dropout() uses dropout rate instead of keep_prob. Please ensure that this is intended.
WARNING:tensorflow:From /Volumes/Transcend/opt/anaconda3/envs/keras/lib/python3.6/site-packages/tensorflow_core/python/ops/nn_impl.py:183: where (from tensorflow.python.ops.array_ops) is deprecated and will be removed in a future version.
Instructions for updating:
Use tf.where in 2.0, which has the same broadcast rule as np.where
2020-02-04 22:19:40.450853: I tensorflow/core/platform/cpu_feature_guard.cc:142] Your CPU supports instructions that this TensorFlow binary was not compiled to use: AVX2 FMA
2020-02-04 22:19:40.465201: I tensorflow/compiler/xla/service/service.cc:168] XLA service 0x7f8a63938fe0 initialized for platform Host (this does not guarantee that XLA will be used). Devices:
2020-02-04 22:19:40.465223: I tensorflow/compiler/xla/service/service.cc:176]   StreamExecutor device (0): Host, Default Version
WARNING:tensorflow:From /Volumes/Transcend/opt/anaconda3/envs/keras/lib/python3.6/site-packages/keras/backend/tensorflow_backend.py:422: The name tf.global_variables is deprecated. Please use tf.compat.v1.global_variables instead.

Load data...
Adjusting sequence length for actual size
x_train shape: (9595, 56)
x_test shape: (1067, 56)
Vocabulary Size: 18779
Model type is CNN-non-static
Load existing Word2Vec model '50features_1minwords_10context'
Initializing embedding layer with word2vec weights, shape (18779, 50)
Train on 9595 samples, validate on 1067 samples
Epoch 1/10
 - 6s - loss: 0.7021 - accuracy: 0.4967 - val_loss: 0.6933 - val_accuracy: 0.4939
Epoch 2/10
 - 5s - loss: 0.6930 - accuracy: 0.5132 - val_loss: 0.6904 - val_accuracy: 0.5820
Epoch 3/10
 - 5s - loss: 0.6897 - accuracy: 0.5286 - val_loss: 0.6855 - val_accuracy: 0.6054
Epoch 4/10
 - 5s - loss: 0.6780 - accuracy: 0.5621 - val_loss: 0.6646 - val_accuracy: 0.6467
Epoch 5/10
 - 5s - loss: 0.6517 - accuracy: 0.6148 - val_loss: 0.6316 - val_accuracy: 0.6654
Epoch 6/10
 - 5s - loss: 0.5999 - accuracy: 0.6829 - val_loss: 0.5600 - val_accuracy: 0.7563
Epoch 7/10
 - 5s - loss: 0.5103 - accuracy: 0.7547 - val_loss: 0.4958 - val_accuracy: 0.7807
Epoch 8/10
 - 5s - loss: 0.4301 - accuracy: 0.8046 - val_loss: 0.4814 - val_accuracy: 0.7788
Epoch 9/10
 - 5s - loss: 0.3676 - accuracy: 0.8388 - val_loss: 0.4797 - val_accuracy: 0.7835
Epoch 10/10
 - 5s - loss: 0.3087 - accuracy: 0.8642 - val_loss: 0.4935 - val_accuracy: 0.7779
Training time:49.81445121765137
