Using TensorFlow backend.
WARNING:tensorflow:From /Volumes/Transcend/opt/anaconda3/envs/keras/lib/python3.6/site-packages/tensorflow_core/python/ops/resource_variable_ops.py:1630: calling BaseResourceVariable.__init__ (from tensorflow.python.ops.resource_variable_ops) with constraint is deprecated and will be removed in a future version.
Instructions for updating:
If using Keras pass *_constraint arguments to layers.
WARNING:tensorflow:From /Volumes/Transcend/opt/anaconda3/envs/keras/lib/python3.6/site-packages/keras/backend/tensorflow_backend.py:4070: The name tf.nn.max_pool is deprecated. Please use tf.nn.max_pool2d instead.

WARNING:tensorflow:Large dropout rate: 0.8 (>0.5). In TensorFlow 2.x, dropout() uses dropout rate instead of keep_prob. Please ensure that this is intended.
WARNING:tensorflow:From /Volumes/Transcend/opt/anaconda3/envs/keras/lib/python3.6/site-packages/tensorflow_core/python/ops/nn_impl.py:183: where (from tensorflow.python.ops.array_ops) is deprecated and will be removed in a future version.
Instructions for updating:
Use tf.where in 2.0, which has the same broadcast rule as np.where
2020-02-12 19:59:46.930862: I tensorflow/core/platform/cpu_feature_guard.cc:142] Your CPU supports instructions that this TensorFlow binary was not compiled to use: AVX2 FMA
2020-02-12 19:59:46.966794: I tensorflow/compiler/xla/service/service.cc:168] XLA service 0x7fe43bf6e990 initialized for platform Host (this does not guarantee that XLA will be used). Devices:
2020-02-12 19:59:46.966817: I tensorflow/compiler/xla/service/service.cc:176]   StreamExecutor device (0): Host, Default Version
WARNING:tensorflow:From /Volumes/Transcend/opt/anaconda3/envs/keras/lib/python3.6/site-packages/keras/backend/tensorflow_backend.py:422: The name tf.global_variables is deprecated. Please use tf.compat.v1.global_variables instead.

Load data...
Adjusting sequence length for actual size
x_train shape: (9595, 56)
x_test shape: (1067, 56)
Vocabulary Size: 18779
Model type is CNN-non-static
Load existing Word2Vec model '50features_1minwords_10context'
Initializing embedding layer with word2vec weights, shape (18779, 50)
Train on 9595 samples, validate on 1067 samples
Epoch 1/10
 - 5s - loss: 0.7019 - accuracy: 0.4950 - val_loss: 0.6933 - val_accuracy: 0.4911
Epoch 2/10
 - 5s - loss: 0.6938 - accuracy: 0.5115 - val_loss: 0.6916 - val_accuracy: 0.5305
Epoch 3/10
 - 5s - loss: 0.6913 - accuracy: 0.5238 - val_loss: 0.6894 - val_accuracy: 0.6017
Epoch 4/10
 - 5s - loss: 0.6828 - accuracy: 0.5549 - val_loss: 0.6749 - val_accuracy: 0.6261
Epoch 5/10
 - 5s - loss: 0.6600 - accuracy: 0.5992 - val_loss: 0.6385 - val_accuracy: 0.6551
Epoch 6/10
 - 5s - loss: 0.6072 - accuracy: 0.6685 - val_loss: 0.5734 - val_accuracy: 0.7498
Epoch 7/10
 - 6s - loss: 0.5149 - accuracy: 0.7459 - val_loss: 0.4991 - val_accuracy: 0.7816
Epoch 8/10
 - 6s - loss: 0.4376 - accuracy: 0.8010 - val_loss: 0.4821 - val_accuracy: 0.7844
Epoch 9/10
 - 6s - loss: 0.3741 - accuracy: 0.8370 - val_loss: 0.4777 - val_accuracy: 0.7816
Epoch 10/10
 - 6s - loss: 0.3236 - accuracy: 0.8579 - val_loss: 0.4930 - val_accuracy: 0.7798
Training time:55.92367100715637
