Using TensorFlow backend.
WARNING:tensorflow:From /Volumes/Transcend/opt/anaconda3/envs/keras/lib/python3.6/site-packages/tensorflow_core/python/ops/resource_variable_ops.py:1630: calling BaseResourceVariable.__init__ (from tensorflow.python.ops.resource_variable_ops) with constraint is deprecated and will be removed in a future version.
Instructions for updating:
If using Keras pass *_constraint arguments to layers.
WARNING:tensorflow:From /Volumes/Transcend/opt/anaconda3/envs/keras/lib/python3.6/site-packages/keras/backend/tensorflow_backend.py:4070: The name tf.nn.max_pool is deprecated. Please use tf.nn.max_pool2d instead.

WARNING:tensorflow:Large dropout rate: 0.8 (>0.5). In TensorFlow 2.x, dropout() uses dropout rate instead of keep_prob. Please ensure that this is intended.
WARNING:tensorflow:From /Volumes/Transcend/opt/anaconda3/envs/keras/lib/python3.6/site-packages/tensorflow_core/python/ops/nn_impl.py:183: where (from tensorflow.python.ops.array_ops) is deprecated and will be removed in a future version.
Instructions for updating:
Use tf.where in 2.0, which has the same broadcast rule as np.where
2020-02-12 20:00:49.918990: I tensorflow/core/platform/cpu_feature_guard.cc:142] Your CPU supports instructions that this TensorFlow binary was not compiled to use: AVX2 FMA
2020-02-12 20:00:49.935628: I tensorflow/compiler/xla/service/service.cc:168] XLA service 0x7f9517af2060 initialized for platform Host (this does not guarantee that XLA will be used). Devices:
2020-02-12 20:00:49.935650: I tensorflow/compiler/xla/service/service.cc:176]   StreamExecutor device (0): Host, Default Version
WARNING:tensorflow:From /Volumes/Transcend/opt/anaconda3/envs/keras/lib/python3.6/site-packages/keras/backend/tensorflow_backend.py:422: The name tf.global_variables is deprecated. Please use tf.compat.v1.global_variables instead.

Load data...
Adjusting sequence length for actual size
x_train shape: (9595, 56)
x_test shape: (1067, 56)
Vocabulary Size: 18779
Model type is CNN-non-static
Load existing Word2Vec model '50features_1minwords_10context'
Initializing embedding layer with word2vec weights, shape (18779, 50)
Train on 9595 samples, validate on 1067 samples
Epoch 1/10
 - 6s - loss: 0.7277 - accuracy: 0.5092 - val_loss: 0.6814 - val_accuracy: 0.5736
Epoch 2/10
 - 6s - loss: 0.6988 - accuracy: 0.5375 - val_loss: 0.6644 - val_accuracy: 0.6007
Epoch 3/10
 - 5s - loss: 0.6751 - accuracy: 0.5807 - val_loss: 0.6333 - val_accuracy: 0.6289
Epoch 4/10
 - 5s - loss: 0.6063 - accuracy: 0.6699 - val_loss: 0.5457 - val_accuracy: 0.7348
Epoch 5/10
 - 6s - loss: 0.4881 - accuracy: 0.7638 - val_loss: 0.4917 - val_accuracy: 0.7816
Epoch 6/10
 - 5s - loss: 0.4011 - accuracy: 0.8215 - val_loss: 0.4861 - val_accuracy: 0.7844
Epoch 7/10
 - 7s - loss: 0.3227 - accuracy: 0.8636 - val_loss: 0.5066 - val_accuracy: 0.7816
Epoch 8/10
 - 6s - loss: 0.2712 - accuracy: 0.8868 - val_loss: 0.5414 - val_accuracy: 0.7769
Epoch 9/10
 - 5s - loss: 0.2415 - accuracy: 0.8978 - val_loss: 0.5624 - val_accuracy: 0.7779
Epoch 10/10
 - 5s - loss: 0.2020 - accuracy: 0.9199 - val_loss: 0.5994 - val_accuracy: 0.7694
Training time:58.41434288024902
