Using TensorFlow backend.
WARNING:tensorflow:From /Volumes/Transcend/opt/anaconda3/envs/keras/lib/python3.6/site-packages/tensorflow_core/python/ops/resource_variable_ops.py:1630: calling BaseResourceVariable.__init__ (from tensorflow.python.ops.resource_variable_ops) with constraint is deprecated and will be removed in a future version.
Instructions for updating:
If using Keras pass *_constraint arguments to layers.
WARNING:tensorflow:From /Volumes/Transcend/opt/anaconda3/envs/keras/lib/python3.6/site-packages/keras/backend/tensorflow_backend.py:4070: The name tf.nn.max_pool is deprecated. Please use tf.nn.max_pool2d instead.

WARNING:tensorflow:Large dropout rate: 0.8 (>0.5). In TensorFlow 2.x, dropout() uses dropout rate instead of keep_prob. Please ensure that this is intended.
WARNING:tensorflow:From /Volumes/Transcend/opt/anaconda3/envs/keras/lib/python3.6/site-packages/tensorflow_core/python/ops/nn_impl.py:183: where (from tensorflow.python.ops.array_ops) is deprecated and will be removed in a future version.
Instructions for updating:
Use tf.where in 2.0, which has the same broadcast rule as np.where
2020-02-12 20:04:00.632609: I tensorflow/core/platform/cpu_feature_guard.cc:142] Your CPU supports instructions that this TensorFlow binary was not compiled to use: AVX2 FMA
2020-02-12 20:04:00.648628: I tensorflow/compiler/xla/service/service.cc:168] XLA service 0x7fa435eee410 initialized for platform Host (this does not guarantee that XLA will be used). Devices:
2020-02-12 20:04:00.648650: I tensorflow/compiler/xla/service/service.cc:176]   StreamExecutor device (0): Host, Default Version
WARNING:tensorflow:From /Volumes/Transcend/opt/anaconda3/envs/keras/lib/python3.6/site-packages/keras/backend/tensorflow_backend.py:422: The name tf.global_variables is deprecated. Please use tf.compat.v1.global_variables instead.

Load data...
Adjusting sequence length for actual size
x_train shape: (9595, 56)
x_test shape: (1067, 56)
Vocabulary Size: 18779
Model type is CNN-non-static
Load existing Word2Vec model '50features_1minwords_10context'
Initializing embedding layer with word2vec weights, shape (18779, 50)
Train on 9595 samples, validate on 1067 samples
Epoch 1/10
 - 5s - loss: 0.7019 - accuracy: 0.4964 - val_loss: 0.6933 - val_accuracy: 0.4986
Epoch 2/10
 - 5s - loss: 0.6933 - accuracy: 0.5152 - val_loss: 0.6910 - val_accuracy: 0.5586
Epoch 3/10
 - 5s - loss: 0.6905 - accuracy: 0.5246 - val_loss: 0.6869 - val_accuracy: 0.5914
Epoch 4/10
 - 5s - loss: 0.6828 - accuracy: 0.5520 - val_loss: 0.6719 - val_accuracy: 0.6261
Epoch 5/10
 - 6s - loss: 0.6607 - accuracy: 0.5966 - val_loss: 0.6415 - val_accuracy: 0.6410
Epoch 6/10
 - 5s - loss: 0.6169 - accuracy: 0.6553 - val_loss: 0.5787 - val_accuracy: 0.7516
Epoch 7/10
 - 5s - loss: 0.5310 - accuracy: 0.7358 - val_loss: 0.5042 - val_accuracy: 0.7910
Epoch 8/10
 - 5s - loss: 0.4461 - accuracy: 0.7908 - val_loss: 0.4972 - val_accuracy: 0.7788
Epoch 9/10
 - 5s - loss: 0.3815 - accuracy: 0.8290 - val_loss: 0.4919 - val_accuracy: 0.7882
Epoch 10/10
 - 5s - loss: 0.3295 - accuracy: 0.8573 - val_loss: 0.5108 - val_accuracy: 0.7788
Training time:53.01880598068237
