Using TensorFlow backend.
WARNING:tensorflow:From /Volumes/Transcend/opt/anaconda3/envs/keras/lib/python3.6/site-packages/tensorflow_core/python/ops/resource_variable_ops.py:1630: calling BaseResourceVariable.__init__ (from tensorflow.python.ops.resource_variable_ops) with constraint is deprecated and will be removed in a future version.
Instructions for updating:
If using Keras pass *_constraint arguments to layers.
WARNING:tensorflow:From /Volumes/Transcend/opt/anaconda3/envs/keras/lib/python3.6/site-packages/keras/backend/tensorflow_backend.py:4070: The name tf.nn.max_pool is deprecated. Please use tf.nn.max_pool2d instead.

WARNING:tensorflow:Large dropout rate: 0.8 (>0.5). In TensorFlow 2.x, dropout() uses dropout rate instead of keep_prob. Please ensure that this is intended.
2020-02-12 20:04:59.911175: I tensorflow/core/platform/cpu_feature_guard.cc:142] Your CPU supports instructions that this TensorFlow binary was not compiled to use: AVX2 FMA
2020-02-12 20:04:59.925735: I tensorflow/compiler/xla/service/service.cc:168] XLA service 0x7faf7023b700 initialized for platform Host (this does not guarantee that XLA will be used). Devices:
2020-02-12 20:04:59.925766: I tensorflow/compiler/xla/service/service.cc:176]   StreamExecutor device (0): Host, Default Version
WARNING:tensorflow:From /Volumes/Transcend/opt/anaconda3/envs/keras/lib/python3.6/site-packages/tensorflow_core/python/ops/math_grad.py:1424: where (from tensorflow.python.ops.array_ops) is deprecated and will be removed in a future version.
Instructions for updating:
Use tf.where in 2.0, which has the same broadcast rule as np.where
WARNING:tensorflow:From /Volumes/Transcend/opt/anaconda3/envs/keras/lib/python3.6/site-packages/keras/backend/tensorflow_backend.py:422: The name tf.global_variables is deprecated. Please use tf.compat.v1.global_variables instead.

Load data...
Adjusting sequence length for actual size
x_train shape: (9595, 56)
x_test shape: (1067, 56)
Vocabulary Size: 18779
Model type is CNN-non-static
Load existing Word2Vec model '50features_1minwords_10context'
Initializing embedding layer with word2vec weights, shape (18779, 50)
Train on 9595 samples, validate on 1067 samples
Epoch 1/10
 - 7s - loss: 6.4662 - accuracy: 0.1924 - val_loss: 7.5173 - val_accuracy: 0.0000e+00
Epoch 2/10
 - 7s - loss: 6.8808 - accuracy: 0.1035 - val_loss: 3.4063 - val_accuracy: 0.5117
Epoch 3/10
 - 7s - loss: 7.0371 - accuracy: 0.0870 - val_loss: 7.5173 - val_accuracy: 0.0000e+00
Epoch 4/10
 - 7s - loss: 7.5468 - accuracy: 0.0264 - val_loss: 7.5173 - val_accuracy: 0.0000e+00
Epoch 5/10
 - 6s - loss: 7.6904 - accuracy: 0.0072 - val_loss: 7.5173 - val_accuracy: 0.0000e+00
Epoch 6/10
 - 5s - loss: 7.6572 - accuracy: 0.0116 - val_loss: 7.5173 - val_accuracy: 0.0000e+00
Epoch 7/10
 - 5s - loss: 7.6291 - accuracy: 0.0134 - val_loss: 7.5173 - val_accuracy: 0.0000e+00
Epoch 8/10
 - 5s - loss: 7.5909 - accuracy: 0.0162 - val_loss: 7.5173 - val_accuracy: 0.0000e+00
Epoch 9/10
 - 5s - loss: 7.6736 - accuracy: 0.0146 - val_loss: 7.5173 - val_accuracy: 0.0000e+00
Epoch 10/10
 - 5s - loss: 7.5044 - accuracy: 0.0207 - val_loss: 7.5173 - val_accuracy: 0.0000e+00
Training time:58.76871991157532
