Using TensorFlow backend.
WARNING:tensorflow:From /Volumes/Transcend/opt/anaconda3/envs/keras/lib/python3.6/site-packages/tensorflow_core/python/ops/resource_variable_ops.py:1630: calling BaseResourceVariable.__init__ (from tensorflow.python.ops.resource_variable_ops) with constraint is deprecated and will be removed in a future version.
Instructions for updating:
If using Keras pass *_constraint arguments to layers.
WARNING:tensorflow:From /Volumes/Transcend/opt/anaconda3/envs/keras/lib/python3.6/site-packages/keras/backend/tensorflow_backend.py:4070: The name tf.nn.max_pool is deprecated. Please use tf.nn.max_pool2d instead.

WARNING:tensorflow:Large dropout rate: 0.8 (>0.5). In TensorFlow 2.x, dropout() uses dropout rate instead of keep_prob. Please ensure that this is intended.
WARNING:tensorflow:From /Volumes/Transcend/opt/anaconda3/envs/keras/lib/python3.6/site-packages/tensorflow_core/python/ops/nn_impl.py:183: where (from tensorflow.python.ops.array_ops) is deprecated and will be removed in a future version.
Instructions for updating:
Use tf.where in 2.0, which has the same broadcast rule as np.where
2020-02-04 14:41:05.917204: I tensorflow/core/platform/cpu_feature_guard.cc:142] Your CPU supports instructions that this TensorFlow binary was not compiled to use: AVX2 FMA
2020-02-04 14:41:06.091920: I tensorflow/compiler/xla/service/service.cc:168] XLA service 0x7ff45a0b89f0 initialized for platform Host (this does not guarantee that XLA will be used). Devices:
2020-02-04 14:41:06.091947: I tensorflow/compiler/xla/service/service.cc:176]   StreamExecutor device (0): Host, Default Version
WARNING:tensorflow:From /Volumes/Transcend/opt/anaconda3/envs/keras/lib/python3.6/site-packages/keras/backend/tensorflow_backend.py:422: The name tf.global_variables is deprecated. Please use tf.compat.v1.global_variables instead.

Load data...
Adjusting sequence length for actual size
x_train shape: (9595, 56)
x_test shape: (1067, 56)
Vocabulary Size: 18779
Model type is CNN-non-static
Load existing Word2Vec model '50features_1minwords_10context'
Initializing embedding layer with word2vec weights, shape (18779, 50)
Train on 9595 samples, validate on 1067 samples
Epoch 2/10
 - 6s - loss: 0.7019 - accuracy: 0.4988 - val_loss: 0.6932 - val_accuracy: 0.4958
Epoch 3/10
 - 8s - loss: 0.6932 - accuracy: 0.5081 - val_loss: 0.6905 - val_accuracy: 0.5886
Epoch 4/10
 - 6s - loss: 0.6895 - accuracy: 0.5240 - val_loss: 0.6851 - val_accuracy: 0.6101
Epoch 5/10
 - 6s - loss: 0.6792 - accuracy: 0.5630 - val_loss: 0.6654 - val_accuracy: 0.6429
Epoch 6/10
 - 5s - loss: 0.6531 - accuracy: 0.6047 - val_loss: 0.6246 - val_accuracy: 0.6785
Epoch 7/10
 - 6s - loss: 0.6016 - accuracy: 0.6723 - val_loss: 0.5627 - val_accuracy: 0.7629
Epoch 8/10
 - 6s - loss: 0.5108 - accuracy: 0.7505 - val_loss: 0.4948 - val_accuracy: 0.7741
Epoch 9/10
 - 5s - loss: 0.4320 - accuracy: 0.8031 - val_loss: 0.4850 - val_accuracy: 0.7919
Epoch 10/10
 - 5s - loss: 0.3762 - accuracy: 0.8331 - val_loss: 0.4846 - val_accuracy: 0.7863
Epoch 11/10
 - 5s - loss: 0.3198 - accuracy: 0.8612 - val_loss: 0.4955 - val_accuracy: 0.7779
Training time:59.45309591293335
