Using TensorFlow backend.
WARNING:tensorflow:From /Volumes/Transcend/opt/anaconda3/envs/keras/lib/python3.6/site-packages/tensorflow_core/python/ops/resource_variable_ops.py:1630: calling BaseResourceVariable.__init__ (from tensorflow.python.ops.resource_variable_ops) with constraint is deprecated and will be removed in a future version.
Instructions for updating:
If using Keras pass *_constraint arguments to layers.
WARNING:tensorflow:From /Volumes/Transcend/opt/anaconda3/envs/keras/lib/python3.6/site-packages/keras/backend/tensorflow_backend.py:4070: The name tf.nn.max_pool is deprecated. Please use tf.nn.max_pool2d instead.

WARNING:tensorflow:Large dropout rate: 0.8 (>0.5). In TensorFlow 2.x, dropout() uses dropout rate instead of keep_prob. Please ensure that this is intended.
WARNING:tensorflow:From /Volumes/Transcend/opt/anaconda3/envs/keras/lib/python3.6/site-packages/tensorflow_core/python/ops/nn_impl.py:183: where (from tensorflow.python.ops.array_ops) is deprecated and will be removed in a future version.
Instructions for updating:
Use tf.where in 2.0, which has the same broadcast rule as np.where
2020-02-04 14:43:17.004559: I tensorflow/core/platform/cpu_feature_guard.cc:142] Your CPU supports instructions that this TensorFlow binary was not compiled to use: AVX2 FMA
2020-02-04 14:43:17.019249: I tensorflow/compiler/xla/service/service.cc:168] XLA service 0x7ff3a694bef0 initialized for platform Host (this does not guarantee that XLA will be used). Devices:
2020-02-04 14:43:17.019271: I tensorflow/compiler/xla/service/service.cc:176]   StreamExecutor device (0): Host, Default Version
WARNING:tensorflow:From /Volumes/Transcend/opt/anaconda3/envs/keras/lib/python3.6/site-packages/keras/backend/tensorflow_backend.py:422: The name tf.global_variables is deprecated. Please use tf.compat.v1.global_variables instead.

Load data...
Adjusting sequence length for actual size
x_train shape: (9595, 56)
x_test shape: (1067, 56)
Vocabulary Size: 18779
Model type is CNN-non-static
Load existing Word2Vec model '50features_1minwords_10context'
Initializing embedding layer with word2vec weights, shape (18779, 50)
Train on 9595 samples, validate on 1067 samples
Epoch 2/10
 - 5s - loss: 0.7017 - accuracy: 0.4976 - val_loss: 0.6933 - val_accuracy: 0.4892
Epoch 3/10
 - 5s - loss: 0.6943 - accuracy: 0.5045 - val_loss: 0.6934 - val_accuracy: 0.5042
Epoch 4/10
 - 5s - loss: 0.6926 - accuracy: 0.5119 - val_loss: 0.6908 - val_accuracy: 0.5848
Epoch 5/10
 - 5s - loss: 0.6876 - accuracy: 0.5414 - val_loss: 0.6800 - val_accuracy: 0.6139
Epoch 6/10
 - 5s - loss: 0.6713 - accuracy: 0.5837 - val_loss: 0.6485 - val_accuracy: 0.6401
Epoch 7/10
 - 5s - loss: 0.6252 - accuracy: 0.6509 - val_loss: 0.5828 - val_accuracy: 0.7291
Epoch 8/10
 - 5s - loss: 0.5311 - accuracy: 0.7341 - val_loss: 0.5061 - val_accuracy: 0.7741
Epoch 9/10
 - 6s - loss: 0.4525 - accuracy: 0.7935 - val_loss: 0.4855 - val_accuracy: 0.7816
Epoch 10/10
 - 6s - loss: 0.3905 - accuracy: 0.8271 - val_loss: 0.4776 - val_accuracy: 0.7779
Epoch 11/10
 - 5s - loss: 0.3360 - accuracy: 0.8557 - val_loss: 0.4980 - val_accuracy: 0.7751
Training time:51.65267825126648
