Using TensorFlow backend.
WARNING:tensorflow:From /Volumes/Transcend/opt/anaconda3/envs/keras/lib/python3.6/site-packages/tensorflow_core/python/ops/resource_variable_ops.py:1630: calling BaseResourceVariable.__init__ (from tensorflow.python.ops.resource_variable_ops) with constraint is deprecated and will be removed in a future version.
Instructions for updating:
If using Keras pass *_constraint arguments to layers.
WARNING:tensorflow:From /Volumes/Transcend/opt/anaconda3/envs/keras/lib/python3.6/site-packages/keras/backend/tensorflow_backend.py:4070: The name tf.nn.max_pool is deprecated. Please use tf.nn.max_pool2d instead.

WARNING:tensorflow:Large dropout rate: 0.8 (>0.5). In TensorFlow 2.x, dropout() uses dropout rate instead of keep_prob. Please ensure that this is intended.
WARNING:tensorflow:From /Volumes/Transcend/opt/anaconda3/envs/keras/lib/python3.6/site-packages/tensorflow_core/python/ops/nn_impl.py:183: where (from tensorflow.python.ops.array_ops) is deprecated and will be removed in a future version.
Instructions for updating:
Use tf.where in 2.0, which has the same broadcast rule as np.where
2020-02-04 14:44:15.076190: I tensorflow/core/platform/cpu_feature_guard.cc:142] Your CPU supports instructions that this TensorFlow binary was not compiled to use: AVX2 FMA
2020-02-04 14:44:15.089675: I tensorflow/compiler/xla/service/service.cc:168] XLA service 0x7fb7a87aa560 initialized for platform Host (this does not guarantee that XLA will be used). Devices:
2020-02-04 14:44:15.089697: I tensorflow/compiler/xla/service/service.cc:176]   StreamExecutor device (0): Host, Default Version
WARNING:tensorflow:From /Volumes/Transcend/opt/anaconda3/envs/keras/lib/python3.6/site-packages/keras/backend/tensorflow_backend.py:422: The name tf.global_variables is deprecated. Please use tf.compat.v1.global_variables instead.

Load data...
Adjusting sequence length for actual size
x_train shape: (9595, 56)
x_test shape: (1067, 56)
Vocabulary Size: 18779
Model type is CNN-non-static
Load existing Word2Vec model '50features_1minwords_10context'
Initializing embedding layer with word2vec weights, shape (18779, 50)
Train on 9595 samples, validate on 1067 samples
Epoch 2/10
 - 6s - loss: 0.7020 - accuracy: 0.4949 - val_loss: 0.6933 - val_accuracy: 0.4986
Epoch 3/10
 - 6s - loss: 0.6939 - accuracy: 0.5129 - val_loss: 0.6926 - val_accuracy: 0.5014
Epoch 4/10
 - 6s - loss: 0.6916 - accuracy: 0.5200 - val_loss: 0.6891 - val_accuracy: 0.5886
Epoch 5/10
 - 6s - loss: 0.6830 - accuracy: 0.5603 - val_loss: 0.6738 - val_accuracy: 0.6298
Epoch 6/10
 - 5s - loss: 0.6608 - accuracy: 0.6020 - val_loss: 0.6395 - val_accuracy: 0.6635
Epoch 7/10
 - 5s - loss: 0.6042 - accuracy: 0.6754 - val_loss: 0.5714 - val_accuracy: 0.7395
Epoch 8/10
 - 5s - loss: 0.5108 - accuracy: 0.7504 - val_loss: 0.4974 - val_accuracy: 0.7835
Epoch 9/10
 - 5s - loss: 0.4368 - accuracy: 0.8017 - val_loss: 0.4817 - val_accuracy: 0.7816
Epoch 10/10
 - 6s - loss: 0.3712 - accuracy: 0.8356 - val_loss: 0.4832 - val_accuracy: 0.7741
Epoch 11/10
 - 6s - loss: 0.3153 - accuracy: 0.8632 - val_loss: 0.4999 - val_accuracy: 0.7751
Training time:56.63363194465637
