Using TensorFlow backend.
WARNING:tensorflow:From /Volumes/Transcend/opt/anaconda3/envs/keras/lib/python3.6/site-packages/tensorflow_core/python/ops/resource_variable_ops.py:1630: calling BaseResourceVariable.__init__ (from tensorflow.python.ops.resource_variable_ops) with constraint is deprecated and will be removed in a future version.
Instructions for updating:
If using Keras pass *_constraint arguments to layers.
WARNING:tensorflow:From /Volumes/Transcend/opt/anaconda3/envs/keras/lib/python3.6/site-packages/keras/backend/tensorflow_backend.py:4070: The name tf.nn.max_pool is deprecated. Please use tf.nn.max_pool2d instead.

WARNING:tensorflow:Large dropout rate: 0.8 (>0.5). In TensorFlow 2.x, dropout() uses dropout rate instead of keep_prob. Please ensure that this is intended.
WARNING:tensorflow:From /Volumes/Transcend/opt/anaconda3/envs/keras/lib/python3.6/site-packages/tensorflow_core/python/ops/nn_impl.py:183: where (from tensorflow.python.ops.array_ops) is deprecated and will be removed in a future version.
Instructions for updating:
Use tf.where in 2.0, which has the same broadcast rule as np.where
2020-02-04 14:46:22.518969: I tensorflow/core/platform/cpu_feature_guard.cc:142] Your CPU supports instructions that this TensorFlow binary was not compiled to use: AVX2 FMA
2020-02-04 14:46:22.535298: I tensorflow/compiler/xla/service/service.cc:168] XLA service 0x7fd5a97b9da0 initialized for platform Host (this does not guarantee that XLA will be used). Devices:
2020-02-04 14:46:22.535319: I tensorflow/compiler/xla/service/service.cc:176]   StreamExecutor device (0): Host, Default Version
WARNING:tensorflow:From /Volumes/Transcend/opt/anaconda3/envs/keras/lib/python3.6/site-packages/keras/backend/tensorflow_backend.py:422: The name tf.global_variables is deprecated. Please use tf.compat.v1.global_variables instead.

Load data...
Adjusting sequence length for actual size
x_train shape: (9595, 56)
x_test shape: (1067, 56)
Vocabulary Size: 18779
Model type is CNN-non-static
Load existing Word2Vec model '50features_1minwords_10context'
Initializing embedding layer with word2vec weights, shape (18779, 50)
Train on 9595 samples, validate on 1067 samples
Epoch 2/10
 - 6s - loss: 0.7017 - accuracy: 0.4985 - val_loss: 0.6933 - val_accuracy: 0.4827
Epoch 3/10
 - 6s - loss: 0.6937 - accuracy: 0.5105 - val_loss: 0.6922 - val_accuracy: 0.5661
Epoch 4/10
 - 5s - loss: 0.6909 - accuracy: 0.5243 - val_loss: 0.6867 - val_accuracy: 0.5961
Epoch 5/10
 - 5s - loss: 0.6819 - accuracy: 0.5571 - val_loss: 0.6676 - val_accuracy: 0.6298
Epoch 6/10
 - 5s - loss: 0.6577 - accuracy: 0.6044 - val_loss: 0.6373 - val_accuracy: 0.6532
Epoch 7/10
 - 6s - loss: 0.6003 - accuracy: 0.6754 - val_loss: 0.5643 - val_accuracy: 0.7488
Epoch 8/10
 - 6s - loss: 0.5056 - accuracy: 0.7535 - val_loss: 0.4943 - val_accuracy: 0.7788
Epoch 9/10
 - 5s - loss: 0.4268 - accuracy: 0.8058 - val_loss: 0.4874 - val_accuracy: 0.7798
Epoch 10/10
 - 5s - loss: 0.3658 - accuracy: 0.8366 - val_loss: 0.4789 - val_accuracy: 0.7788
Epoch 11/10
 - 5s - loss: 0.3165 - accuracy: 0.8629 - val_loss: 0.5006 - val_accuracy: 0.7732
Training time:53.822080850601196
