Using TensorFlow backend.
WARNING:tensorflow:From /Volumes/Transcend/opt/anaconda3/envs/keras/lib/python3.6/site-packages/tensorflow_core/python/ops/resource_variable_ops.py:1630: calling BaseResourceVariable.__init__ (from tensorflow.python.ops.resource_variable_ops) with constraint is deprecated and will be removed in a future version.
Instructions for updating:
If using Keras pass *_constraint arguments to layers.
WARNING:tensorflow:From /Volumes/Transcend/opt/anaconda3/envs/keras/lib/python3.6/site-packages/keras/backend/tensorflow_backend.py:4070: The name tf.nn.max_pool is deprecated. Please use tf.nn.max_pool2d instead.

WARNING:tensorflow:Large dropout rate: 0.8 (>0.5). In TensorFlow 2.x, dropout() uses dropout rate instead of keep_prob. Please ensure that this is intended.
WARNING:tensorflow:From /Volumes/Transcend/opt/anaconda3/envs/keras/lib/python3.6/site-packages/tensorflow_core/python/ops/nn_impl.py:183: where (from tensorflow.python.ops.array_ops) is deprecated and will be removed in a future version.
Instructions for updating:
Use tf.where in 2.0, which has the same broadcast rule as np.where
2020-02-04 14:47:22.089258: I tensorflow/core/platform/cpu_feature_guard.cc:142] Your CPU supports instructions that this TensorFlow binary was not compiled to use: AVX2 FMA
2020-02-04 14:47:22.105436: I tensorflow/compiler/xla/service/service.cc:168] XLA service 0x7fe67792e870 initialized for platform Host (this does not guarantee that XLA will be used). Devices:
2020-02-04 14:47:22.105462: I tensorflow/compiler/xla/service/service.cc:176]   StreamExecutor device (0): Host, Default Version
WARNING:tensorflow:From /Volumes/Transcend/opt/anaconda3/envs/keras/lib/python3.6/site-packages/keras/backend/tensorflow_backend.py:422: The name tf.global_variables is deprecated. Please use tf.compat.v1.global_variables instead.

Load data...
Adjusting sequence length for actual size
x_train shape: (9595, 56)
x_test shape: (1067, 56)
Vocabulary Size: 18779
Model type is CNN-non-static
Load existing Word2Vec model '50features_1minwords_10context'
Initializing embedding layer with word2vec weights, shape (18779, 50)
Train on 9595 samples, validate on 1067 samples
Epoch 2/10
 - 6s - loss: 0.7019 - accuracy: 0.4971 - val_loss: 0.6932 - val_accuracy: 0.4845
Epoch 3/10
 - 5s - loss: 0.6930 - accuracy: 0.5109 - val_loss: 0.6906 - val_accuracy: 0.5745
Epoch 4/10
 - 6s - loss: 0.6895 - accuracy: 0.5293 - val_loss: 0.6823 - val_accuracy: 0.5961
Epoch 5/10
 - 5s - loss: 0.6789 - accuracy: 0.5659 - val_loss: 0.6646 - val_accuracy: 0.6354
Epoch 6/10
 - 6s - loss: 0.6529 - accuracy: 0.6135 - val_loss: 0.6277 - val_accuracy: 0.6776
Epoch 7/10
 - 5s - loss: 0.5932 - accuracy: 0.6830 - val_loss: 0.5587 - val_accuracy: 0.7395
Epoch 8/10
 - 5s - loss: 0.5013 - accuracy: 0.7584 - val_loss: 0.4968 - val_accuracy: 0.7854
Epoch 9/10
 - 5s - loss: 0.4274 - accuracy: 0.8041 - val_loss: 0.4853 - val_accuracy: 0.7760
Epoch 10/10
 - 6s - loss: 0.3733 - accuracy: 0.8328 - val_loss: 0.4887 - val_accuracy: 0.7779
Epoch 11/10
 - 5s - loss: 0.3226 - accuracy: 0.8566 - val_loss: 0.5023 - val_accuracy: 0.7769
Training time:53.492339849472046
