loading data... data loaded!
model architecture: CNN-non-static
using: word2vec vectors
[('image shape', 64, 300), ('filter shape', [(100, 1, 3, 300), (100, 1, 4, 300), (100, 1, 5, 300)]), ('hidden_units', [100, 2]), ('dropout', [0.5]), ('batch_size', 50), ('non_static', True), ('learn_decay', 0.95), ('conv_non_linear', 'relu'), ('non_static', True), ('sqr_norm_lim', 9), ('shuffle_batch', True)]
Traceback (most recent call last):
  File "conv_net_sentence.py", line 325, in <module>
    dropout_rate=[0.5])
  File "conv_net_sentence.py", line 148, in train_conv_net
    allow_input_downcast = True)     
  File "/Volumes/Transcend/opt/anaconda3/envs/theano/lib/python2.7/site-packages/theano/compile/function.py", line 317, in function
    output_keys=output_keys)
  File "/Volumes/Transcend/opt/anaconda3/envs/theano/lib/python2.7/site-packages/theano/compile/pfunc.py", line 449, in pfunc
    no_default_updates=no_default_updates)
  File "/Volumes/Transcend/opt/anaconda3/envs/theano/lib/python2.7/site-packages/theano/compile/pfunc.py", line 258, in rebuild_collect_shared
    copy_inputs_over)
  File "/Volumes/Transcend/opt/anaconda3/envs/theano/lib/python2.7/site-packages/theano/compile/pfunc.py", line 93, in clone_v_get_shared_updates
    clone_v_get_shared_updates(i, copy_inputs_over)
  File "/Volumes/Transcend/opt/anaconda3/envs/theano/lib/python2.7/site-packages/theano/compile/pfunc.py", line 93, in clone_v_get_shared_updates
    clone_v_get_shared_updates(i, copy_inputs_over)
  File "/Volumes/Transcend/opt/anaconda3/envs/theano/lib/python2.7/site-packages/theano/compile/pfunc.py", line 93, in clone_v_get_shared_updates
    clone_v_get_shared_updates(i, copy_inputs_over)
  File "/Volumes/Transcend/opt/anaconda3/envs/theano/lib/python2.7/site-packages/theano/compile/pfunc.py", line 93, in clone_v_get_shared_updates
    clone_v_get_shared_updates(i, copy_inputs_over)
  File "/Volumes/Transcend/opt/anaconda3/envs/theano/lib/python2.7/site-packages/theano/compile/pfunc.py", line 93, in clone_v_get_shared_updates
    clone_v_get_shared_updates(i, copy_inputs_over)
  File "/Volumes/Transcend/opt/anaconda3/envs/theano/lib/python2.7/site-packages/theano/compile/pfunc.py", line 93, in clone_v_get_shared_updates
    clone_v_get_shared_updates(i, copy_inputs_over)
  File "/Volumes/Transcend/opt/anaconda3/envs/theano/lib/python2.7/site-packages/theano/compile/pfunc.py", line 93, in clone_v_get_shared_updates
    clone_v_get_shared_updates(i, copy_inputs_over)
  File "/Volumes/Transcend/opt/anaconda3/envs/theano/lib/python2.7/site-packages/theano/compile/pfunc.py", line 93, in clone_v_get_shared_updates
    clone_v_get_shared_updates(i, copy_inputs_over)
  File "/Volumes/Transcend/opt/anaconda3/envs/theano/lib/python2.7/site-packages/theano/compile/pfunc.py", line 114, in clone_v_get_shared_updates
    allow_convert=False)
  File "/Volumes/Transcend/opt/anaconda3/envs/theano/lib/python2.7/site-packages/theano/gof/type.py", line 352, in filter_variable
    % dict(othertype=other.type, other=other, self=self))
TypeError: Cannot convert Type RandomStateType (of Variable RandomFunction{binomial}.0) into Type RandomStateType. You can try to manually convert RandomFunction{binomial}.0 into a RandomStateType.
