Using TensorFlow backend.
WARNING:tensorflow:From /Volumes/Transcend/opt/anaconda3/envs/keras/lib/python3.6/site-packages/tensorflow_core/python/ops/resource_variable_ops.py:1630: calling BaseResourceVariable.__init__ (from tensorflow.python.ops.resource_variable_ops) with constraint is deprecated and will be removed in a future version.
Instructions for updating:
If using Keras pass *_constraint arguments to layers.
WARNING:tensorflow:From /Volumes/Transcend/opt/anaconda3/envs/keras/lib/python3.6/site-packages/keras/backend/tensorflow_backend.py:4070: The name tf.nn.max_pool is deprecated. Please use tf.nn.max_pool2d instead.

WARNING:tensorflow:Large dropout rate: 0.8 (>0.5). In TensorFlow 2.x, dropout() uses dropout rate instead of keep_prob. Please ensure that this is intended.
WARNING:tensorflow:From /Volumes/Transcend/opt/anaconda3/envs/keras/lib/python3.6/site-packages/tensorflow_core/python/ops/nn_impl.py:183: where (from tensorflow.python.ops.array_ops) is deprecated and will be removed in a future version.
Instructions for updating:
Use tf.where in 2.0, which has the same broadcast rule as np.where
2020-02-02 13:26:32.427781: I tensorflow/core/platform/cpu_feature_guard.cc:142] Your CPU supports instructions that this TensorFlow binary was not compiled to use: AVX2 FMA
2020-02-02 13:26:32.455180: I tensorflow/compiler/xla/service/service.cc:168] XLA service 0x7fb67ecfbd20 initialized for platform Host (this does not guarantee that XLA will be used). Devices:
2020-02-02 13:26:32.455203: I tensorflow/compiler/xla/service/service.cc:176]   StreamExecutor device (0): Host, Default Version
WARNING:tensorflow:From /Volumes/Transcend/opt/anaconda3/envs/keras/lib/python3.6/site-packages/keras/backend/tensorflow_backend.py:422: The name tf.global_variables is deprecated. Please use tf.compat.v1.global_variables instead.

Load data...
Adjusting sequence length for actual size
x_train shape: (9595, 56)
x_test shape: (1067, 56)
Vocabulary Size: 18779
Model type is CNN-non-static
Load existing Word2Vec model '50features_1minwords_10context'
Initializing embedding layer with word2vec weights, shape (18779, 50)
Train on 9595 samples, validate on 1067 samples
Epoch 1/10
 - 6s - loss: 0.7021 - accuracy: 0.4962 - val_loss: 0.6933 - val_accuracy: 0.4883
Epoch 2/10
 - 6s - loss: 0.6934 - accuracy: 0.5145 - val_loss: 0.6914 - val_accuracy: 0.5464
Epoch 3/10
 - 6s - loss: 0.6909 - accuracy: 0.5263 - val_loss: 0.6887 - val_accuracy: 0.6026
Epoch 4/10
 - 6s - loss: 0.6825 - accuracy: 0.5571 - val_loss: 0.6736 - val_accuracy: 0.6289
Epoch 5/10
 - 6s - loss: 0.6614 - accuracy: 0.5966 - val_loss: 0.6399 - val_accuracy: 0.6626
Epoch 6/10
 - 5s - loss: 0.6144 - accuracy: 0.6575 - val_loss: 0.5729 - val_accuracy: 0.7357
Epoch 7/10
 - 5s - loss: 0.5202 - accuracy: 0.7451 - val_loss: 0.5043 - val_accuracy: 0.7732
Epoch 8/10
 - 6s - loss: 0.4394 - accuracy: 0.7960 - val_loss: 0.4850 - val_accuracy: 0.7826
Epoch 9/10
 - 5s - loss: 0.3798 - accuracy: 0.8332 - val_loss: 0.4808 - val_accuracy: 0.7779
Epoch 10/10
 - 5s - loss: 0.3193 - accuracy: 0.8614 - val_loss: 0.4958 - val_accuracy: 0.7732
Training time:56.08272314071655
