Using TensorFlow backend.
WARNING:tensorflow:From /Volumes/Transcend/opt/anaconda3/envs/keras/lib/python3.6/site-packages/tensorflow_core/python/ops/resource_variable_ops.py:1630: calling BaseResourceVariable.__init__ (from tensorflow.python.ops.resource_variable_ops) with constraint is deprecated and will be removed in a future version.
Instructions for updating:
If using Keras pass *_constraint arguments to layers.
WARNING:tensorflow:From /Volumes/Transcend/opt/anaconda3/envs/keras/lib/python3.6/site-packages/keras/backend/tensorflow_backend.py:4070: The name tf.nn.max_pool is deprecated. Please use tf.nn.max_pool2d instead.

WARNING:tensorflow:Large dropout rate: 0.8 (>0.5). In TensorFlow 2.x, dropout() uses dropout rate instead of keep_prob. Please ensure that this is intended.
WARNING:tensorflow:From /Volumes/Transcend/opt/anaconda3/envs/keras/lib/python3.6/site-packages/tensorflow_core/python/ops/nn_impl.py:183: where (from tensorflow.python.ops.array_ops) is deprecated and will be removed in a future version.
Instructions for updating:
Use tf.where in 2.0, which has the same broadcast rule as np.where
2020-02-04 16:05:56.483189: I tensorflow/core/platform/cpu_feature_guard.cc:142] Your CPU supports instructions that this TensorFlow binary was not compiled to use: AVX2 FMA
2020-02-04 16:05:56.499502: I tensorflow/compiler/xla/service/service.cc:168] XLA service 0x7f8ef89ce6f0 initialized for platform Host (this does not guarantee that XLA will be used). Devices:
2020-02-04 16:05:56.499524: I tensorflow/compiler/xla/service/service.cc:176]   StreamExecutor device (0): Host, Default Version
WARNING:tensorflow:From /Volumes/Transcend/opt/anaconda3/envs/keras/lib/python3.6/site-packages/keras/backend/tensorflow_backend.py:422: The name tf.global_variables is deprecated. Please use tf.compat.v1.global_variables instead.

Load data...
Adjusting sequence length for actual size
x_train shape: (9595, 56)
x_test shape: (1067, 56)
Vocabulary Size: 18779
Model type is CNN-non-static
Load existing Word2Vec model '50features_1minwords_10context'
Initializing embedding layer with word2vec weights, shape (18779, 50)
Train on 9595 samples, validate on 1067 samples
Epoch 1/10
 - 6s - loss: 0.7017 - accuracy: 0.4962 - val_loss: 0.6933 - val_accuracy: 0.4911
Epoch 2/10
 - 6s - loss: 0.6930 - accuracy: 0.5179 - val_loss: 0.6905 - val_accuracy: 0.5708
Epoch 3/10
 - 6s - loss: 0.6904 - accuracy: 0.5256 - val_loss: 0.6864 - val_accuracy: 0.6064
Epoch 4/10
 - 6s - loss: 0.6794 - accuracy: 0.5660 - val_loss: 0.6662 - val_accuracy: 0.6204
Epoch 5/10
 - 6s - loss: 0.6554 - accuracy: 0.6072 - val_loss: 0.6320 - val_accuracy: 0.6692
Epoch 6/10
 - 6s - loss: 0.5975 - accuracy: 0.6856 - val_loss: 0.5629 - val_accuracy: 0.7573
Epoch 7/10
 - 6s - loss: 0.5081 - accuracy: 0.7541 - val_loss: 0.4980 - val_accuracy: 0.7854
Epoch 8/10
 - 6s - loss: 0.4236 - accuracy: 0.8065 - val_loss: 0.4847 - val_accuracy: 0.7779
Epoch 9/10
 - 6s - loss: 0.3657 - accuracy: 0.8409 - val_loss: 0.4822 - val_accuracy: 0.7788
Epoch 10/10
 - 6s - loss: 0.3113 - accuracy: 0.8673 - val_loss: 0.5025 - val_accuracy: 0.7798
Training time:59.47597694396973
