Using TensorFlow backend.
WARNING:tensorflow:From /Volumes/Transcend/opt/anaconda3/envs/keras/lib/python3.6/site-packages/tensorflow_core/python/ops/resource_variable_ops.py:1630: calling BaseResourceVariable.__init__ (from tensorflow.python.ops.resource_variable_ops) with constraint is deprecated and will be removed in a future version.
Instructions for updating:
If using Keras pass *_constraint arguments to layers.
WARNING:tensorflow:From /Volumes/Transcend/opt/anaconda3/envs/keras/lib/python3.6/site-packages/keras/backend/tensorflow_backend.py:4070: The name tf.nn.max_pool is deprecated. Please use tf.nn.max_pool2d instead.

WARNING:tensorflow:Large dropout rate: 0.8 (>0.5). In TensorFlow 2.x, dropout() uses dropout rate instead of keep_prob. Please ensure that this is intended.
WARNING:tensorflow:From /Volumes/Transcend/opt/anaconda3/envs/keras/lib/python3.6/site-packages/tensorflow_core/python/ops/nn_impl.py:183: where (from tensorflow.python.ops.array_ops) is deprecated and will be removed in a future version.
Instructions for updating:
Use tf.where in 2.0, which has the same broadcast rule as np.where
2020-02-04 16:04:38.126179: I tensorflow/core/platform/cpu_feature_guard.cc:142] Your CPU supports instructions that this TensorFlow binary was not compiled to use: AVX2 FMA
2020-02-04 16:04:38.140803: I tensorflow/compiler/xla/service/service.cc:168] XLA service 0x7f9dfa7e5ee0 initialized for platform Host (this does not guarantee that XLA will be used). Devices:
2020-02-04 16:04:38.140826: I tensorflow/compiler/xla/service/service.cc:176]   StreamExecutor device (0): Host, Default Version
WARNING:tensorflow:From /Volumes/Transcend/opt/anaconda3/envs/keras/lib/python3.6/site-packages/keras/backend/tensorflow_backend.py:422: The name tf.global_variables is deprecated. Please use tf.compat.v1.global_variables instead.

Load data...
Adjusting sequence length for actual size
x_train shape: (9595, 56)
x_test shape: (1067, 56)
Vocabulary Size: 18779
Model type is CNN-non-static
Load existing Word2Vec model '50features_1minwords_10context'
Initializing embedding layer with word2vec weights, shape (18779, 50)
Train on 9595 samples, validate on 1067 samples
Epoch 1/10
 - 6s - loss: 0.7018 - accuracy: 0.4967 - val_loss: 0.6933 - val_accuracy: 0.4902
Epoch 2/10
 - 6s - loss: 0.6939 - accuracy: 0.5072 - val_loss: 0.6918 - val_accuracy: 0.4986
Epoch 3/10
 - 5s - loss: 0.6918 - accuracy: 0.5197 - val_loss: 0.6899 - val_accuracy: 0.5764
Epoch 4/10
 - 4s - loss: 0.6849 - accuracy: 0.5450 - val_loss: 0.6772 - val_accuracy: 0.6073
Epoch 5/10
 - 5s - loss: 0.6650 - accuracy: 0.5915 - val_loss: 0.6484 - val_accuracy: 0.6485
Epoch 6/10
 - 5s - loss: 0.6135 - accuracy: 0.6594 - val_loss: 0.5732 - val_accuracy: 0.7404
Epoch 7/10
 - 5s - loss: 0.5151 - accuracy: 0.7485 - val_loss: 0.4996 - val_accuracy: 0.7769
Epoch 8/10
 - 5s - loss: 0.4281 - accuracy: 0.8066 - val_loss: 0.4836 - val_accuracy: 0.7788
Epoch 9/10
 - 5s - loss: 0.3640 - accuracy: 0.8391 - val_loss: 0.4845 - val_accuracy: 0.7769
Epoch 10/10
 - 6s - loss: 0.3063 - accuracy: 0.8680 - val_loss: 0.5061 - val_accuracy: 0.7723
Training time:52.78473711013794
