Using TensorFlow backend.
WARNING:tensorflow:From /Volumes/Transcend/opt/anaconda3/envs/keras/lib/python3.6/site-packages/tensorflow_core/python/ops/resource_variable_ops.py:1630: calling BaseResourceVariable.__init__ (from tensorflow.python.ops.resource_variable_ops) with constraint is deprecated and will be removed in a future version.
Instructions for updating:
If using Keras pass *_constraint arguments to layers.
WARNING:tensorflow:From /Volumes/Transcend/opt/anaconda3/envs/keras/lib/python3.6/site-packages/keras/backend/tensorflow_backend.py:4070: The name tf.nn.max_pool is deprecated. Please use tf.nn.max_pool2d instead.

WARNING:tensorflow:Large dropout rate: 0.8 (>0.5). In TensorFlow 2.x, dropout() uses dropout rate instead of keep_prob. Please ensure that this is intended.
WARNING:tensorflow:From /Volumes/Transcend/opt/anaconda3/envs/keras/lib/python3.6/site-packages/tensorflow_core/python/ops/nn_impl.py:183: where (from tensorflow.python.ops.array_ops) is deprecated and will be removed in a future version.
Instructions for updating:
Use tf.where in 2.0, which has the same broadcast rule as np.where
2020-02-04 15:56:46.760222: I tensorflow/core/platform/cpu_feature_guard.cc:142] Your CPU supports instructions that this TensorFlow binary was not compiled to use: AVX2 FMA
2020-02-04 15:56:46.775681: I tensorflow/compiler/xla/service/service.cc:168] XLA service 0x7f8d3c14eef0 initialized for platform Host (this does not guarantee that XLA will be used). Devices:
2020-02-04 15:56:46.775702: I tensorflow/compiler/xla/service/service.cc:176]   StreamExecutor device (0): Host, Default Version
WARNING:tensorflow:From /Volumes/Transcend/opt/anaconda3/envs/keras/lib/python3.6/site-packages/keras/backend/tensorflow_backend.py:422: The name tf.global_variables is deprecated. Please use tf.compat.v1.global_variables instead.

Load data...
Adjusting sequence length for actual size
x_train shape: (9595, 56)
x_test shape: (1067, 56)
Vocabulary Size: 18779
Model type is CNN-non-static
Load existing Word2Vec model '50features_1minwords_10context'
Initializing embedding layer with word2vec weights, shape (18779, 50)
Train on 9595 samples, validate on 1067 samples
Epoch 1/10
 - 5s - loss: 0.7017 - accuracy: 0.4996 - val_loss: 0.6933 - val_accuracy: 0.4958
Epoch 2/10
 - 5s - loss: 0.6932 - accuracy: 0.5128 - val_loss: 0.6911 - val_accuracy: 0.5858
Epoch 3/10
 - 5s - loss: 0.6896 - accuracy: 0.5304 - val_loss: 0.6852 - val_accuracy: 0.6176
Epoch 4/10
 - 5s - loss: 0.6788 - accuracy: 0.5616 - val_loss: 0.6650 - val_accuracy: 0.6476
Epoch 5/10
 - 5s - loss: 0.6523 - accuracy: 0.6083 - val_loss: 0.6280 - val_accuracy: 0.6813
Epoch 6/10
 - 5s - loss: 0.5991 - accuracy: 0.6797 - val_loss: 0.5558 - val_accuracy: 0.7479
Epoch 7/10
 - 5s - loss: 0.5080 - accuracy: 0.7537 - val_loss: 0.4962 - val_accuracy: 0.7788
Epoch 8/10
 - 6s - loss: 0.4354 - accuracy: 0.8009 - val_loss: 0.4793 - val_accuracy: 0.7873
Epoch 9/10
 - 6s - loss: 0.3754 - accuracy: 0.8348 - val_loss: 0.4757 - val_accuracy: 0.7882
Epoch 10/10
 - 6s - loss: 0.3156 - accuracy: 0.8634 - val_loss: 0.4990 - val_accuracy: 0.7723
Training time:52.12230920791626
