Using TensorFlow backend.
WARNING:tensorflow:From /Volumes/Transcend/opt/anaconda3/envs/keras/lib/python3.6/site-packages/tensorflow_core/python/ops/resource_variable_ops.py:1630: calling BaseResourceVariable.__init__ (from tensorflow.python.ops.resource_variable_ops) with constraint is deprecated and will be removed in a future version.
Instructions for updating:
If using Keras pass *_constraint arguments to layers.
WARNING:tensorflow:From /Volumes/Transcend/opt/anaconda3/envs/keras/lib/python3.6/site-packages/keras/backend/tensorflow_backend.py:4070: The name tf.nn.max_pool is deprecated. Please use tf.nn.max_pool2d instead.

WARNING:tensorflow:Large dropout rate: 0.8 (>0.5). In TensorFlow 2.x, dropout() uses dropout rate instead of keep_prob. Please ensure that this is intended.
WARNING:tensorflow:From /Volumes/Transcend/opt/anaconda3/envs/keras/lib/python3.6/site-packages/tensorflow_core/python/ops/nn_impl.py:183: where (from tensorflow.python.ops.array_ops) is deprecated and will be removed in a future version.
Instructions for updating:
Use tf.where in 2.0, which has the same broadcast rule as np.where
2020-02-04 16:01:34.300870: I tensorflow/core/platform/cpu_feature_guard.cc:142] Your CPU supports instructions that this TensorFlow binary was not compiled to use: AVX2 FMA
2020-02-04 16:01:34.318587: I tensorflow/compiler/xla/service/service.cc:168] XLA service 0x7f8e4b22fbb0 initialized for platform Host (this does not guarantee that XLA will be used). Devices:
2020-02-04 16:01:34.318608: I tensorflow/compiler/xla/service/service.cc:176]   StreamExecutor device (0): Host, Default Version
WARNING:tensorflow:From /Volumes/Transcend/opt/anaconda3/envs/keras/lib/python3.6/site-packages/keras/backend/tensorflow_backend.py:422: The name tf.global_variables is deprecated. Please use tf.compat.v1.global_variables instead.

Load data...
Adjusting sequence length for actual size
x_train shape: (9595, 56)
x_test shape: (1067, 56)
Vocabulary Size: 18779
Model type is CNN-non-static
Load existing Word2Vec model '50features_1minwords_10context'
Initializing embedding layer with word2vec weights, shape (18779, 50)
Train on 9595 samples, validate on 1067 samples
Epoch 1/10
 - 7s - loss: 0.7015 - accuracy: 0.4963 - val_loss: 0.6933 - val_accuracy: 0.4892
Epoch 2/10
 - 6s - loss: 0.6930 - accuracy: 0.5081 - val_loss: 0.6903 - val_accuracy: 0.5858
Epoch 3/10
 - 6s - loss: 0.6899 - accuracy: 0.5269 - val_loss: 0.6859 - val_accuracy: 0.6073
Epoch 4/10
 - 5s - loss: 0.6794 - accuracy: 0.5594 - val_loss: 0.6667 - val_accuracy: 0.6410
Epoch 5/10
 - 5s - loss: 0.6546 - accuracy: 0.6070 - val_loss: 0.6293 - val_accuracy: 0.6757
Epoch 6/10
 - 6s - loss: 0.5988 - accuracy: 0.6828 - val_loss: 0.5550 - val_accuracy: 0.7423
Epoch 7/10
 - 5s - loss: 0.5093 - accuracy: 0.7534 - val_loss: 0.4987 - val_accuracy: 0.7779
Epoch 8/10
 - 5s - loss: 0.4346 - accuracy: 0.7993 - val_loss: 0.4778 - val_accuracy: 0.7929
Epoch 9/10
 - 6s - loss: 0.3770 - accuracy: 0.8332 - val_loss: 0.4837 - val_accuracy: 0.7816
Epoch 10/10
 - 6s - loss: 0.3156 - accuracy: 0.8628 - val_loss: 0.5001 - val_accuracy: 0.7732
Training time:58.06917977333069
