Using TensorFlow backend.
WARNING:tensorflow:From /Volumes/Transcend/opt/anaconda3/envs/keras/lib/python3.6/site-packages/tensorflow_core/python/ops/resource_variable_ops.py:1630: calling BaseResourceVariable.__init__ (from tensorflow.python.ops.resource_variable_ops) with constraint is deprecated and will be removed in a future version.
Instructions for updating:
If using Keras pass *_constraint arguments to layers.
WARNING:tensorflow:From /Volumes/Transcend/opt/anaconda3/envs/keras/lib/python3.6/site-packages/keras/backend/tensorflow_backend.py:4070: The name tf.nn.max_pool is deprecated. Please use tf.nn.max_pool2d instead.

WARNING:tensorflow:Large dropout rate: 0.8 (>0.5). In TensorFlow 2.x, dropout() uses dropout rate instead of keep_prob. Please ensure that this is intended.
WARNING:tensorflow:From /Volumes/Transcend/opt/anaconda3/envs/keras/lib/python3.6/site-packages/tensorflow_core/python/ops/nn_impl.py:183: where (from tensorflow.python.ops.array_ops) is deprecated and will be removed in a future version.
Instructions for updating:
Use tf.where in 2.0, which has the same broadcast rule as np.where
2020-02-04 16:20:07.086251: I tensorflow/core/platform/cpu_feature_guard.cc:142] Your CPU supports instructions that this TensorFlow binary was not compiled to use: AVX2 FMA
2020-02-04 16:20:07.099292: I tensorflow/compiler/xla/service/service.cc:168] XLA service 0x7fa1faa0f0a0 initialized for platform Host (this does not guarantee that XLA will be used). Devices:
2020-02-04 16:20:07.099314: I tensorflow/compiler/xla/service/service.cc:176]   StreamExecutor device (0): Host, Default Version
WARNING:tensorflow:From /Volumes/Transcend/opt/anaconda3/envs/keras/lib/python3.6/site-packages/keras/backend/tensorflow_backend.py:422: The name tf.global_variables is deprecated. Please use tf.compat.v1.global_variables instead.

Load data...
Adjusting sequence length for actual size
x_train shape: (9595, 56)
x_test shape: (1067, 56)
Vocabulary Size: 18779
Model type is CNN-non-static
Load existing Word2Vec model '50features_1minwords_10context'
Initializing embedding layer with word2vec weights, shape (18779, 50)
Train on 9595 samples, validate on 1067 samples
Epoch 1/10
 - 7s - loss: 0.6953 - accuracy: 0.4958 - val_loss: 0.6927 - val_accuracy: 0.5173
Epoch 2/10
 - 6s - loss: 0.6912 - accuracy: 0.5244 - val_loss: 0.6889 - val_accuracy: 0.5717
Epoch 3/10
 - 7s - loss: 0.6599 - accuracy: 0.6065 - val_loss: 0.5814 - val_accuracy: 0.7338
Epoch 4/10
 - 5s - loss: 0.5027 - accuracy: 0.7623 - val_loss: 0.4845 - val_accuracy: 0.7910
Epoch 5/10
 - 6s - loss: 0.3599 - accuracy: 0.8485 - val_loss: 0.4778 - val_accuracy: 0.8032
Epoch 6/10
 - 6s - loss: 0.2820 - accuracy: 0.8895 - val_loss: 0.4899 - val_accuracy: 0.7966
Epoch 7/10
 - 6s - loss: 0.2147 - accuracy: 0.9129 - val_loss: 0.5337 - val_accuracy: 0.7919
Epoch 8/10
 - 6s - loss: 0.1784 - accuracy: 0.9343 - val_loss: 0.5755 - val_accuracy: 0.7854
Epoch 9/10
 - 6s - loss: 0.1507 - accuracy: 0.9421 - val_loss: 0.6465 - val_accuracy: 0.7807
Epoch 10/10
 - 6s - loss: 0.1317 - accuracy: 0.9473 - val_loss: 0.7151 - val_accuracy: 0.7769
Training time:62.44744610786438
