Using TensorFlow backend.
WARNING:tensorflow:From /Volumes/Transcend/opt/anaconda3/envs/keras/lib/python3.6/site-packages/tensorflow_core/python/ops/resource_variable_ops.py:1630: calling BaseResourceVariable.__init__ (from tensorflow.python.ops.resource_variable_ops) with constraint is deprecated and will be removed in a future version.
Instructions for updating:
If using Keras pass *_constraint arguments to layers.
WARNING:tensorflow:From /Volumes/Transcend/opt/anaconda3/envs/keras/lib/python3.6/site-packages/keras/backend/tensorflow_backend.py:4070: The name tf.nn.max_pool is deprecated. Please use tf.nn.max_pool2d instead.

WARNING:tensorflow:Large dropout rate: 0.8 (>0.5). In TensorFlow 2.x, dropout() uses dropout rate instead of keep_prob. Please ensure that this is intended.
WARNING:tensorflow:From /Volumes/Transcend/opt/anaconda3/envs/keras/lib/python3.6/site-packages/tensorflow_core/python/ops/nn_impl.py:183: where (from tensorflow.python.ops.array_ops) is deprecated and will be removed in a future version.
Instructions for updating:
Use tf.where in 2.0, which has the same broadcast rule as np.where
2020-02-04 16:16:11.513439: I tensorflow/core/platform/cpu_feature_guard.cc:142] Your CPU supports instructions that this TensorFlow binary was not compiled to use: AVX2 FMA
2020-02-04 16:16:11.528242: I tensorflow/compiler/xla/service/service.cc:168] XLA service 0x7fcdbe9acd70 initialized for platform Host (this does not guarantee that XLA will be used). Devices:
2020-02-04 16:16:11.528264: I tensorflow/compiler/xla/service/service.cc:176]   StreamExecutor device (0): Host, Default Version
WARNING:tensorflow:From /Volumes/Transcend/opt/anaconda3/envs/keras/lib/python3.6/site-packages/keras/backend/tensorflow_backend.py:422: The name tf.global_variables is deprecated. Please use tf.compat.v1.global_variables instead.

Load data...
Adjusting sequence length for actual size
x_train shape: (9595, 56)
x_test shape: (1067, 56)
Vocabulary Size: 18779
Model type is CNN-non-static
Load existing Word2Vec model '50features_1minwords_10context'
Initializing embedding layer with word2vec weights, shape (18779, 50)
Train on 9595 samples, validate on 1067 samples
Epoch 1/10
 - 6s - loss: 0.7019 - accuracy: 0.4979 - val_loss: 0.6933 - val_accuracy: 0.4977
Epoch 2/10
 - 5s - loss: 0.6938 - accuracy: 0.5106 - val_loss: 0.6911 - val_accuracy: 0.5501
Epoch 3/10
 - 8s - loss: 0.6900 - accuracy: 0.5295 - val_loss: 0.6864 - val_accuracy: 0.6017
Epoch 4/10
 - 9s - loss: 0.6794 - accuracy: 0.5616 - val_loss: 0.6684 - val_accuracy: 0.6364
Epoch 5/10
 - 8s - loss: 0.6539 - accuracy: 0.6087 - val_loss: 0.6312 - val_accuracy: 0.6701
Epoch 6/10
 - 7s - loss: 0.5962 - accuracy: 0.6790 - val_loss: 0.5617 - val_accuracy: 0.7516
Epoch 7/10
 - 7s - loss: 0.5004 - accuracy: 0.7566 - val_loss: 0.4972 - val_accuracy: 0.7760
Epoch 8/10
 - 6s - loss: 0.4239 - accuracy: 0.8079 - val_loss: 0.4884 - val_accuracy: 0.7685
Epoch 9/10
 - 7s - loss: 0.3720 - accuracy: 0.8342 - val_loss: 0.4807 - val_accuracy: 0.7863
Epoch 10/10
 - 7s - loss: 0.3202 - accuracy: 0.8596 - val_loss: 0.4955 - val_accuracy: 0.7657
Training time:70.45694899559021
