Using TensorFlow backend.
WARNING:tensorflow:From /Volumes/Transcend/opt/anaconda3/envs/keras/lib/python3.6/site-packages/tensorflow_core/python/ops/resource_variable_ops.py:1630: calling BaseResourceVariable.__init__ (from tensorflow.python.ops.resource_variable_ops) with constraint is deprecated and will be removed in a future version.
Instructions for updating:
If using Keras pass *_constraint arguments to layers.
WARNING:tensorflow:From /Volumes/Transcend/opt/anaconda3/envs/keras/lib/python3.6/site-packages/keras/backend/tensorflow_backend.py:4070: The name tf.nn.max_pool is deprecated. Please use tf.nn.max_pool2d instead.

WARNING:tensorflow:Large dropout rate: 0.8 (>0.5). In TensorFlow 2.x, dropout() uses dropout rate instead of keep_prob. Please ensure that this is intended.
WARNING:tensorflow:From /Volumes/Transcend/opt/anaconda3/envs/keras/lib/python3.6/site-packages/tensorflow_core/python/ops/nn_impl.py:183: where (from tensorflow.python.ops.array_ops) is deprecated and will be removed in a future version.
Instructions for updating:
Use tf.where in 2.0, which has the same broadcast rule as np.where
2020-02-04 16:17:32.523924: I tensorflow/core/platform/cpu_feature_guard.cc:142] Your CPU supports instructions that this TensorFlow binary was not compiled to use: AVX2 FMA
2020-02-04 16:17:32.545098: I tensorflow/compiler/xla/service/service.cc:168] XLA service 0x7fb44a959080 initialized for platform Host (this does not guarantee that XLA will be used). Devices:
2020-02-04 16:17:32.545122: I tensorflow/compiler/xla/service/service.cc:176]   StreamExecutor device (0): Host, Default Version
WARNING:tensorflow:From /Volumes/Transcend/opt/anaconda3/envs/keras/lib/python3.6/site-packages/keras/backend/tensorflow_backend.py:422: The name tf.global_variables is deprecated. Please use tf.compat.v1.global_variables instead.

Load data...
Adjusting sequence length for actual size
x_train shape: (9595, 56)
x_test shape: (1067, 56)
Vocabulary Size: 18779
Model type is CNN-non-static
Load existing Word2Vec model '50features_1minwords_10context'
Initializing embedding layer with word2vec weights, shape (18779, 50)
Train on 9595 samples, validate on 1067 samples
Epoch 1/10
 - 6s - loss: 0.7019 - accuracy: 0.4955 - val_loss: 0.6933 - val_accuracy: 0.4892
Epoch 2/10
 - 7s - loss: 0.6928 - accuracy: 0.5146 - val_loss: 0.6900 - val_accuracy: 0.5858
Epoch 3/10
 - 6s - loss: 0.6891 - accuracy: 0.5320 - val_loss: 0.6839 - val_accuracy: 0.6082
Epoch 4/10
 - 6s - loss: 0.6772 - accuracy: 0.5672 - val_loss: 0.6610 - val_accuracy: 0.6448
Epoch 5/10
 - 6s - loss: 0.6513 - accuracy: 0.6113 - val_loss: 0.6294 - val_accuracy: 0.6692
Epoch 6/10
 - 6s - loss: 0.5940 - accuracy: 0.6817 - val_loss: 0.5590 - val_accuracy: 0.7601
Epoch 7/10
 - 6s - loss: 0.5059 - accuracy: 0.7521 - val_loss: 0.4982 - val_accuracy: 0.7816
Epoch 8/10
 - 6s - loss: 0.4298 - accuracy: 0.8042 - val_loss: 0.4842 - val_accuracy: 0.7919
Epoch 9/10
 - 6s - loss: 0.3701 - accuracy: 0.8380 - val_loss: 0.4838 - val_accuracy: 0.7873
Epoch 10/10
 - 6s - loss: 0.3167 - accuracy: 0.8586 - val_loss: 0.5037 - val_accuracy: 0.7788
Training time:61.34307098388672
