Using TensorFlow backend.
WARNING:tensorflow:From /Volumes/Transcend/opt/anaconda3/envs/keras/lib/python3.6/site-packages/tensorflow_core/python/ops/resource_variable_ops.py:1630: calling BaseResourceVariable.__init__ (from tensorflow.python.ops.resource_variable_ops) with constraint is deprecated and will be removed in a future version.
Instructions for updating:
If using Keras pass *_constraint arguments to layers.
WARNING:tensorflow:From /Volumes/Transcend/opt/anaconda3/envs/keras/lib/python3.6/site-packages/keras/backend/tensorflow_backend.py:4070: The name tf.nn.max_pool is deprecated. Please use tf.nn.max_pool2d instead.

WARNING:tensorflow:Large dropout rate: 0.8 (>0.5). In TensorFlow 2.x, dropout() uses dropout rate instead of keep_prob. Please ensure that this is intended.
WARNING:tensorflow:From /Volumes/Transcend/opt/anaconda3/envs/keras/lib/python3.6/site-packages/tensorflow_core/python/ops/nn_impl.py:183: where (from tensorflow.python.ops.array_ops) is deprecated and will be removed in a future version.
Instructions for updating:
Use tf.where in 2.0, which has the same broadcast rule as np.where
2020-02-04 15:57:52.102639: I tensorflow/core/platform/cpu_feature_guard.cc:142] Your CPU supports instructions that this TensorFlow binary was not compiled to use: AVX2 FMA
2020-02-04 15:57:52.124829: I tensorflow/compiler/xla/service/service.cc:168] XLA service 0x7ff0e51b2710 initialized for platform Host (this does not guarantee that XLA will be used). Devices:
2020-02-04 15:57:52.124852: I tensorflow/compiler/xla/service/service.cc:176]   StreamExecutor device (0): Host, Default Version
WARNING:tensorflow:From /Volumes/Transcend/opt/anaconda3/envs/keras/lib/python3.6/site-packages/keras/backend/tensorflow_backend.py:422: The name tf.global_variables is deprecated. Please use tf.compat.v1.global_variables instead.

Load data...
Adjusting sequence length for actual size
x_train shape: (9595, 56)
x_test shape: (1067, 56)
Vocabulary Size: 18779
Model type is CNN-non-static
Load existing Word2Vec model '50features_1minwords_10context'
Initializing embedding layer with word2vec weights, shape (18779, 50)
Train on 9595 samples, validate on 1067 samples
Epoch 1/10
 - 6s - loss: 0.7020 - accuracy: 0.4959 - val_loss: 0.6933 - val_accuracy: 0.4902
Epoch 2/10
 - 5s - loss: 0.6931 - accuracy: 0.5107 - val_loss: 0.6905 - val_accuracy: 0.5604
Epoch 3/10
 - 5s - loss: 0.6901 - accuracy: 0.5241 - val_loss: 0.6865 - val_accuracy: 0.5970
Epoch 4/10
 - 5s - loss: 0.6794 - accuracy: 0.5627 - val_loss: 0.6679 - val_accuracy: 0.6336
Epoch 5/10
 - 5s - loss: 0.6515 - accuracy: 0.6118 - val_loss: 0.6256 - val_accuracy: 0.6739
Epoch 6/10
 - 5s - loss: 0.5900 - accuracy: 0.6855 - val_loss: 0.5529 - val_accuracy: 0.7582
Epoch 7/10
 - 5s - loss: 0.4963 - accuracy: 0.7598 - val_loss: 0.4977 - val_accuracy: 0.7816
Epoch 8/10
 - 5s - loss: 0.4247 - accuracy: 0.8099 - val_loss: 0.4862 - val_accuracy: 0.7732
Epoch 9/10
 - 6s - loss: 0.3704 - accuracy: 0.8353 - val_loss: 0.4845 - val_accuracy: 0.7854
Epoch 10/10
 - 6s - loss: 0.3152 - accuracy: 0.8614 - val_loss: 0.4996 - val_accuracy: 0.7798
Training time:55.31059288978577
