Using TensorFlow backend.
WARNING:tensorflow:From /Volumes/Transcend/opt/anaconda3/envs/keras/lib/python3.6/site-packages/tensorflow_core/python/ops/resource_variable_ops.py:1630: calling BaseResourceVariable.__init__ (from tensorflow.python.ops.resource_variable_ops) with constraint is deprecated and will be removed in a future version.
Instructions for updating:
If using Keras pass *_constraint arguments to layers.
WARNING:tensorflow:From /Volumes/Transcend/opt/anaconda3/envs/keras/lib/python3.6/site-packages/keras/backend/tensorflow_backend.py:4070: The name tf.nn.max_pool is deprecated. Please use tf.nn.max_pool2d instead.

WARNING:tensorflow:Large dropout rate: 0.8 (>0.5). In TensorFlow 2.x, dropout() uses dropout rate instead of keep_prob. Please ensure that this is intended.
WARNING:tensorflow:From /Volumes/Transcend/opt/anaconda3/envs/keras/lib/python3.6/site-packages/tensorflow_core/python/ops/nn_impl.py:183: where (from tensorflow.python.ops.array_ops) is deprecated and will be removed in a future version.
Instructions for updating:
Use tf.where in 2.0, which has the same broadcast rule as np.where
2020-02-04 16:27:18.367227: I tensorflow/core/platform/cpu_feature_guard.cc:142] Your CPU supports instructions that this TensorFlow binary was not compiled to use: AVX2 FMA
2020-02-04 16:27:18.387608: I tensorflow/compiler/xla/service/service.cc:168] XLA service 0x7f963aa3a420 initialized for platform Host (this does not guarantee that XLA will be used). Devices:
2020-02-04 16:27:18.387647: I tensorflow/compiler/xla/service/service.cc:176]   StreamExecutor device (0): Host, Default Version
WARNING:tensorflow:From /Volumes/Transcend/opt/anaconda3/envs/keras/lib/python3.6/site-packages/keras/backend/tensorflow_backend.py:422: The name tf.global_variables is deprecated. Please use tf.compat.v1.global_variables instead.

Load data...
Adjusting sequence length for actual size
x_train shape: (9595, 56)
x_test shape: (1067, 56)
Vocabulary Size: 18779
Model type is CNN-non-static
Load existing Word2Vec model '50features_1minwords_10context'
Initializing embedding layer with word2vec weights, shape (18779, 50)
Train on 9595 samples, validate on 1067 samples
Epoch 1/10
 - 5s - loss: 0.7017 - accuracy: 0.4987 - val_loss: 0.6932 - val_accuracy: 0.5033
Epoch 2/10
 - 5s - loss: 0.6933 - accuracy: 0.5079 - val_loss: 0.6906 - val_accuracy: 0.5773
Epoch 3/10
 - 5s - loss: 0.6896 - accuracy: 0.5278 - val_loss: 0.6846 - val_accuracy: 0.6073
Epoch 4/10
 - 4s - loss: 0.6786 - accuracy: 0.5640 - val_loss: 0.6644 - val_accuracy: 0.6532
Epoch 5/10
 - 5s - loss: 0.6512 - accuracy: 0.6103 - val_loss: 0.6282 - val_accuracy: 0.6607
Epoch 6/10
 - 5s - loss: 0.5984 - accuracy: 0.6823 - val_loss: 0.5571 - val_accuracy: 0.7573
Epoch 7/10
 - 5s - loss: 0.5009 - accuracy: 0.7609 - val_loss: 0.4959 - val_accuracy: 0.7685
Epoch 8/10
 - 4s - loss: 0.4188 - accuracy: 0.8114 - val_loss: 0.4784 - val_accuracy: 0.7835
Epoch 9/10
 - 5s - loss: 0.3610 - accuracy: 0.8388 - val_loss: 0.4828 - val_accuracy: 0.7779
Epoch 10/10
 - 5s - loss: 0.3047 - accuracy: 0.8705 - val_loss: 0.5063 - val_accuracy: 0.7723
Training time:46.96916723251343
