Using TensorFlow backend.
WARNING:tensorflow:From /Volumes/Transcend/opt/anaconda3/envs/keras/lib/python3.6/site-packages/tensorflow_core/python/ops/resource_variable_ops.py:1630: calling BaseResourceVariable.__init__ (from tensorflow.python.ops.resource_variable_ops) with constraint is deprecated and will be removed in a future version.
Instructions for updating:
If using Keras pass *_constraint arguments to layers.
WARNING:tensorflow:From /Volumes/Transcend/opt/anaconda3/envs/keras/lib/python3.6/site-packages/keras/backend/tensorflow_backend.py:4070: The name tf.nn.max_pool is deprecated. Please use tf.nn.max_pool2d instead.

WARNING:tensorflow:Large dropout rate: 0.8 (>0.5). In TensorFlow 2.x, dropout() uses dropout rate instead of keep_prob. Please ensure that this is intended.
WARNING:tensorflow:From /Volumes/Transcend/opt/anaconda3/envs/keras/lib/python3.6/site-packages/tensorflow_core/python/ops/nn_impl.py:183: where (from tensorflow.python.ops.array_ops) is deprecated and will be removed in a future version.
Instructions for updating:
Use tf.where in 2.0, which has the same broadcast rule as np.where
2020-02-04 16:24:59.271374: I tensorflow/core/platform/cpu_feature_guard.cc:142] Your CPU supports instructions that this TensorFlow binary was not compiled to use: AVX2 FMA
2020-02-04 16:24:59.287418: I tensorflow/compiler/xla/service/service.cc:168] XLA service 0x7fbf5e18a9f0 initialized for platform Host (this does not guarantee that XLA will be used). Devices:
2020-02-04 16:24:59.287441: I tensorflow/compiler/xla/service/service.cc:176]   StreamExecutor device (0): Host, Default Version
WARNING:tensorflow:From /Volumes/Transcend/opt/anaconda3/envs/keras/lib/python3.6/site-packages/keras/backend/tensorflow_backend.py:422: The name tf.global_variables is deprecated. Please use tf.compat.v1.global_variables instead.

Load data...
Adjusting sequence length for actual size
x_train shape: (9595, 56)
x_test shape: (1067, 56)
Vocabulary Size: 18779
Model type is CNN-non-static
Load existing Word2Vec model '50features_1minwords_10context'
Initializing embedding layer with word2vec weights, shape (18779, 50)
Train on 9595 samples, validate on 1067 samples
Epoch 1/10
 - 6s - loss: 0.7019 - accuracy: 0.4938 - val_loss: 0.6933 - val_accuracy: 0.4958
Epoch 2/10
 - 6s - loss: 0.6942 - accuracy: 0.5051 - val_loss: 0.6934 - val_accuracy: 0.4930
Epoch 3/10
 - 6s - loss: 0.6927 - accuracy: 0.5121 - val_loss: 0.6924 - val_accuracy: 0.5258
Epoch 4/10
 - 6s - loss: 0.6872 - accuracy: 0.5427 - val_loss: 0.6773 - val_accuracy: 0.6101
Epoch 5/10
 - 6s - loss: 0.6736 - accuracy: 0.5804 - val_loss: 0.6564 - val_accuracy: 0.6542
Epoch 6/10
 - 5s - loss: 0.6364 - accuracy: 0.6414 - val_loss: 0.6028 - val_accuracy: 0.7282
Epoch 7/10
 - 5s - loss: 0.5596 - accuracy: 0.7124 - val_loss: 0.5206 - val_accuracy: 0.7788
Epoch 8/10
 - 5s - loss: 0.4750 - accuracy: 0.7774 - val_loss: 0.4892 - val_accuracy: 0.7835
Epoch 9/10
 - 5s - loss: 0.4053 - accuracy: 0.8159 - val_loss: 0.4854 - val_accuracy: 0.7788
Epoch 10/10
 - 6s - loss: 0.3482 - accuracy: 0.8454 - val_loss: 0.4950 - val_accuracy: 0.7751
Training time:57.69066071510315
