Using TensorFlow backend.
Load data...
Adjusting sequence length for actual size
x_train shape: (9595, 56)
x_test shape: (1067, 56)
Vocabulary Size: 18779
Model type is CNN-non-static
Load existing Word2Vec model '50features_1minwords_10context'
Traceback (most recent call last):
  File "sentiment_cnn.py", line 129, in <module>
    model_input = Input(shape=input_shape)
  File "/Volumes/Transcend/opt/anaconda3/envs/keras/lib/python3.6/site-packages/keras/engine/input_layer.py", line 178, in Input
    input_tensor=tensor)
  File "/Volumes/Transcend/opt/anaconda3/envs/keras/lib/python3.6/site-packages/keras/legacy/interfaces.py", line 91, in wrapper
    return func(*args, **kwargs)
  File "/Volumes/Transcend/opt/anaconda3/envs/keras/lib/python3.6/site-packages/keras/engine/input_layer.py", line 40, in __init__
    super(InputLayer, self).__init__(dtype=dtype, name=name)
  File "/Volumes/Transcend/opt/anaconda3/envs/keras/lib/python3.6/site-packages/keras/engine/base_layer.py", line 164, in __init__
    self.batch_input_shape = batch_input_shape
UnboundLocalError: local variable 'batch_input_shape' referenced before assignment
