Using TensorFlow backend.
WARNING:tensorflow:From /Volumes/Transcend/opt/anaconda3/envs/keras/lib/python3.6/site-packages/tensorflow_core/python/ops/resource_variable_ops.py:1630: calling BaseResourceVariable.__init__ (from tensorflow.python.ops.resource_variable_ops) with constraint is deprecated and will be removed in a future version.
Instructions for updating:
If using Keras pass *_constraint arguments to layers.
WARNING:tensorflow:From /Volumes/Transcend/opt/anaconda3/envs/keras/lib/python3.6/site-packages/keras/backend/tensorflow_backend.py:4070: The name tf.nn.max_pool is deprecated. Please use tf.nn.max_pool2d instead.

WARNING:tensorflow:Large dropout rate: 0.8 (>0.5). In TensorFlow 2.x, dropout() uses dropout rate instead of keep_prob. Please ensure that this is intended.
WARNING:tensorflow:From /Volumes/Transcend/opt/anaconda3/envs/keras/lib/python3.6/site-packages/tensorflow_core/python/ops/nn_impl.py:183: where (from tensorflow.python.ops.array_ops) is deprecated and will be removed in a future version.
Instructions for updating:
Use tf.where in 2.0, which has the same broadcast rule as np.where
2020-02-04 15:59:05.182042: I tensorflow/core/platform/cpu_feature_guard.cc:142] Your CPU supports instructions that this TensorFlow binary was not compiled to use: AVX2 FMA
2020-02-04 15:59:05.195574: I tensorflow/compiler/xla/service/service.cc:168] XLA service 0x7fde5b2b5190 initialized for platform Host (this does not guarantee that XLA will be used). Devices:
2020-02-04 15:59:05.195597: I tensorflow/compiler/xla/service/service.cc:176]   StreamExecutor device (0): Host, Default Version
WARNING:tensorflow:From /Volumes/Transcend/opt/anaconda3/envs/keras/lib/python3.6/site-packages/keras/backend/tensorflow_backend.py:422: The name tf.global_variables is deprecated. Please use tf.compat.v1.global_variables instead.

Load data...
Adjusting sequence length for actual size
x_train shape: (9595, 56)
x_test shape: (1067, 56)
Vocabulary Size: 18779
Model type is CNN-non-static
Load existing Word2Vec model '50features_1minwords_10context'
Initializing embedding layer with word2vec weights, shape (18779, 50)
Train on 9595 samples, validate on 1067 samples
Epoch 1/10
 - 7s - loss: 0.7019 - accuracy: 0.4944 - val_loss: 0.6933 - val_accuracy: 0.4995
Epoch 2/10
 - 6s - loss: 0.6941 - accuracy: 0.5101 - val_loss: 0.6930 - val_accuracy: 0.4920
Epoch 3/10
 - 6s - loss: 0.6928 - accuracy: 0.5121 - val_loss: 0.6899 - val_accuracy: 0.5651
Epoch 4/10
 - 6s - loss: 0.6854 - accuracy: 0.5520 - val_loss: 0.6739 - val_accuracy: 0.6148
Epoch 5/10
 - 5s - loss: 0.6675 - accuracy: 0.5911 - val_loss: 0.6483 - val_accuracy: 0.6570
Epoch 6/10
 - 5s - loss: 0.6179 - accuracy: 0.6547 - val_loss: 0.5861 - val_accuracy: 0.7357
Epoch 7/10
 - 5s - loss: 0.5239 - accuracy: 0.7402 - val_loss: 0.5043 - val_accuracy: 0.7769
Epoch 8/10
 - 5s - loss: 0.4396 - accuracy: 0.7955 - val_loss: 0.4902 - val_accuracy: 0.7807
Epoch 9/10
 - 6s - loss: 0.3833 - accuracy: 0.8315 - val_loss: 0.4854 - val_accuracy: 0.7807
Epoch 10/10
 - 5s - loss: 0.3295 - accuracy: 0.8554 - val_loss: 0.5027 - val_accuracy: 0.7751
Training time:56.07854700088501
