Using TensorFlow backend.
WARNING:tensorflow:From /Volumes/Transcend/opt/anaconda3/envs/keras/lib/python3.6/site-packages/tensorflow_core/python/ops/resource_variable_ops.py:1630: calling BaseResourceVariable.__init__ (from tensorflow.python.ops.resource_variable_ops) with constraint is deprecated and will be removed in a future version.
Instructions for updating:
If using Keras pass *_constraint arguments to layers.
WARNING:tensorflow:From /Volumes/Transcend/opt/anaconda3/envs/keras/lib/python3.6/site-packages/keras/backend/tensorflow_backend.py:4070: The name tf.nn.max_pool is deprecated. Please use tf.nn.max_pool2d instead.

WARNING:tensorflow:Large dropout rate: 0.8 (>0.5). In TensorFlow 2.x, dropout() uses dropout rate instead of keep_prob. Please ensure that this is intended.
WARNING:tensorflow:From /Volumes/Transcend/opt/anaconda3/envs/keras/lib/python3.6/site-packages/tensorflow_core/python/ops/nn_impl.py:183: where (from tensorflow.python.ops.array_ops) is deprecated and will be removed in a future version.
Instructions for updating:
Use tf.where in 2.0, which has the same broadcast rule as np.where
2020-02-04 16:00:22.063834: I tensorflow/core/platform/cpu_feature_guard.cc:142] Your CPU supports instructions that this TensorFlow binary was not compiled to use: AVX2 FMA
2020-02-04 16:00:22.081727: I tensorflow/compiler/xla/service/service.cc:168] XLA service 0x7fecf5a07c90 initialized for platform Host (this does not guarantee that XLA will be used). Devices:
2020-02-04 16:00:22.081750: I tensorflow/compiler/xla/service/service.cc:176]   StreamExecutor device (0): Host, Default Version
WARNING:tensorflow:From /Volumes/Transcend/opt/anaconda3/envs/keras/lib/python3.6/site-packages/keras/backend/tensorflow_backend.py:422: The name tf.global_variables is deprecated. Please use tf.compat.v1.global_variables instead.

Load data...
Adjusting sequence length for actual size
x_train shape: (9595, 56)
x_test shape: (1067, 56)
Vocabulary Size: 18779
Model type is CNN-non-static
Load existing Word2Vec model '50features_1minwords_10context'
Initializing embedding layer with word2vec weights, shape (18779, 50)
Train on 9595 samples, validate on 1067 samples
Epoch 1/10
 - 6s - loss: 0.7016 - accuracy: 0.4961 - val_loss: 0.6933 - val_accuracy: 0.4920
Epoch 2/10
 - 5s - loss: 0.6932 - accuracy: 0.5081 - val_loss: 0.6915 - val_accuracy: 0.5839
Epoch 3/10
 - 5s - loss: 0.6906 - accuracy: 0.5174 - val_loss: 0.6866 - val_accuracy: 0.6026
Epoch 4/10
 - 6s - loss: 0.6814 - accuracy: 0.5586 - val_loss: 0.6699 - val_accuracy: 0.6345
Epoch 5/10
 - 8s - loss: 0.6557 - accuracy: 0.6063 - val_loss: 0.6357 - val_accuracy: 0.6448
Epoch 6/10
 - 7s - loss: 0.5997 - accuracy: 0.6754 - val_loss: 0.5607 - val_accuracy: 0.7451
Epoch 7/10
 - 6s - loss: 0.5061 - accuracy: 0.7550 - val_loss: 0.4953 - val_accuracy: 0.7826
Epoch 8/10
 - 7s - loss: 0.4282 - accuracy: 0.8039 - val_loss: 0.4840 - val_accuracy: 0.7844
Epoch 9/10
 - 6s - loss: 0.3692 - accuracy: 0.8348 - val_loss: 0.4913 - val_accuracy: 0.7732
Epoch 10/10
 - 6s - loss: 0.3119 - accuracy: 0.8626 - val_loss: 0.5080 - val_accuracy: 0.7788
Training time:63.99777698516846
