Using TensorFlow backend.
WARNING:tensorflow:From /Volumes/Transcend/opt/anaconda3/envs/keras/lib/python3.6/site-packages/tensorflow_core/python/ops/resource_variable_ops.py:1630: calling BaseResourceVariable.__init__ (from tensorflow.python.ops.resource_variable_ops) with constraint is deprecated and will be removed in a future version.
Instructions for updating:
If using Keras pass *_constraint arguments to layers.
WARNING:tensorflow:From /Volumes/Transcend/opt/anaconda3/envs/keras/lib/python3.6/site-packages/keras/backend/tensorflow_backend.py:4070: The name tf.nn.max_pool is deprecated. Please use tf.nn.max_pool2d instead.

WARNING:tensorflow:Large dropout rate: 0.8 (>0.5). In TensorFlow 2.x, dropout() uses dropout rate instead of keep_prob. Please ensure that this is intended.
WARNING:tensorflow:From /Volumes/Transcend/opt/anaconda3/envs/keras/lib/python3.6/site-packages/tensorflow_core/python/ops/nn_impl.py:183: where (from tensorflow.python.ops.array_ops) is deprecated and will be removed in a future version.
Instructions for updating:
Use tf.where in 2.0, which has the same broadcast rule as np.where
2020-02-18 23:46:58.622912: I tensorflow/core/platform/cpu_feature_guard.cc:142] Your CPU supports instructions that this TensorFlow binary was not compiled to use: AVX2 FMA
2020-02-18 23:46:58.637108: I tensorflow/compiler/xla/service/service.cc:168] XLA service 0x7fc2683b8bd0 initialized for platform Host (this does not guarantee that XLA will be used). Devices:
2020-02-18 23:46:58.637134: I tensorflow/compiler/xla/service/service.cc:176]   StreamExecutor device (0): Host, Default Version
WARNING:tensorflow:From /Volumes/Transcend/opt/anaconda3/envs/keras/lib/python3.6/site-packages/keras/backend/tensorflow_backend.py:422: The name tf.global_variables is deprecated. Please use tf.compat.v1.global_variables instead.

Load data...
Adjusting sequence length for actual size
x_train shape: (9595, 56)
x_test shape: (1067, 56)
Vocabulary Size: 18779
Model type is CNN-non-static
Load existing Word2Vec model '50features_1minwords_10context'
Initializing embedding layer with word2vec weights, shape (18779, 50)
Train on 9595 samples, validate on 1067 samples
Epoch 1/10
 - 7s - loss: 0.7017 - accuracy: 0.4979 - val_loss: 0.6932 - val_accuracy: 0.4977
Epoch 2/10
 - 6s - loss: 0.6930 - accuracy: 0.5122 - val_loss: 0.6898 - val_accuracy: 0.5520
Epoch 3/10
 - 5s - loss: 0.6895 - accuracy: 0.5258 - val_loss: 0.6847 - val_accuracy: 0.6082
Epoch 4/10
 - 7s - loss: 0.6779 - accuracy: 0.5659 - val_loss: 0.6640 - val_accuracy: 0.6514
Epoch 5/10
 - 5s - loss: 0.6536 - accuracy: 0.6075 - val_loss: 0.6276 - val_accuracy: 0.6851
Epoch 6/10
 - 6s - loss: 0.6028 - accuracy: 0.6770 - val_loss: 0.5593 - val_accuracy: 0.7535
Epoch 7/10
 - 5s - loss: 0.5122 - accuracy: 0.7496 - val_loss: 0.4992 - val_accuracy: 0.7732
Epoch 8/10
 - 5s - loss: 0.4323 - accuracy: 0.8059 - val_loss: 0.4819 - val_accuracy: 0.7854
Epoch 9/10
 - 5s - loss: 0.3698 - accuracy: 0.8389 - val_loss: 0.4829 - val_accuracy: 0.7760
Epoch 10/10
 - 5s - loss: 0.3074 - accuracy: 0.8648 - val_loss: 0.5061 - val_accuracy: 0.7741
Training time:55.88054299354553
