Using TensorFlow backend.
WARNING:tensorflow:From /Volumes/Transcend/opt/anaconda3/envs/keras/lib/python3.6/site-packages/tensorflow_core/python/ops/resource_variable_ops.py:1630: calling BaseResourceVariable.__init__ (from tensorflow.python.ops.resource_variable_ops) with constraint is deprecated and will be removed in a future version.
Instructions for updating:
If using Keras pass *_constraint arguments to layers.
WARNING:tensorflow:From /Volumes/Transcend/opt/anaconda3/envs/keras/lib/python3.6/site-packages/keras/backend/tensorflow_backend.py:4070: The name tf.nn.max_pool is deprecated. Please use tf.nn.max_pool2d instead.

WARNING:tensorflow:Large dropout rate: 0.8 (>0.5). In TensorFlow 2.x, dropout() uses dropout rate instead of keep_prob. Please ensure that this is intended.
WARNING:tensorflow:From /Volumes/Transcend/opt/anaconda3/envs/keras/lib/python3.6/site-packages/tensorflow_core/python/ops/nn_impl.py:183: where (from tensorflow.python.ops.array_ops) is deprecated and will be removed in a future version.
Instructions for updating:
Use tf.where in 2.0, which has the same broadcast rule as np.where
2020-02-18 23:32:15.629100: I tensorflow/core/platform/cpu_feature_guard.cc:142] Your CPU supports instructions that this TensorFlow binary was not compiled to use: AVX2 FMA
2020-02-18 23:32:15.642960: I tensorflow/compiler/xla/service/service.cc:168] XLA service 0x7fd5b4fb4560 initialized for platform Host (this does not guarantee that XLA will be used). Devices:
2020-02-18 23:32:15.642987: I tensorflow/compiler/xla/service/service.cc:176]   StreamExecutor device (0): Host, Default Version
WARNING:tensorflow:From /Volumes/Transcend/opt/anaconda3/envs/keras/lib/python3.6/site-packages/keras/backend/tensorflow_backend.py:422: The name tf.global_variables is deprecated. Please use tf.compat.v1.global_variables instead.

Load data...
Adjusting sequence length for actual size
x_train shape: (9595, 56)
x_test shape: (1067, 56)
Vocabulary Size: 18779
Model type is CNN-non-static
Load existing Word2Vec model '50features_1minwords_10context'
Initializing embedding layer with word2vec weights, shape (18779, 50)
Train on 9595 samples, validate on 1067 samples
Epoch 1/10
 - 6s - loss: 0.7017 - accuracy: 0.4976 - val_loss: 0.6933 - val_accuracy: 0.4911
Epoch 2/10
 - 6s - loss: 0.6936 - accuracy: 0.5093 - val_loss: 0.6917 - val_accuracy: 0.5773
Epoch 3/10
 - 6s - loss: 0.6904 - accuracy: 0.5229 - val_loss: 0.6873 - val_accuracy: 0.6036
Epoch 4/10
 - 6s - loss: 0.6800 - accuracy: 0.5589 - val_loss: 0.6699 - val_accuracy: 0.6326
Epoch 5/10
 - 6s - loss: 0.6540 - accuracy: 0.6097 - val_loss: 0.6271 - val_accuracy: 0.6748
Epoch 6/10
 - 6s - loss: 0.5937 - accuracy: 0.6830 - val_loss: 0.5555 - val_accuracy: 0.7582
Epoch 7/10
 - 6s - loss: 0.4977 - accuracy: 0.7636 - val_loss: 0.4933 - val_accuracy: 0.7826
Epoch 8/10
 - 6s - loss: 0.4198 - accuracy: 0.8104 - val_loss: 0.4822 - val_accuracy: 0.7891
Epoch 9/10
 - 6s - loss: 0.3646 - accuracy: 0.8400 - val_loss: 0.4918 - val_accuracy: 0.7769
Epoch 10/10
 - 5s - loss: 0.3087 - accuracy: 0.8641 - val_loss: 0.5064 - val_accuracy: 0.7751
Training time:58.57226014137268
