Using TensorFlow backend.
WARNING:tensorflow:From /Volumes/Transcend/opt/anaconda3/envs/keras/lib/python3.6/site-packages/tensorflow_core/python/ops/resource_variable_ops.py:1630: calling BaseResourceVariable.__init__ (from tensorflow.python.ops.resource_variable_ops) with constraint is deprecated and will be removed in a future version.
Instructions for updating:
If using Keras pass *_constraint arguments to layers.
WARNING:tensorflow:From /Volumes/Transcend/opt/anaconda3/envs/keras/lib/python3.6/site-packages/keras/backend/tensorflow_backend.py:4070: The name tf.nn.max_pool is deprecated. Please use tf.nn.max_pool2d instead.

WARNING:tensorflow:Large dropout rate: 0.8 (>0.5). In TensorFlow 2.x, dropout() uses dropout rate instead of keep_prob. Please ensure that this is intended.
WARNING:tensorflow:From /Volumes/Transcend/opt/anaconda3/envs/keras/lib/python3.6/site-packages/tensorflow_core/python/ops/nn_impl.py:183: where (from tensorflow.python.ops.array_ops) is deprecated and will be removed in a future version.
Instructions for updating:
Use tf.where in 2.0, which has the same broadcast rule as np.where
2020-02-18 23:50:13.131421: I tensorflow/core/platform/cpu_feature_guard.cc:142] Your CPU supports instructions that this TensorFlow binary was not compiled to use: AVX2 FMA
2020-02-18 23:50:13.144532: I tensorflow/compiler/xla/service/service.cc:168] XLA service 0x7fc634034400 initialized for platform Host (this does not guarantee that XLA will be used). Devices:
2020-02-18 23:50:13.144557: I tensorflow/compiler/xla/service/service.cc:176]   StreamExecutor device (0): Host, Default Version
WARNING:tensorflow:From /Volumes/Transcend/opt/anaconda3/envs/keras/lib/python3.6/site-packages/keras/backend/tensorflow_backend.py:422: The name tf.global_variables is deprecated. Please use tf.compat.v1.global_variables instead.

Load data...
Adjusting sequence length for actual size
x_train shape: (9595, 56)
x_test shape: (1067, 56)
Vocabulary Size: 18779
Model type is CNN-non-static
Load existing Word2Vec model '50features_1minwords_10context'
Initializing embedding layer with word2vec weights, shape (18779, 50)
Train on 9595 samples, validate on 1067 samples
Epoch 1/10
 - 7s - loss: 0.7018 - accuracy: 0.4937 - val_loss: 0.6933 - val_accuracy: 0.4902
Epoch 2/10
 - 6s - loss: 0.6943 - accuracy: 0.5127 - val_loss: 0.6931 - val_accuracy: 0.4855
Epoch 3/10
 - 5s - loss: 0.6923 - accuracy: 0.5063 - val_loss: 0.6891 - val_accuracy: 0.5623
Epoch 4/10
 - 6s - loss: 0.6830 - accuracy: 0.5566 - val_loss: 0.6693 - val_accuracy: 0.6270
Epoch 5/10
 - 6s - loss: 0.6617 - accuracy: 0.6034 - val_loss: 0.6436 - val_accuracy: 0.6560
Epoch 6/10
 - 6s - loss: 0.6139 - accuracy: 0.6656 - val_loss: 0.5732 - val_accuracy: 0.7432
Epoch 7/10
 - 5s - loss: 0.5254 - accuracy: 0.7406 - val_loss: 0.5122 - val_accuracy: 0.7741
Epoch 8/10
 - 5s - loss: 0.4379 - accuracy: 0.7981 - val_loss: 0.4887 - val_accuracy: 0.7826
Epoch 9/10
 - 5s - loss: 0.3747 - accuracy: 0.8339 - val_loss: 0.4880 - val_accuracy: 0.7854
Epoch 10/10
 - 5s - loss: 0.3285 - accuracy: 0.8549 - val_loss: 0.4977 - val_accuracy: 0.7788
Training time:56.30521774291992
