Using TensorFlow backend.
WARNING:tensorflow:From /Volumes/Transcend/opt/anaconda3/envs/keras/lib/python3.6/site-packages/tensorflow_core/python/ops/resource_variable_ops.py:1630: calling BaseResourceVariable.__init__ (from tensorflow.python.ops.resource_variable_ops) with constraint is deprecated and will be removed in a future version.
Instructions for updating:
If using Keras pass *_constraint arguments to layers.
WARNING:tensorflow:From /Volumes/Transcend/opt/anaconda3/envs/keras/lib/python3.6/site-packages/keras/backend/tensorflow_backend.py:4070: The name tf.nn.max_pool is deprecated. Please use tf.nn.max_pool2d instead.

WARNING:tensorflow:Large dropout rate: 0.8 (>0.5). In TensorFlow 2.x, dropout() uses dropout rate instead of keep_prob. Please ensure that this is intended.
WARNING:tensorflow:From /Volumes/Transcend/opt/anaconda3/envs/keras/lib/python3.6/site-packages/tensorflow_core/python/ops/nn_impl.py:183: where (from tensorflow.python.ops.array_ops) is deprecated and will be removed in a future version.
Instructions for updating:
Use tf.where in 2.0, which has the same broadcast rule as np.where
2020-02-18 23:45:41.017693: I tensorflow/core/platform/cpu_feature_guard.cc:142] Your CPU supports instructions that this TensorFlow binary was not compiled to use: AVX2 FMA
2020-02-18 23:45:41.043250: I tensorflow/compiler/xla/service/service.cc:168] XLA service 0x7f933b219900 initialized for platform Host (this does not guarantee that XLA will be used). Devices:
2020-02-18 23:45:41.043283: I tensorflow/compiler/xla/service/service.cc:176]   StreamExecutor device (0): Host, Default Version
WARNING:tensorflow:From /Volumes/Transcend/opt/anaconda3/envs/keras/lib/python3.6/site-packages/keras/backend/tensorflow_backend.py:422: The name tf.global_variables is deprecated. Please use tf.compat.v1.global_variables instead.

Load data...
Adjusting sequence length for actual size
x_train shape: (9595, 56)
x_test shape: (1067, 56)
Vocabulary Size: 18779
Model type is CNN-non-static
Load existing Word2Vec model '50features_1minwords_10context'
Initializing embedding layer with word2vec weights, shape (18779, 50)
Train on 9595 samples, validate on 1067 samples
Epoch 1/10
 - 8s - loss: 0.7018 - accuracy: 0.4978 - val_loss: 0.6933 - val_accuracy: 0.4892
Epoch 2/10
 - 6s - loss: 0.6942 - accuracy: 0.5013 - val_loss: 0.6929 - val_accuracy: 0.4939
Epoch 3/10
 - 6s - loss: 0.6928 - accuracy: 0.5178 - val_loss: 0.6922 - val_accuracy: 0.5089
Epoch 4/10
 - 6s - loss: 0.6880 - accuracy: 0.5385 - val_loss: 0.6810 - val_accuracy: 0.6073
Epoch 5/10
 - 7s - loss: 0.6701 - accuracy: 0.5874 - val_loss: 0.6514 - val_accuracy: 0.6514
Epoch 6/10
 - 7s - loss: 0.6270 - accuracy: 0.6511 - val_loss: 0.5921 - val_accuracy: 0.7226
Epoch 7/10
 - 7s - loss: 0.5453 - accuracy: 0.7245 - val_loss: 0.5103 - val_accuracy: 0.7704
Epoch 8/10
 - 7s - loss: 0.4589 - accuracy: 0.7828 - val_loss: 0.4888 - val_accuracy: 0.7816
Epoch 9/10
 - 6s - loss: 0.3923 - accuracy: 0.8256 - val_loss: 0.4813 - val_accuracy: 0.7798
Epoch 10/10
 - 6s - loss: 0.3303 - accuracy: 0.8590 - val_loss: 0.4972 - val_accuracy: 0.7685
Training time:64.81202697753906
