Using TensorFlow backend.
WARNING:tensorflow:From /Volumes/Transcend/opt/anaconda3/envs/keras/lib/python3.6/site-packages/tensorflow_core/python/ops/resource_variable_ops.py:1630: calling BaseResourceVariable.__init__ (from tensorflow.python.ops.resource_variable_ops) with constraint is deprecated and will be removed in a future version.
Instructions for updating:
If using Keras pass *_constraint arguments to layers.
WARNING:tensorflow:From /Volumes/Transcend/opt/anaconda3/envs/keras/lib/python3.6/site-packages/keras/backend/tensorflow_backend.py:4070: The name tf.nn.max_pool is deprecated. Please use tf.nn.max_pool2d instead.

WARNING:tensorflow:Large dropout rate: 0.8 (>0.5). In TensorFlow 2.x, dropout() uses dropout rate instead of keep_prob. Please ensure that this is intended.
WARNING:tensorflow:From /Volumes/Transcend/opt/anaconda3/envs/keras/lib/python3.6/site-packages/tensorflow_core/python/ops/nn_impl.py:183: where (from tensorflow.python.ops.array_ops) is deprecated and will be removed in a future version.
Instructions for updating:
Use tf.where in 2.0, which has the same broadcast rule as np.where
2020-02-18 23:51:16.097196: I tensorflow/core/platform/cpu_feature_guard.cc:142] Your CPU supports instructions that this TensorFlow binary was not compiled to use: AVX2 FMA
2020-02-18 23:51:16.112554: I tensorflow/compiler/xla/service/service.cc:168] XLA service 0x7fededa03510 initialized for platform Host (this does not guarantee that XLA will be used). Devices:
2020-02-18 23:51:16.112581: I tensorflow/compiler/xla/service/service.cc:176]   StreamExecutor device (0): Host, Default Version
WARNING:tensorflow:From /Volumes/Transcend/opt/anaconda3/envs/keras/lib/python3.6/site-packages/keras/backend/tensorflow_backend.py:422: The name tf.global_variables is deprecated. Please use tf.compat.v1.global_variables instead.

Load data...
Adjusting sequence length for actual size
x_train shape: (9595, 56)
x_test shape: (1067, 56)
Vocabulary Size: 18779
Model type is CNN-non-static
Load existing Word2Vec model '50features_1minwords_10context'
Initializing embedding layer with word2vec weights, shape (18779, 50)
Train on 9595 samples, validate on 1067 samples
Epoch 1/10
 - 5s - loss: 0.6802 - accuracy: 0.5608 - val_loss: 0.6296 - val_accuracy: 0.6420
Epoch 2/10
 - 4s - loss: 0.4925 - accuracy: 0.7639 - val_loss: 0.4830 - val_accuracy: 0.7844
Epoch 3/10
 - 5s - loss: 0.2097 - accuracy: 0.9209 - val_loss: 0.5357 - val_accuracy: 0.7648
Epoch 4/10
 - 5s - loss: 0.0763 - accuracy: 0.9773 - val_loss: 0.6417 - val_accuracy: 0.7769
Epoch 5/10
 - 6s - loss: 0.0240 - accuracy: 0.9958 - val_loss: 0.7498 - val_accuracy: 0.7779
Epoch 6/10
 - 5s - loss: 0.0086 - accuracy: 0.9996 - val_loss: 0.8560 - val_accuracy: 0.7713
Epoch 7/10
 - 4s - loss: 0.0041 - accuracy: 0.9997 - val_loss: 0.9180 - val_accuracy: 0.7751
Epoch 8/10
 - 4s - loss: 0.0021 - accuracy: 1.0000 - val_loss: 1.0105 - val_accuracy: 0.7751
Epoch 9/10
 - 5s - loss: 0.0012 - accuracy: 1.0000 - val_loss: 1.0612 - val_accuracy: 0.7723
Epoch 10/10
 - 6s - loss: 7.6773e-04 - accuracy: 1.0000 - val_loss: 1.1221 - val_accuracy: 0.7694
Training time:50.216092109680176
