Using TensorFlow backend.
WARNING:tensorflow:From /Volumes/Transcend/opt/anaconda3/envs/keras/lib/python3.6/site-packages/tensorflow_core/python/ops/resource_variable_ops.py:1630: calling BaseResourceVariable.__init__ (from tensorflow.python.ops.resource_variable_ops) with constraint is deprecated and will be removed in a future version.
Instructions for updating:
If using Keras pass *_constraint arguments to layers.
WARNING:tensorflow:From /Volumes/Transcend/opt/anaconda3/envs/keras/lib/python3.6/site-packages/keras/backend/tensorflow_backend.py:4070: The name tf.nn.max_pool is deprecated. Please use tf.nn.max_pool2d instead.

WARNING:tensorflow:Large dropout rate: 0.8 (>0.5). In TensorFlow 2.x, dropout() uses dropout rate instead of keep_prob. Please ensure that this is intended.
WARNING:tensorflow:From /Volumes/Transcend/opt/anaconda3/envs/keras/lib/python3.6/site-packages/tensorflow_core/python/ops/nn_impl.py:183: where (from tensorflow.python.ops.array_ops) is deprecated and will be removed in a future version.
Instructions for updating:
Use tf.where in 2.0, which has the same broadcast rule as np.where
2020-02-18 23:52:27.246708: I tensorflow/core/platform/cpu_feature_guard.cc:142] Your CPU supports instructions that this TensorFlow binary was not compiled to use: AVX2 FMA
2020-02-18 23:52:27.261625: I tensorflow/compiler/xla/service/service.cc:168] XLA service 0x7fa49f2082e0 initialized for platform Host (this does not guarantee that XLA will be used). Devices:
2020-02-18 23:52:27.261648: I tensorflow/compiler/xla/service/service.cc:176]   StreamExecutor device (0): Host, Default Version
WARNING:tensorflow:From /Volumes/Transcend/opt/anaconda3/envs/keras/lib/python3.6/site-packages/keras/backend/tensorflow_backend.py:422: The name tf.global_variables is deprecated. Please use tf.compat.v1.global_variables instead.

Load data...
Adjusting sequence length for actual size
x_train shape: (9595, 56)
x_test shape: (1067, 56)
Vocabulary Size: 18779
Model type is CNN-non-static
Load existing Word2Vec model '50features_1minwords_10context'
Initializing embedding layer with word2vec weights, shape (18779, 50)
Train on 9595 samples, validate on 1067 samples
Epoch 1/10
 - 5s - loss: 0.7019 - accuracy: 0.4971 - val_loss: 0.6933 - val_accuracy: 0.4845
Epoch 2/10
 - 6s - loss: 0.6939 - accuracy: 0.5065 - val_loss: 0.6921 - val_accuracy: 0.4958
Epoch 3/10
 - 5s - loss: 0.6909 - accuracy: 0.5212 - val_loss: 0.6874 - val_accuracy: 0.5970
Epoch 4/10
 - 6s - loss: 0.6823 - accuracy: 0.5541 - val_loss: 0.6717 - val_accuracy: 0.6214
Epoch 5/10
 - 5s - loss: 0.6590 - accuracy: 0.5994 - val_loss: 0.6393 - val_accuracy: 0.6579
Epoch 6/10
 - 6s - loss: 0.6054 - accuracy: 0.6705 - val_loss: 0.5706 - val_accuracy: 0.7526
Epoch 7/10
 - 6s - loss: 0.5207 - accuracy: 0.7450 - val_loss: 0.5036 - val_accuracy: 0.7779
Epoch 8/10
 - 6s - loss: 0.4372 - accuracy: 0.7978 - val_loss: 0.4848 - val_accuracy: 0.7826
Epoch 9/10
 - 6s - loss: 0.3774 - accuracy: 0.8345 - val_loss: 0.4855 - val_accuracy: 0.7788
Epoch 10/10
 - 6s - loss: 0.3238 - accuracy: 0.8595 - val_loss: 0.5055 - val_accuracy: 0.7713
Training time:58.545867919921875
