Using TensorFlow backend.
WARNING:tensorflow:From /Volumes/Transcend/opt/anaconda3/envs/keras/lib/python3.6/site-packages/tensorflow_core/python/ops/resource_variable_ops.py:1630: calling BaseResourceVariable.__init__ (from tensorflow.python.ops.resource_variable_ops) with constraint is deprecated and will be removed in a future version.
Instructions for updating:
If using Keras pass *_constraint arguments to layers.
WARNING:tensorflow:From /Volumes/Transcend/opt/anaconda3/envs/keras/lib/python3.6/site-packages/keras/backend/tensorflow_backend.py:4070: The name tf.nn.max_pool is deprecated. Please use tf.nn.max_pool2d instead.

WARNING:tensorflow:Large dropout rate: 0.8 (>0.5). In TensorFlow 2.x, dropout() uses dropout rate instead of keep_prob. Please ensure that this is intended.
WARNING:tensorflow:Large dropout rate: 0.8 (>0.5). In TensorFlow 2.x, dropout() uses dropout rate instead of keep_prob. Please ensure that this is intended.
WARNING:tensorflow:From /Volumes/Transcend/opt/anaconda3/envs/keras/lib/python3.6/site-packages/tensorflow_core/python/ops/nn_impl.py:183: where (from tensorflow.python.ops.array_ops) is deprecated and will be removed in a future version.
Instructions for updating:
Use tf.where in 2.0, which has the same broadcast rule as np.where
2020-02-18 23:55:36.134085: I tensorflow/core/platform/cpu_feature_guard.cc:142] Your CPU supports instructions that this TensorFlow binary was not compiled to use: AVX2 FMA
2020-02-18 23:55:36.240562: I tensorflow/compiler/xla/service/service.cc:168] XLA service 0x7ff1aea3fff0 initialized for platform Host (this does not guarantee that XLA will be used). Devices:
2020-02-18 23:55:36.240591: I tensorflow/compiler/xla/service/service.cc:176]   StreamExecutor device (0): Host, Default Version
WARNING:tensorflow:From /Volumes/Transcend/opt/anaconda3/envs/keras/lib/python3.6/site-packages/keras/backend/tensorflow_backend.py:422: The name tf.global_variables is deprecated. Please use tf.compat.v1.global_variables instead.

Load data...
Adjusting sequence length for actual size
x_train shape: (9595, 56)
x_test shape: (1067, 56)
Vocabulary Size: 18779
Model type is CNN-non-static
Load existing Word2Vec model '50features_1minwords_10context'
Initializing embedding layer with word2vec weights, shape (18779, 50)
Train on 9595 samples, validate on 1067 samples
Epoch 1/10
 - 7s - loss: 0.6989 - accuracy: 0.5013 - val_loss: 0.6931 - val_accuracy: 0.5136
Epoch 2/10
 - 8s - loss: 0.6935 - accuracy: 0.5083 - val_loss: 0.6910 - val_accuracy: 0.5183
Epoch 3/10
 - 9s - loss: 0.6902 - accuracy: 0.5293 - val_loss: 0.6858 - val_accuracy: 0.5951
Epoch 4/10
 - 8s - loss: 0.6809 - accuracy: 0.5545 - val_loss: 0.6734 - val_accuracy: 0.6111
Epoch 5/10
 - 8s - loss: 0.6528 - accuracy: 0.6156 - val_loss: 0.6259 - val_accuracy: 0.6888
Epoch 6/10
 - 7s - loss: 0.5982 - accuracy: 0.6761 - val_loss: 0.5650 - val_accuracy: 0.7216
Epoch 7/10
 - 7s - loss: 0.5129 - accuracy: 0.7501 - val_loss: 0.5040 - val_accuracy: 0.7741
Epoch 8/10
 - 8s - loss: 0.4292 - accuracy: 0.8045 - val_loss: 0.4813 - val_accuracy: 0.7798
Epoch 9/10
 - 8s - loss: 0.3705 - accuracy: 0.8348 - val_loss: 0.4785 - val_accuracy: 0.7863
Epoch 10/10
 - 8s - loss: 0.3244 - accuracy: 0.8589 - val_loss: 0.4797 - val_accuracy: 0.7873
Training time:77.74365210533142
