Using TensorFlow backend.
WARNING:tensorflow:From /Volumes/Transcend/opt/anaconda3/envs/keras/lib/python3.6/site-packages/tensorflow_core/python/ops/resource_variable_ops.py:1630: calling BaseResourceVariable.__init__ (from tensorflow.python.ops.resource_variable_ops) with constraint is deprecated and will be removed in a future version.
Instructions for updating:
If using Keras pass *_constraint arguments to layers.
WARNING:tensorflow:From /Volumes/Transcend/opt/anaconda3/envs/keras/lib/python3.6/site-packages/keras/backend/tensorflow_backend.py:4070: The name tf.nn.max_pool is deprecated. Please use tf.nn.max_pool2d instead.

WARNING:tensorflow:Large dropout rate: 0.8 (>0.5). In TensorFlow 2.x, dropout() uses dropout rate instead of keep_prob. Please ensure that this is intended.
WARNING:tensorflow:From /Volumes/Transcend/opt/anaconda3/envs/keras/lib/python3.6/site-packages/tensorflow_core/python/ops/nn_impl.py:183: where (from tensorflow.python.ops.array_ops) is deprecated and will be removed in a future version.
Instructions for updating:
Use tf.where in 2.0, which has the same broadcast rule as np.where
2020-02-18 23:58:28.051749: I tensorflow/core/platform/cpu_feature_guard.cc:142] Your CPU supports instructions that this TensorFlow binary was not compiled to use: AVX2 FMA
2020-02-18 23:58:28.070777: I tensorflow/compiler/xla/service/service.cc:168] XLA service 0x7fedf67f87d0 initialized for platform Host (this does not guarantee that XLA will be used). Devices:
2020-02-18 23:58:28.070817: I tensorflow/compiler/xla/service/service.cc:176]   StreamExecutor device (0): Host, Default Version
WARNING:tensorflow:From /Volumes/Transcend/opt/anaconda3/envs/keras/lib/python3.6/site-packages/keras/backend/tensorflow_backend.py:422: The name tf.global_variables is deprecated. Please use tf.compat.v1.global_variables instead.

Load data...
Adjusting sequence length for actual size
x_train shape: (9595, 56)
x_test shape: (1067, 56)
Vocabulary Size: 18779
Model type is CNN-non-static
Load existing Word2Vec model '50features_1minwords_10context'
Initializing embedding layer with word2vec weights, shape (18779, 50)
Train on 9595 samples, validate on 1067 samples
Epoch 1/10
 - 6s - loss: 0.7021 - accuracy: 0.4945 - val_loss: 0.6933 - val_accuracy: 0.4958
Epoch 2/10
 - 5s - loss: 0.6934 - accuracy: 0.5102 - val_loss: 0.6909 - val_accuracy: 0.5773
Epoch 3/10
 - 6s - loss: 0.6903 - accuracy: 0.5294 - val_loss: 0.6866 - val_accuracy: 0.6120
Epoch 4/10
 - 6s - loss: 0.6804 - accuracy: 0.5585 - val_loss: 0.6668 - val_accuracy: 0.6457
Epoch 5/10
 - 7s - loss: 0.6533 - accuracy: 0.6106 - val_loss: 0.6323 - val_accuracy: 0.6514
Epoch 6/10
 - 8s - loss: 0.5894 - accuracy: 0.6834 - val_loss: 0.5612 - val_accuracy: 0.7498
Epoch 7/10
 - 8s - loss: 0.4956 - accuracy: 0.7636 - val_loss: 0.4949 - val_accuracy: 0.7844
Epoch 8/10
 - 7s - loss: 0.4184 - accuracy: 0.8088 - val_loss: 0.4878 - val_accuracy: 0.7863
Epoch 9/10
 - 8s - loss: 0.3630 - accuracy: 0.8402 - val_loss: 0.4867 - val_accuracy: 0.7779
Epoch 10/10
 - 8s - loss: 0.3192 - accuracy: 0.8582 - val_loss: 0.5025 - val_accuracy: 0.7751
Training time:71.08244895935059
