Using TensorFlow backend.
WARNING:tensorflow:From /Volumes/Transcend/opt/anaconda3/envs/keras/lib/python3.6/site-packages/tensorflow_core/python/ops/resource_variable_ops.py:1630: calling BaseResourceVariable.__init__ (from tensorflow.python.ops.resource_variable_ops) with constraint is deprecated and will be removed in a future version.
Instructions for updating:
If using Keras pass *_constraint arguments to layers.
WARNING:tensorflow:From /Volumes/Transcend/opt/anaconda3/envs/keras/lib/python3.6/site-packages/keras/backend/tensorflow_backend.py:4070: The name tf.nn.max_pool is deprecated. Please use tf.nn.max_pool2d instead.

WARNING:tensorflow:Large dropout rate: 0.8 (>0.5). In TensorFlow 2.x, dropout() uses dropout rate instead of keep_prob. Please ensure that this is intended.
WARNING:tensorflow:From /Volumes/Transcend/opt/anaconda3/envs/keras/lib/python3.6/site-packages/tensorflow_core/python/ops/nn_impl.py:183: where (from tensorflow.python.ops.array_ops) is deprecated and will be removed in a future version.
Instructions for updating:
Use tf.where in 2.0, which has the same broadcast rule as np.where
2020-02-19 00:00:05.118651: I tensorflow/core/platform/cpu_feature_guard.cc:142] Your CPU supports instructions that this TensorFlow binary was not compiled to use: AVX2 FMA
2020-02-19 00:00:05.137041: I tensorflow/compiler/xla/service/service.cc:168] XLA service 0x7fcb8109ce60 initialized for platform Host (this does not guarantee that XLA will be used). Devices:
2020-02-19 00:00:05.137063: I tensorflow/compiler/xla/service/service.cc:176]   StreamExecutor device (0): Host, Default Version
WARNING:tensorflow:From /Volumes/Transcend/opt/anaconda3/envs/keras/lib/python3.6/site-packages/keras/backend/tensorflow_backend.py:422: The name tf.global_variables is deprecated. Please use tf.compat.v1.global_variables instead.

Load data...
Adjusting sequence length for actual size
x_train shape: (9595, 56)
x_test shape: (1067, 56)
Vocabulary Size: 18779
Model type is CNN-non-static
Load existing Word2Vec model '50features_1minwords_10context'
Initializing embedding layer with word2vec weights, shape (18779, 50)
Train on 9595 samples, validate on 1067 samples
Epoch 1/10
 - 9s - loss: 0.7019 - accuracy: 0.4959 - val_loss: 0.6933 - val_accuracy: 0.4892
Epoch 2/10
 - 8s - loss: 0.6936 - accuracy: 0.5127 - val_loss: 0.6921 - val_accuracy: 0.5520
Epoch 3/10
 - 8s - loss: 0.6903 - accuracy: 0.5291 - val_loss: 0.6868 - val_accuracy: 0.5933
Epoch 4/10
 - 9s - loss: 0.6810 - accuracy: 0.5625 - val_loss: 0.6695 - val_accuracy: 0.6326
Epoch 5/10
 - 8s - loss: 0.6552 - accuracy: 0.6131 - val_loss: 0.6353 - val_accuracy: 0.6532
Epoch 6/10
 - 8s - loss: 0.5922 - accuracy: 0.6848 - val_loss: 0.5623 - val_accuracy: 0.7460
Epoch 7/10
 - 8s - loss: 0.5001 - accuracy: 0.7598 - val_loss: 0.4940 - val_accuracy: 0.7835
Epoch 8/10
 - 7s - loss: 0.4214 - accuracy: 0.8067 - val_loss: 0.4864 - val_accuracy: 0.7826
Epoch 9/10
 - 8s - loss: 0.3664 - accuracy: 0.8380 - val_loss: 0.4896 - val_accuracy: 0.7760
Epoch 10/10
 - 7s - loss: 0.3190 - accuracy: 0.8597 - val_loss: 0.5017 - val_accuracy: 0.7844
Training time:81.39570903778076
