Using TensorFlow backend.
WARNING:tensorflow:From /Volumes/Transcend/opt/anaconda3/envs/keras/lib/python3.6/site-packages/tensorflow_core/python/ops/resource_variable_ops.py:1630: calling BaseResourceVariable.__init__ (from tensorflow.python.ops.resource_variable_ops) with constraint is deprecated and will be removed in a future version.
Instructions for updating:
If using Keras pass *_constraint arguments to layers.
WARNING:tensorflow:From /Volumes/Transcend/opt/anaconda3/envs/keras/lib/python3.6/site-packages/keras/backend/tensorflow_backend.py:4070: The name tf.nn.max_pool is deprecated. Please use tf.nn.max_pool2d instead.

WARNING:tensorflow:Large dropout rate: 0.8 (>0.5). In TensorFlow 2.x, dropout() uses dropout rate instead of keep_prob. Please ensure that this is intended.
WARNING:tensorflow:From /Volumes/Transcend/opt/anaconda3/envs/keras/lib/python3.6/site-packages/tensorflow_core/python/ops/nn_impl.py:183: where (from tensorflow.python.ops.array_ops) is deprecated and will be removed in a future version.
Instructions for updating:
Use tf.where in 2.0, which has the same broadcast rule as np.where
2020-02-19 00:06:19.817518: I tensorflow/core/platform/cpu_feature_guard.cc:142] Your CPU supports instructions that this TensorFlow binary was not compiled to use: AVX2 FMA
2020-02-19 00:06:19.832754: I tensorflow/compiler/xla/service/service.cc:168] XLA service 0x7f9f668923b0 initialized for platform Host (this does not guarantee that XLA will be used). Devices:
2020-02-19 00:06:19.832793: I tensorflow/compiler/xla/service/service.cc:176]   StreamExecutor device (0): Host, Default Version
WARNING:tensorflow:From /Volumes/Transcend/opt/anaconda3/envs/keras/lib/python3.6/site-packages/keras/backend/tensorflow_backend.py:422: The name tf.global_variables is deprecated. Please use tf.compat.v1.global_variables instead.

Load data...
Adjusting sequence length for actual size
x_train shape: (9595, 56)
x_test shape: (1067, 56)
Vocabulary Size: 18779
Model type is CNN-non-static
Load existing Word2Vec model '50features_1minwords_10context'
Initializing embedding layer with word2vec weights, shape (18779, 50)
Train on 9595 samples, validate on 1067 samples
Epoch 1/10
 - 6s - loss: 0.6781 - accuracy: 0.5661 - val_loss: 0.6246 - val_accuracy: 0.6542
Epoch 2/10
 - 6s - loss: 0.4861 - accuracy: 0.7686 - val_loss: 0.4824 - val_accuracy: 0.7863
Epoch 3/10
 - 6s - loss: 0.2101 - accuracy: 0.9218 - val_loss: 0.5354 - val_accuracy: 0.7723
Epoch 4/10
 - 6s - loss: 0.0763 - accuracy: 0.9782 - val_loss: 0.6341 - val_accuracy: 0.7685
Epoch 5/10
 - 6s - loss: 0.0235 - accuracy: 0.9958 - val_loss: 0.7460 - val_accuracy: 0.7676
Epoch 6/10
 - 6s - loss: 0.0082 - accuracy: 0.9997 - val_loss: 0.8488 - val_accuracy: 0.7694
Epoch 7/10
 - 6s - loss: 0.0038 - accuracy: 0.9998 - val_loss: 0.9153 - val_accuracy: 0.7704
Epoch 8/10
 - 6s - loss: 0.0019 - accuracy: 1.0000 - val_loss: 0.9722 - val_accuracy: 0.7685
Epoch 9/10
 - 6s - loss: 0.0012 - accuracy: 1.0000 - val_loss: 1.0204 - val_accuracy: 0.7694
Epoch 10/10
 - 6s - loss: 8.2892e-04 - accuracy: 1.0000 - val_loss: 1.0620 - val_accuracy: 0.7723
Training time:59.5598509311676
