Using TensorFlow backend.
WARNING:tensorflow:From /Volumes/Transcend/opt/anaconda3/envs/keras/lib/python3.6/site-packages/tensorflow_core/python/ops/resource_variable_ops.py:1630: calling BaseResourceVariable.__init__ (from tensorflow.python.ops.resource_variable_ops) with constraint is deprecated and will be removed in a future version.
Instructions for updating:
If using Keras pass *_constraint arguments to layers.
WARNING:tensorflow:From /Volumes/Transcend/opt/anaconda3/envs/keras/lib/python3.6/site-packages/keras/backend/tensorflow_backend.py:4070: The name tf.nn.max_pool is deprecated. Please use tf.nn.max_pool2d instead.

WARNING:tensorflow:Large dropout rate: 0.8 (>0.5). In TensorFlow 2.x, dropout() uses dropout rate instead of keep_prob. Please ensure that this is intended.
WARNING:tensorflow:From /Volumes/Transcend/opt/anaconda3/envs/keras/lib/python3.6/site-packages/tensorflow_core/python/ops/nn_impl.py:183: where (from tensorflow.python.ops.array_ops) is deprecated and will be removed in a future version.
Instructions for updating:
Use tf.where in 2.0, which has the same broadcast rule as np.where
2020-02-19 00:03:50.214554: I tensorflow/core/platform/cpu_feature_guard.cc:142] Your CPU supports instructions that this TensorFlow binary was not compiled to use: AVX2 FMA
2020-02-19 00:03:50.227541: I tensorflow/compiler/xla/service/service.cc:168] XLA service 0x7fa5c28e8c30 initialized for platform Host (this does not guarantee that XLA will be used). Devices:
2020-02-19 00:03:50.227566: I tensorflow/compiler/xla/service/service.cc:176]   StreamExecutor device (0): Host, Default Version
WARNING:tensorflow:From /Volumes/Transcend/opt/anaconda3/envs/keras/lib/python3.6/site-packages/keras/backend/tensorflow_backend.py:422: The name tf.global_variables is deprecated. Please use tf.compat.v1.global_variables instead.

Load data...
Adjusting sequence length for actual size
x_train shape: (9595, 56)
x_test shape: (1067, 56)
Vocabulary Size: 18779
Model type is CNN-non-static
Load existing Word2Vec model '50features_1minwords_10context'
Initializing embedding layer with word2vec weights, shape (18779, 50)
Train on 9595 samples, validate on 1067 samples
Epoch 1/10
 - 6s - loss: 0.7020 - accuracy: 0.4993 - val_loss: 0.6933 - val_accuracy: 0.4808
Epoch 2/10
 - 7s - loss: 0.6937 - accuracy: 0.5039 - val_loss: 0.6911 - val_accuracy: 0.5773
Epoch 3/10
 - 6s - loss: 0.6900 - accuracy: 0.5265 - val_loss: 0.6854 - val_accuracy: 0.6054
Epoch 4/10
 - 6s - loss: 0.6798 - accuracy: 0.5622 - val_loss: 0.6683 - val_accuracy: 0.6354
Epoch 5/10
 - 8s - loss: 0.6541 - accuracy: 0.6082 - val_loss: 0.6313 - val_accuracy: 0.6720
Epoch 6/10
 - 9s - loss: 0.5984 - accuracy: 0.6766 - val_loss: 0.5560 - val_accuracy: 0.7563
Epoch 7/10
 - 7s - loss: 0.5012 - accuracy: 0.7554 - val_loss: 0.4960 - val_accuracy: 0.7751
Epoch 8/10
 - 7s - loss: 0.4240 - accuracy: 0.8059 - val_loss: 0.4806 - val_accuracy: 0.7816
Epoch 9/10
 - 7s - loss: 0.3674 - accuracy: 0.8352 - val_loss: 0.4836 - val_accuracy: 0.7760
Epoch 10/10
 - 7s - loss: 0.3138 - accuracy: 0.8620 - val_loss: 0.4974 - val_accuracy: 0.7741
Training time:71.68991088867188
