Using TensorFlow backend.
WARNING:tensorflow:From /Volumes/Transcend/opt/anaconda3/envs/keras/lib/python3.6/site-packages/tensorflow_core/python/ops/resource_variable_ops.py:1630: calling BaseResourceVariable.__init__ (from tensorflow.python.ops.resource_variable_ops) with constraint is deprecated and will be removed in a future version.
Instructions for updating:
If using Keras pass *_constraint arguments to layers.
WARNING:tensorflow:From /Volumes/Transcend/opt/anaconda3/envs/keras/lib/python3.6/site-packages/keras/backend/tensorflow_backend.py:4070: The name tf.nn.max_pool is deprecated. Please use tf.nn.max_pool2d instead.

WARNING:tensorflow:Large dropout rate: 0.8 (>0.5). In TensorFlow 2.x, dropout() uses dropout rate instead of keep_prob. Please ensure that this is intended.
WARNING:tensorflow:From /Volumes/Transcend/opt/anaconda3/envs/keras/lib/python3.6/site-packages/tensorflow_core/python/ops/nn_impl.py:183: where (from tensorflow.python.ops.array_ops) is deprecated and will be removed in a future version.
Instructions for updating:
Use tf.where in 2.0, which has the same broadcast rule as np.where
2020-02-19 00:07:26.773170: I tensorflow/core/platform/cpu_feature_guard.cc:142] Your CPU supports instructions that this TensorFlow binary was not compiled to use: AVX2 FMA
2020-02-19 00:07:26.789032: I tensorflow/compiler/xla/service/service.cc:168] XLA service 0x7f8605ec5600 initialized for platform Host (this does not guarantee that XLA will be used). Devices:
2020-02-19 00:07:26.789057: I tensorflow/compiler/xla/service/service.cc:176]   StreamExecutor device (0): Host, Default Version
WARNING:tensorflow:From /Volumes/Transcend/opt/anaconda3/envs/keras/lib/python3.6/site-packages/keras/backend/tensorflow_backend.py:422: The name tf.global_variables is deprecated. Please use tf.compat.v1.global_variables instead.

Load data...
Adjusting sequence length for actual size
x_train shape: (9595, 56)
x_test shape: (1067, 56)
Vocabulary Size: 18779
Model type is CNN-non-static
Load existing Word2Vec model '50features_1minwords_10context'
Initializing embedding layer with word2vec weights, shape (18779, 50)
Train on 9595 samples, validate on 1067 samples
Epoch 1/10
 - 1s - loss: 0.7312 - accuracy: 0.4943 - val_loss: 0.6947 - val_accuracy: 0.5080
Epoch 2/10
 - 1s - loss: 0.7301 - accuracy: 0.4956 - val_loss: 0.6947 - val_accuracy: 0.5080
Epoch 3/10
 - 1s - loss: 0.7281 - accuracy: 0.5001 - val_loss: 0.6947 - val_accuracy: 0.5080
Epoch 4/10
 - 1s - loss: 0.7304 - accuracy: 0.4922 - val_loss: 0.6947 - val_accuracy: 0.5080
Epoch 5/10
 - 1s - loss: 0.7310 - accuracy: 0.4934 - val_loss: 0.6947 - val_accuracy: 0.5080
Epoch 6/10
 - 1s - loss: 0.7283 - accuracy: 0.4949 - val_loss: 0.6947 - val_accuracy: 0.5080
Epoch 7/10
 - 1s - loss: 0.7278 - accuracy: 0.4988 - val_loss: 0.6947 - val_accuracy: 0.5080
Epoch 8/10
 - 1s - loss: 0.7266 - accuracy: 0.5113 - val_loss: 0.6947 - val_accuracy: 0.5080
Epoch 9/10
 - 1s - loss: 0.7297 - accuracy: 0.4983 - val_loss: 0.6947 - val_accuracy: 0.5080
Epoch 10/10
 - 1s - loss: 0.7244 - accuracy: 0.5031 - val_loss: 0.6947 - val_accuracy: 0.5080
Training time:10.350902795791626
