Using TensorFlow backend.
WARNING:tensorflow:From /Volumes/Transcend/opt/anaconda3/envs/keras/lib/python3.6/site-packages/tensorflow_core/python/ops/resource_variable_ops.py:1630: calling BaseResourceVariable.__init__ (from tensorflow.python.ops.resource_variable_ops) with constraint is deprecated and will be removed in a future version.
Instructions for updating:
If using Keras pass *_constraint arguments to layers.
WARNING:tensorflow:From /Volumes/Transcend/opt/anaconda3/envs/keras/lib/python3.6/site-packages/keras/backend/tensorflow_backend.py:4070: The name tf.nn.max_pool is deprecated. Please use tf.nn.max_pool2d instead.

WARNING:tensorflow:Large dropout rate: 0.8 (>0.5). In TensorFlow 2.x, dropout() uses dropout rate instead of keep_prob. Please ensure that this is intended.
WARNING:tensorflow:From /Volumes/Transcend/opt/anaconda3/envs/keras/lib/python3.6/site-packages/tensorflow_core/python/ops/nn_impl.py:183: where (from tensorflow.python.ops.array_ops) is deprecated and will be removed in a future version.
Instructions for updating:
Use tf.where in 2.0, which has the same broadcast rule as np.where
2020-02-18 23:35:43.400230: I tensorflow/core/platform/cpu_feature_guard.cc:142] Your CPU supports instructions that this TensorFlow binary was not compiled to use: AVX2 FMA
2020-02-18 23:35:43.414772: I tensorflow/compiler/xla/service/service.cc:168] XLA service 0x7f8c7b209570 initialized for platform Host (this does not guarantee that XLA will be used). Devices:
2020-02-18 23:35:43.414815: I tensorflow/compiler/xla/service/service.cc:176]   StreamExecutor device (0): Host, Default Version
WARNING:tensorflow:From /Volumes/Transcend/opt/anaconda3/envs/keras/lib/python3.6/site-packages/keras/backend/tensorflow_backend.py:422: The name tf.global_variables is deprecated. Please use tf.compat.v1.global_variables instead.

Load data...
Adjusting sequence length for actual size
x_train shape: (9595, 56)
x_test shape: (1067, 56)
Vocabulary Size: 18779
Model type is CNN-non-static
Load existing Word2Vec model '50features_1minwords_10context'
Initializing embedding layer with word2vec weights, shape (18779, 50)
Train on 9595 samples, validate on 1067 samples
Epoch 1/10
 - 9s - loss: 0.7015 - accuracy: 0.4966 - val_loss: 0.6932 - val_accuracy: 0.4930
Epoch 2/10
 - 7s - loss: 0.6947 - accuracy: 0.4976 - val_loss: 0.6932 - val_accuracy: 0.4995
Epoch 3/10
 - 8s - loss: 0.6927 - accuracy: 0.5094 - val_loss: 0.6916 - val_accuracy: 0.5689
Epoch 4/10
 - 8s - loss: 0.6878 - accuracy: 0.5357 - val_loss: 0.6788 - val_accuracy: 0.6045
Epoch 5/10
 - 7s - loss: 0.6732 - accuracy: 0.5766 - val_loss: 0.6565 - val_accuracy: 0.6664
Epoch 6/10
 - 10s - loss: 0.6332 - accuracy: 0.6410 - val_loss: 0.5874 - val_accuracy: 0.7338
Epoch 7/10
 - 8s - loss: 0.5485 - accuracy: 0.7249 - val_loss: 0.5119 - val_accuracy: 0.7760
Epoch 8/10
 - 9s - loss: 0.4639 - accuracy: 0.7829 - val_loss: 0.4865 - val_accuracy: 0.7957
Epoch 9/10
 - 9s - loss: 0.4033 - accuracy: 0.8149 - val_loss: 0.4820 - val_accuracy: 0.7788
Epoch 10/10
 - 10s - loss: 0.3394 - accuracy: 0.8465 - val_loss: 0.4856 - val_accuracy: 0.7779
Training time:86.22411704063416
