Using TensorFlow backend.
WARNING:tensorflow:From /Volumes/Transcend/opt/anaconda3/envs/keras/lib/python3.6/site-packages/tensorflow_core/python/ops/resource_variable_ops.py:1630: calling BaseResourceVariable.__init__ (from tensorflow.python.ops.resource_variable_ops) with constraint is deprecated and will be removed in a future version.
Instructions for updating:
If using Keras pass *_constraint arguments to layers.
WARNING:tensorflow:From /Volumes/Transcend/opt/anaconda3/envs/keras/lib/python3.6/site-packages/keras/backend/tensorflow_backend.py:4070: The name tf.nn.max_pool is deprecated. Please use tf.nn.max_pool2d instead.

WARNING:tensorflow:Large dropout rate: 0.8 (>0.5). In TensorFlow 2.x, dropout() uses dropout rate instead of keep_prob. Please ensure that this is intended.
WARNING:tensorflow:From /Volumes/Transcend/opt/anaconda3/envs/keras/lib/python3.6/site-packages/tensorflow_core/python/ops/nn_impl.py:183: where (from tensorflow.python.ops.array_ops) is deprecated and will be removed in a future version.
Instructions for updating:
Use tf.where in 2.0, which has the same broadcast rule as np.where
2020-02-18 23:39:23.063860: I tensorflow/core/platform/cpu_feature_guard.cc:142] Your CPU supports instructions that this TensorFlow binary was not compiled to use: AVX2 FMA
2020-02-18 23:39:23.099067: I tensorflow/compiler/xla/service/service.cc:168] XLA service 0x7f94695c7ee0 initialized for platform Host (this does not guarantee that XLA will be used). Devices:
2020-02-18 23:39:23.099093: I tensorflow/compiler/xla/service/service.cc:176]   StreamExecutor device (0): Host, Default Version
WARNING:tensorflow:From /Volumes/Transcend/opt/anaconda3/envs/keras/lib/python3.6/site-packages/keras/backend/tensorflow_backend.py:422: The name tf.global_variables is deprecated. Please use tf.compat.v1.global_variables instead.

Load data...
Adjusting sequence length for actual size
x_train shape: (9595, 56)
x_test shape: (1067, 56)
Vocabulary Size: 18779
Model type is CNN-non-static
Load existing Word2Vec model '50features_1minwords_10context'
Initializing embedding layer with word2vec weights, shape (18779, 50)
Train on 9595 samples, validate on 1067 samples
Epoch 1/10
 - 9s - loss: 0.7017 - accuracy: 0.4985 - val_loss: 0.6934 - val_accuracy: 0.4864
Epoch 2/10
 - 8s - loss: 0.6934 - accuracy: 0.5095 - val_loss: 0.6915 - val_accuracy: 0.5501
Epoch 3/10
 - 9s - loss: 0.6914 - accuracy: 0.5211 - val_loss: 0.6888 - val_accuracy: 0.5867
Epoch 4/10
 - 10s - loss: 0.6832 - accuracy: 0.5582 - val_loss: 0.6713 - val_accuracy: 0.6242
Epoch 5/10
 - 10s - loss: 0.6601 - accuracy: 0.6007 - val_loss: 0.6359 - val_accuracy: 0.6523
Epoch 6/10
 - 8s - loss: 0.6016 - accuracy: 0.6732 - val_loss: 0.5692 - val_accuracy: 0.7404
Epoch 7/10
 - 7s - loss: 0.5034 - accuracy: 0.7575 - val_loss: 0.4941 - val_accuracy: 0.7835
Epoch 8/10
 - 6s - loss: 0.4236 - accuracy: 0.8080 - val_loss: 0.4879 - val_accuracy: 0.7826
Epoch 9/10
 - 5s - loss: 0.3648 - accuracy: 0.8404 - val_loss: 0.4819 - val_accuracy: 0.7844
Epoch 10/10
 - 6s - loss: 0.3100 - accuracy: 0.8645 - val_loss: 0.4989 - val_accuracy: 0.7788
Training time:79.5156819820404
