Using TensorFlow backend.
WARNING:tensorflow:From /Volumes/Transcend/opt/anaconda3/envs/keras/lib/python3.6/site-packages/tensorflow_core/python/ops/resource_variable_ops.py:1630: calling BaseResourceVariable.__init__ (from tensorflow.python.ops.resource_variable_ops) with constraint is deprecated and will be removed in a future version.
Instructions for updating:
If using Keras pass *_constraint arguments to layers.
WARNING:tensorflow:From /Volumes/Transcend/opt/anaconda3/envs/keras/lib/python3.6/site-packages/keras/backend/tensorflow_backend.py:4070: The name tf.nn.max_pool is deprecated. Please use tf.nn.max_pool2d instead.

WARNING:tensorflow:Large dropout rate: 0.8 (>0.5). In TensorFlow 2.x, dropout() uses dropout rate instead of keep_prob. Please ensure that this is intended.
WARNING:tensorflow:From /Volumes/Transcend/opt/anaconda3/envs/keras/lib/python3.6/site-packages/tensorflow_core/python/ops/nn_impl.py:183: where (from tensorflow.python.ops.array_ops) is deprecated and will be removed in a future version.
Instructions for updating:
Use tf.where in 2.0, which has the same broadcast rule as np.where
2020-02-18 23:40:51.986936: I tensorflow/core/platform/cpu_feature_guard.cc:142] Your CPU supports instructions that this TensorFlow binary was not compiled to use: AVX2 FMA
2020-02-18 23:40:52.002296: I tensorflow/compiler/xla/service/service.cc:168] XLA service 0x7fe701967d50 initialized for platform Host (this does not guarantee that XLA will be used). Devices:
2020-02-18 23:40:52.002320: I tensorflow/compiler/xla/service/service.cc:176]   StreamExecutor device (0): Host, Default Version
WARNING:tensorflow:From /Volumes/Transcend/opt/anaconda3/envs/keras/lib/python3.6/site-packages/keras/backend/tensorflow_backend.py:422: The name tf.global_variables is deprecated. Please use tf.compat.v1.global_variables instead.

Load data...
Adjusting sequence length for actual size
x_train shape: (9595, 56)
x_test shape: (1067, 56)
Vocabulary Size: 18779
Model type is CNN-non-static
Load existing Word2Vec model '50features_1minwords_10context'
Initializing embedding layer with word2vec weights, shape (18779, 50)
Train on 9595 samples, validate on 1067 samples
Epoch 1/10
 - 6s - loss: 0.7015 - accuracy: 0.4990 - val_loss: 0.6933 - val_accuracy: 0.4948
Epoch 2/10
 - 5s - loss: 0.6938 - accuracy: 0.5013 - val_loss: 0.6916 - val_accuracy: 0.5276
Epoch 3/10
 - 6s - loss: 0.6912 - accuracy: 0.5229 - val_loss: 0.6889 - val_accuracy: 0.5970
Epoch 4/10
 - 6s - loss: 0.6823 - accuracy: 0.5540 - val_loss: 0.6729 - val_accuracy: 0.6289
Epoch 5/10
 - 6s - loss: 0.6613 - accuracy: 0.5983 - val_loss: 0.6429 - val_accuracy: 0.6579
Epoch 6/10
 - 5s - loss: 0.6100 - accuracy: 0.6657 - val_loss: 0.5731 - val_accuracy: 0.7404
Epoch 7/10
 - 6s - loss: 0.5192 - accuracy: 0.7436 - val_loss: 0.5029 - val_accuracy: 0.7826
Epoch 8/10
 - 8s - loss: 0.4377 - accuracy: 0.7991 - val_loss: 0.4902 - val_accuracy: 0.7854
Epoch 9/10
 - 6s - loss: 0.3714 - accuracy: 0.8356 - val_loss: 0.4884 - val_accuracy: 0.7835
Epoch 10/10
 - 8s - loss: 0.3185 - accuracy: 0.8574 - val_loss: 0.5046 - val_accuracy: 0.7779
Training time:63.08372402191162
