Using TensorFlow backend.
WARNING:tensorflow:From /Volumes/Transcend/opt/anaconda3/envs/keras/lib/python3.6/site-packages/tensorflow_core/python/ops/resource_variable_ops.py:1630: calling BaseResourceVariable.__init__ (from tensorflow.python.ops.resource_variable_ops) with constraint is deprecated and will be removed in a future version.
Instructions for updating:
If using Keras pass *_constraint arguments to layers.
WARNING:tensorflow:From /Volumes/Transcend/opt/anaconda3/envs/keras/lib/python3.6/site-packages/keras/backend/tensorflow_backend.py:4070: The name tf.nn.max_pool is deprecated. Please use tf.nn.max_pool2d instead.

WARNING:tensorflow:Large dropout rate: 0.8 (>0.5). In TensorFlow 2.x, dropout() uses dropout rate instead of keep_prob. Please ensure that this is intended.
WARNING:tensorflow:From /Volumes/Transcend/opt/anaconda3/envs/keras/lib/python3.6/site-packages/tensorflow_core/python/ops/nn_impl.py:183: where (from tensorflow.python.ops.array_ops) is deprecated and will be removed in a future version.
Instructions for updating:
Use tf.where in 2.0, which has the same broadcast rule as np.where
2020-02-04 17:55:23.014563: I tensorflow/core/platform/cpu_feature_guard.cc:142] Your CPU supports instructions that this TensorFlow binary was not compiled to use: AVX2 FMA
2020-02-04 17:55:23.030015: I tensorflow/compiler/xla/service/service.cc:168] XLA service 0x7f9e1d987270 initialized for platform Host (this does not guarantee that XLA will be used). Devices:
2020-02-04 17:55:23.030037: I tensorflow/compiler/xla/service/service.cc:176]   StreamExecutor device (0): Host, Default Version
WARNING:tensorflow:From /Volumes/Transcend/opt/anaconda3/envs/keras/lib/python3.6/site-packages/keras/backend/tensorflow_backend.py:422: The name tf.global_variables is deprecated. Please use tf.compat.v1.global_variables instead.

Load data...
Adjusting sequence length for actual size
x_train shape: (9595, 56)
x_test shape: (1067, 56)
Vocabulary Size: 18779
Model type is CNN-non-static
Load existing Word2Vec model '50features_1minwords_10context'
Initializing embedding layer with word2vec weights, shape (18779, 50)
Train on 9595 samples, validate on 1067 samples
Epoch 1/10
 - 5s - loss: 0.7018 - accuracy: 0.4969 - val_loss: 0.6933 - val_accuracy: 0.5005
Epoch 2/10
 - 5s - loss: 0.6930 - accuracy: 0.5167 - val_loss: 0.6904 - val_accuracy: 0.5623
Epoch 3/10
 - 6s - loss: 0.6893 - accuracy: 0.5319 - val_loss: 0.6848 - val_accuracy: 0.6054
Epoch 4/10
 - 5s - loss: 0.6773 - accuracy: 0.5689 - val_loss: 0.6639 - val_accuracy: 0.6410
Epoch 5/10
 - 5s - loss: 0.6466 - accuracy: 0.6203 - val_loss: 0.6254 - val_accuracy: 0.6767
Epoch 6/10
 - 5s - loss: 0.5868 - accuracy: 0.6909 - val_loss: 0.5580 - val_accuracy: 0.7563
Epoch 7/10
 - 5s - loss: 0.4981 - accuracy: 0.7615 - val_loss: 0.4940 - val_accuracy: 0.7816
Epoch 8/10
 - 5s - loss: 0.4261 - accuracy: 0.8035 - val_loss: 0.4849 - val_accuracy: 0.7863
Epoch 9/10
 - 5s - loss: 0.3714 - accuracy: 0.8367 - val_loss: 0.4889 - val_accuracy: 0.7807
Epoch 10/10
 - 5s - loss: 0.3202 - accuracy: 0.8592 - val_loss: 0.4921 - val_accuracy: 0.7779
Training time:49.987387895584106
