Using TensorFlow backend.
WARNING:tensorflow:From /Volumes/Transcend/opt/anaconda3/envs/keras/lib/python3.6/site-packages/tensorflow_core/python/ops/resource_variable_ops.py:1630: calling BaseResourceVariable.__init__ (from tensorflow.python.ops.resource_variable_ops) with constraint is deprecated and will be removed in a future version.
Instructions for updating:
If using Keras pass *_constraint arguments to layers.
WARNING:tensorflow:From /Volumes/Transcend/opt/anaconda3/envs/keras/lib/python3.6/site-packages/keras/backend/tensorflow_backend.py:4070: The name tf.nn.max_pool is deprecated. Please use tf.nn.max_pool2d instead.

WARNING:tensorflow:Large dropout rate: 0.8 (>0.5). In TensorFlow 2.x, dropout() uses dropout rate instead of keep_prob. Please ensure that this is intended.
WARNING:tensorflow:From /Volumes/Transcend/opt/anaconda3/envs/keras/lib/python3.6/site-packages/tensorflow_core/python/ops/nn_impl.py:183: where (from tensorflow.python.ops.array_ops) is deprecated and will be removed in a future version.
Instructions for updating:
Use tf.where in 2.0, which has the same broadcast rule as np.where
2020-02-04 17:56:19.222852: I tensorflow/core/platform/cpu_feature_guard.cc:142] Your CPU supports instructions that this TensorFlow binary was not compiled to use: AVX2 FMA
2020-02-04 17:56:19.238234: I tensorflow/compiler/xla/service/service.cc:168] XLA service 0x7fd2119b4090 initialized for platform Host (this does not guarantee that XLA will be used). Devices:
2020-02-04 17:56:19.238256: I tensorflow/compiler/xla/service/service.cc:176]   StreamExecutor device (0): Host, Default Version
WARNING:tensorflow:From /Volumes/Transcend/opt/anaconda3/envs/keras/lib/python3.6/site-packages/keras/backend/tensorflow_backend.py:422: The name tf.global_variables is deprecated. Please use tf.compat.v1.global_variables instead.

Load data...
Adjusting sequence length for actual size
x_train shape: (9595, 56)
x_test shape: (1067, 56)
Vocabulary Size: 18779
Model type is CNN-non-static
Load existing Word2Vec model '50features_1minwords_10context'
Initializing embedding layer with word2vec weights, shape (18779, 50)
Train on 9595 samples, validate on 1067 samples
Epoch 1/10
 - 5s - loss: 0.7019 - accuracy: 0.4989 - val_loss: 0.6931 - val_accuracy: 0.4883
Epoch 2/10
 - 5s - loss: 0.6924 - accuracy: 0.5161 - val_loss: 0.6897 - val_accuracy: 0.5689
Epoch 3/10
 - 5s - loss: 0.6894 - accuracy: 0.5325 - val_loss: 0.6842 - val_accuracy: 0.6045
Epoch 4/10
 - 5s - loss: 0.6778 - accuracy: 0.5625 - val_loss: 0.6652 - val_accuracy: 0.6382
Epoch 5/10
 - 5s - loss: 0.6497 - accuracy: 0.6134 - val_loss: 0.6285 - val_accuracy: 0.6739
Epoch 6/10
 - 5s - loss: 0.5915 - accuracy: 0.6870 - val_loss: 0.5596 - val_accuracy: 0.7573
Epoch 7/10
 - 5s - loss: 0.5051 - accuracy: 0.7513 - val_loss: 0.4977 - val_accuracy: 0.7854
Epoch 8/10
 - 5s - loss: 0.4298 - accuracy: 0.8061 - val_loss: 0.4918 - val_accuracy: 0.7723
Epoch 9/10
 - 5s - loss: 0.3684 - accuracy: 0.8361 - val_loss: 0.4890 - val_accuracy: 0.7826
Epoch 10/10
 - 5s - loss: 0.3206 - accuracy: 0.8603 - val_loss: 0.5102 - val_accuracy: 0.7751
Training time:50.99803900718689
