Using TensorFlow backend.
WARNING:tensorflow:From /Volumes/Transcend/opt/anaconda3/envs/keras/lib/python3.6/site-packages/tensorflow_core/python/ops/resource_variable_ops.py:1630: calling BaseResourceVariable.__init__ (from tensorflow.python.ops.resource_variable_ops) with constraint is deprecated and will be removed in a future version.
Instructions for updating:
If using Keras pass *_constraint arguments to layers.
WARNING:tensorflow:From /Volumes/Transcend/opt/anaconda3/envs/keras/lib/python3.6/site-packages/keras/backend/tensorflow_backend.py:4070: The name tf.nn.max_pool is deprecated. Please use tf.nn.max_pool2d instead.

WARNING:tensorflow:Large dropout rate: 0.8 (>0.5). In TensorFlow 2.x, dropout() uses dropout rate instead of keep_prob. Please ensure that this is intended.
WARNING:tensorflow:From /Volumes/Transcend/opt/anaconda3/envs/keras/lib/python3.6/site-packages/tensorflow_core/python/ops/nn_impl.py:183: where (from tensorflow.python.ops.array_ops) is deprecated and will be removed in a future version.
Instructions for updating:
Use tf.where in 2.0, which has the same broadcast rule as np.where
2020-02-04 18:00:40.125237: I tensorflow/core/platform/cpu_feature_guard.cc:142] Your CPU supports instructions that this TensorFlow binary was not compiled to use: AVX2 FMA
2020-02-04 18:00:40.139499: I tensorflow/compiler/xla/service/service.cc:168] XLA service 0x7fd6bf9c3e00 initialized for platform Host (this does not guarantee that XLA will be used). Devices:
2020-02-04 18:00:40.139522: I tensorflow/compiler/xla/service/service.cc:176]   StreamExecutor device (0): Host, Default Version
WARNING:tensorflow:From /Volumes/Transcend/opt/anaconda3/envs/keras/lib/python3.6/site-packages/keras/backend/tensorflow_backend.py:422: The name tf.global_variables is deprecated. Please use tf.compat.v1.global_variables instead.

Load data...
Adjusting sequence length for actual size
x_train shape: (9595, 56)
x_test shape: (1067, 56)
Vocabulary Size: 18779
Model type is CNN-non-static
Load existing Word2Vec model '50features_1minwords_10context'
Initializing embedding layer with word2vec weights, shape (18779, 50)
Train on 9595 samples, validate on 1067 samples
Epoch 1/10
 - 5s - loss: 0.7020 - accuracy: 0.4974 - val_loss: 0.6933 - val_accuracy: 0.4836
Epoch 2/10
 - 5s - loss: 0.6939 - accuracy: 0.5038 - val_loss: 0.6927 - val_accuracy: 0.5192
Epoch 3/10
 - 5s - loss: 0.6923 - accuracy: 0.5168 - val_loss: 0.6912 - val_accuracy: 0.5670
Epoch 4/10
 - 5s - loss: 0.6869 - accuracy: 0.5426 - val_loss: 0.6784 - val_accuracy: 0.6139
Epoch 5/10
 - 5s - loss: 0.6700 - accuracy: 0.5849 - val_loss: 0.6511 - val_accuracy: 0.6589
Epoch 6/10
 - 5s - loss: 0.6232 - accuracy: 0.6555 - val_loss: 0.5925 - val_accuracy: 0.7329
Epoch 7/10
 - 5s - loss: 0.5310 - accuracy: 0.7356 - val_loss: 0.5014 - val_accuracy: 0.7788
Epoch 8/10
 - 5s - loss: 0.4435 - accuracy: 0.7943 - val_loss: 0.4852 - val_accuracy: 0.7844
Epoch 9/10
 - 5s - loss: 0.3799 - accuracy: 0.8339 - val_loss: 0.4808 - val_accuracy: 0.7760
Epoch 10/10
 - 5s - loss: 0.3246 - accuracy: 0.8592 - val_loss: 0.4894 - val_accuracy: 0.7741
Training time:49.271883964538574
