Using TensorFlow backend.
WARNING:tensorflow:From /Volumes/Transcend/opt/anaconda3/envs/keras/lib/python3.6/site-packages/tensorflow_core/python/ops/resource_variable_ops.py:1630: calling BaseResourceVariable.__init__ (from tensorflow.python.ops.resource_variable_ops) with constraint is deprecated and will be removed in a future version.
Instructions for updating:
If using Keras pass *_constraint arguments to layers.
WARNING:tensorflow:From /Volumes/Transcend/opt/anaconda3/envs/keras/lib/python3.6/site-packages/keras/backend/tensorflow_backend.py:4070: The name tf.nn.max_pool is deprecated. Please use tf.nn.max_pool2d instead.

WARNING:tensorflow:Large dropout rate: 0.8 (>0.5). In TensorFlow 2.x, dropout() uses dropout rate instead of keep_prob. Please ensure that this is intended.
WARNING:tensorflow:From /Volumes/Transcend/opt/anaconda3/envs/keras/lib/python3.6/site-packages/tensorflow_core/python/ops/nn_impl.py:183: where (from tensorflow.python.ops.array_ops) is deprecated and will be removed in a future version.
Instructions for updating:
Use tf.where in 2.0, which has the same broadcast rule as np.where
2020-02-04 18:03:51.585318: I tensorflow/core/platform/cpu_feature_guard.cc:142] Your CPU supports instructions that this TensorFlow binary was not compiled to use: AVX2 FMA
2020-02-04 18:03:51.600249: I tensorflow/compiler/xla/service/service.cc:168] XLA service 0x7fa6591e1ab0 initialized for platform Host (this does not guarantee that XLA will be used). Devices:
2020-02-04 18:03:51.600276: I tensorflow/compiler/xla/service/service.cc:176]   StreamExecutor device (0): Host, Default Version
WARNING:tensorflow:From /Volumes/Transcend/opt/anaconda3/envs/keras/lib/python3.6/site-packages/keras/backend/tensorflow_backend.py:422: The name tf.global_variables is deprecated. Please use tf.compat.v1.global_variables instead.

Load data...
Adjusting sequence length for actual size
x_train shape: (9595, 56)
x_test shape: (1067, 56)
Vocabulary Size: 18779
Model type is CNN-non-static
Load existing Word2Vec model '50features_1minwords_10context'
Initializing embedding layer with word2vec weights, shape (18779, 50)
Train on 9595 samples, validate on 1067 samples
Epoch 1/10
 - 6s - loss: 0.7017 - accuracy: 0.4968 - val_loss: 0.6931 - val_accuracy: 0.4958
Epoch 2/10
 - 5s - loss: 0.6932 - accuracy: 0.5124 - val_loss: 0.6895 - val_accuracy: 0.5876
Epoch 3/10
 - 6s - loss: 0.6891 - accuracy: 0.5328 - val_loss: 0.6821 - val_accuracy: 0.6073
Epoch 4/10
 - 6s - loss: 0.6766 - accuracy: 0.5707 - val_loss: 0.6627 - val_accuracy: 0.6523
Epoch 5/10
 - 5s - loss: 0.6488 - accuracy: 0.6149 - val_loss: 0.6273 - val_accuracy: 0.6664
Epoch 6/10
 - 5s - loss: 0.5855 - accuracy: 0.6905 - val_loss: 0.5541 - val_accuracy: 0.7582
Epoch 7/10
 - 5s - loss: 0.4928 - accuracy: 0.7597 - val_loss: 0.4953 - val_accuracy: 0.7788
Epoch 8/10
 - 6s - loss: 0.4208 - accuracy: 0.8102 - val_loss: 0.4877 - val_accuracy: 0.7713
Epoch 9/10
 - 5s - loss: 0.3630 - accuracy: 0.8364 - val_loss: 0.4832 - val_accuracy: 0.7807
Epoch 10/10
 - 5s - loss: 0.3113 - accuracy: 0.8657 - val_loss: 0.4986 - val_accuracy: 0.7732
Training time:55.705384969711304
