Using TensorFlow backend.
WARNING:tensorflow:From /Volumes/Transcend/opt/anaconda3/envs/keras/lib/python3.6/site-packages/tensorflow_core/python/ops/resource_variable_ops.py:1630: calling BaseResourceVariable.__init__ (from tensorflow.python.ops.resource_variable_ops) with constraint is deprecated and will be removed in a future version.
Instructions for updating:
If using Keras pass *_constraint arguments to layers.
WARNING:tensorflow:From /Volumes/Transcend/opt/anaconda3/envs/keras/lib/python3.6/site-packages/keras/backend/tensorflow_backend.py:4070: The name tf.nn.max_pool is deprecated. Please use tf.nn.max_pool2d instead.

WARNING:tensorflow:Large dropout rate: 0.8 (>0.5). In TensorFlow 2.x, dropout() uses dropout rate instead of keep_prob. Please ensure that this is intended.
WARNING:tensorflow:From /Volumes/Transcend/opt/anaconda3/envs/keras/lib/python3.6/site-packages/tensorflow_core/python/ops/nn_impl.py:183: where (from tensorflow.python.ops.array_ops) is deprecated and will be removed in a future version.
Instructions for updating:
Use tf.where in 2.0, which has the same broadcast rule as np.where
2020-02-04 18:04:53.103162: I tensorflow/core/platform/cpu_feature_guard.cc:142] Your CPU supports instructions that this TensorFlow binary was not compiled to use: AVX2 FMA
2020-02-04 18:04:53.118521: I tensorflow/compiler/xla/service/service.cc:168] XLA service 0x7ffeb87ace20 initialized for platform Host (this does not guarantee that XLA will be used). Devices:
2020-02-04 18:04:53.118543: I tensorflow/compiler/xla/service/service.cc:176]   StreamExecutor device (0): Host, Default Version
WARNING:tensorflow:From /Volumes/Transcend/opt/anaconda3/envs/keras/lib/python3.6/site-packages/keras/backend/tensorflow_backend.py:422: The name tf.global_variables is deprecated. Please use tf.compat.v1.global_variables instead.

Load data...
Adjusting sequence length for actual size
x_train shape: (9595, 56)
x_test shape: (1067, 56)
Vocabulary Size: 18779
Model type is CNN-non-static
Load existing Word2Vec model '50features_1minwords_10context'
Initializing embedding layer with word2vec weights, shape (18779, 50)
Train on 9595 samples, validate on 1067 samples
Epoch 1/10
 - 6s - loss: 0.7007 - accuracy: 0.4986 - val_loss: 0.6933 - val_accuracy: 0.4911
Epoch 2/10
 - 6s - loss: 0.6937 - accuracy: 0.5067 - val_loss: 0.6930 - val_accuracy: 0.5042
Epoch 3/10
 - 6s - loss: 0.6929 - accuracy: 0.5127 - val_loss: 0.6911 - val_accuracy: 0.5098
Epoch 4/10
 - 6s - loss: 0.6848 - accuracy: 0.5443 - val_loss: 0.6756 - val_accuracy: 0.6354
Epoch 5/10
 - 5s - loss: 0.6600 - accuracy: 0.6061 - val_loss: 0.6376 - val_accuracy: 0.6823
Epoch 6/10
 - 5s - loss: 0.6035 - accuracy: 0.6788 - val_loss: 0.5540 - val_accuracy: 0.7591
Epoch 7/10
 - 6s - loss: 0.5130 - accuracy: 0.7516 - val_loss: 0.5106 - val_accuracy: 0.7741
Epoch 8/10
 - 6s - loss: 0.4362 - accuracy: 0.7981 - val_loss: 0.4872 - val_accuracy: 0.7863
Epoch 9/10
 - 6s - loss: 0.3812 - accuracy: 0.8322 - val_loss: 0.4739 - val_accuracy: 0.7891
Epoch 10/10
 - 6s - loss: 0.3428 - accuracy: 0.8484 - val_loss: 0.4813 - val_accuracy: 0.7863
Training time:58.901646852493286
