Using TensorFlow backend.
WARNING:tensorflow:From /Volumes/Transcend/opt/anaconda3/envs/keras/lib/python3.6/site-packages/tensorflow_core/python/ops/resource_variable_ops.py:1630: calling BaseResourceVariable.__init__ (from tensorflow.python.ops.resource_variable_ops) with constraint is deprecated and will be removed in a future version.
Instructions for updating:
If using Keras pass *_constraint arguments to layers.
WARNING:tensorflow:From /Volumes/Transcend/opt/anaconda3/envs/keras/lib/python3.6/site-packages/keras/backend/tensorflow_backend.py:4070: The name tf.nn.max_pool is deprecated. Please use tf.nn.max_pool2d instead.

WARNING:tensorflow:Large dropout rate: 0.8 (>0.5). In TensorFlow 2.x, dropout() uses dropout rate instead of keep_prob. Please ensure that this is intended.
WARNING:tensorflow:From /Volumes/Transcend/opt/anaconda3/envs/keras/lib/python3.6/site-packages/tensorflow_core/python/ops/nn_impl.py:183: where (from tensorflow.python.ops.array_ops) is deprecated and will be removed in a future version.
Instructions for updating:
Use tf.where in 2.0, which has the same broadcast rule as np.where
2020-02-04 17:49:13.042648: I tensorflow/core/platform/cpu_feature_guard.cc:142] Your CPU supports instructions that this TensorFlow binary was not compiled to use: AVX2 FMA
2020-02-04 17:49:13.056112: I tensorflow/compiler/xla/service/service.cc:168] XLA service 0x7fb138291fb0 initialized for platform Host (this does not guarantee that XLA will be used). Devices:
2020-02-04 17:49:13.056139: I tensorflow/compiler/xla/service/service.cc:176]   StreamExecutor device (0): Host, Default Version
WARNING:tensorflow:From /Volumes/Transcend/opt/anaconda3/envs/keras/lib/python3.6/site-packages/keras/backend/tensorflow_backend.py:422: The name tf.global_variables is deprecated. Please use tf.compat.v1.global_variables instead.

Load data...
Adjusting sequence length for actual size
x_train shape: (9595, 56)
x_test shape: (1067, 56)
Vocabulary Size: 18779
Model type is CNN-non-static
Load existing Word2Vec model '50features_1minwords_10context'
Initializing embedding layer with word2vec weights, shape (18779, 50)
Train on 9595 samples, validate on 1067 samples
Epoch 1/10
 - 5s - loss: 0.7017 - accuracy: 0.4978 - val_loss: 0.6932 - val_accuracy: 0.4967
Epoch 2/10
 - 5s - loss: 0.6934 - accuracy: 0.5108 - val_loss: 0.6905 - val_accuracy: 0.5651
Epoch 3/10
 - 5s - loss: 0.6901 - accuracy: 0.5231 - val_loss: 0.6865 - val_accuracy: 0.6092
Epoch 4/10
 - 5s - loss: 0.6799 - accuracy: 0.5616 - val_loss: 0.6680 - val_accuracy: 0.6317
Epoch 5/10
 - 6s - loss: 0.6566 - accuracy: 0.6093 - val_loss: 0.6355 - val_accuracy: 0.6626
Epoch 6/10
 - 5s - loss: 0.6035 - accuracy: 0.6776 - val_loss: 0.5625 - val_accuracy: 0.7516
Epoch 7/10
 - 5s - loss: 0.5112 - accuracy: 0.7518 - val_loss: 0.4966 - val_accuracy: 0.7732
Epoch 8/10
 - 5s - loss: 0.4313 - accuracy: 0.8028 - val_loss: 0.4819 - val_accuracy: 0.7844
Epoch 9/10
 - 5s - loss: 0.3710 - accuracy: 0.8364 - val_loss: 0.4810 - val_accuracy: 0.7788
Epoch 10/10
 - 5s - loss: 0.3146 - accuracy: 0.8632 - val_loss: 0.5069 - val_accuracy: 0.7713
Training time:51.85739088058472
