Using TensorFlow backend.
WARNING:tensorflow:From /Volumes/Transcend/opt/anaconda3/envs/keras/lib/python3.6/site-packages/tensorflow_core/python/ops/resource_variable_ops.py:1630: calling BaseResourceVariable.__init__ (from tensorflow.python.ops.resource_variable_ops) with constraint is deprecated and will be removed in a future version.
Instructions for updating:
If using Keras pass *_constraint arguments to layers.
WARNING:tensorflow:From /Volumes/Transcend/opt/anaconda3/envs/keras/lib/python3.6/site-packages/keras/backend/tensorflow_backend.py:4070: The name tf.nn.max_pool is deprecated. Please use tf.nn.max_pool2d instead.

WARNING:tensorflow:Large dropout rate: 0.8 (>0.5). In TensorFlow 2.x, dropout() uses dropout rate instead of keep_prob. Please ensure that this is intended.
WARNING:tensorflow:From /Volumes/Transcend/opt/anaconda3/envs/keras/lib/python3.6/site-packages/tensorflow_core/python/ops/nn_impl.py:183: where (from tensorflow.python.ops.array_ops) is deprecated and will be removed in a future version.
Instructions for updating:
Use tf.where in 2.0, which has the same broadcast rule as np.where
2020-02-04 18:14:51.385832: I tensorflow/core/platform/cpu_feature_guard.cc:142] Your CPU supports instructions that this TensorFlow binary was not compiled to use: AVX2 FMA
2020-02-04 18:14:51.398585: I tensorflow/compiler/xla/service/service.cc:168] XLA service 0x7fbb32845cc0 initialized for platform Host (this does not guarantee that XLA will be used). Devices:
2020-02-04 18:14:51.398607: I tensorflow/compiler/xla/service/service.cc:176]   StreamExecutor device (0): Host, Default Version
WARNING:tensorflow:From /Volumes/Transcend/opt/anaconda3/envs/keras/lib/python3.6/site-packages/keras/backend/tensorflow_backend.py:422: The name tf.global_variables is deprecated. Please use tf.compat.v1.global_variables instead.

Load data...
Adjusting sequence length for actual size
x_train shape: (9595, 56)
x_test shape: (1067, 56)
Vocabulary Size: 18779
Model type is CNN-non-static
Load existing Word2Vec model '50features_1minwords_10context'
Initializing embedding layer with word2vec weights, shape (18779, 50)
Train on 9595 samples, validate on 1067 samples
Epoch 1/10
 - 5s - loss: 0.7017 - accuracy: 0.4957 - val_loss: 6.4928e-04 - val_accuracy: 541.3781
Epoch 2/10
 - 5s - loss: 0.6938 - accuracy: 0.5101 - val_loss: 6.4663e-04 - val_accuracy: 557.2411
Epoch 3/10
 - 5s - loss: 0.6903 - accuracy: 0.5281 - val_loss: 6.4414e-04 - val_accuracy: 639.2245
Epoch 4/10
 - 6s - loss: 0.6819 - accuracy: 0.5561 - val_loss: 6.2938e-04 - val_accuracy: 675.7016
Epoch 5/10
 - 5s - loss: 0.6586 - accuracy: 0.6044 - val_loss: 5.8737e-04 - val_accuracy: 723.4118
Epoch 6/10
 - 5s - loss: 0.6045 - accuracy: 0.6773 - val_loss: 5.4517e-04 - val_accuracy: 803.4727
Epoch 7/10
 - 5s - loss: 0.5155 - accuracy: 0.7442 - val_loss: 5.0324e-04 - val_accuracy: 838.1244
Epoch 8/10
 - 5s - loss: 0.4430 - accuracy: 0.7962 - val_loss: 5.0773e-04 - val_accuracy: 853.9255
Epoch 9/10
 - 5s - loss: 0.3825 - accuracy: 0.8310 - val_loss: 4.9623e-04 - val_accuracy: 841.0333
Epoch 10/10
 - 5s - loss: 0.3305 - accuracy: 0.8544 - val_loss: 4.8755e-04 - val_accuracy: 828.0149
Training time:49.988537073135376
