loading data... data loaded!
model architecture: CNN-non-static
using: word2vec vectors
[('image shape', 64, 300), ('filter shape', [(100, 1, 3, 300), (100, 1, 4, 300), (100, 1, 5, 300)]), ('hidden_units', [100, 2]), ('dropout', [0.5]), ('batch_size', 50), ('non_static', True), ('learn_decay', 0.95), ('conv_non_linear', 'relu'), ('non_static', True), ('sqr_norm_lim', 9), ('shuffle_batch', True)]
Traceback (most recent call last):
  File "conv_net_sentence.py", line 325, in <module>
    dropout_rate=[0.5])
  File "conv_net_sentence.py", line 109, in train_conv_net
    grad_updates = sgd_updates_adadelta(params, dropout_cost, lr_decay, 1e-6, sqr_norm_lim)
  File "conv_net_sentence.py", line 219, in sgd_updates_adadelta
    gp = T.grad(cost, param)
  File "/Volumes/Transcend/opt/anaconda3/envs/theano/lib/python2.7/site-packages/theano/gradient.py", line 511, in grad
    outputs, wrt, consider_constant)
  File "/Volumes/Transcend/opt/anaconda3/envs/theano/lib/python2.7/site-packages/theano/gradient.py", line 930, in _populate_var_to_app_to_idx
    account_for(output)
  File "/Volumes/Transcend/opt/anaconda3/envs/theano/lib/python2.7/site-packages/theano/gradient.py", line 901, in account_for
    connection_pattern = _node_to_pattern(app)
  File "/Volumes/Transcend/opt/anaconda3/envs/theano/lib/python2.7/site-packages/theano/gradient.py", line 789, in _node_to_pattern
    type(connection_pattern)))
TypeError: Op.connection_pattern should return list of list of bool, but for Op=Elemwise{neg,no_inplace}got [[True]] with type <type 'list'>.
