loading data... data loaded!
model architecture: CNN-non-static
using: word2vec vectors
[('image shape', 64, 300), ('filter shape', [(100, 1, 3, 300), (100, 1, 4, 300), (100, 1, 5, 300)]), ('hidden_units', [100, 2]), ('dropout', [0.5]), ('batch_size', 50), ('non_static', True), ('learn_decay', 0.95), ('conv_non_linear', 'relu'), ('non_static', True), ('sqr_norm_lim', 9), ('shuffle_batch', True)]
Traceback (most recent call last):
  File "conv_net_sentence.py", line 325, in <module>
    dropout_rate=[0.5])
  File "conv_net_sentence.py", line 109, in train_conv_net
    grad_updates = sgd_updates_adadelta(params, dropout_cost, lr_decay, 1e-6, sqr_norm_lim)
  File "conv_net_sentence.py", line 219, in sgd_updates_adadelta
    gp = T.grad(cost, param)
  File "/Volumes/Transcend/opt/anaconda3/envs/theano/lib/python2.7/site-packages/theano/gradient.py", line 589, in grad
    handle_disconnected(elem)
  File "/Volumes/Transcend/opt/anaconda3/envs/theano/lib/python2.7/site-packages/theano/gradient.py", line 576, in handle_disconnected
    raise DisconnectedInputError(message)
theano.gradient.DisconnectedInputError:  
Backtrace when that variable is created:

  File "conv_net_sentence.py", line 325, in <module>
    dropout_rate=[0.5])
  File "conv_net_sentence.py", line 98, in train_conv_net
    classifier = MLPDropout(rng, input=layer1_input, layer_sizes=hidden_units, activations=activations, dropout_rates=dropout_rate)
  File "conv_net_classes.py", line 134, in __init__
    n_in=n_in, n_out=n_out)
  File "conv_net_classes.py", line 269, in __init__
    name='W')

