WARNING:tensorflow:From train.py:196: The name tf.app.run is deprecated. Please use tf.compat.v1.app.run instead.

WARNING:tensorflow:From train.py:54: VocabularyProcessor.__init__ (from tensorflow.contrib.learn.python.learn.preprocessing.text) is deprecated and will be removed in a future version.
Instructions for updating:
Please use tensorflow/transform or tf.data.
W0207 21:28:08.905413 4466560448 deprecation.py:323] From train.py:54: VocabularyProcessor.__init__ (from tensorflow.contrib.learn.python.learn.preprocessing.text) is deprecated and will be removed in a future version.
Instructions for updating:
Please use tensorflow/transform or tf.data.
WARNING:tensorflow:From /Volumes/Transcend/opt/anaconda3/envs/keras/lib/python3.6/site-packages/tensorflow_core/contrib/learn/python/learn/preprocessing/text.py:154: CategoricalVocabulary.__init__ (from tensorflow.contrib.learn.python.learn.preprocessing.categorical_vocabulary) is deprecated and will be removed in a future version.
Instructions for updating:
Please use tensorflow/transform or tf.data.
W0207 21:28:08.905652 4466560448 deprecation.py:323] From /Volumes/Transcend/opt/anaconda3/envs/keras/lib/python3.6/site-packages/tensorflow_core/contrib/learn/python/learn/preprocessing/text.py:154: CategoricalVocabulary.__init__ (from tensorflow.contrib.learn.python.learn.preprocessing.categorical_vocabulary) is deprecated and will be removed in a future version.
Instructions for updating:
Please use tensorflow/transform or tf.data.
WARNING:tensorflow:From /Volumes/Transcend/opt/anaconda3/envs/keras/lib/python3.6/site-packages/tensorflow_core/contrib/learn/python/learn/preprocessing/text.py:170: tokenizer (from tensorflow.contrib.learn.python.learn.preprocessing.text) is deprecated and will be removed in a future version.
Instructions for updating:
Please use tensorflow/transform or tf.data.
W0207 21:28:08.905765 4466560448 deprecation.py:323] From /Volumes/Transcend/opt/anaconda3/envs/keras/lib/python3.6/site-packages/tensorflow_core/contrib/learn/python/learn/preprocessing/text.py:170: tokenizer (from tensorflow.contrib.learn.python.learn.preprocessing.text) is deprecated and will be removed in a future version.
Instructions for updating:
Please use tensorflow/transform or tf.data.
WARNING:tensorflow:From train.py:80: The name tf.ConfigProto is deprecated. Please use tf.compat.v1.ConfigProto instead.

W0207 21:28:09.529297 4466560448 module_wrapper.py:139] From train.py:80: The name tf.ConfigProto is deprecated. Please use tf.compat.v1.ConfigProto instead.

WARNING:tensorflow:From train.py:83: The name tf.Session is deprecated. Please use tf.compat.v1.Session instead.

W0207 21:28:09.529741 4466560448 module_wrapper.py:139] From train.py:83: The name tf.Session is deprecated. Please use tf.compat.v1.Session instead.

2020-02-07 21:28:09.530190: I tensorflow/core/platform/cpu_feature_guard.cc:142] Your CPU supports instructions that this TensorFlow binary was not compiled to use: AVX2 FMA
2020-02-07 21:28:09.551888: I tensorflow/compiler/xla/service/service.cc:168] XLA service 0x7fd3beea6620 initialized for platform Host (this does not guarantee that XLA will be used). Devices:
2020-02-07 21:28:09.551926: I tensorflow/compiler/xla/service/service.cc:176]   StreamExecutor device (0): Host, Default Version
WARNING:tensorflow:From /Volumes/Transcend/Mutation/CNN-TF/text_cnn.py:15: The name tf.placeholder is deprecated. Please use tf.compat.v1.placeholder instead.

W0207 21:28:09.552417 4466560448 module_wrapper.py:139] From /Volumes/Transcend/Mutation/CNN-TF/text_cnn.py:15: The name tf.placeholder is deprecated. Please use tf.compat.v1.placeholder instead.

WARNING:tensorflow:From /Volumes/Transcend/Mutation/CNN-TF/text_cnn.py:25: The name tf.random_uniform is deprecated. Please use tf.random.uniform instead.

W0207 21:28:09.558887 4466560448 module_wrapper.py:139] From /Volumes/Transcend/Mutation/CNN-TF/text_cnn.py:25: The name tf.random_uniform is deprecated. Please use tf.random.uniform instead.

WARNING:tensorflow:From /Volumes/Transcend/Mutation/CNN-TF/text_cnn.py:36: The name tf.truncated_normal is deprecated. Please use tf.random.truncated_normal instead.

W0207 21:28:09.574927 4466560448 module_wrapper.py:139] From /Volumes/Transcend/Mutation/CNN-TF/text_cnn.py:36: The name tf.truncated_normal is deprecated. Please use tf.random.truncated_normal instead.

WARNING:tensorflow:From /Volumes/Transcend/Mutation/CNN-TF/text_cnn.py:47: The name tf.nn.max_pool is deprecated. Please use tf.nn.max_pool2d instead.

W0207 21:28:09.584271 4466560448 module_wrapper.py:139] From /Volumes/Transcend/Mutation/CNN-TF/text_cnn.py:47: The name tf.nn.max_pool is deprecated. Please use tf.nn.max_pool2d instead.

WARNING:tensorflow:From /Volumes/Transcend/Mutation/CNN-TF/text_cnn.py:62: calling dropout (from tensorflow.python.ops.nn_ops) with keep_prob is deprecated and will be removed in a future version.
Instructions for updating:
Please use `rate` instead of `keep_prob`. Rate should be set to `rate = 1 - keep_prob`.
W0207 21:28:09.608891 4466560448 deprecation.py:506] From /Volumes/Transcend/Mutation/CNN-TF/text_cnn.py:62: calling dropout (from tensorflow.python.ops.nn_ops) with keep_prob is deprecated and will be removed in a future version.
Instructions for updating:
Please use `rate` instead of `keep_prob`. Rate should be set to `rate = 1 - keep_prob`.
Loading data...
Vocabulary Size: 18758
Train/Dev split: 9596/1066
Traceback (most recent call last):
  File "train.py", line 196, in <module>
    tf.app.run()
  File "/Volumes/Transcend/opt/anaconda3/envs/keras/lib/python3.6/site-packages/tensorflow_core/python/platform/app.py", line 40, in run
    _run(main=main, argv=argv, flags_parser=_parse_flags_tolerate_undef)
  File "/Volumes/Transcend/opt/anaconda3/envs/keras/lib/python3.6/site-packages/absl/app.py", line 299, in run
    _run_main(main, args)
  File "/Volumes/Transcend/opt/anaconda3/envs/keras/lib/python3.6/site-packages/absl/app.py", line 250, in _run_main
    sys.exit(main(argv))
  File "train.py", line 193, in main
    train(x_train, y_train, vocab_processor, x_dev, y_dev)
  File "train.py", line 92, in train
    l2_reg_lambda=FLAGS.l2_reg_lambda)
  File "/Volumes/Transcend/Mutation/CNN-TF/text_cnn.py", line 62, in __init__
    self.h_drop = tf.nn.dropout(self.h_pool_flat, self.dropout_keep_prob)
  File "/Volumes/Transcend/opt/anaconda3/envs/keras/lib/python3.6/site-packages/tensorflow_core/python/util/deprecation.py", line 507, in new_func
    return func(*args, **kwargs)
  File "/Volumes/Transcend/opt/anaconda3/envs/keras/lib/python3.6/site-packages/tensorflow_core/python/ops/nn_ops.py", line 4229, in dropout
    return dropout_v2(x, rate, noise_shape=noise_shape, seed=seed, name=name)
  File "/Volumes/Transcend/opt/anaconda3/envs/keras/lib/python3.6/site-packages/tensorflow_core/python/ops/nn_ops.py", line 4295, in dropout_v2
    rate.get_shape().assert_has_rank(0)
  File "/Volumes/Transcend/opt/anaconda3/envs/keras/lib/python3.6/site-packages/tensorflow_core/python/framework/ops.py", line 582, in get_shape
    return self.shape
  File "/Volumes/Transcend/opt/anaconda3/envs/keras/lib/python3.6/site-packages/tensorflow_core/python/framework/ops.py", line 471, in shape
    self._shape_val = self._c_api_shape()
  File "/Volumes/Transcend/opt/anaconda3/envs/keras/lib/python3.6/site-packages/tensorflow_core/python/framework/ops.py", line 494, in _c_api_shape
    return tensor_shape.unknown_shape()
  File "/Volumes/Transcend/opt/anaconda3/envs/keras/lib/python3.6/site-packages/tensorflow_core/python/framework/tensor_shape.py", line 1239, in unknown_shape
    return TensorShape([Dimension(None)] * rank)
TypeError: can't multiply sequence by non-int of type 'NoneType'
