WARNING:tensorflow:From train.py:196: The name tf.app.run is deprecated. Please use tf.compat.v1.app.run instead.

WARNING:tensorflow:From train.py:54: VocabularyProcessor.__init__ (from tensorflow.contrib.learn.python.learn.preprocessing.text) is deprecated and will be removed in a future version.
Instructions for updating:
Please use tensorflow/transform or tf.data.
W0216 11:56:48.158936 4612509120 deprecation.py:323] From train.py:54: VocabularyProcessor.__init__ (from tensorflow.contrib.learn.python.learn.preprocessing.text) is deprecated and will be removed in a future version.
Instructions for updating:
Please use tensorflow/transform or tf.data.
WARNING:tensorflow:From /Volumes/Transcend/opt/anaconda3/envs/keras/lib/python3.6/site-packages/tensorflow_core/contrib/learn/python/learn/preprocessing/text.py:154: CategoricalVocabulary.__init__ (from tensorflow.contrib.learn.python.learn.preprocessing.categorical_vocabulary) is deprecated and will be removed in a future version.
Instructions for updating:
Please use tensorflow/transform or tf.data.
W0216 11:56:48.159195 4612509120 deprecation.py:323] From /Volumes/Transcend/opt/anaconda3/envs/keras/lib/python3.6/site-packages/tensorflow_core/contrib/learn/python/learn/preprocessing/text.py:154: CategoricalVocabulary.__init__ (from tensorflow.contrib.learn.python.learn.preprocessing.categorical_vocabulary) is deprecated and will be removed in a future version.
Instructions for updating:
Please use tensorflow/transform or tf.data.
WARNING:tensorflow:From /Volumes/Transcend/opt/anaconda3/envs/keras/lib/python3.6/site-packages/tensorflow_core/contrib/learn/python/learn/preprocessing/text.py:170: tokenizer (from tensorflow.contrib.learn.python.learn.preprocessing.text) is deprecated and will be removed in a future version.
Instructions for updating:
Please use tensorflow/transform or tf.data.
W0216 11:56:48.159334 4612509120 deprecation.py:323] From /Volumes/Transcend/opt/anaconda3/envs/keras/lib/python3.6/site-packages/tensorflow_core/contrib/learn/python/learn/preprocessing/text.py:170: tokenizer (from tensorflow.contrib.learn.python.learn.preprocessing.text) is deprecated and will be removed in a future version.
Instructions for updating:
Please use tensorflow/transform or tf.data.
WARNING:tensorflow:From train.py:80: The name tf.ConfigProto is deprecated. Please use tf.compat.v1.ConfigProto instead.

W0216 11:56:48.800585 4612509120 module_wrapper.py:139] From train.py:80: The name tf.ConfigProto is deprecated. Please use tf.compat.v1.ConfigProto instead.

WARNING:tensorflow:From train.py:83: The name tf.Session is deprecated. Please use tf.compat.v1.Session instead.

W0216 11:56:48.801012 4612509120 module_wrapper.py:139] From train.py:83: The name tf.Session is deprecated. Please use tf.compat.v1.Session instead.

2020-02-16 11:56:48.801387: I tensorflow/core/platform/cpu_feature_guard.cc:142] Your CPU supports instructions that this TensorFlow binary was not compiled to use: AVX2 FMA
2020-02-16 11:56:48.819781: I tensorflow/compiler/xla/service/service.cc:168] XLA service 0x7fa8850161d0 initialized for platform Host (this does not guarantee that XLA will be used). Devices:
2020-02-16 11:56:48.819808: I tensorflow/compiler/xla/service/service.cc:176]   StreamExecutor device (0): Host, Default Version
WARNING:tensorflow:From /Volumes/Transcend/Mutation/CNN-TF/text_cnn.py:15: The name tf.placeholder is deprecated. Please use tf.compat.v1.placeholder instead.

W0216 11:56:48.820274 4612509120 module_wrapper.py:139] From /Volumes/Transcend/Mutation/CNN-TF/text_cnn.py:15: The name tf.placeholder is deprecated. Please use tf.compat.v1.placeholder instead.

WARNING:tensorflow:From /Volumes/Transcend/Mutation/CNN-TF/text_cnn.py:25: The name tf.random_uniform is deprecated. Please use tf.random.uniform instead.

W0216 11:56:48.824959 4612509120 module_wrapper.py:139] From /Volumes/Transcend/Mutation/CNN-TF/text_cnn.py:25: The name tf.random_uniform is deprecated. Please use tf.random.uniform instead.

WARNING:tensorflow:From /Volumes/Transcend/Mutation/CNN-TF/text_cnn.py:36: The name tf.truncated_normal is deprecated. Please use tf.random.truncated_normal instead.

W0216 11:56:48.840304 4612509120 module_wrapper.py:139] From /Volumes/Transcend/Mutation/CNN-TF/text_cnn.py:36: The name tf.truncated_normal is deprecated. Please use tf.random.truncated_normal instead.

WARNING:tensorflow:From /Volumes/Transcend/Mutation/CNN-TF/text_cnn.py:47: The name tf.nn.max_pool is deprecated. Please use tf.nn.max_pool2d instead.

W0216 11:56:48.859207 4612509120 module_wrapper.py:139] From /Volumes/Transcend/Mutation/CNN-TF/text_cnn.py:47: The name tf.nn.max_pool is deprecated. Please use tf.nn.max_pool2d instead.

WARNING:tensorflow:From /Volumes/Transcend/Mutation/CNN-TF/text_cnn.py:62: calling dropout (from tensorflow.python.ops.nn_ops) with keep_prob is deprecated and will be removed in a future version.
Instructions for updating:
Please use `rate` instead of `keep_prob`. Rate should be set to `rate = 1 - keep_prob`.
W0216 11:56:48.888221 4612509120 deprecation.py:506] From /Volumes/Transcend/Mutation/CNN-TF/text_cnn.py:62: calling dropout (from tensorflow.python.ops.nn_ops) with keep_prob is deprecated and will be removed in a future version.
Instructions for updating:
Please use `rate` instead of `keep_prob`. Rate should be set to `rate = 1 - keep_prob`.
WARNING:tensorflow:From /Volumes/Transcend/Mutation/CNN-TF/text_cnn.py:66: The name tf.get_variable is deprecated. Please use tf.compat.v1.get_variable instead.

W0216 11:56:48.906373 4612509120 module_wrapper.py:139] From /Volumes/Transcend/Mutation/CNN-TF/text_cnn.py:66: The name tf.get_variable is deprecated. Please use tf.compat.v1.get_variable instead.

WARNING:tensorflow:
The TensorFlow contrib module will not be included in TensorFlow 2.0.
For more information, please see:
  * https://github.com/tensorflow/community/blob/master/rfcs/20180907-contrib-sunset.md
  * https://github.com/tensorflow/addons
  * https://github.com/tensorflow/io (for I/O related ops)
If you depend on functionality not listed there, please file an issue.

W0216 11:56:48.906740 4612509120 lazy_loader.py:50] 
The TensorFlow contrib module will not be included in TensorFlow 2.0.
For more information, please see:
  * https://github.com/tensorflow/community/blob/master/rfcs/20180907-contrib-sunset.md
  * https://github.com/tensorflow/addons
  * https://github.com/tensorflow/io (for I/O related ops)
If you depend on functionality not listed there, please file an issue.

WARNING:tensorflow:From /Volumes/Transcend/Mutation/CNN-TF/text_cnn.py:73: The name tf.nn.xw_plus_b is deprecated. Please use tf.compat.v1.nn.xw_plus_b instead.

W0216 11:56:48.920583 4612509120 module_wrapper.py:139] From /Volumes/Transcend/Mutation/CNN-TF/text_cnn.py:73: The name tf.nn.xw_plus_b is deprecated. Please use tf.compat.v1.nn.xw_plus_b instead.

WARNING:tensorflow:From /Volumes/Transcend/Mutation/CNN-TF/text_cnn.py:78: softmax_cross_entropy_with_logits (from tensorflow.python.ops.nn_ops) is deprecated and will be removed in a future version.
Instructions for updating:

Future major versions of TensorFlow will allow gradients to flow
into the labels input on backprop by default.

See `tf.nn.softmax_cross_entropy_with_logits_v2`.

W0216 11:56:48.923760 4612509120 deprecation.py:323] From /Volumes/Transcend/Mutation/CNN-TF/text_cnn.py:78: softmax_cross_entropy_with_logits (from tensorflow.python.ops.nn_ops) is deprecated and will be removed in a future version.
Instructions for updating:

Future major versions of TensorFlow will allow gradients to flow
into the labels input on backprop by default.

See `tf.nn.softmax_cross_entropy_with_logits_v2`.

WARNING:tensorflow:From train.py:96: The name tf.train.AdamOptimizer is deprecated. Please use tf.compat.v1.train.AdamOptimizer instead.

W0216 11:56:48.966170 4612509120 module_wrapper.py:139] From train.py:96: The name tf.train.AdamOptimizer is deprecated. Please use tf.compat.v1.train.AdamOptimizer instead.

WARNING:tensorflow:From train.py:104: The name tf.summary.histogram is deprecated. Please use tf.compat.v1.summary.histogram instead.

W0216 11:56:49.287702 4612509120 module_wrapper.py:139] From train.py:104: The name tf.summary.histogram is deprecated. Please use tf.compat.v1.summary.histogram instead.

INFO:tensorflow:Summary name embedding/W:0/grad/hist is illegal; using embedding/W_0/grad/hist instead.
I0216 11:56:49.288069 4612509120 summary_op_util.py:66] Summary name embedding/W:0/grad/hist is illegal; using embedding/W_0/grad/hist instead.
WARNING:tensorflow:From train.py:105: The name tf.summary.scalar is deprecated. Please use tf.compat.v1.summary.scalar instead.

W0216 11:56:49.296185 4612509120 module_wrapper.py:139] From train.py:105: The name tf.summary.scalar is deprecated. Please use tf.compat.v1.summary.scalar instead.

INFO:tensorflow:Summary name embedding/W:0/grad/sparsity is illegal; using embedding/W_0/grad/sparsity instead.
I0216 11:56:49.322859 4612509120 summary_op_util.py:66] Summary name embedding/W:0/grad/sparsity is illegal; using embedding/W_0/grad/sparsity instead.
INFO:tensorflow:Summary name conv-maxpool-3/W:0/grad/hist is illegal; using conv-maxpool-3/W_0/grad/hist instead.
I0216 11:56:49.324984 4612509120 summary_op_util.py:66] Summary name conv-maxpool-3/W:0/grad/hist is illegal; using conv-maxpool-3/W_0/grad/hist instead.
INFO:tensorflow:Summary name conv-maxpool-3/W:0/grad/sparsity is illegal; using conv-maxpool-3/W_0/grad/sparsity instead.
I0216 11:56:49.345157 4612509120 summary_op_util.py:66] Summary name conv-maxpool-3/W:0/grad/sparsity is illegal; using conv-maxpool-3/W_0/grad/sparsity instead.
INFO:tensorflow:Summary name conv-maxpool-3/b:0/grad/hist is illegal; using conv-maxpool-3/b_0/grad/hist instead.
I0216 11:56:49.347431 4612509120 summary_op_util.py:66] Summary name conv-maxpool-3/b:0/grad/hist is illegal; using conv-maxpool-3/b_0/grad/hist instead.
INFO:tensorflow:Summary name conv-maxpool-3/b:0/grad/sparsity is illegal; using conv-maxpool-3/b_0/grad/sparsity instead.
I0216 11:56:49.371026 4612509120 summary_op_util.py:66] Summary name conv-maxpool-3/b:0/grad/sparsity is illegal; using conv-maxpool-3/b_0/grad/sparsity instead.
INFO:tensorflow:Summary name conv-maxpool-4/W:0/grad/hist is illegal; using conv-maxpool-4/W_0/grad/hist instead.
I0216 11:56:49.372581 4612509120 summary_op_util.py:66] Summary name conv-maxpool-4/W:0/grad/hist is illegal; using conv-maxpool-4/W_0/grad/hist instead.
INFO:tensorflow:Summary name conv-maxpool-4/W:0/grad/sparsity is illegal; using conv-maxpool-4/W_0/grad/sparsity instead.
I0216 11:56:49.391932 4612509120 summary_op_util.py:66] Summary name conv-maxpool-4/W:0/grad/sparsity is illegal; using conv-maxpool-4/W_0/grad/sparsity instead.
INFO:tensorflow:Summary name conv-maxpool-4/b:0/grad/hist is illegal; using conv-maxpool-4/b_0/grad/hist instead.
I0216 11:56:49.394168 4612509120 summary_op_util.py:66] Summary name conv-maxpool-4/b:0/grad/hist is illegal; using conv-maxpool-4/b_0/grad/hist instead.
INFO:tensorflow:Summary name conv-maxpool-4/b:0/grad/sparsity is illegal; using conv-maxpool-4/b_0/grad/sparsity instead.
I0216 11:56:49.416589 4612509120 summary_op_util.py:66] Summary name conv-maxpool-4/b:0/grad/sparsity is illegal; using conv-maxpool-4/b_0/grad/sparsity instead.
INFO:tensorflow:Summary name conv-maxpool-5/W:0/grad/hist is illegal; using conv-maxpool-5/W_0/grad/hist instead.
I0216 11:56:49.417831 4612509120 summary_op_util.py:66] Summary name conv-maxpool-5/W:0/grad/hist is illegal; using conv-maxpool-5/W_0/grad/hist instead.
INFO:tensorflow:Summary name conv-maxpool-5/W:0/grad/sparsity is illegal; using conv-maxpool-5/W_0/grad/sparsity instead.
I0216 11:56:49.437232 4612509120 summary_op_util.py:66] Summary name conv-maxpool-5/W:0/grad/sparsity is illegal; using conv-maxpool-5/W_0/grad/sparsity instead.
INFO:tensorflow:Summary name conv-maxpool-5/b:0/grad/hist is illegal; using conv-maxpool-5/b_0/grad/hist instead.
I0216 11:56:49.438522 4612509120 summary_op_util.py:66] Summary name conv-maxpool-5/b:0/grad/hist is illegal; using conv-maxpool-5/b_0/grad/hist instead.
INFO:tensorflow:Summary name conv-maxpool-5/b:0/grad/sparsity is illegal; using conv-maxpool-5/b_0/grad/sparsity instead.
I0216 11:56:49.463791 4612509120 summary_op_util.py:66] Summary name conv-maxpool-5/b:0/grad/sparsity is illegal; using conv-maxpool-5/b_0/grad/sparsity instead.
INFO:tensorflow:Summary name W:0/grad/hist is illegal; using W_0/grad/hist instead.
I0216 11:56:49.465029 4612509120 summary_op_util.py:66] Summary name W:0/grad/hist is illegal; using W_0/grad/hist instead.
INFO:tensorflow:Summary name W:0/grad/sparsity is illegal; using W_0/grad/sparsity instead.
I0216 11:56:49.484838 4612509120 summary_op_util.py:66] Summary name W:0/grad/sparsity is illegal; using W_0/grad/sparsity instead.
INFO:tensorflow:Summary name output/b:0/grad/hist is illegal; using output/b_0/grad/hist instead.
I0216 11:56:49.486246 4612509120 summary_op_util.py:66] Summary name output/b:0/grad/hist is illegal; using output/b_0/grad/hist instead.
INFO:tensorflow:Summary name output/b:0/grad/sparsity is illegal; using output/b_0/grad/sparsity instead.
I0216 11:56:49.513314 4612509120 summary_op_util.py:66] Summary name output/b:0/grad/sparsity is illegal; using output/b_0/grad/sparsity instead.
WARNING:tensorflow:From train.py:108: The name tf.summary.merge is deprecated. Please use tf.compat.v1.summary.merge instead.

W0216 11:56:49.514579 4612509120 module_wrapper.py:139] From train.py:108: The name tf.summary.merge is deprecated. Please use tf.compat.v1.summary.merge instead.

WARNING:tensorflow:From train.py:122: The name tf.summary.FileWriter is deprecated. Please use tf.compat.v1.summary.FileWriter instead.

W0216 11:56:49.518650 4612509120 module_wrapper.py:139] From train.py:122: The name tf.summary.FileWriter is deprecated. Please use tf.compat.v1.summary.FileWriter instead.

WARNING:tensorflow:From train.py:134: The name tf.train.Saver is deprecated. Please use tf.compat.v1.train.Saver instead.

W0216 11:56:49.916366 4612509120 module_wrapper.py:139] From train.py:134: The name tf.train.Saver is deprecated. Please use tf.compat.v1.train.Saver instead.

WARNING:tensorflow:From train.py:134: The name tf.global_variables is deprecated. Please use tf.compat.v1.global_variables instead.

W0216 11:56:49.916620 4612509120 module_wrapper.py:139] From train.py:134: The name tf.global_variables is deprecated. Please use tf.compat.v1.global_variables instead.

WARNING:tensorflow:From train.py:140: The name tf.global_variables_initializer is deprecated. Please use tf.compat.v1.global_variables_initializer instead.

W0216 11:56:50.575641 4612509120 module_wrapper.py:139] From train.py:140: The name tf.global_variables_initializer is deprecated. Please use tf.compat.v1.global_variables_initializer instead.

Loading data...
Vocabulary Size: 18758
Train/Dev split: 9596/1066
Writing to /Volumes/Transcend/Mutation/CNN-TF/runs/1581825409

Traceback (most recent call last):
  File "train.py", line 196, in <module>
    tf.app.run()
  File "/Volumes/Transcend/opt/anaconda3/envs/keras/lib/python3.6/site-packages/tensorflow_core/python/platform/app.py", line 40, in run
    _run(main=main, argv=argv, flags_parser=_parse_flags_tolerate_undef)
  File "/Volumes/Transcend/opt/anaconda3/envs/keras/lib/python3.6/site-packages/absl/app.py", line 299, in run
    _run_main(main, args)
  File "/Volumes/Transcend/opt/anaconda3/envs/keras/lib/python3.6/site-packages/absl/app.py", line 250, in _run_main
    sys.exit(main(argv))
  File "train.py", line 193, in main
    train(x_train, y_train, vocab_processor, x_dev, y_dev)
  File "train.py", line 181, in train
    train_step(x_batch, y_batch)
  File "train.py", line 153, in train_step
    feed_dict)
  File "/Volumes/Transcend/opt/anaconda3/envs/keras/lib/python3.6/site-packages/tensorflow_core/python/client/session.py", line 956, in run
    run_metadata_ptr)
  File "/Volumes/Transcend/opt/anaconda3/envs/keras/lib/python3.6/site-packages/tensorflow_core/python/client/session.py", line 1156, in _run
    (np_val.shape, subfeed_t.name, str(subfeed_t.get_shape())))
ValueError: Cannot feed value of shape (64, 56) for Tensor 'input_x:0', which has shape '(?, 56)'
