Using TensorFlow backend.
WARNING:tensorflow:From /Volumes/Transcend/opt/anaconda3/envs/keras/lib/python3.6/site-packages/tensorflow_core/python/ops/resource_variable_ops.py:1630: calling BaseResourceVariable.__init__ (from tensorflow.python.ops.resource_variable_ops) with constraint is deprecated and will be removed in a future version.
Instructions for updating:
If using Keras pass *_constraint arguments to layers.
WARNING:tensorflow:From /Volumes/Transcend/opt/anaconda3/envs/keras/lib/python3.6/site-packages/keras/backend/tensorflow_backend.py:4070: The name tf.nn.max_pool is deprecated. Please use tf.nn.max_pool2d instead.

WARNING:tensorflow:Large dropout rate: 0.8 (>0.5). In TensorFlow 2.x, dropout() uses dropout rate instead of keep_prob. Please ensure that this is intended.
WARNING:tensorflow:From /Volumes/Transcend/opt/anaconda3/envs/keras/lib/python3.6/site-packages/tensorflow_core/python/ops/nn_impl.py:183: where (from tensorflow.python.ops.array_ops) is deprecated and will be removed in a future version.
Instructions for updating:
Use tf.where in 2.0, which has the same broadcast rule as np.where
2020-02-04 21:44:01.054724: I tensorflow/core/platform/cpu_feature_guard.cc:142] Your CPU supports instructions that this TensorFlow binary was not compiled to use: AVX2 FMA
2020-02-04 21:44:01.067792: I tensorflow/compiler/xla/service/service.cc:168] XLA service 0x7f9b77909150 initialized for platform Host (this does not guarantee that XLA will be used). Devices:
2020-02-04 21:44:01.067857: I tensorflow/compiler/xla/service/service.cc:176]   StreamExecutor device (0): Host, Default Version
WARNING:tensorflow:From /Volumes/Transcend/opt/anaconda3/envs/keras/lib/python3.6/site-packages/keras/backend/tensorflow_backend.py:422: The name tf.global_variables is deprecated. Please use tf.compat.v1.global_variables instead.

Load data...
Adjusting sequence length for actual size
x_train shape: (9595, 56)
x_test shape: (1067, 56)
Vocabulary Size: 18779
Model type is CNN-non-static
Load existing Word2Vec model '50features_1minwords_10context'
Initializing embedding layer with word2vec weights, shape (18779, 50)
Train on 9595 samples, validate on 1067 samples
Epoch 1/10
 - 5s - loss: 0.7019 - accuracy: 0.4939 - val_loss: 0.6933 - val_accuracy: 0.4864
Epoch 2/10
 - 6s - loss: 0.6940 - accuracy: 0.5069 - val_loss: 0.6929 - val_accuracy: 0.5127
Epoch 3/10
 - 5s - loss: 0.6921 - accuracy: 0.5236 - val_loss: 0.6902 - val_accuracy: 0.5820
Epoch 4/10
 - 5s - loss: 0.6869 - accuracy: 0.5441 - val_loss: 0.6757 - val_accuracy: 0.6101
Epoch 5/10
 - 5s - loss: 0.6724 - accuracy: 0.5799 - val_loss: 0.6519 - val_accuracy: 0.6476
Epoch 6/10
 - 5s - loss: 0.6339 - accuracy: 0.6377 - val_loss: 0.5972 - val_accuracy: 0.7254
Epoch 7/10
 - 5s - loss: 0.5505 - accuracy: 0.7212 - val_loss: 0.5126 - val_accuracy: 0.7648
Epoch 8/10
 - 6s - loss: 0.4587 - accuracy: 0.7820 - val_loss: 0.4927 - val_accuracy: 0.7807
Epoch 9/10
 - 5s - loss: 0.3883 - accuracy: 0.8278 - val_loss: 0.4845 - val_accuracy: 0.7751
Epoch 10/10
 - 5s - loss: 0.3354 - accuracy: 0.8529 - val_loss: 0.4932 - val_accuracy: 0.7704
Training time:54.0185227394104
