Using TensorFlow backend.
WARNING:tensorflow:From /Volumes/Transcend/opt/anaconda3/envs/keras/lib/python3.6/site-packages/tensorflow_core/python/ops/resource_variable_ops.py:1630: calling BaseResourceVariable.__init__ (from tensorflow.python.ops.resource_variable_ops) with constraint is deprecated and will be removed in a future version.
Instructions for updating:
If using Keras pass *_constraint arguments to layers.
WARNING:tensorflow:From /Volumes/Transcend/opt/anaconda3/envs/keras/lib/python3.6/site-packages/keras/backend/tensorflow_backend.py:4070: The name tf.nn.max_pool is deprecated. Please use tf.nn.max_pool2d instead.

WARNING:tensorflow:Large dropout rate: 0.8 (>0.5). In TensorFlow 2.x, dropout() uses dropout rate instead of keep_prob. Please ensure that this is intended.
WARNING:tensorflow:From /Volumes/Transcend/opt/anaconda3/envs/keras/lib/python3.6/site-packages/tensorflow_core/python/ops/nn_impl.py:183: where (from tensorflow.python.ops.array_ops) is deprecated and will be removed in a future version.
Instructions for updating:
Use tf.where in 2.0, which has the same broadcast rule as np.where
2020-02-04 21:38:56.569969: I tensorflow/core/platform/cpu_feature_guard.cc:142] Your CPU supports instructions that this TensorFlow binary was not compiled to use: AVX2 FMA
2020-02-04 21:38:56.583017: I tensorflow/compiler/xla/service/service.cc:168] XLA service 0x7fb0b7973760 initialized for platform Host (this does not guarantee that XLA will be used). Devices:
2020-02-04 21:38:56.583040: I tensorflow/compiler/xla/service/service.cc:176]   StreamExecutor device (0): Host, Default Version
WARNING:tensorflow:From /Volumes/Transcend/opt/anaconda3/envs/keras/lib/python3.6/site-packages/keras/backend/tensorflow_backend.py:422: The name tf.global_variables is deprecated. Please use tf.compat.v1.global_variables instead.

Load data...
Adjusting sequence length for actual size
x_train shape: (9595, 56)
x_test shape: (1067, 56)
Vocabulary Size: 18779
Model type is CNN-non-static
Load existing Word2Vec model '50features_1minwords_10context'
Initializing embedding layer with word2vec weights, shape (18779, 50)
Train on 9595 samples, validate on 1067 samples
Epoch 1/10
 - 5s - loss: 0.7021 - accuracy: 0.4959 - val_loss: 0.6933 - val_accuracy: 0.4817
Epoch 2/10
 - 5s - loss: 0.6932 - accuracy: 0.5075 - val_loss: 0.6906 - val_accuracy: 0.5736
Epoch 3/10
 - 5s - loss: 0.6902 - accuracy: 0.5229 - val_loss: 0.6861 - val_accuracy: 0.6036
Epoch 4/10
 - 6s - loss: 0.6793 - accuracy: 0.5627 - val_loss: 0.6657 - val_accuracy: 0.6373
Epoch 5/10
 - 5s - loss: 0.6557 - accuracy: 0.6042 - val_loss: 0.6326 - val_accuracy: 0.6701
Epoch 6/10
 - 5s - loss: 0.5988 - accuracy: 0.6805 - val_loss: 0.5588 - val_accuracy: 0.7470
Epoch 7/10
 - 5s - loss: 0.5035 - accuracy: 0.7561 - val_loss: 0.4988 - val_accuracy: 0.7798
Epoch 8/10
 - 5s - loss: 0.4223 - accuracy: 0.8093 - val_loss: 0.4844 - val_accuracy: 0.7779
Epoch 9/10
 - 4s - loss: 0.3638 - accuracy: 0.8402 - val_loss: 0.4817 - val_accuracy: 0.7835
Epoch 10/10
 - 5s - loss: 0.3130 - accuracy: 0.8639 - val_loss: 0.4973 - val_accuracy: 0.7826
Training time:51.23564529418945
