Using TensorFlow backend.
WARNING:tensorflow:From /Volumes/Transcend/opt/anaconda3/envs/keras/lib/python3.6/site-packages/tensorflow_core/python/ops/resource_variable_ops.py:1630: calling BaseResourceVariable.__init__ (from tensorflow.python.ops.resource_variable_ops) with constraint is deprecated and will be removed in a future version.
Instructions for updating:
If using Keras pass *_constraint arguments to layers.
WARNING:tensorflow:From /Volumes/Transcend/opt/anaconda3/envs/keras/lib/python3.6/site-packages/keras/backend/tensorflow_backend.py:4070: The name tf.nn.max_pool is deprecated. Please use tf.nn.max_pool2d instead.

WARNING:tensorflow:Large dropout rate: 0.8 (>0.5). In TensorFlow 2.x, dropout() uses dropout rate instead of keep_prob. Please ensure that this is intended.
WARNING:tensorflow:From /Volumes/Transcend/opt/anaconda3/envs/keras/lib/python3.6/site-packages/tensorflow_core/python/ops/nn_impl.py:183: where (from tensorflow.python.ops.array_ops) is deprecated and will be removed in a future version.
Instructions for updating:
Use tf.where in 2.0, which has the same broadcast rule as np.where
2020-02-04 21:48:04.633048: I tensorflow/core/platform/cpu_feature_guard.cc:142] Your CPU supports instructions that this TensorFlow binary was not compiled to use: AVX2 FMA
2020-02-04 21:48:04.662667: I tensorflow/compiler/xla/service/service.cc:168] XLA service 0x7fee93f6c590 initialized for platform Host (this does not guarantee that XLA will be used). Devices:
2020-02-04 21:48:04.662741: I tensorflow/compiler/xla/service/service.cc:176]   StreamExecutor device (0): Host, Default Version
WARNING:tensorflow:From /Volumes/Transcend/opt/anaconda3/envs/keras/lib/python3.6/site-packages/keras/backend/tensorflow_backend.py:422: The name tf.global_variables is deprecated. Please use tf.compat.v1.global_variables instead.

Load data...
Adjusting sequence length for actual size
x_train shape: (9595, 56)
x_test shape: (1067, 56)
Vocabulary Size: 18779
Model type is CNN-non-static
Load existing Word2Vec model '50features_1minwords_10context'
Initializing embedding layer with word2vec weights, shape (18779, 50)
Train on 9595 samples, validate on 1067 samples
Epoch 1/10
 - 7s - loss: 0.7019 - accuracy: 0.4921 - val_loss: 0.6933 - val_accuracy: 0.4986
Epoch 2/10
 - 5s - loss: 0.6938 - accuracy: 0.5087 - val_loss: 0.6923 - val_accuracy: 0.5061
Epoch 3/10
 - 5s - loss: 0.6927 - accuracy: 0.5183 - val_loss: 0.6898 - val_accuracy: 0.5586
Epoch 4/10
 - 5s - loss: 0.6852 - accuracy: 0.5475 - val_loss: 0.6781 - val_accuracy: 0.6326
Epoch 5/10
 - 5s - loss: 0.6647 - accuracy: 0.5941 - val_loss: 0.6443 - val_accuracy: 0.6467
Epoch 6/10
 - 5s - loss: 0.6115 - accuracy: 0.6626 - val_loss: 0.5726 - val_accuracy: 0.7441
Epoch 7/10
 - 5s - loss: 0.5154 - accuracy: 0.7458 - val_loss: 0.5040 - val_accuracy: 0.7732
Epoch 8/10
 - 5s - loss: 0.4359 - accuracy: 0.7987 - val_loss: 0.4843 - val_accuracy: 0.7835
Epoch 9/10
 - 6s - loss: 0.3809 - accuracy: 0.8308 - val_loss: 0.4804 - val_accuracy: 0.7816
Epoch 10/10
 - 5s - loss: 0.3173 - accuracy: 0.8606 - val_loss: 0.4876 - val_accuracy: 0.7788
Training time:53.74514818191528
