Using TensorFlow backend.
WARNING:tensorflow:From /Volumes/Transcend/opt/anaconda3/envs/keras/lib/python3.6/site-packages/tensorflow_core/python/ops/resource_variable_ops.py:1630: calling BaseResourceVariable.__init__ (from tensorflow.python.ops.resource_variable_ops) with constraint is deprecated and will be removed in a future version.
Instructions for updating:
If using Keras pass *_constraint arguments to layers.
WARNING:tensorflow:From /Volumes/Transcend/opt/anaconda3/envs/keras/lib/python3.6/site-packages/keras/backend/tensorflow_backend.py:4070: The name tf.nn.max_pool is deprecated. Please use tf.nn.max_pool2d instead.

WARNING:tensorflow:Large dropout rate: 0.8 (>0.5). In TensorFlow 2.x, dropout() uses dropout rate instead of keep_prob. Please ensure that this is intended.
WARNING:tensorflow:From /Volumes/Transcend/opt/anaconda3/envs/keras/lib/python3.6/site-packages/tensorflow_core/python/ops/nn_impl.py:183: where (from tensorflow.python.ops.array_ops) is deprecated and will be removed in a future version.
Instructions for updating:
Use tf.where in 2.0, which has the same broadcast rule as np.where
2020-02-04 21:42:56.685600: I tensorflow/core/platform/cpu_feature_guard.cc:142] Your CPU supports instructions that this TensorFlow binary was not compiled to use: AVX2 FMA
2020-02-04 21:42:56.702162: I tensorflow/compiler/xla/service/service.cc:168] XLA service 0x7ff1287dc130 initialized for platform Host (this does not guarantee that XLA will be used). Devices:
2020-02-04 21:42:56.702184: I tensorflow/compiler/xla/service/service.cc:176]   StreamExecutor device (0): Host, Default Version
WARNING:tensorflow:From /Volumes/Transcend/opt/anaconda3/envs/keras/lib/python3.6/site-packages/keras/backend/tensorflow_backend.py:422: The name tf.global_variables is deprecated. Please use tf.compat.v1.global_variables instead.

Load data...
Adjusting sequence length for actual size
x_train shape: (9595, 56)
x_test shape: (1067, 56)
Vocabulary Size: 18779
Model type is CNN-non-static
Load existing Word2Vec model '50features_1minwords_10context'
Initializing embedding layer with word2vec weights, shape (18779, 50)
Train on 9595 samples, validate on 1067 samples
Epoch 1/10
 - 6s - loss: 0.7016 - accuracy: 0.4938 - val_loss: 0.6932 - val_accuracy: 0.4958
Epoch 2/10
 - 6s - loss: 0.6939 - accuracy: 0.5042 - val_loss: 0.6934 - val_accuracy: 0.4911
Epoch 3/10
 - 6s - loss: 0.6927 - accuracy: 0.5187 - val_loss: 0.6914 - val_accuracy: 0.5220
Epoch 4/10
 - 7s - loss: 0.6865 - accuracy: 0.5397 - val_loss: 0.6750 - val_accuracy: 0.6167
Epoch 5/10
 - 6s - loss: 0.6724 - accuracy: 0.5805 - val_loss: 0.6543 - val_accuracy: 0.6523
Epoch 6/10
 - 6s - loss: 0.6335 - accuracy: 0.6436 - val_loss: 0.5985 - val_accuracy: 0.7291
Epoch 7/10
 - 5s - loss: 0.5607 - accuracy: 0.7105 - val_loss: 0.5238 - val_accuracy: 0.7741
Epoch 8/10
 - 5s - loss: 0.4622 - accuracy: 0.7837 - val_loss: 0.4929 - val_accuracy: 0.7751
Epoch 9/10
 - 5s - loss: 0.3920 - accuracy: 0.8255 - val_loss: 0.4893 - val_accuracy: 0.7798
Epoch 10/10
 - 5s - loss: 0.3343 - accuracy: 0.8558 - val_loss: 0.4967 - val_accuracy: 0.7798
Training time:56.58978509902954
