Using TensorFlow backend.
WARNING:tensorflow:From /Volumes/Transcend/opt/anaconda3/envs/keras/lib/python3.6/site-packages/tensorflow_core/python/ops/resource_variable_ops.py:1630: calling BaseResourceVariable.__init__ (from tensorflow.python.ops.resource_variable_ops) with constraint is deprecated and will be removed in a future version.
Instructions for updating:
If using Keras pass *_constraint arguments to layers.
WARNING:tensorflow:From /Volumes/Transcend/opt/anaconda3/envs/keras/lib/python3.6/site-packages/keras/backend/tensorflow_backend.py:4070: The name tf.nn.max_pool is deprecated. Please use tf.nn.max_pool2d instead.

WARNING:tensorflow:Large dropout rate: 0.8 (>0.5). In TensorFlow 2.x, dropout() uses dropout rate instead of keep_prob. Please ensure that this is intended.
WARNING:tensorflow:From /Volumes/Transcend/opt/anaconda3/envs/keras/lib/python3.6/site-packages/tensorflow_core/python/ops/nn_impl.py:183: where (from tensorflow.python.ops.array_ops) is deprecated and will be removed in a future version.
Instructions for updating:
Use tf.where in 2.0, which has the same broadcast rule as np.where
2020-02-04 21:39:54.521278: I tensorflow/core/platform/cpu_feature_guard.cc:142] Your CPU supports instructions that this TensorFlow binary was not compiled to use: AVX2 FMA
2020-02-04 21:39:54.536400: I tensorflow/compiler/xla/service/service.cc:168] XLA service 0x7ff072a26b70 initialized for platform Host (this does not guarantee that XLA will be used). Devices:
2020-02-04 21:39:54.536426: I tensorflow/compiler/xla/service/service.cc:176]   StreamExecutor device (0): Host, Default Version
WARNING:tensorflow:From /Volumes/Transcend/opt/anaconda3/envs/keras/lib/python3.6/site-packages/keras/backend/tensorflow_backend.py:422: The name tf.global_variables is deprecated. Please use tf.compat.v1.global_variables instead.

Load data...
Adjusting sequence length for actual size
x_train shape: (9595, 56)
x_test shape: (1067, 56)
Vocabulary Size: 18779
Model type is CNN-non-static
Load existing Word2Vec model '50features_1minwords_10context'
Initializing embedding layer with word2vec weights, shape (18779, 50)
Train on 9595 samples, validate on 1067 samples
Epoch 1/10
 - 5s - loss: 0.7020 - accuracy: 0.4932 - val_loss: 0.6933 - val_accuracy: 0.4742
Epoch 2/10
 - 5s - loss: 0.6936 - accuracy: 0.5129 - val_loss: 0.6914 - val_accuracy: 0.5276
Epoch 3/10
 - 5s - loss: 0.6902 - accuracy: 0.5308 - val_loss: 0.6866 - val_accuracy: 0.6045
Epoch 4/10
 - 5s - loss: 0.6821 - accuracy: 0.5612 - val_loss: 0.6674 - val_accuracy: 0.6354
Epoch 5/10
 - 5s - loss: 0.6596 - accuracy: 0.5992 - val_loss: 0.6345 - val_accuracy: 0.6645
Epoch 6/10
 - 5s - loss: 0.6133 - accuracy: 0.6646 - val_loss: 0.5745 - val_accuracy: 0.7498
Epoch 7/10
 - 5s - loss: 0.5341 - accuracy: 0.7338 - val_loss: 0.5082 - val_accuracy: 0.7788
Epoch 8/10
 - 5s - loss: 0.4501 - accuracy: 0.7903 - val_loss: 0.4965 - val_accuracy: 0.7713
Epoch 9/10
 - 5s - loss: 0.3912 - accuracy: 0.8260 - val_loss: 0.4952 - val_accuracy: 0.7685
Epoch 10/10
 - 6s - loss: 0.3334 - accuracy: 0.8515 - val_loss: 0.5084 - val_accuracy: 0.7648
Training time:50.57385873794556
