Using TensorFlow backend.
WARNING:tensorflow:From /Volumes/Transcend/opt/anaconda3/envs/keras/lib/python3.6/site-packages/tensorflow_core/python/ops/resource_variable_ops.py:1630: calling BaseResourceVariable.__init__ (from tensorflow.python.ops.resource_variable_ops) with constraint is deprecated and will be removed in a future version.
Instructions for updating:
If using Keras pass *_constraint arguments to layers.
WARNING:tensorflow:From /Volumes/Transcend/opt/anaconda3/envs/keras/lib/python3.6/site-packages/keras/backend/tensorflow_backend.py:4070: The name tf.nn.max_pool is deprecated. Please use tf.nn.max_pool2d instead.

WARNING:tensorflow:Large dropout rate: 0.8 (>0.5). In TensorFlow 2.x, dropout() uses dropout rate instead of keep_prob. Please ensure that this is intended.
WARNING:tensorflow:From /Volumes/Transcend/opt/anaconda3/envs/keras/lib/python3.6/site-packages/tensorflow_core/python/ops/nn_impl.py:183: where (from tensorflow.python.ops.array_ops) is deprecated and will be removed in a future version.
Instructions for updating:
Use tf.where in 2.0, which has the same broadcast rule as np.where
2020-02-04 21:52:08.215291: I tensorflow/core/platform/cpu_feature_guard.cc:142] Your CPU supports instructions that this TensorFlow binary was not compiled to use: AVX2 FMA
2020-02-04 21:52:08.237906: I tensorflow/compiler/xla/service/service.cc:168] XLA service 0x7f9732d75f10 initialized for platform Host (this does not guarantee that XLA will be used). Devices:
2020-02-04 21:52:08.237932: I tensorflow/compiler/xla/service/service.cc:176]   StreamExecutor device (0): Host, Default Version
WARNING:tensorflow:From /Volumes/Transcend/opt/anaconda3/envs/keras/lib/python3.6/site-packages/keras/backend/tensorflow_backend.py:422: The name tf.global_variables is deprecated. Please use tf.compat.v1.global_variables instead.

Load data...
Adjusting sequence length for actual size
x_train shape: (9595, 56)
x_test shape: (1067, 56)
Vocabulary Size: 18779
Model type is CNN-non-static
Load existing Word2Vec model '50features_1minwords_10context'
Initializing embedding layer with word2vec weights, shape (18779, 50)
Train on 9595 samples, validate on 1067 samples
Epoch 1/10
 - 6s - loss: 0.7019 - accuracy: 0.4955 - val_loss: 0.6934 - val_accuracy: 0.4789
Epoch 2/10
 - 5s - loss: 0.6938 - accuracy: 0.5091 - val_loss: 0.6925 - val_accuracy: 0.4948
Epoch 3/10
 - 5s - loss: 0.6918 - accuracy: 0.5153 - val_loss: 0.6894 - val_accuracy: 0.5829
Epoch 4/10
 - 5s - loss: 0.6848 - accuracy: 0.5471 - val_loss: 0.6763 - val_accuracy: 0.6214
Epoch 5/10
 - 5s - loss: 0.6661 - accuracy: 0.5881 - val_loss: 0.6436 - val_accuracy: 0.6682
Epoch 6/10
 - 4s - loss: 0.6236 - accuracy: 0.6530 - val_loss: 0.5838 - val_accuracy: 0.7348
Epoch 7/10
 - 5s - loss: 0.5329 - accuracy: 0.7319 - val_loss: 0.5012 - val_accuracy: 0.7807
Epoch 8/10
 - 5s - loss: 0.4495 - accuracy: 0.7950 - val_loss: 0.4846 - val_accuracy: 0.7816
Epoch 9/10
 - 5s - loss: 0.3835 - accuracy: 0.8285 - val_loss: 0.4810 - val_accuracy: 0.7807
Epoch 10/10
 - 4s - loss: 0.3257 - accuracy: 0.8596 - val_loss: 0.4981 - val_accuracy: 0.7732
Training time:47.48326301574707
