Using TensorFlow backend.
WARNING:tensorflow:From /Volumes/Transcend/opt/anaconda3/envs/keras/lib/python3.6/site-packages/tensorflow_core/python/ops/resource_variable_ops.py:1630: calling BaseResourceVariable.__init__ (from tensorflow.python.ops.resource_variable_ops) with constraint is deprecated and will be removed in a future version.
Instructions for updating:
If using Keras pass *_constraint arguments to layers.
WARNING:tensorflow:From /Volumes/Transcend/opt/anaconda3/envs/keras/lib/python3.6/site-packages/keras/backend/tensorflow_backend.py:4070: The name tf.nn.max_pool is deprecated. Please use tf.nn.max_pool2d instead.

WARNING:tensorflow:Large dropout rate: 0.8 (>0.5). In TensorFlow 2.x, dropout() uses dropout rate instead of keep_prob. Please ensure that this is intended.
WARNING:tensorflow:From /Volumes/Transcend/opt/anaconda3/envs/keras/lib/python3.6/site-packages/tensorflow_core/python/ops/nn_impl.py:183: where (from tensorflow.python.ops.array_ops) is deprecated and will be removed in a future version.
Instructions for updating:
Use tf.where in 2.0, which has the same broadcast rule as np.where
2020-02-04 21:55:23.595204: I tensorflow/core/platform/cpu_feature_guard.cc:142] Your CPU supports instructions that this TensorFlow binary was not compiled to use: AVX2 FMA
2020-02-04 21:55:23.608300: I tensorflow/compiler/xla/service/service.cc:168] XLA service 0x7fe8f3ad5300 initialized for platform Host (this does not guarantee that XLA will be used). Devices:
2020-02-04 21:55:23.608323: I tensorflow/compiler/xla/service/service.cc:176]   StreamExecutor device (0): Host, Default Version
WARNING:tensorflow:From /Volumes/Transcend/opt/anaconda3/envs/keras/lib/python3.6/site-packages/keras/backend/tensorflow_backend.py:422: The name tf.global_variables is deprecated. Please use tf.compat.v1.global_variables instead.

Load data...
Adjusting sequence length for actual size
x_train shape: (9595, 56)
x_test shape: (1067, 56)
Vocabulary Size: 18779
Model type is CNN-non-static
Load existing Word2Vec model '50features_1minwords_10context'
Initializing embedding layer with word2vec weights, shape (18779, 50)
Train on 9595 samples, validate on 1067 samples
Epoch 1/10
 - 5s - loss: 0.7021 - accuracy: 0.4945 - val_loss: 0.6933 - val_accuracy: 0.4939
Epoch 2/10
 - 5s - loss: 0.6938 - accuracy: 0.5071 - val_loss: 0.6916 - val_accuracy: 0.5426
Epoch 3/10
 - 5s - loss: 0.6910 - accuracy: 0.5202 - val_loss: 0.6889 - val_accuracy: 0.5989
Epoch 4/10
 - 5s - loss: 0.6821 - accuracy: 0.5599 - val_loss: 0.6707 - val_accuracy: 0.6270
Epoch 5/10
 - 5s - loss: 0.6606 - accuracy: 0.5989 - val_loss: 0.6393 - val_accuracy: 0.6607
Epoch 6/10
 - 5s - loss: 0.6129 - accuracy: 0.6648 - val_loss: 0.5692 - val_accuracy: 0.7441
Epoch 7/10
 - 4s - loss: 0.5239 - accuracy: 0.7412 - val_loss: 0.5026 - val_accuracy: 0.7769
Epoch 8/10
 - 5s - loss: 0.4369 - accuracy: 0.7964 - val_loss: 0.4861 - val_accuracy: 0.7741
Epoch 9/10
 - 5s - loss: 0.3737 - accuracy: 0.8376 - val_loss: 0.4850 - val_accuracy: 0.7713
Epoch 10/10
 - 5s - loss: 0.3148 - accuracy: 0.8632 - val_loss: 0.5054 - val_accuracy: 0.7704
Training time:46.9933922290802
