Using TensorFlow backend.
WARNING:tensorflow:From /Volumes/Transcend/opt/anaconda3/envs/keras/lib/python3.6/site-packages/tensorflow_core/python/ops/resource_variable_ops.py:1630: calling BaseResourceVariable.__init__ (from tensorflow.python.ops.resource_variable_ops) with constraint is deprecated and will be removed in a future version.
Instructions for updating:
If using Keras pass *_constraint arguments to layers.
WARNING:tensorflow:From /Volumes/Transcend/opt/anaconda3/envs/keras/lib/python3.6/site-packages/keras/backend/tensorflow_backend.py:4070: The name tf.nn.max_pool is deprecated. Please use tf.nn.max_pool2d instead.

WARNING:tensorflow:Large dropout rate: 0.8 (>0.5). In TensorFlow 2.x, dropout() uses dropout rate instead of keep_prob. Please ensure that this is intended.
WARNING:tensorflow:From /Volumes/Transcend/opt/anaconda3/envs/keras/lib/python3.6/site-packages/tensorflow_core/python/ops/nn_impl.py:183: where (from tensorflow.python.ops.array_ops) is deprecated and will be removed in a future version.
Instructions for updating:
Use tf.where in 2.0, which has the same broadcast rule as np.where
2020-02-04 21:54:30.431007: I tensorflow/core/platform/cpu_feature_guard.cc:142] Your CPU supports instructions that this TensorFlow binary was not compiled to use: AVX2 FMA
2020-02-04 21:54:30.446803: I tensorflow/compiler/xla/service/service.cc:168] XLA service 0x7ff2242a8330 initialized for platform Host (this does not guarantee that XLA will be used). Devices:
2020-02-04 21:54:30.446825: I tensorflow/compiler/xla/service/service.cc:176]   StreamExecutor device (0): Host, Default Version
WARNING:tensorflow:From /Volumes/Transcend/opt/anaconda3/envs/keras/lib/python3.6/site-packages/keras/backend/tensorflow_backend.py:422: The name tf.global_variables is deprecated. Please use tf.compat.v1.global_variables instead.

Load data...
Adjusting sequence length for actual size
x_train shape: (9595, 56)
x_test shape: (1067, 56)
Vocabulary Size: 18779
Model type is CNN-non-static
Load existing Word2Vec model '50features_1minwords_10context'
Initializing embedding layer with word2vec weights, shape (18779, 50)
Train on 9595 samples, validate on 1067 samples
Epoch 1/10
 - 5s - loss: 0.7015 - accuracy: 0.4977 - val_loss: 0.6933 - val_accuracy: 0.4958
Epoch 2/10
 - 4s - loss: 0.6935 - accuracy: 0.5119 - val_loss: 0.6913 - val_accuracy: 0.5408
Epoch 3/10
 - 4s - loss: 0.6903 - accuracy: 0.5271 - val_loss: 0.6875 - val_accuracy: 0.6082
Epoch 4/10
 - 4s - loss: 0.6796 - accuracy: 0.5610 - val_loss: 0.6688 - val_accuracy: 0.6345
Epoch 5/10
 - 4s - loss: 0.6567 - accuracy: 0.6030 - val_loss: 0.6392 - val_accuracy: 0.6532
Epoch 6/10
 - 4s - loss: 0.6057 - accuracy: 0.6692 - val_loss: 0.5719 - val_accuracy: 0.7526
Epoch 7/10
 - 5s - loss: 0.5111 - accuracy: 0.7512 - val_loss: 0.5069 - val_accuracy: 0.7741
Epoch 8/10
 - 5s - loss: 0.4309 - accuracy: 0.8038 - val_loss: 0.4887 - val_accuracy: 0.7788
Epoch 9/10
 - 5s - loss: 0.3683 - accuracy: 0.8385 - val_loss: 0.4891 - val_accuracy: 0.7741
Epoch 10/10
 - 5s - loss: 0.3111 - accuracy: 0.8650 - val_loss: 0.5120 - val_accuracy: 0.7676
Training time:46.612908124923706
