Using TensorFlow backend.
WARNING:tensorflow:From /Volumes/Transcend/opt/anaconda3/envs/keras/lib/python3.6/site-packages/tensorflow_core/python/ops/resource_variable_ops.py:1630: calling BaseResourceVariable.__init__ (from tensorflow.python.ops.resource_variable_ops) with constraint is deprecated and will be removed in a future version.
Instructions for updating:
If using Keras pass *_constraint arguments to layers.
WARNING:tensorflow:From /Volumes/Transcend/opt/anaconda3/envs/keras/lib/python3.6/site-packages/keras/backend/tensorflow_backend.py:4070: The name tf.nn.max_pool is deprecated. Please use tf.nn.max_pool2d instead.

WARNING:tensorflow:Large dropout rate: 0.8 (>0.5). In TensorFlow 2.x, dropout() uses dropout rate instead of keep_prob. Please ensure that this is intended.
WARNING:tensorflow:From /Volumes/Transcend/opt/anaconda3/envs/keras/lib/python3.6/site-packages/tensorflow_core/python/ops/nn_impl.py:183: where (from tensorflow.python.ops.array_ops) is deprecated and will be removed in a future version.
Instructions for updating:
Use tf.where in 2.0, which has the same broadcast rule as np.where
2020-02-04 22:05:11.165989: I tensorflow/core/platform/cpu_feature_guard.cc:142] Your CPU supports instructions that this TensorFlow binary was not compiled to use: AVX2 FMA
2020-02-04 22:05:11.179581: I tensorflow/compiler/xla/service/service.cc:168] XLA service 0x7fae5984fc50 initialized for platform Host (this does not guarantee that XLA will be used). Devices:
2020-02-04 22:05:11.179603: I tensorflow/compiler/xla/service/service.cc:176]   StreamExecutor device (0): Host, Default Version
WARNING:tensorflow:From /Volumes/Transcend/opt/anaconda3/envs/keras/lib/python3.6/site-packages/keras/backend/tensorflow_backend.py:422: The name tf.global_variables is deprecated. Please use tf.compat.v1.global_variables instead.

Load data...
Adjusting sequence length for actual size
x_train shape: (9595, 56)
x_test shape: (1067, 56)
Vocabulary Size: 18779
Model type is CNN-non-static
Load existing Word2Vec model '50features_1minwords_10context'
Initializing embedding layer with word2vec weights, shape (18779, 50)
Train on 9595 samples, validate on 1067 samples
Epoch 1/10
 - 7s - loss: 0.7022 - accuracy: 0.4942 - val_loss: 0.6933 - val_accuracy: 0.4977
Epoch 2/10
 - 5s - loss: 0.6939 - accuracy: 0.5164 - val_loss: 0.6916 - val_accuracy: 0.5520
Epoch 3/10
 - 5s - loss: 0.6908 - accuracy: 0.5249 - val_loss: 0.6879 - val_accuracy: 0.5764
Epoch 4/10
 - 5s - loss: 0.6797 - accuracy: 0.5620 - val_loss: 0.6656 - val_accuracy: 0.6317
Epoch 5/10
 - 6s - loss: 0.6544 - accuracy: 0.6130 - val_loss: 0.6325 - val_accuracy: 0.6710
Epoch 6/10
 - 5s - loss: 0.6012 - accuracy: 0.6767 - val_loss: 0.5652 - val_accuracy: 0.7479
Epoch 7/10
 - 7s - loss: 0.5140 - accuracy: 0.7486 - val_loss: 0.4997 - val_accuracy: 0.7826
Epoch 8/10
 - 6s - loss: 0.4342 - accuracy: 0.7989 - val_loss: 0.4825 - val_accuracy: 0.7835
Epoch 9/10
 - 5s - loss: 0.3776 - accuracy: 0.8328 - val_loss: 0.4799 - val_accuracy: 0.7854
Epoch 10/10
 - 5s - loss: 0.3276 - accuracy: 0.8548 - val_loss: 0.4944 - val_accuracy: 0.7798
Training time:55.98701596260071
