Using TensorFlow backend.
WARNING:tensorflow:From /Volumes/Transcend/opt/anaconda3/envs/keras/lib/python3.6/site-packages/tensorflow_core/python/ops/resource_variable_ops.py:1630: calling BaseResourceVariable.__init__ (from tensorflow.python.ops.resource_variable_ops) with constraint is deprecated and will be removed in a future version.
Instructions for updating:
If using Keras pass *_constraint arguments to layers.
WARNING:tensorflow:From /Volumes/Transcend/opt/anaconda3/envs/keras/lib/python3.6/site-packages/keras/backend/tensorflow_backend.py:4070: The name tf.nn.max_pool is deprecated. Please use tf.nn.max_pool2d instead.

WARNING:tensorflow:Large dropout rate: 0.8 (>0.5). In TensorFlow 2.x, dropout() uses dropout rate instead of keep_prob. Please ensure that this is intended.
WARNING:tensorflow:From /Volumes/Transcend/opt/anaconda3/envs/keras/lib/python3.6/site-packages/tensorflow_core/python/ops/nn_impl.py:183: where (from tensorflow.python.ops.array_ops) is deprecated and will be removed in a future version.
Instructions for updating:
Use tf.where in 2.0, which has the same broadcast rule as np.where
2020-02-04 21:57:22.664784: I tensorflow/core/platform/cpu_feature_guard.cc:142] Your CPU supports instructions that this TensorFlow binary was not compiled to use: AVX2 FMA
2020-02-04 21:57:22.679444: I tensorflow/compiler/xla/service/service.cc:168] XLA service 0x7f9d86a4a410 initialized for platform Host (this does not guarantee that XLA will be used). Devices:
2020-02-04 21:57:22.679466: I tensorflow/compiler/xla/service/service.cc:176]   StreamExecutor device (0): Host, Default Version
WARNING:tensorflow:From /Volumes/Transcend/opt/anaconda3/envs/keras/lib/python3.6/site-packages/keras/backend/tensorflow_backend.py:422: The name tf.global_variables is deprecated. Please use tf.compat.v1.global_variables instead.

Load data...
Adjusting sequence length for actual size
x_train shape: (9595, 56)
x_test shape: (1067, 56)
Vocabulary Size: 18779
Model type is CNN-non-static
Load existing Word2Vec model '50features_1minwords_10context'
Initializing embedding layer with word2vec weights, shape (18779, 50)
Train on 9595 samples, validate on 1067 samples
Epoch 1/10
 - 5s - loss: 0.7021 - accuracy: 0.4942 - val_loss: 0.6932 - val_accuracy: 0.4948
Epoch 2/10
 - 5s - loss: 0.6934 - accuracy: 0.5121 - val_loss: 0.6906 - val_accuracy: 0.5576
Epoch 3/10
 - 5s - loss: 0.6904 - accuracy: 0.5237 - val_loss: 0.6874 - val_accuracy: 0.6007
Epoch 4/10
 - 5s - loss: 0.6801 - accuracy: 0.5604 - val_loss: 0.6686 - val_accuracy: 0.6345
Epoch 5/10
 - 5s - loss: 0.6564 - accuracy: 0.6064 - val_loss: 0.6359 - val_accuracy: 0.6654
Epoch 6/10
 - 5s - loss: 0.6014 - accuracy: 0.6735 - val_loss: 0.5636 - val_accuracy: 0.7526
Epoch 7/10
 - 5s - loss: 0.5062 - accuracy: 0.7530 - val_loss: 0.4995 - val_accuracy: 0.7854
Epoch 8/10
 - 5s - loss: 0.4236 - accuracy: 0.8052 - val_loss: 0.4856 - val_accuracy: 0.7769
Epoch 9/10
 - 5s - loss: 0.3679 - accuracy: 0.8399 - val_loss: 0.4877 - val_accuracy: 0.7798
Epoch 10/10
 - 6s - loss: 0.3157 - accuracy: 0.8617 - val_loss: 0.5050 - val_accuracy: 0.7713
Training time:48.86563515663147
