Using TensorFlow backend.
WARNING:tensorflow:From /Volumes/Transcend/opt/anaconda3/envs/keras/lib/python3.6/site-packages/tensorflow_core/python/ops/resource_variable_ops.py:1630: calling BaseResourceVariable.__init__ (from tensorflow.python.ops.resource_variable_ops) with constraint is deprecated and will be removed in a future version.
Instructions for updating:
If using Keras pass *_constraint arguments to layers.
WARNING:tensorflow:From /Volumes/Transcend/opt/anaconda3/envs/keras/lib/python3.6/site-packages/keras/backend/tensorflow_backend.py:4070: The name tf.nn.max_pool is deprecated. Please use tf.nn.max_pool2d instead.

WARNING:tensorflow:Large dropout rate: 0.8 (>0.5). In TensorFlow 2.x, dropout() uses dropout rate instead of keep_prob. Please ensure that this is intended.
WARNING:tensorflow:From /Volumes/Transcend/opt/anaconda3/envs/keras/lib/python3.6/site-packages/tensorflow_core/python/ops/nn_impl.py:183: where (from tensorflow.python.ops.array_ops) is deprecated and will be removed in a future version.
Instructions for updating:
Use tf.where in 2.0, which has the same broadcast rule as np.where
2020-02-04 21:58:18.325325: I tensorflow/core/platform/cpu_feature_guard.cc:142] Your CPU supports instructions that this TensorFlow binary was not compiled to use: AVX2 FMA
2020-02-04 21:58:18.341282: I tensorflow/compiler/xla/service/service.cc:168] XLA service 0x7fb177a6c9f0 initialized for platform Host (this does not guarantee that XLA will be used). Devices:
2020-02-04 21:58:18.341305: I tensorflow/compiler/xla/service/service.cc:176]   StreamExecutor device (0): Host, Default Version
WARNING:tensorflow:From /Volumes/Transcend/opt/anaconda3/envs/keras/lib/python3.6/site-packages/keras/backend/tensorflow_backend.py:422: The name tf.global_variables is deprecated. Please use tf.compat.v1.global_variables instead.

Load data...
Adjusting sequence length for actual size
x_train shape: (9595, 56)
x_test shape: (1067, 56)
Vocabulary Size: 18779
Model type is CNN-non-static
Load existing Word2Vec model '50features_1minwords_10context'
Initializing embedding layer with word2vec weights, shape (18779, 50)
Train on 9595 samples, validate on 1067 samples
Epoch 1/10
 - 5s - loss: 0.7020 - accuracy: 0.4960 - val_loss: 0.6933 - val_accuracy: 0.4995
Epoch 2/10
 - 5s - loss: 0.6936 - accuracy: 0.5073 - val_loss: 0.6918 - val_accuracy: 0.5258
Epoch 3/10
 - 5s - loss: 0.6908 - accuracy: 0.5192 - val_loss: 0.6885 - val_accuracy: 0.5998
Epoch 4/10
 - 5s - loss: 0.6820 - accuracy: 0.5537 - val_loss: 0.6702 - val_accuracy: 0.6176
Epoch 5/10
 - 5s - loss: 0.6599 - accuracy: 0.5985 - val_loss: 0.6375 - val_accuracy: 0.6710
Epoch 6/10
 - 5s - loss: 0.6078 - accuracy: 0.6715 - val_loss: 0.5672 - val_accuracy: 0.7385
Epoch 7/10
 - 5s - loss: 0.5172 - accuracy: 0.7457 - val_loss: 0.4979 - val_accuracy: 0.7760
Epoch 8/10
 - 5s - loss: 0.4404 - accuracy: 0.7998 - val_loss: 0.4818 - val_accuracy: 0.7854
Epoch 9/10
 - 5s - loss: 0.3804 - accuracy: 0.8282 - val_loss: 0.4851 - val_accuracy: 0.7816
Epoch 10/10
 - 5s - loss: 0.3338 - accuracy: 0.8524 - val_loss: 0.4965 - val_accuracy: 0.7685
Training time:49.53775882720947
