Using TensorFlow backend.
WARNING:tensorflow:From /Volumes/Transcend/opt/anaconda3/envs/keras/lib/python3.6/site-packages/tensorflow_core/python/ops/resource_variable_ops.py:1630: calling BaseResourceVariable.__init__ (from tensorflow.python.ops.resource_variable_ops) with constraint is deprecated and will be removed in a future version.
Instructions for updating:
If using Keras pass *_constraint arguments to layers.
WARNING:tensorflow:From /Volumes/Transcend/opt/anaconda3/envs/keras/lib/python3.6/site-packages/keras/backend/tensorflow_backend.py:4070: The name tf.nn.max_pool is deprecated. Please use tf.nn.max_pool2d instead.

WARNING:tensorflow:Large dropout rate: 0.8 (>0.5). In TensorFlow 2.x, dropout() uses dropout rate instead of keep_prob. Please ensure that this is intended.
WARNING:tensorflow:From /Volumes/Transcend/opt/anaconda3/envs/keras/lib/python3.6/site-packages/tensorflow_core/python/ops/nn_impl.py:183: where (from tensorflow.python.ops.array_ops) is deprecated and will be removed in a future version.
Instructions for updating:
Use tf.where in 2.0, which has the same broadcast rule as np.where
2020-02-04 22:02:19.820966: I tensorflow/core/platform/cpu_feature_guard.cc:142] Your CPU supports instructions that this TensorFlow binary was not compiled to use: AVX2 FMA
2020-02-04 22:02:19.835132: I tensorflow/compiler/xla/service/service.cc:168] XLA service 0x7ff3e37ded10 initialized for platform Host (this does not guarantee that XLA will be used). Devices:
2020-02-04 22:02:19.835189: I tensorflow/compiler/xla/service/service.cc:176]   StreamExecutor device (0): Host, Default Version
WARNING:tensorflow:From /Volumes/Transcend/opt/anaconda3/envs/keras/lib/python3.6/site-packages/keras/backend/tensorflow_backend.py:422: The name tf.global_variables is deprecated. Please use tf.compat.v1.global_variables instead.

Load data...
Adjusting sequence length for actual size
x_train shape: (9595, 56)
x_test shape: (1067, 56)
Vocabulary Size: 18779
Model type is CNN-non-static
Load existing Word2Vec model '50features_1minwords_10context'
Initializing embedding layer with word2vec weights, shape (18779, 50)
Train on 9595 samples, validate on 1067 samples
Epoch 1/10
 - 5s - loss: 0.7018 - accuracy: 0.4964 - val_loss: 0.6933 - val_accuracy: 0.4864
Epoch 2/10
 - 5s - loss: 0.6932 - accuracy: 0.5124 - val_loss: 0.6914 - val_accuracy: 0.5801
Epoch 3/10
 - 5s - loss: 0.6899 - accuracy: 0.5243 - val_loss: 0.6858 - val_accuracy: 0.6045
Epoch 4/10
 - 5s - loss: 0.6795 - accuracy: 0.5628 - val_loss: 0.6662 - val_accuracy: 0.6401
Epoch 5/10
 - 5s - loss: 0.6517 - accuracy: 0.6138 - val_loss: 0.6279 - val_accuracy: 0.6823
Epoch 6/10
 - 5s - loss: 0.5916 - accuracy: 0.6866 - val_loss: 0.5544 - val_accuracy: 0.7573
Epoch 7/10
 - 5s - loss: 0.4924 - accuracy: 0.7626 - val_loss: 0.4952 - val_accuracy: 0.7751
Epoch 8/10
 - 5s - loss: 0.4176 - accuracy: 0.8094 - val_loss: 0.4824 - val_accuracy: 0.7844
Epoch 9/10
 - 5s - loss: 0.3576 - accuracy: 0.8417 - val_loss: 0.4855 - val_accuracy: 0.7844
Epoch 10/10
 - 5s - loss: 0.3030 - accuracy: 0.8692 - val_loss: 0.5117 - val_accuracy: 0.7751
Training time:47.36916708946228
