Using TensorFlow backend.
WARNING:tensorflow:From /Volumes/Transcend/opt/anaconda3/envs/keras/lib/python3.6/site-packages/tensorflow_core/python/ops/resource_variable_ops.py:1630: calling BaseResourceVariable.__init__ (from tensorflow.python.ops.resource_variable_ops) with constraint is deprecated and will be removed in a future version.
Instructions for updating:
If using Keras pass *_constraint arguments to layers.
WARNING:tensorflow:From /Volumes/Transcend/opt/anaconda3/envs/keras/lib/python3.6/site-packages/keras/backend/tensorflow_backend.py:4070: The name tf.nn.max_pool is deprecated. Please use tf.nn.max_pool2d instead.

WARNING:tensorflow:Large dropout rate: 0.8 (>0.5). In TensorFlow 2.x, dropout() uses dropout rate instead of keep_prob. Please ensure that this is intended.
WARNING:tensorflow:From /Volumes/Transcend/opt/anaconda3/envs/keras/lib/python3.6/site-packages/tensorflow_core/python/ops/nn_impl.py:183: where (from tensorflow.python.ops.array_ops) is deprecated and will be removed in a future version.
Instructions for updating:
Use tf.where in 2.0, which has the same broadcast rule as np.where
2020-02-04 22:04:08.094504: I tensorflow/core/platform/cpu_feature_guard.cc:142] Your CPU supports instructions that this TensorFlow binary was not compiled to use: AVX2 FMA
2020-02-04 22:04:08.109444: I tensorflow/compiler/xla/service/service.cc:168] XLA service 0x7f7fa2a3c240 initialized for platform Host (this does not guarantee that XLA will be used). Devices:
2020-02-04 22:04:08.109465: I tensorflow/compiler/xla/service/service.cc:176]   StreamExecutor device (0): Host, Default Version
WARNING:tensorflow:From /Volumes/Transcend/opt/anaconda3/envs/keras/lib/python3.6/site-packages/keras/backend/tensorflow_backend.py:422: The name tf.global_variables is deprecated. Please use tf.compat.v1.global_variables instead.

Load data...
Adjusting sequence length for actual size
x_train shape: (9595, 56)
x_test shape: (1067, 56)
Vocabulary Size: 18779
Model type is CNN-non-static
Load existing Word2Vec model '50features_1minwords_10context'
Initializing embedding layer with word2vec weights, shape (18779, 50)
Train on 9595 samples, validate on 1067 samples
Epoch 1/10
 - 5s - loss: 0.7019 - accuracy: 0.4969 - val_loss: 0.6932 - val_accuracy: 0.4883
Epoch 2/10
 - 5s - loss: 0.6939 - accuracy: 0.5042 - val_loss: 0.6931 - val_accuracy: 0.5005
Epoch 3/10
 - 5s - loss: 0.6920 - accuracy: 0.5176 - val_loss: 0.6910 - val_accuracy: 0.5520
Epoch 4/10
 - 6s - loss: 0.6871 - accuracy: 0.5415 - val_loss: 0.6788 - val_accuracy: 0.6148
Epoch 5/10
 - 6s - loss: 0.6737 - accuracy: 0.5737 - val_loss: 0.6573 - val_accuracy: 0.6523
Epoch 6/10
 - 5s - loss: 0.6391 - accuracy: 0.6315 - val_loss: 0.5982 - val_accuracy: 0.7310
Epoch 7/10
 - 5s - loss: 0.5678 - accuracy: 0.7045 - val_loss: 0.5304 - val_accuracy: 0.7732
Epoch 8/10
 - 5s - loss: 0.4860 - accuracy: 0.7684 - val_loss: 0.4966 - val_accuracy: 0.7769
Epoch 9/10
 - 7s - loss: 0.4298 - accuracy: 0.8054 - val_loss: 0.4889 - val_accuracy: 0.7788
Epoch 10/10
 - 6s - loss: 0.3671 - accuracy: 0.8322 - val_loss: 0.4925 - val_accuracy: 0.7685
Training time:56.226168155670166
