Using TensorFlow backend.
WARNING:tensorflow:From /Volumes/Transcend/opt/anaconda3/envs/keras/lib/python3.6/site-packages/tensorflow_core/python/ops/resource_variable_ops.py:1630: calling BaseResourceVariable.__init__ (from tensorflow.python.ops.resource_variable_ops) with constraint is deprecated and will be removed in a future version.
Instructions for updating:
If using Keras pass *_constraint arguments to layers.
WARNING:tensorflow:From /Volumes/Transcend/opt/anaconda3/envs/keras/lib/python3.6/site-packages/keras/backend/tensorflow_backend.py:4070: The name tf.nn.max_pool is deprecated. Please use tf.nn.max_pool2d instead.

WARNING:tensorflow:Large dropout rate: 0.8 (>0.5). In TensorFlow 2.x, dropout() uses dropout rate instead of keep_prob. Please ensure that this is intended.
WARNING:tensorflow:From /Volumes/Transcend/opt/anaconda3/envs/keras/lib/python3.6/site-packages/tensorflow_core/python/ops/nn_impl.py:183: where (from tensorflow.python.ops.array_ops) is deprecated and will be removed in a future version.
Instructions for updating:
Use tf.where in 2.0, which has the same broadcast rule as np.where
2020-02-04 22:10:21.399279: I tensorflow/core/platform/cpu_feature_guard.cc:142] Your CPU supports instructions that this TensorFlow binary was not compiled to use: AVX2 FMA
2020-02-04 22:10:21.415062: I tensorflow/compiler/xla/service/service.cc:168] XLA service 0x7fcebefd3450 initialized for platform Host (this does not guarantee that XLA will be used). Devices:
2020-02-04 22:10:21.415085: I tensorflow/compiler/xla/service/service.cc:176]   StreamExecutor device (0): Host, Default Version
WARNING:tensorflow:From /Volumes/Transcend/opt/anaconda3/envs/keras/lib/python3.6/site-packages/keras/backend/tensorflow_backend.py:422: The name tf.global_variables is deprecated. Please use tf.compat.v1.global_variables instead.

Load data...
Adjusting sequence length for actual size
x_train shape: (9595, 56)
x_test shape: (1067, 56)
Vocabulary Size: 18779
Model type is CNN-non-static
Load existing Word2Vec model '50features_1minwords_10context'
Initializing embedding layer with word2vec weights, shape (18779, 50)
Train on 9595 samples, validate on 1067 samples
Epoch 1/10
 - 7s - loss: 0.7018 - accuracy: 0.4958 - val_loss: 0.6933 - val_accuracy: 0.4855
Epoch 2/10
 - 6s - loss: 0.6940 - accuracy: 0.5091 - val_loss: 0.6925 - val_accuracy: 0.4977
Epoch 3/10
 - 7s - loss: 0.6916 - accuracy: 0.5208 - val_loss: 0.6891 - val_accuracy: 0.5961
Epoch 4/10
 - 5s - loss: 0.6833 - accuracy: 0.5540 - val_loss: 0.6732 - val_accuracy: 0.6270
Epoch 5/10
 - 5s - loss: 0.6650 - accuracy: 0.5935 - val_loss: 0.6438 - val_accuracy: 0.6692
Epoch 6/10
 - 6s - loss: 0.6182 - accuracy: 0.6588 - val_loss: 0.5762 - val_accuracy: 0.7479
Epoch 7/10
 - 5s - loss: 0.5196 - accuracy: 0.7456 - val_loss: 0.4997 - val_accuracy: 0.7788
Epoch 8/10
 - 5s - loss: 0.4352 - accuracy: 0.8019 - val_loss: 0.4834 - val_accuracy: 0.7816
Epoch 9/10
 - 5s - loss: 0.3708 - accuracy: 0.8357 - val_loss: 0.4872 - val_accuracy: 0.7741
Epoch 10/10
 - 7s - loss: 0.3146 - accuracy: 0.8643 - val_loss: 0.5077 - val_accuracy: 0.7713
Training time:58.27008819580078
