Using TensorFlow backend.
WARNING:tensorflow:From /Volumes/Transcend/opt/anaconda3/envs/keras/lib/python3.6/site-packages/tensorflow_core/python/ops/resource_variable_ops.py:1630: calling BaseResourceVariable.__init__ (from tensorflow.python.ops.resource_variable_ops) with constraint is deprecated and will be removed in a future version.
Instructions for updating:
If using Keras pass *_constraint arguments to layers.
WARNING:tensorflow:From /Volumes/Transcend/opt/anaconda3/envs/keras/lib/python3.6/site-packages/keras/backend/tensorflow_backend.py:4070: The name tf.nn.max_pool is deprecated. Please use tf.nn.max_pool2d instead.

WARNING:tensorflow:Large dropout rate: 0.8 (>0.5). In TensorFlow 2.x, dropout() uses dropout rate instead of keep_prob. Please ensure that this is intended.
WARNING:tensorflow:From /Volumes/Transcend/opt/anaconda3/envs/keras/lib/python3.6/site-packages/tensorflow_core/python/ops/nn_impl.py:183: where (from tensorflow.python.ops.array_ops) is deprecated and will be removed in a future version.
Instructions for updating:
Use tf.where in 2.0, which has the same broadcast rule as np.where
2020-02-04 22:08:45.950960: I tensorflow/core/platform/cpu_feature_guard.cc:142] Your CPU supports instructions that this TensorFlow binary was not compiled to use: AVX2 FMA
2020-02-04 22:08:45.967062: I tensorflow/compiler/xla/service/service.cc:168] XLA service 0x7f809984d460 initialized for platform Host (this does not guarantee that XLA will be used). Devices:
2020-02-04 22:08:45.967084: I tensorflow/compiler/xla/service/service.cc:176]   StreamExecutor device (0): Host, Default Version
WARNING:tensorflow:From /Volumes/Transcend/opt/anaconda3/envs/keras/lib/python3.6/site-packages/keras/backend/tensorflow_backend.py:422: The name tf.global_variables is deprecated. Please use tf.compat.v1.global_variables instead.

Load data...
Adjusting sequence length for actual size
x_train shape: (9595, 56)
x_test shape: (1067, 56)
Vocabulary Size: 18779
Model type is CNN-non-static
Load existing Word2Vec model '50features_1minwords_10context'
Initializing embedding layer with word2vec weights, shape (18779, 50)
Train on 9595 samples, validate on 1067 samples
Epoch 1/10
 - 6s - loss: 0.7017 - accuracy: 0.4947 - val_loss: 0.6932 - val_accuracy: 0.4883
Epoch 2/10
 - 5s - loss: 0.6931 - accuracy: 0.5109 - val_loss: 0.6913 - val_accuracy: 0.5923
Epoch 3/10
 - 5s - loss: 0.6899 - accuracy: 0.5263 - val_loss: 0.6847 - val_accuracy: 0.6082
Epoch 4/10
 - 6s - loss: 0.6799 - accuracy: 0.5577 - val_loss: 0.6690 - val_accuracy: 0.6326
Epoch 5/10
 - 5s - loss: 0.6555 - accuracy: 0.6063 - val_loss: 0.6306 - val_accuracy: 0.6795
Epoch 6/10
 - 6s - loss: 0.5981 - accuracy: 0.6793 - val_loss: 0.5608 - val_accuracy: 0.7554
Epoch 7/10
 - 6s - loss: 0.5088 - accuracy: 0.7512 - val_loss: 0.4994 - val_accuracy: 0.7816
Epoch 8/10
 - 6s - loss: 0.4376 - accuracy: 0.7967 - val_loss: 0.4828 - val_accuracy: 0.7779
Epoch 9/10
 - 6s - loss: 0.3794 - accuracy: 0.8295 - val_loss: 0.4908 - val_accuracy: 0.7769
Epoch 10/10
 - 7s - loss: 0.3282 - accuracy: 0.8571 - val_loss: 0.4945 - val_accuracy: 0.7788
Training time:59.67983889579773
