Using TensorFlow backend.
WARNING:tensorflow:From /Volumes/Transcend/opt/anaconda3/envs/keras/lib/python3.6/site-packages/tensorflow_core/python/ops/resource_variable_ops.py:1630: calling BaseResourceVariable.__init__ (from tensorflow.python.ops.resource_variable_ops) with constraint is deprecated and will be removed in a future version.
Instructions for updating:
If using Keras pass *_constraint arguments to layers.
WARNING:tensorflow:From /Volumes/Transcend/opt/anaconda3/envs/keras/lib/python3.6/site-packages/keras/backend/tensorflow_backend.py:4070: The name tf.nn.max_pool is deprecated. Please use tf.nn.max_pool2d instead.

WARNING:tensorflow:Large dropout rate: 0.8 (>0.5). In TensorFlow 2.x, dropout() uses dropout rate instead of keep_prob. Please ensure that this is intended.
WARNING:tensorflow:From /Volumes/Transcend/opt/anaconda3/envs/keras/lib/python3.6/site-packages/tensorflow_core/python/ops/nn_impl.py:183: where (from tensorflow.python.ops.array_ops) is deprecated and will be removed in a future version.
Instructions for updating:
Use tf.where in 2.0, which has the same broadcast rule as np.where
2020-02-04 22:07:32.589268: I tensorflow/core/platform/cpu_feature_guard.cc:142] Your CPU supports instructions that this TensorFlow binary was not compiled to use: AVX2 FMA
2020-02-04 22:07:32.616817: I tensorflow/compiler/xla/service/service.cc:168] XLA service 0x7fc7510416c0 initialized for platform Host (this does not guarantee that XLA will be used). Devices:
2020-02-04 22:07:32.616850: I tensorflow/compiler/xla/service/service.cc:176]   StreamExecutor device (0): Host, Default Version
WARNING:tensorflow:From /Volumes/Transcend/opt/anaconda3/envs/keras/lib/python3.6/site-packages/keras/backend/tensorflow_backend.py:422: The name tf.global_variables is deprecated. Please use tf.compat.v1.global_variables instead.

Load data...
Adjusting sequence length for actual size
x_train shape: (9595, 56)
x_test shape: (1067, 56)
Vocabulary Size: 18779
Model type is CNN-non-static
Load existing Word2Vec model '50features_1minwords_10context'
Initializing embedding layer with word2vec weights, shape (18779, 50)
Train on 9595 samples, validate on 1067 samples
Epoch 1/10
 - 6s - loss: 0.7015 - accuracy: 0.4965 - val_loss: 0.6933 - val_accuracy: 0.4958
Epoch 2/10
 - 5s - loss: 0.6931 - accuracy: 0.5093 - val_loss: 0.6908 - val_accuracy: 0.5792
Epoch 3/10
 - 5s - loss: 0.6900 - accuracy: 0.5239 - val_loss: 0.6879 - val_accuracy: 0.6007
Epoch 4/10
 - 5s - loss: 0.6792 - accuracy: 0.5609 - val_loss: 0.6685 - val_accuracy: 0.6429
Epoch 5/10
 - 6s - loss: 0.6523 - accuracy: 0.6123 - val_loss: 0.6279 - val_accuracy: 0.6448
Epoch 6/10
 - 5s - loss: 0.5909 - accuracy: 0.6823 - val_loss: 0.5532 - val_accuracy: 0.7573
Epoch 7/10
 - 6s - loss: 0.5007 - accuracy: 0.7567 - val_loss: 0.4958 - val_accuracy: 0.7798
Epoch 8/10
 - 6s - loss: 0.4254 - accuracy: 0.8033 - val_loss: 0.4835 - val_accuracy: 0.7929
Epoch 9/10
 - 6s - loss: 0.3681 - accuracy: 0.8340 - val_loss: 0.4886 - val_accuracy: 0.7826
Epoch 10/10
 - 5s - loss: 0.3081 - accuracy: 0.8659 - val_loss: 0.5048 - val_accuracy: 0.7769
Training time:57.05234980583191
