Using TensorFlow backend.
WARNING:tensorflow:From /Volumes/Transcend/opt/anaconda3/envs/keras/lib/python3.6/site-packages/tensorflow_core/python/ops/resource_variable_ops.py:1630: calling BaseResourceVariable.__init__ (from tensorflow.python.ops.resource_variable_ops) with constraint is deprecated and will be removed in a future version.
Instructions for updating:
If using Keras pass *_constraint arguments to layers.
WARNING:tensorflow:From /Volumes/Transcend/opt/anaconda3/envs/keras/lib/python3.6/site-packages/keras/backend/tensorflow_backend.py:4070: The name tf.nn.max_pool is deprecated. Please use tf.nn.max_pool2d instead.

WARNING:tensorflow:Large dropout rate: 0.8 (>0.5). In TensorFlow 2.x, dropout() uses dropout rate instead of keep_prob. Please ensure that this is intended.
WARNING:tensorflow:From /Volumes/Transcend/opt/anaconda3/envs/keras/lib/python3.6/site-packages/tensorflow_core/python/ops/nn_impl.py:183: where (from tensorflow.python.ops.array_ops) is deprecated and will be removed in a future version.
Instructions for updating:
Use tf.where in 2.0, which has the same broadcast rule as np.where
2020-02-04 21:35:39.903679: I tensorflow/core/platform/cpu_feature_guard.cc:142] Your CPU supports instructions that this TensorFlow binary was not compiled to use: AVX2 FMA
2020-02-04 21:35:39.919069: I tensorflow/compiler/xla/service/service.cc:168] XLA service 0x7fd0e6f95430 initialized for platform Host (this does not guarantee that XLA will be used). Devices:
2020-02-04 21:35:39.919096: I tensorflow/compiler/xla/service/service.cc:176]   StreamExecutor device (0): Host, Default Version
WARNING:tensorflow:From /Volumes/Transcend/opt/anaconda3/envs/keras/lib/python3.6/site-packages/keras/backend/tensorflow_backend.py:422: The name tf.global_variables is deprecated. Please use tf.compat.v1.global_variables instead.

Load data...
Adjusting sequence length for actual size
x_train shape: (9595, 56)
x_test shape: (1067, 56)
Vocabulary Size: 18779
Model type is CNN-non-static
Load existing Word2Vec model '50features_1minwords_10context'
Initializing embedding layer with word2vec weights, shape (18779, 50)
Train on 9595 samples, validate on 1067 samples
Epoch 1/10
 - 6s - loss: 0.7016 - accuracy: 0.4993 - val_loss: 0.6933 - val_accuracy: 0.4948
Epoch 2/10
 - 5s - loss: 0.6938 - accuracy: 0.5109 - val_loss: 0.6923 - val_accuracy: 0.5080
Epoch 3/10
 - 5s - loss: 0.6907 - accuracy: 0.5260 - val_loss: 0.6876 - val_accuracy: 0.5933
Epoch 4/10
 - 5s - loss: 0.6817 - accuracy: 0.5552 - val_loss: 0.6683 - val_accuracy: 0.6223
Epoch 5/10
 - 5s - loss: 0.6591 - accuracy: 0.6042 - val_loss: 0.6381 - val_accuracy: 0.6682
Epoch 6/10
 - 5s - loss: 0.6063 - accuracy: 0.6730 - val_loss: 0.5696 - val_accuracy: 0.7395
Epoch 7/10
 - 5s - loss: 0.5101 - accuracy: 0.7517 - val_loss: 0.4993 - val_accuracy: 0.7751
Epoch 8/10
 - 5s - loss: 0.4312 - accuracy: 0.8024 - val_loss: 0.4836 - val_accuracy: 0.7816
Epoch 9/10
 - 5s - loss: 0.3740 - accuracy: 0.8348 - val_loss: 0.4777 - val_accuracy: 0.7910
Epoch 10/10
 - 5s - loss: 0.3233 - accuracy: 0.8612 - val_loss: 0.4927 - val_accuracy: 0.7788
Training time:53.25087285041809
