Using TensorFlow backend.
WARNING:tensorflow:From /Volumes/Transcend/opt/anaconda3/envs/keras/lib/python3.6/site-packages/tensorflow_core/python/ops/resource_variable_ops.py:1630: calling BaseResourceVariable.__init__ (from tensorflow.python.ops.resource_variable_ops) with constraint is deprecated and will be removed in a future version.
Instructions for updating:
If using Keras pass *_constraint arguments to layers.
WARNING:tensorflow:From /Volumes/Transcend/opt/anaconda3/envs/keras/lib/python3.6/site-packages/keras/backend/tensorflow_backend.py:4070: The name tf.nn.max_pool is deprecated. Please use tf.nn.max_pool2d instead.

WARNING:tensorflow:Large dropout rate: 0.8 (>0.5). In TensorFlow 2.x, dropout() uses dropout rate instead of keep_prob. Please ensure that this is intended.
WARNING:tensorflow:From /Volumes/Transcend/opt/anaconda3/envs/keras/lib/python3.6/site-packages/tensorflow_core/python/ops/nn_impl.py:183: where (from tensorflow.python.ops.array_ops) is deprecated and will be removed in a future version.
Instructions for updating:
Use tf.where in 2.0, which has the same broadcast rule as np.where
2020-02-04 21:36:53.919184: I tensorflow/core/platform/cpu_feature_guard.cc:142] Your CPU supports instructions that this TensorFlow binary was not compiled to use: AVX2 FMA
2020-02-04 21:36:53.935258: I tensorflow/compiler/xla/service/service.cc:168] XLA service 0x7fc407898090 initialized for platform Host (this does not guarantee that XLA will be used). Devices:
2020-02-04 21:36:53.935283: I tensorflow/compiler/xla/service/service.cc:176]   StreamExecutor device (0): Host, Default Version
WARNING:tensorflow:From /Volumes/Transcend/opt/anaconda3/envs/keras/lib/python3.6/site-packages/keras/backend/tensorflow_backend.py:422: The name tf.global_variables is deprecated. Please use tf.compat.v1.global_variables instead.

Load data...
Adjusting sequence length for actual size
x_train shape: (9595, 56)
x_test shape: (1067, 56)
Vocabulary Size: 18779
Model type is CNN-non-static
Load existing Word2Vec model '50features_1minwords_10context'
Initializing embedding layer with word2vec weights, shape (18779, 50)
Train on 9595 samples, validate on 1067 samples
Epoch 1/10
 - 6s - loss: 0.7020 - accuracy: 0.4962 - val_loss: 0.6933 - val_accuracy: 0.5005
Epoch 2/10
 - 5s - loss: 0.6934 - accuracy: 0.5144 - val_loss: 0.6914 - val_accuracy: 0.5567
Epoch 3/10
 - 5s - loss: 0.6907 - accuracy: 0.5236 - val_loss: 0.6878 - val_accuracy: 0.5961
Epoch 4/10
 - 5s - loss: 0.6822 - accuracy: 0.5546 - val_loss: 0.6738 - val_accuracy: 0.6261
Epoch 5/10
 - 5s - loss: 0.6612 - accuracy: 0.5970 - val_loss: 0.6403 - val_accuracy: 0.6654
Epoch 6/10
 - 5s - loss: 0.6106 - accuracy: 0.6659 - val_loss: 0.5717 - val_accuracy: 0.7479
Epoch 7/10
 - 5s - loss: 0.5193 - accuracy: 0.7449 - val_loss: 0.5023 - val_accuracy: 0.7788
Epoch 8/10
 - 5s - loss: 0.4394 - accuracy: 0.7982 - val_loss: 0.4880 - val_accuracy: 0.7798
Epoch 9/10
 - 5s - loss: 0.3774 - accuracy: 0.8337 - val_loss: 0.4863 - val_accuracy: 0.7798
Epoch 10/10
 - 6s - loss: 0.3216 - accuracy: 0.8589 - val_loss: 0.5046 - val_accuracy: 0.7760
Training time:53.47942781448364
