Using TensorFlow backend.
WARNING:tensorflow:From /Volumes/Transcend/opt/anaconda3/envs/keras/lib/python3.6/site-packages/tensorflow_core/python/ops/resource_variable_ops.py:1630: calling BaseResourceVariable.__init__ (from tensorflow.python.ops.resource_variable_ops) with constraint is deprecated and will be removed in a future version.
Instructions for updating:
If using Keras pass *_constraint arguments to layers.
WARNING:tensorflow:From /Volumes/Transcend/opt/anaconda3/envs/keras/lib/python3.6/site-packages/keras/backend/tensorflow_backend.py:4070: The name tf.nn.max_pool is deprecated. Please use tf.nn.max_pool2d instead.

WARNING:tensorflow:Large dropout rate: 0.8 (>0.5). In TensorFlow 2.x, dropout() uses dropout rate instead of keep_prob. Please ensure that this is intended.
WARNING:tensorflow:From /Volumes/Transcend/opt/anaconda3/envs/keras/lib/python3.6/site-packages/tensorflow_core/python/ops/nn_impl.py:183: where (from tensorflow.python.ops.array_ops) is deprecated and will be removed in a future version.
Instructions for updating:
Use tf.where in 2.0, which has the same broadcast rule as np.where
2020-02-02 00:49:10.243619: I tensorflow/core/platform/cpu_feature_guard.cc:142] Your CPU supports instructions that this TensorFlow binary was not compiled to use: AVX2 FMA
2020-02-02 00:49:10.269543: I tensorflow/compiler/xla/service/service.cc:168] XLA service 0x7fdf0f760370 initialized for platform Host (this does not guarantee that XLA will be used). Devices:
2020-02-02 00:49:10.269571: I tensorflow/compiler/xla/service/service.cc:176]   StreamExecutor device (0): Host, Default Version
WARNING:tensorflow:From /Volumes/Transcend/opt/anaconda3/envs/keras/lib/python3.6/site-packages/keras/backend/tensorflow_backend.py:422: The name tf.global_variables is deprecated. Please use tf.compat.v1.global_variables instead.

Load data...
Adjusting sequence length for actual size
x_train shape: (9595, 56)
x_test shape: (1067, 56)
Vocabulary Size: 18779
Model type is CNN-non-static
Load existing Word2Vec model '50features_1minwords_10context'
Initializing embedding layer with word2vec weights, shape (18779, 50)
Train on 9595 samples, validate on 1067 samples
Epoch 1/10
 - 7s - loss: 0.7015 - accuracy: 0.4960 - val_loss: 0.6933 - val_accuracy: 0.4714
Epoch 2/10
 - 7s - loss: 0.6938 - accuracy: 0.5110 - val_loss: 0.6928 - val_accuracy: 0.5080
Epoch 3/10
 - 7s - loss: 0.6929 - accuracy: 0.5092 - val_loss: 0.6908 - val_accuracy: 0.5773
Epoch 4/10
 - 7s - loss: 0.6878 - accuracy: 0.5404 - val_loss: 0.6807 - val_accuracy: 0.6026
Epoch 5/10
 - 6s - loss: 0.6743 - accuracy: 0.5755 - val_loss: 0.6549 - val_accuracy: 0.6420
Epoch 6/10
 - 6s - loss: 0.6337 - accuracy: 0.6369 - val_loss: 0.5952 - val_accuracy: 0.7263
Epoch 7/10
 - 6s - loss: 0.5423 - accuracy: 0.7277 - val_loss: 0.5118 - val_accuracy: 0.7732
Epoch 8/10
 - 6s - loss: 0.4567 - accuracy: 0.7895 - val_loss: 0.4854 - val_accuracy: 0.7854
Epoch 9/10
 - 6s - loss: 0.3868 - accuracy: 0.8293 - val_loss: 0.4802 - val_accuracy: 0.7732
Epoch 10/10
 - 6s - loss: 0.3272 - accuracy: 0.8592 - val_loss: 0.5054 - val_accuracy: 0.7723
Training time:65.88358879089355
