loading data... data loaded!
model architecture: CNN-non-static
using: word2vec vectors
[('image shape', 64, 300), ('filter shape', [(100, 1, 3, 300), (100, 1, 4, 300), (100, 1, 5, 300)]), ('hidden_units', [100, 2]), ('dropout', [0.5]), ('batch_size', 50), ('non_static', True), ('learn_decay', 0.95), ('conv_non_linear', 'relu'), ('non_static', True), ('sqr_norm_lim', 9), ('shuffle_batch', True)]
Traceback (most recent call last):
  File "conv_net_sentence.py", line 325, in <module>
    dropout_rate=[0.5])
  File "conv_net_sentence.py", line 109, in train_conv_net
    grad_updates = sgd_updates_adadelta(params, dropout_cost, lr_decay, 1e-6, sqr_norm_lim)
  File "conv_net_sentence.py", line 219, in sgd_updates_adadelta
    gp = T.grad(cost, param)
  File "/Volumes/Transcend/opt/anaconda3/envs/theano/lib/python2.7/site-packages/theano/gradient.py", line 605, in grad
    grad_dict, wrt, cost_name)
  File "/Volumes/Transcend/opt/anaconda3/envs/theano/lib/python2.7/site-packages/theano/gradient.py", line 1371, in _populate_grad_dict
    rval = [access_grad_cache(elem) for elem in wrt]
  File "/Volumes/Transcend/opt/anaconda3/envs/theano/lib/python2.7/site-packages/theano/gradient.py", line 1326, in access_grad_cache
    term = access_term_cache(node)[idx]
  File "/Volumes/Transcend/opt/anaconda3/envs/theano/lib/python2.7/site-packages/theano/gradient.py", line 1162, in access_term_cache
    new_output_grads)
  File "/Volumes/Transcend/opt/anaconda3/envs/theano/lib/python2.7/site-packages/theano/gof/op.py", line 711, in L_op
    return self.grad(inputs, output_grads)
  File "/Volumes/Transcend/opt/anaconda3/envs/theano/lib/python2.7/site-packages/theano/tensor/nnet/conv.py", line 946, in grad
    verbose=self.verbose)
  File "/Volumes/Transcend/opt/anaconda3/envs/theano/lib/python2.7/site-packages/theano/tensor/nnet/conv.py", line 543, in __init__
    (self.imshp_logical, self.kshp_logical))
Exception: Bad size for the output shape. Verify that [post-supersampling] input shape ((100, 62, 1)) and kern shape((3, 300)) are ok. (Hint: kerns must fit inside image in valid mode)
