loading data... data loaded!
model architecture: CNN-non-static
using: word2vec vectors
[('image shape', 64, 300), ('filter shape', [(100, 1, 3, 300), (100, 1, 4, 300), (100, 1, 5, 300)]), ('hidden_units', [100, 2]), ('dropout', [0.5]), ('batch_size', 50), ('non_static', True), ('learn_decay', 0.95), ('conv_non_linear', 'relu'), ('non_static', True), ('sqr_norm_lim', 9), ('shuffle_batch', True)]
Traceback (most recent call last):
  File "conv_net_sentence.py", line 325, in <module>
    dropout_rate=[0.5])
  File "conv_net_sentence.py", line 148, in train_conv_net
    allow_input_downcast = True)     
  File "/Volumes/Transcend/opt/anaconda3/envs/theano/lib/python2.7/site-packages/theano/compile/function.py", line 317, in function
    output_keys=output_keys)
  File "/Volumes/Transcend/opt/anaconda3/envs/theano/lib/python2.7/site-packages/theano/compile/pfunc.py", line 486, in pfunc
    output_keys=output_keys)
  File "/Volumes/Transcend/opt/anaconda3/envs/theano/lib/python2.7/site-packages/theano/compile/function_module.py", line 1841, in orig_function
    fn = m.create(defaults)
  File "/Volumes/Transcend/opt/anaconda3/envs/theano/lib/python2.7/site-packages/theano/compile/function_module.py", line 1715, in create
    input_storage=input_storage_lists, storage_map=storage_map)
  File "/Volumes/Transcend/opt/anaconda3/envs/theano/lib/python2.7/site-packages/theano/gof/link.py", line 699, in make_thunk
    storage_map=storage_map)[:3]
  File "/Volumes/Transcend/opt/anaconda3/envs/theano/lib/python2.7/site-packages/theano/gof/vm.py", line 1091, in make_all
    impl=impl))
  File "/Volumes/Transcend/opt/anaconda3/envs/theano/lib/python2.7/site-packages/theano/gof/op.py", line 955, in make_thunk
    no_recycling)
  File "/Volumes/Transcend/opt/anaconda3/envs/theano/lib/python2.7/site-packages/theano/gof/op.py", line 858, in make_c_thunk
    output_storage=node_output_storage)
  File "/Volumes/Transcend/opt/anaconda3/envs/theano/lib/python2.7/site-packages/theano/gof/cc.py", line 1217, in make_thunk
    keep_lock=keep_lock)
  File "/Volumes/Transcend/opt/anaconda3/envs/theano/lib/python2.7/site-packages/theano/gof/cc.py", line 1157, in __compile__
    keep_lock=keep_lock)
  File "/Volumes/Transcend/opt/anaconda3/envs/theano/lib/python2.7/site-packages/theano/gof/cc.py", line 1624, in cthunk_factory
    key=key, lnk=self, keep_lock=keep_lock)
  File "/Volumes/Transcend/opt/anaconda3/envs/theano/lib/python2.7/site-packages/theano/gof/cmodule.py", line 1152, in module_from_key
    src_code = lnk.get_src_code()
  File "/Volumes/Transcend/opt/anaconda3/envs/theano/lib/python2.7/site-packages/theano/gof/cc.py", line 1500, in get_src_code
    mod = self.get_dynamic_module()
  File "/Volumes/Transcend/opt/anaconda3/envs/theano/lib/python2.7/site-packages/theano/gof/cc.py", line 1544, in get_dynamic_module
    self.code_gen()
  File "/Volumes/Transcend/opt/anaconda3/envs/theano/lib/python2.7/site-packages/theano/gof/cc.py", line 840, in code_gen
    behavior = op.c_code(node, name, isyms, osyms, sub)
  File "/Volumes/Transcend/opt/anaconda3/envs/theano/lib/python2.7/site-packages/theano/tensor/nnet/conv.py", line 1261, in c_code
    return _conv_op_code_a % d
KeyError: ('The following error happened while compiling the node', ConvOp{('imshp', (None, None, None)),('kshp', (3, 300)),('nkern', None),('bsize', 50),('dx', 1),('dy', 1),('out_mode', 'full'),('unroll_batch', None),('unroll_kern', None),('unroll_patch', True),('imshp_logical', (100, None, None)),('kshp_logical', (3, 300)),('kshp_logical_top_aligned', True)}(Elemwise{Composite{((i0 - EQ(i1, i2)) * i3)}}[(0, 1)].0, Subtensor{::, ::, ::int64, ::int64}.0), '\n', 'self_imshp_logical_r')
