Using TensorFlow backend.
WARNING:tensorflow:From /Volumes/Transcend/opt/anaconda3/envs/keras/lib/python3.6/site-packages/tensorflow_core/python/ops/resource_variable_ops.py:1630: calling BaseResourceVariable.__init__ (from tensorflow.python.ops.resource_variable_ops) with constraint is deprecated and will be removed in a future version.
Instructions for updating:
If using Keras pass *_constraint arguments to layers.
WARNING:tensorflow:From /Volumes/Transcend/opt/anaconda3/envs/keras/lib/python3.6/site-packages/keras/backend/tensorflow_backend.py:4070: The name tf.nn.max_pool is deprecated. Please use tf.nn.max_pool2d instead.

WARNING:tensorflow:Large dropout rate: 0.8 (>0.5). In TensorFlow 2.x, dropout() uses dropout rate instead of keep_prob. Please ensure that this is intended.
WARNING:tensorflow:From /Volumes/Transcend/opt/anaconda3/envs/keras/lib/python3.6/site-packages/tensorflow_core/python/ops/nn_impl.py:183: where (from tensorflow.python.ops.array_ops) is deprecated and will be removed in a future version.
Instructions for updating:
Use tf.where in 2.0, which has the same broadcast rule as np.where
2020-02-02 16:33:45.145426: I tensorflow/core/platform/cpu_feature_guard.cc:142] Your CPU supports instructions that this TensorFlow binary was not compiled to use: AVX2 FMA
2020-02-02 16:33:45.343791: I tensorflow/compiler/xla/service/service.cc:168] XLA service 0x7fb4ae159b10 initialized for platform Host (this does not guarantee that XLA will be used). Devices:
2020-02-02 16:33:45.343817: I tensorflow/compiler/xla/service/service.cc:176]   StreamExecutor device (0): Host, Default Version
WARNING:tensorflow:From /Volumes/Transcend/opt/anaconda3/envs/keras/lib/python3.6/site-packages/keras/backend/tensorflow_backend.py:422: The name tf.global_variables is deprecated. Please use tf.compat.v1.global_variables instead.

Load data...
Adjusting sequence length for actual size
x_train shape: (9595, 56)
x_test shape: (1067, 56)
Vocabulary Size: 18779
Model type is CNN-non-static
Load existing Word2Vec model '50features_1minwords_10context'
Initializing embedding layer with word2vec weights, shape (18779, 50)
Train on 9595 samples, validate on 1067 samples
Epoch 1/10
 - 8s - loss: 0.7018 - accuracy: 0.4965 - val_loss: 0.6933 - val_accuracy: 0.4845
Epoch 2/10
 - 6s - loss: 0.6936 - accuracy: 0.5117 - val_loss: 0.6912 - val_accuracy: 0.5398
Epoch 3/10
 - 6s - loss: 0.6906 - accuracy: 0.5236 - val_loss: 0.6878 - val_accuracy: 0.5942
Epoch 4/10
 - 6s - loss: 0.6822 - accuracy: 0.5571 - val_loss: 0.6716 - val_accuracy: 0.6336
Epoch 5/10
 - 6s - loss: 0.6594 - accuracy: 0.6008 - val_loss: 0.6337 - val_accuracy: 0.6682
Epoch 6/10
 - 6s - loss: 0.6032 - accuracy: 0.6755 - val_loss: 0.5591 - val_accuracy: 0.7582
Epoch 7/10
 - 7s - loss: 0.5085 - accuracy: 0.7525 - val_loss: 0.4945 - val_accuracy: 0.7816
Epoch 8/10
 - 6s - loss: 0.4324 - accuracy: 0.8050 - val_loss: 0.4791 - val_accuracy: 0.7844
Epoch 9/10
 - 6s - loss: 0.3722 - accuracy: 0.8360 - val_loss: 0.4828 - val_accuracy: 0.7807
Epoch 10/10
 - 6s - loss: 0.3083 - accuracy: 0.8674 - val_loss: 0.5022 - val_accuracy: 0.7713
Training time:64.63888096809387
