Using TensorFlow backend.
WARNING:tensorflow:From /Volumes/Transcend/opt/anaconda3/envs/keras/lib/python3.6/site-packages/tensorflow_core/python/ops/resource_variable_ops.py:1630: calling BaseResourceVariable.__init__ (from tensorflow.python.ops.resource_variable_ops) with constraint is deprecated and will be removed in a future version.
Instructions for updating:
If using Keras pass *_constraint arguments to layers.
WARNING:tensorflow:From /Volumes/Transcend/opt/anaconda3/envs/keras/lib/python3.6/site-packages/keras/backend/tensorflow_backend.py:4070: The name tf.nn.max_pool is deprecated. Please use tf.nn.max_pool2d instead.

WARNING:tensorflow:Large dropout rate: 0.8 (>0.5). In TensorFlow 2.x, dropout() uses dropout rate instead of keep_prob. Please ensure that this is intended.
WARNING:tensorflow:From /Volumes/Transcend/opt/anaconda3/envs/keras/lib/python3.6/site-packages/tensorflow_core/python/ops/nn_impl.py:183: where (from tensorflow.python.ops.array_ops) is deprecated and will be removed in a future version.
Instructions for updating:
Use tf.where in 2.0, which has the same broadcast rule as np.where
2020-02-02 16:52:46.310633: I tensorflow/core/platform/cpu_feature_guard.cc:142] Your CPU supports instructions that this TensorFlow binary was not compiled to use: AVX2 FMA
2020-02-02 16:52:46.325840: I tensorflow/compiler/xla/service/service.cc:168] XLA service 0x7fb7a018dd90 initialized for platform Host (this does not guarantee that XLA will be used). Devices:
2020-02-02 16:52:46.325866: I tensorflow/compiler/xla/service/service.cc:176]   StreamExecutor device (0): Host, Default Version
WARNING:tensorflow:From /Volumes/Transcend/opt/anaconda3/envs/keras/lib/python3.6/site-packages/keras/backend/tensorflow_backend.py:422: The name tf.global_variables is deprecated. Please use tf.compat.v1.global_variables instead.

Load data...
Adjusting sequence length for actual size
x_train shape: (9595, 56)
x_test shape: (1067, 56)
Vocabulary Size: 18779
Model type is CNN-non-static
Load existing Word2Vec model '50features_1minwords_10context'
Initializing embedding layer with word2vec weights, shape (18779, 50)
Train on 9595 samples, validate on 1067 samples
Epoch 1/10
 - 6s - loss: 0.7020 - accuracy: 0.4957 - val_loss: 0.6933 - val_accuracy: 0.4873
Epoch 2/10
 - 5s - loss: 0.6937 - accuracy: 0.5075 - val_loss: 0.6915 - val_accuracy: 0.5436
Epoch 3/10
 - 5s - loss: 0.6911 - accuracy: 0.5224 - val_loss: 0.6888 - val_accuracy: 0.6036
Epoch 4/10
 - 5s - loss: 0.6835 - accuracy: 0.5533 - val_loss: 0.6749 - val_accuracy: 0.6195
Epoch 5/10
 - 6s - loss: 0.6618 - accuracy: 0.5980 - val_loss: 0.6440 - val_accuracy: 0.6542
Epoch 6/10
 - 5s - loss: 0.6114 - accuracy: 0.6616 - val_loss: 0.5766 - val_accuracy: 0.7479
Epoch 7/10
 - 5s - loss: 0.5171 - accuracy: 0.7476 - val_loss: 0.5053 - val_accuracy: 0.7807
Epoch 8/10
 - 5s - loss: 0.4362 - accuracy: 0.8033 - val_loss: 0.4842 - val_accuracy: 0.7798
Epoch 9/10
 - 5s - loss: 0.3716 - accuracy: 0.8346 - val_loss: 0.4842 - val_accuracy: 0.7788
Epoch 10/10
 - 5s - loss: 0.3126 - accuracy: 0.8656 - val_loss: 0.5058 - val_accuracy: 0.7788
Training time:54.06699585914612
