Using TensorFlow backend.
WARNING:tensorflow:From /Volumes/Transcend/opt/anaconda3/envs/keras/lib/python3.6/site-packages/tensorflow_core/python/ops/resource_variable_ops.py:1630: calling BaseResourceVariable.__init__ (from tensorflow.python.ops.resource_variable_ops) with constraint is deprecated and will be removed in a future version.
Instructions for updating:
If using Keras pass *_constraint arguments to layers.
WARNING:tensorflow:From /Volumes/Transcend/opt/anaconda3/envs/keras/lib/python3.6/site-packages/keras/backend/tensorflow_backend.py:4070: The name tf.nn.max_pool is deprecated. Please use tf.nn.max_pool2d instead.

WARNING:tensorflow:Large dropout rate: 0.8 (>0.5). In TensorFlow 2.x, dropout() uses dropout rate instead of keep_prob. Please ensure that this is intended.
WARNING:tensorflow:From /Volumes/Transcend/opt/anaconda3/envs/keras/lib/python3.6/site-packages/tensorflow_core/python/ops/nn_impl.py:183: where (from tensorflow.python.ops.array_ops) is deprecated and will be removed in a future version.
Instructions for updating:
Use tf.where in 2.0, which has the same broadcast rule as np.where
2020-02-02 16:44:49.728578: I tensorflow/core/platform/cpu_feature_guard.cc:142] Your CPU supports instructions that this TensorFlow binary was not compiled to use: AVX2 FMA
2020-02-02 16:44:49.760535: I tensorflow/compiler/xla/service/service.cc:168] XLA service 0x7fef152543c0 initialized for platform Host (this does not guarantee that XLA will be used). Devices:
2020-02-02 16:44:49.760560: I tensorflow/compiler/xla/service/service.cc:176]   StreamExecutor device (0): Host, Default Version
WARNING:tensorflow:From /Volumes/Transcend/opt/anaconda3/envs/keras/lib/python3.6/site-packages/keras/backend/tensorflow_backend.py:422: The name tf.global_variables is deprecated. Please use tf.compat.v1.global_variables instead.

Load data...
Adjusting sequence length for actual size
x_train shape: (9595, 56)
x_test shape: (1067, 56)
Vocabulary Size: 18779
Model type is CNN-non-static
Load existing Word2Vec model '50features_1minwords_10context'
Initializing embedding layer with word2vec weights, shape (18779, 50)
Train on 9595 samples, validate on 1067 samples
Epoch 1/10
 - 6s - loss: 0.7020 - accuracy: 0.4943 - val_loss: 0.6933 - val_accuracy: 0.4995
Epoch 2/10
 - 6s - loss: 0.6939 - accuracy: 0.5144 - val_loss: 0.6920 - val_accuracy: 0.5567
Epoch 3/10
 - 6s - loss: 0.6908 - accuracy: 0.5242 - val_loss: 0.6885 - val_accuracy: 0.5970
Epoch 4/10
 - 6s - loss: 0.6830 - accuracy: 0.5523 - val_loss: 0.6740 - val_accuracy: 0.6186
Epoch 5/10
 - 5s - loss: 0.6643 - accuracy: 0.5974 - val_loss: 0.6447 - val_accuracy: 0.6495
Epoch 6/10
 - 5s - loss: 0.6119 - accuracy: 0.6622 - val_loss: 0.5764 - val_accuracy: 0.7516
Epoch 7/10
 - 7s - loss: 0.5066 - accuracy: 0.7515 - val_loss: 0.4991 - val_accuracy: 0.7769
Epoch 8/10
 - 6s - loss: 0.4207 - accuracy: 0.8109 - val_loss: 0.4886 - val_accuracy: 0.7769
Epoch 9/10
 - 6s - loss: 0.3592 - accuracy: 0.8411 - val_loss: 0.4860 - val_accuracy: 0.7676
Epoch 10/10
 - 6s - loss: 0.3032 - accuracy: 0.8700 - val_loss: 0.5046 - val_accuracy: 0.7713
Training time:60.55169415473938
