Using TensorFlow backend.
WARNING:tensorflow:From /Volumes/Transcend/opt/anaconda3/envs/keras/lib/python3.6/site-packages/tensorflow_core/python/ops/resource_variable_ops.py:1630: calling BaseResourceVariable.__init__ (from tensorflow.python.ops.resource_variable_ops) with constraint is deprecated and will be removed in a future version.
Instructions for updating:
If using Keras pass *_constraint arguments to layers.
WARNING:tensorflow:From /Volumes/Transcend/opt/anaconda3/envs/keras/lib/python3.6/site-packages/keras/backend/tensorflow_backend.py:4070: The name tf.nn.max_pool is deprecated. Please use tf.nn.max_pool2d instead.

WARNING:tensorflow:Large dropout rate: 0.8 (>0.5). In TensorFlow 2.x, dropout() uses dropout rate instead of keep_prob. Please ensure that this is intended.
WARNING:tensorflow:From /Volumes/Transcend/opt/anaconda3/envs/keras/lib/python3.6/site-packages/tensorflow_core/python/ops/nn_impl.py:183: where (from tensorflow.python.ops.array_ops) is deprecated and will be removed in a future version.
Instructions for updating:
Use tf.where in 2.0, which has the same broadcast rule as np.where
2020-02-02 16:48:18.489352: I tensorflow/core/platform/cpu_feature_guard.cc:142] Your CPU supports instructions that this TensorFlow binary was not compiled to use: AVX2 FMA
2020-02-02 16:48:18.505618: I tensorflow/compiler/xla/service/service.cc:168] XLA service 0x7ffa7a8f69d0 initialized for platform Host (this does not guarantee that XLA will be used). Devices:
2020-02-02 16:48:18.505649: I tensorflow/compiler/xla/service/service.cc:176]   StreamExecutor device (0): Host, Default Version
WARNING:tensorflow:From /Volumes/Transcend/opt/anaconda3/envs/keras/lib/python3.6/site-packages/keras/backend/tensorflow_backend.py:422: The name tf.global_variables is deprecated. Please use tf.compat.v1.global_variables instead.

Load data...
Adjusting sequence length for actual size
x_train shape: (9595, 56)
x_test shape: (1067, 56)
Vocabulary Size: 18779
Model type is CNN-non-static
Load existing Word2Vec model '50features_1minwords_10context'
Initializing embedding layer with word2vec weights, shape (18779, 50)
Train on 9595 samples, validate on 1067 samples
Epoch 1/10
 - 6s - loss: 0.7021 - accuracy: 0.4941 - val_loss: 0.6933 - val_accuracy: 0.4948
Epoch 2/10
 - 6s - loss: 0.6935 - accuracy: 0.5132 - val_loss: 0.6906 - val_accuracy: 0.5604
Epoch 3/10
 - 5s - loss: 0.6905 - accuracy: 0.5309 - val_loss: 0.6856 - val_accuracy: 0.6017
Epoch 4/10
 - 6s - loss: 0.6805 - accuracy: 0.5614 - val_loss: 0.6697 - val_accuracy: 0.6364
Epoch 5/10
 - 6s - loss: 0.6560 - accuracy: 0.6068 - val_loss: 0.6390 - val_accuracy: 0.6476
Epoch 6/10
 - 7s - loss: 0.6039 - accuracy: 0.6680 - val_loss: 0.5689 - val_accuracy: 0.7638
Epoch 7/10
 - 6s - loss: 0.5122 - accuracy: 0.7544 - val_loss: 0.5038 - val_accuracy: 0.7723
Epoch 8/10
 - 5s - loss: 0.4279 - accuracy: 0.8054 - val_loss: 0.4937 - val_accuracy: 0.7741
Epoch 9/10
 - 6s - loss: 0.3720 - accuracy: 0.8337 - val_loss: 0.4871 - val_accuracy: 0.7638
Epoch 10/10
 - 6s - loss: 0.3206 - accuracy: 0.8613 - val_loss: 0.5051 - val_accuracy: 0.7648
Training time:59.89029908180237
