Using TensorFlow backend.
WARNING:tensorflow:From /Volumes/Transcend/opt/anaconda3/envs/keras/lib/python3.6/site-packages/tensorflow_core/python/ops/resource_variable_ops.py:1630: calling BaseResourceVariable.__init__ (from tensorflow.python.ops.resource_variable_ops) with constraint is deprecated and will be removed in a future version.
Instructions for updating:
If using Keras pass *_constraint arguments to layers.
WARNING:tensorflow:From /Volumes/Transcend/opt/anaconda3/envs/keras/lib/python3.6/site-packages/keras/backend/tensorflow_backend.py:4070: The name tf.nn.max_pool is deprecated. Please use tf.nn.max_pool2d instead.

WARNING:tensorflow:Large dropout rate: 0.8 (>0.5). In TensorFlow 2.x, dropout() uses dropout rate instead of keep_prob. Please ensure that this is intended.
WARNING:tensorflow:From /Volumes/Transcend/opt/anaconda3/envs/keras/lib/python3.6/site-packages/tensorflow_core/python/ops/nn_impl.py:183: where (from tensorflow.python.ops.array_ops) is deprecated and will be removed in a future version.
Instructions for updating:
Use tf.where in 2.0, which has the same broadcast rule as np.where
2020-02-02 16:46:00.660727: I tensorflow/core/platform/cpu_feature_guard.cc:142] Your CPU supports instructions that this TensorFlow binary was not compiled to use: AVX2 FMA
2020-02-02 16:46:00.676383: I tensorflow/compiler/xla/service/service.cc:168] XLA service 0x7f89c5229a70 initialized for platform Host (this does not guarantee that XLA will be used). Devices:
2020-02-02 16:46:00.676561: I tensorflow/compiler/xla/service/service.cc:176]   StreamExecutor device (0): Host, Default Version
WARNING:tensorflow:From /Volumes/Transcend/opt/anaconda3/envs/keras/lib/python3.6/site-packages/keras/backend/tensorflow_backend.py:422: The name tf.global_variables is deprecated. Please use tf.compat.v1.global_variables instead.

Load data...
Adjusting sequence length for actual size
x_train shape: (9595, 56)
x_test shape: (1067, 56)
Vocabulary Size: 18779
Model type is CNN-non-static
Load existing Word2Vec model '50features_1minwords_10context'
Initializing embedding layer with word2vec weights, shape (18779, 50)
Train on 9595 samples, validate on 1067 samples
Epoch 1/10
 - 6s - loss: 0.7020 - accuracy: 0.4973 - val_loss: 0.6933 - val_accuracy: 0.4883
Epoch 2/10
 - 6s - loss: 0.6931 - accuracy: 0.5157 - val_loss: 0.6901 - val_accuracy: 0.5717
Epoch 3/10
 - 7s - loss: 0.6895 - accuracy: 0.5274 - val_loss: 0.6849 - val_accuracy: 0.6082
Epoch 4/10
 - 8s - loss: 0.6774 - accuracy: 0.5649 - val_loss: 0.6635 - val_accuracy: 0.6570
Epoch 5/10
 - 5s - loss: 0.6512 - accuracy: 0.6124 - val_loss: 0.6284 - val_accuracy: 0.6785
Epoch 6/10
 - 6s - loss: 0.5909 - accuracy: 0.6855 - val_loss: 0.5522 - val_accuracy: 0.7563
Epoch 7/10
 - 6s - loss: 0.4924 - accuracy: 0.7661 - val_loss: 0.4925 - val_accuracy: 0.7788
Epoch 8/10
 - 6s - loss: 0.4132 - accuracy: 0.8138 - val_loss: 0.4784 - val_accuracy: 0.7873
Epoch 9/10
 - 6s - loss: 0.3528 - accuracy: 0.8430 - val_loss: 0.4808 - val_accuracy: 0.7844
Epoch 10/10
 - 6s - loss: 0.3043 - accuracy: 0.8659 - val_loss: 0.5007 - val_accuracy: 0.7826
Training time:62.599764823913574
