Using TensorFlow backend.
WARNING:tensorflow:From /Volumes/Transcend/opt/anaconda3/envs/keras/lib/python3.6/site-packages/tensorflow_core/python/ops/resource_variable_ops.py:1630: calling BaseResourceVariable.__init__ (from tensorflow.python.ops.resource_variable_ops) with constraint is deprecated and will be removed in a future version.
Instructions for updating:
If using Keras pass *_constraint arguments to layers.
WARNING:tensorflow:From /Volumes/Transcend/opt/anaconda3/envs/keras/lib/python3.6/site-packages/keras/backend/tensorflow_backend.py:4070: The name tf.nn.max_pool is deprecated. Please use tf.nn.max_pool2d instead.

WARNING:tensorflow:Large dropout rate: 0.8 (>0.5). In TensorFlow 2.x, dropout() uses dropout rate instead of keep_prob. Please ensure that this is intended.
WARNING:tensorflow:From /Volumes/Transcend/opt/anaconda3/envs/keras/lib/python3.6/site-packages/tensorflow_core/python/ops/nn_impl.py:183: where (from tensorflow.python.ops.array_ops) is deprecated and will be removed in a future version.
Instructions for updating:
Use tf.where in 2.0, which has the same broadcast rule as np.where
2020-02-02 16:53:49.034428: I tensorflow/core/platform/cpu_feature_guard.cc:142] Your CPU supports instructions that this TensorFlow binary was not compiled to use: AVX2 FMA
2020-02-02 16:53:49.059616: I tensorflow/compiler/xla/service/service.cc:168] XLA service 0x7fc70f08a190 initialized for platform Host (this does not guarantee that XLA will be used). Devices:
2020-02-02 16:53:49.059639: I tensorflow/compiler/xla/service/service.cc:176]   StreamExecutor device (0): Host, Default Version
WARNING:tensorflow:From /Volumes/Transcend/opt/anaconda3/envs/keras/lib/python3.6/site-packages/keras/backend/tensorflow_backend.py:422: The name tf.global_variables is deprecated. Please use tf.compat.v1.global_variables instead.

Load data...
Adjusting sequence length for actual size
x_train shape: (9595, 56)
x_test shape: (1067, 56)
Vocabulary Size: 18779
Model type is CNN-non-static
Load existing Word2Vec model '50features_1minwords_10context'
Initializing embedding layer with word2vec weights, shape (18779, 50)
Train on 9595 samples, validate on 1067 samples
Epoch 1/10
 - 9s - loss: 0.7017 - accuracy: 0.4956 - val_loss: 0.6932 - val_accuracy: 0.4902
Epoch 2/10
 - 5s - loss: 0.6932 - accuracy: 0.5104 - val_loss: 0.6903 - val_accuracy: 0.5361
Epoch 3/10
 - 5s - loss: 0.6892 - accuracy: 0.5362 - val_loss: 0.6860 - val_accuracy: 0.6101
Epoch 4/10
 - 5s - loss: 0.6792 - accuracy: 0.5630 - val_loss: 0.6664 - val_accuracy: 0.6495
Epoch 5/10
 - 5s - loss: 0.6541 - accuracy: 0.6061 - val_loss: 0.6314 - val_accuracy: 0.6739
Epoch 6/10
 - 5s - loss: 0.6003 - accuracy: 0.6780 - val_loss: 0.5641 - val_accuracy: 0.7460
Epoch 7/10
 - 5s - loss: 0.5081 - accuracy: 0.7527 - val_loss: 0.4997 - val_accuracy: 0.7751
Epoch 8/10
 - 5s - loss: 0.4327 - accuracy: 0.8028 - val_loss: 0.4883 - val_accuracy: 0.7769
Epoch 9/10
 - 5s - loss: 0.3780 - accuracy: 0.8301 - val_loss: 0.4865 - val_accuracy: 0.7816
Epoch 10/10
 - 5s - loss: 0.3308 - accuracy: 0.8537 - val_loss: 0.4970 - val_accuracy: 0.7769
Training time:55.974995851516724
