Using TensorFlow backend.
WARNING:tensorflow:From /Volumes/Transcend/opt/anaconda3/envs/keras/lib/python3.6/site-packages/tensorflow_core/python/ops/resource_variable_ops.py:1630: calling BaseResourceVariable.__init__ (from tensorflow.python.ops.resource_variable_ops) with constraint is deprecated and will be removed in a future version.
Instructions for updating:
If using Keras pass *_constraint arguments to layers.
WARNING:tensorflow:From /Volumes/Transcend/opt/anaconda3/envs/keras/lib/python3.6/site-packages/keras/backend/tensorflow_backend.py:4070: The name tf.nn.max_pool is deprecated. Please use tf.nn.max_pool2d instead.

WARNING:tensorflow:Large dropout rate: 0.8 (>0.5). In TensorFlow 2.x, dropout() uses dropout rate instead of keep_prob. Please ensure that this is intended.
WARNING:tensorflow:From /Volumes/Transcend/opt/anaconda3/envs/keras/lib/python3.6/site-packages/tensorflow_core/python/ops/nn_impl.py:183: where (from tensorflow.python.ops.array_ops) is deprecated and will be removed in a future version.
Instructions for updating:
Use tf.where in 2.0, which has the same broadcast rule as np.where
2020-02-02 16:54:53.986529: I tensorflow/core/platform/cpu_feature_guard.cc:142] Your CPU supports instructions that this TensorFlow binary was not compiled to use: AVX2 FMA
2020-02-02 16:54:54.004160: I tensorflow/compiler/xla/service/service.cc:168] XLA service 0x7fa0818a67c0 initialized for platform Host (this does not guarantee that XLA will be used). Devices:
2020-02-02 16:54:54.004183: I tensorflow/compiler/xla/service/service.cc:176]   StreamExecutor device (0): Host, Default Version
WARNING:tensorflow:From /Volumes/Transcend/opt/anaconda3/envs/keras/lib/python3.6/site-packages/keras/backend/tensorflow_backend.py:422: The name tf.global_variables is deprecated. Please use tf.compat.v1.global_variables instead.

Load data...
Adjusting sequence length for actual size
x_train shape: (9595, 56)
x_test shape: (1067, 56)
Vocabulary Size: 18779
Model type is CNN-non-static
Load existing Word2Vec model '50features_1minwords_10context'
Initializing embedding layer with word2vec weights, shape (18779, 50)
Train on 9595 samples, validate on 1067 samples
Epoch 1/10
 - 6s - loss: 0.7016 - accuracy: 0.5002 - val_loss: 0.6933 - val_accuracy: 0.4836
Epoch 2/10
 - 5s - loss: 0.6931 - accuracy: 0.5136 - val_loss: 0.6900 - val_accuracy: 0.5604
Epoch 3/10
 - 6s - loss: 0.6893 - accuracy: 0.5301 - val_loss: 0.6853 - val_accuracy: 0.6111
Epoch 4/10
 - 6s - loss: 0.6779 - accuracy: 0.5665 - val_loss: 0.6627 - val_accuracy: 0.6551
Epoch 5/10
 - 6s - loss: 0.6518 - accuracy: 0.6118 - val_loss: 0.6271 - val_accuracy: 0.6692
Epoch 6/10
 - 7s - loss: 0.5900 - accuracy: 0.6858 - val_loss: 0.5523 - val_accuracy: 0.7498
Epoch 7/10
 - 6s - loss: 0.4968 - accuracy: 0.7597 - val_loss: 0.4918 - val_accuracy: 0.7760
Epoch 8/10
 - 6s - loss: 0.4202 - accuracy: 0.8097 - val_loss: 0.4864 - val_accuracy: 0.7769
Epoch 9/10
 - 7s - loss: 0.3713 - accuracy: 0.8378 - val_loss: 0.4785 - val_accuracy: 0.7826
Epoch 10/10
 - 5s - loss: 0.3224 - accuracy: 0.8589 - val_loss: 0.4991 - val_accuracy: 0.7704
Training time:62.30926513671875
