Using TensorFlow backend.
WARNING:tensorflow:From /Volumes/Transcend/opt/anaconda3/envs/keras/lib/python3.6/site-packages/tensorflow_core/python/ops/resource_variable_ops.py:1630: calling BaseResourceVariable.__init__ (from tensorflow.python.ops.resource_variable_ops) with constraint is deprecated and will be removed in a future version.
Instructions for updating:
If using Keras pass *_constraint arguments to layers.
WARNING:tensorflow:From /Volumes/Transcend/opt/anaconda3/envs/keras/lib/python3.6/site-packages/keras/backend/tensorflow_backend.py:4070: The name tf.nn.max_pool is deprecated. Please use tf.nn.max_pool2d instead.

WARNING:tensorflow:Large dropout rate: 0.8 (>0.5). In TensorFlow 2.x, dropout() uses dropout rate instead of keep_prob. Please ensure that this is intended.
WARNING:tensorflow:From /Volumes/Transcend/opt/anaconda3/envs/keras/lib/python3.6/site-packages/tensorflow_core/python/ops/nn_impl.py:183: where (from tensorflow.python.ops.array_ops) is deprecated and will be removed in a future version.
Instructions for updating:
Use tf.where in 2.0, which has the same broadcast rule as np.where
2020-02-02 16:38:14.313795: I tensorflow/core/platform/cpu_feature_guard.cc:142] Your CPU supports instructions that this TensorFlow binary was not compiled to use: AVX2 FMA
2020-02-02 16:38:14.329990: I tensorflow/compiler/xla/service/service.cc:168] XLA service 0x7fd6241b3be0 initialized for platform Host (this does not guarantee that XLA will be used). Devices:
2020-02-02 16:38:14.330014: I tensorflow/compiler/xla/service/service.cc:176]   StreamExecutor device (0): Host, Default Version
WARNING:tensorflow:From /Volumes/Transcend/opt/anaconda3/envs/keras/lib/python3.6/site-packages/keras/backend/tensorflow_backend.py:422: The name tf.global_variables is deprecated. Please use tf.compat.v1.global_variables instead.

Load data...
Adjusting sequence length for actual size
x_train shape: (9595, 56)
x_test shape: (1067, 56)
Vocabulary Size: 18779
Model type is CNN-non-static
Load existing Word2Vec model '50features_1minwords_10context'
Initializing embedding layer with word2vec weights, shape (18779, 50)
Train on 9595 samples, validate on 1067 samples
Epoch 1/10
 - 6s - loss: 0.7017 - accuracy: 0.4966 - val_loss: 0.6933 - val_accuracy: 0.4920
Epoch 2/10
 - 5s - loss: 0.6929 - accuracy: 0.5136 - val_loss: 0.6894 - val_accuracy: 0.5764
Epoch 3/10
 - 5s - loss: 0.6892 - accuracy: 0.5302 - val_loss: 0.6852 - val_accuracy: 0.6073
Epoch 4/10
 - 5s - loss: 0.6791 - accuracy: 0.5664 - val_loss: 0.6646 - val_accuracy: 0.6439
Epoch 5/10
 - 5s - loss: 0.6535 - accuracy: 0.6108 - val_loss: 0.6298 - val_accuracy: 0.6795
Epoch 6/10
 - 5s - loss: 0.5920 - accuracy: 0.6857 - val_loss: 0.5544 - val_accuracy: 0.7591
Epoch 7/10
 - 5s - loss: 0.4979 - accuracy: 0.7637 - val_loss: 0.4929 - val_accuracy: 0.7779
Epoch 8/10
 - 5s - loss: 0.4200 - accuracy: 0.8081 - val_loss: 0.4843 - val_accuracy: 0.7854
Epoch 9/10
 - 5s - loss: 0.3658 - accuracy: 0.8406 - val_loss: 0.4790 - val_accuracy: 0.7835
Epoch 10/10
 - 5s - loss: 0.3086 - accuracy: 0.8656 - val_loss: 0.5011 - val_accuracy: 0.7723
Training time:53.338268995285034
