Using TensorFlow backend.
WARNING:tensorflow:From /Volumes/Transcend/opt/anaconda3/envs/keras/lib/python3.6/site-packages/tensorflow_core/python/ops/resource_variable_ops.py:1630: calling BaseResourceVariable.__init__ (from tensorflow.python.ops.resource_variable_ops) with constraint is deprecated and will be removed in a future version.
Instructions for updating:
If using Keras pass *_constraint arguments to layers.
WARNING:tensorflow:From /Volumes/Transcend/opt/anaconda3/envs/keras/lib/python3.6/site-packages/keras/backend/tensorflow_backend.py:4070: The name tf.nn.max_pool is deprecated. Please use tf.nn.max_pool2d instead.

WARNING:tensorflow:Large dropout rate: 0.8 (>0.5). In TensorFlow 2.x, dropout() uses dropout rate instead of keep_prob. Please ensure that this is intended.
WARNING:tensorflow:From /Volumes/Transcend/opt/anaconda3/envs/keras/lib/python3.6/site-packages/tensorflow_core/python/ops/nn_impl.py:183: where (from tensorflow.python.ops.array_ops) is deprecated and will be removed in a future version.
Instructions for updating:
Use tf.where in 2.0, which has the same broadcast rule as np.where
2020-02-02 16:39:14.264744: I tensorflow/core/platform/cpu_feature_guard.cc:142] Your CPU supports instructions that this TensorFlow binary was not compiled to use: AVX2 FMA
2020-02-02 16:39:14.279682: I tensorflow/compiler/xla/service/service.cc:168] XLA service 0x7fb0629b9d40 initialized for platform Host (this does not guarantee that XLA will be used). Devices:
2020-02-02 16:39:14.279706: I tensorflow/compiler/xla/service/service.cc:176]   StreamExecutor device (0): Host, Default Version
WARNING:tensorflow:From /Volumes/Transcend/opt/anaconda3/envs/keras/lib/python3.6/site-packages/keras/backend/tensorflow_backend.py:422: The name tf.global_variables is deprecated. Please use tf.compat.v1.global_variables instead.

Load data...
Adjusting sequence length for actual size
x_train shape: (9595, 56)
x_test shape: (1067, 56)
Vocabulary Size: 18779
Model type is CNN-non-static
Load existing Word2Vec model '50features_1minwords_10context'
Initializing embedding layer with word2vec weights, shape (18779, 50)
Train on 9595 samples, validate on 1067 samples
Epoch 1/10
 - 5s - loss: 0.7017 - accuracy: 0.4990 - val_loss: 0.6933 - val_accuracy: 0.4986
Epoch 2/10
 - 5s - loss: 0.6939 - accuracy: 0.5065 - val_loss: 0.6922 - val_accuracy: 0.5098
Epoch 3/10
 - 5s - loss: 0.6911 - accuracy: 0.5244 - val_loss: 0.6893 - val_accuracy: 0.5876
Epoch 4/10
 - 5s - loss: 0.6824 - accuracy: 0.5565 - val_loss: 0.6711 - val_accuracy: 0.6157
Epoch 5/10
 - 5s - loss: 0.6539 - accuracy: 0.6127 - val_loss: 0.6298 - val_accuracy: 0.6739
Epoch 6/10
 - 5s - loss: 0.5937 - accuracy: 0.6873 - val_loss: 0.5668 - val_accuracy: 0.7413
Epoch 7/10
 - 5s - loss: 0.5019 - accuracy: 0.7573 - val_loss: 0.4957 - val_accuracy: 0.7779
Epoch 8/10
 - 6s - loss: 0.4301 - accuracy: 0.8035 - val_loss: 0.4878 - val_accuracy: 0.7844
Epoch 9/10
 - 5s - loss: 0.3753 - accuracy: 0.8328 - val_loss: 0.4826 - val_accuracy: 0.7798
Epoch 10/10
 - 5s - loss: 0.3283 - accuracy: 0.8527 - val_loss: 0.4846 - val_accuracy: 0.7788
Training time:52.64639711380005
