Using TensorFlow backend.
WARNING:tensorflow:From /Volumes/Transcend/opt/anaconda3/envs/keras/lib/python3.6/site-packages/tensorflow_core/python/ops/resource_variable_ops.py:1630: calling BaseResourceVariable.__init__ (from tensorflow.python.ops.resource_variable_ops) with constraint is deprecated and will be removed in a future version.
Instructions for updating:
If using Keras pass *_constraint arguments to layers.
WARNING:tensorflow:From /Volumes/Transcend/opt/anaconda3/envs/keras/lib/python3.6/site-packages/keras/backend/tensorflow_backend.py:4070: The name tf.nn.max_pool is deprecated. Please use tf.nn.max_pool2d instead.

WARNING:tensorflow:Large dropout rate: 0.8 (>0.5). In TensorFlow 2.x, dropout() uses dropout rate instead of keep_prob. Please ensure that this is intended.
WARNING:tensorflow:From /Volumes/Transcend/opt/anaconda3/envs/keras/lib/python3.6/site-packages/tensorflow_core/python/ops/nn_impl.py:183: where (from tensorflow.python.ops.array_ops) is deprecated and will be removed in a future version.
Instructions for updating:
Use tf.where in 2.0, which has the same broadcast rule as np.where
2020-02-02 16:40:13.994543: I tensorflow/core/platform/cpu_feature_guard.cc:142] Your CPU supports instructions that this TensorFlow binary was not compiled to use: AVX2 FMA
2020-02-02 16:40:14.007850: I tensorflow/compiler/xla/service/service.cc:168] XLA service 0x7ffe5aa08950 initialized for platform Host (this does not guarantee that XLA will be used). Devices:
2020-02-02 16:40:14.007871: I tensorflow/compiler/xla/service/service.cc:176]   StreamExecutor device (0): Host, Default Version
WARNING:tensorflow:From /Volumes/Transcend/opt/anaconda3/envs/keras/lib/python3.6/site-packages/keras/backend/tensorflow_backend.py:422: The name tf.global_variables is deprecated. Please use tf.compat.v1.global_variables instead.

Load data...
Adjusting sequence length for actual size
x_train shape: (9595, 56)
x_test shape: (1067, 56)
Vocabulary Size: 18779
Model type is CNN-non-static
Load existing Word2Vec model '50features_1minwords_10context'
Initializing embedding layer with word2vec weights, shape (18779, 50)
Train on 9595 samples, validate on 1067 samples
Epoch 1/10
 - 6s - loss: 0.7017 - accuracy: 0.4988 - val_loss: 0.6933 - val_accuracy: 0.4967
Epoch 2/10
 - 5s - loss: 0.6931 - accuracy: 0.5162 - val_loss: 0.6906 - val_accuracy: 0.5492
Epoch 3/10
 - 5s - loss: 0.6893 - accuracy: 0.5314 - val_loss: 0.6844 - val_accuracy: 0.6111
Epoch 4/10
 - 5s - loss: 0.6778 - accuracy: 0.5662 - val_loss: 0.6649 - val_accuracy: 0.6279
Epoch 5/10
 - 5s - loss: 0.6489 - accuracy: 0.6153 - val_loss: 0.6258 - val_accuracy: 0.6860
Epoch 6/10
 - 5s - loss: 0.5904 - accuracy: 0.6887 - val_loss: 0.5555 - val_accuracy: 0.7591
Epoch 7/10
 - 5s - loss: 0.5012 - accuracy: 0.7562 - val_loss: 0.4949 - val_accuracy: 0.7901
Epoch 8/10
 - 5s - loss: 0.4243 - accuracy: 0.8080 - val_loss: 0.4854 - val_accuracy: 0.7873
Epoch 9/10
 - 6s - loss: 0.3667 - accuracy: 0.8369 - val_loss: 0.4884 - val_accuracy: 0.7779
Epoch 10/10
 - 6s - loss: 0.3185 - accuracy: 0.8583 - val_loss: 0.5020 - val_accuracy: 0.7694
Training time:56.26406788825989
