ERROR (theano.gof.opt): Optimization failure due to: local_mul_canonizer
ERROR (theano.gof.opt): node: Elemwise{mul,no_inplace}(W, InplaceDimShuffle{x,x}.0)
ERROR (theano.gof.opt): TRACEBACK:
ERROR (theano.gof.opt): Traceback (most recent call last):
  File "/Volumes/Transcend/opt/anaconda3/envs/theano/lib/python2.7/site-packages/theano/gof/opt.py", line 2034, in process_node
    replacements = lopt.transform(node)
  File "/Volumes/Transcend/opt/anaconda3/envs/theano/lib/python2.7/site-packages/theano/tensor/opt.py", line 4989, in transform
    num, denum = self.simplify(list(orig_num), list(orig_denum), out.type)
  File "/Volumes/Transcend/opt/anaconda3/envs/theano/lib/python2.7/site-packages/theano/tensor/opt.py", line 4838, in simplify
    rval = simplifier(*rval)
  File "/Volumes/Transcend/opt/anaconda3/envs/theano/lib/python2.7/site-packages/theano/tensor/nnet/nnet.py", line 896, in softmax_simplifier
    if numerator.owner or numerator.owner.op == tensor.exp:
AttributeError: 'NoneType' object has no attribute 'op'

ERROR (theano.gof.opt): Optimization failure due to: local_mul_canonizer
ERROR (theano.gof.opt): node: Elemwise{mul,no_inplace}(W, TensorConstant{(1, 1) of 0.5})
ERROR (theano.gof.opt): TRACEBACK:
ERROR (theano.gof.opt): Traceback (most recent call last):
  File "/Volumes/Transcend/opt/anaconda3/envs/theano/lib/python2.7/site-packages/theano/gof/opt.py", line 2034, in process_node
    replacements = lopt.transform(node)
  File "/Volumes/Transcend/opt/anaconda3/envs/theano/lib/python2.7/site-packages/theano/tensor/opt.py", line 4989, in transform
    num, denum = self.simplify(list(orig_num), list(orig_denum), out.type)
  File "/Volumes/Transcend/opt/anaconda3/envs/theano/lib/python2.7/site-packages/theano/tensor/opt.py", line 4838, in simplify
    rval = simplifier(*rval)
  File "/Volumes/Transcend/opt/anaconda3/envs/theano/lib/python2.7/site-packages/theano/tensor/nnet/nnet.py", line 896, in softmax_simplifier
    if numerator.owner or numerator.owner.op == tensor.exp:
AttributeError: 'NoneType' object has no attribute 'op'

ERROR (theano.gof.opt): Optimization failure due to: local_mul_canonizer
ERROR (theano.gof.opt): node: Elemwise{mul,no_inplace}(W, TensorConstant{(1, 1) of 0.5})
ERROR (theano.gof.opt): TRACEBACK:
ERROR (theano.gof.opt): Traceback (most recent call last):
  File "/Volumes/Transcend/opt/anaconda3/envs/theano/lib/python2.7/site-packages/theano/gof/opt.py", line 2034, in process_node
    replacements = lopt.transform(node)
  File "/Volumes/Transcend/opt/anaconda3/envs/theano/lib/python2.7/site-packages/theano/tensor/opt.py", line 4989, in transform
    num, denum = self.simplify(list(orig_num), list(orig_denum), out.type)
  File "/Volumes/Transcend/opt/anaconda3/envs/theano/lib/python2.7/site-packages/theano/tensor/opt.py", line 4838, in simplify
    rval = simplifier(*rval)
  File "/Volumes/Transcend/opt/anaconda3/envs/theano/lib/python2.7/site-packages/theano/tensor/nnet/nnet.py", line 896, in softmax_simplifier
    if numerator.owner or numerator.owner.op == tensor.exp:
AttributeError: 'NoneType' object has no attribute 'op'

ERROR (theano.gof.opt): Optimization failure due to: local_mul_canonizer
ERROR (theano.gof.opt): node: Elemwise{mul,no_inplace}(W, InplaceDimShuffle{x,x}.0)
ERROR (theano.gof.opt): TRACEBACK:
ERROR (theano.gof.opt): Traceback (most recent call last):
  File "/Volumes/Transcend/opt/anaconda3/envs/theano/lib/python2.7/site-packages/theano/gof/opt.py", line 2034, in process_node
    replacements = lopt.transform(node)
  File "/Volumes/Transcend/opt/anaconda3/envs/theano/lib/python2.7/site-packages/theano/tensor/opt.py", line 4989, in transform
    num, denum = self.simplify(list(orig_num), list(orig_denum), out.type)
  File "/Volumes/Transcend/opt/anaconda3/envs/theano/lib/python2.7/site-packages/theano/tensor/opt.py", line 4838, in simplify
    rval = simplifier(*rval)
  File "/Volumes/Transcend/opt/anaconda3/envs/theano/lib/python2.7/site-packages/theano/tensor/nnet/nnet.py", line 896, in softmax_simplifier
    if numerator.owner or numerator.owner.op == tensor.exp:
AttributeError: 'NoneType' object has no attribute 'op'

ERROR (theano.gof.opt): Optimization failure due to: local_mul_canonizer
ERROR (theano.gof.opt): node: Elemwise{mul,no_inplace}(W, TensorConstant{(1, 1) of 0.5})
ERROR (theano.gof.opt): TRACEBACK:
ERROR (theano.gof.opt): Traceback (most recent call last):
  File "/Volumes/Transcend/opt/anaconda3/envs/theano/lib/python2.7/site-packages/theano/gof/opt.py", line 2034, in process_node
    replacements = lopt.transform(node)
  File "/Volumes/Transcend/opt/anaconda3/envs/theano/lib/python2.7/site-packages/theano/tensor/opt.py", line 4989, in transform
    num, denum = self.simplify(list(orig_num), list(orig_denum), out.type)
  File "/Volumes/Transcend/opt/anaconda3/envs/theano/lib/python2.7/site-packages/theano/tensor/opt.py", line 4838, in simplify
    rval = simplifier(*rval)
  File "/Volumes/Transcend/opt/anaconda3/envs/theano/lib/python2.7/site-packages/theano/tensor/nnet/nnet.py", line 896, in softmax_simplifier
    if numerator.owner or numerator.owner.op == tensor.exp:
AttributeError: 'NoneType' object has no attribute 'op'

ERROR (theano.gof.opt): Optimization failure due to: local_mul_canonizer
ERROR (theano.gof.opt): node: Elemwise{mul,no_inplace}(W, TensorConstant{(1, 1) of 0.5})
ERROR (theano.gof.opt): TRACEBACK:
ERROR (theano.gof.opt): Traceback (most recent call last):
  File "/Volumes/Transcend/opt/anaconda3/envs/theano/lib/python2.7/site-packages/theano/gof/opt.py", line 2034, in process_node
    replacements = lopt.transform(node)
  File "/Volumes/Transcend/opt/anaconda3/envs/theano/lib/python2.7/site-packages/theano/tensor/opt.py", line 4989, in transform
    num, denum = self.simplify(list(orig_num), list(orig_denum), out.type)
  File "/Volumes/Transcend/opt/anaconda3/envs/theano/lib/python2.7/site-packages/theano/tensor/opt.py", line 4838, in simplify
    rval = simplifier(*rval)
  File "/Volumes/Transcend/opt/anaconda3/envs/theano/lib/python2.7/site-packages/theano/tensor/nnet/nnet.py", line 896, in softmax_simplifier
    if numerator.owner or numerator.owner.op == tensor.exp:
AttributeError: 'NoneType' object has no attribute 'op'

ERROR (theano.gof.opt): Optimization failure due to: local_mul_canonizer
ERROR (theano.gof.opt): node: Elemwise{mul,no_inplace}(InplaceDimShuffle{x,x}.0, exp_grad_Words)
ERROR (theano.gof.opt): TRACEBACK:
ERROR (theano.gof.opt): Traceback (most recent call last):
  File "/Volumes/Transcend/opt/anaconda3/envs/theano/lib/python2.7/site-packages/theano/gof/opt.py", line 2034, in process_node
    replacements = lopt.transform(node)
  File "/Volumes/Transcend/opt/anaconda3/envs/theano/lib/python2.7/site-packages/theano/tensor/opt.py", line 4989, in transform
    num, denum = self.simplify(list(orig_num), list(orig_denum), out.type)
  File "/Volumes/Transcend/opt/anaconda3/envs/theano/lib/python2.7/site-packages/theano/tensor/opt.py", line 4838, in simplify
    rval = simplifier(*rval)
  File "/Volumes/Transcend/opt/anaconda3/envs/theano/lib/python2.7/site-packages/theano/tensor/nnet/nnet.py", line 896, in softmax_simplifier
    if numerator.owner or numerator.owner.op == tensor.exp:
AttributeError: 'NoneType' object has no attribute 'op'

ERROR (theano.gof.opt): Optimization failure due to: local_mul_canonizer
ERROR (theano.gof.opt): node: Elemwise{mul,no_inplace}(InplaceDimShuffle{x,x}.0, exp_grad_W)
ERROR (theano.gof.opt): TRACEBACK:
ERROR (theano.gof.opt): Traceback (most recent call last):
  File "/Volumes/Transcend/opt/anaconda3/envs/theano/lib/python2.7/site-packages/theano/gof/opt.py", line 2034, in process_node
    replacements = lopt.transform(node)
  File "/Volumes/Transcend/opt/anaconda3/envs/theano/lib/python2.7/site-packages/theano/tensor/opt.py", line 4989, in transform
    num, denum = self.simplify(list(orig_num), list(orig_denum), out.type)
  File "/Volumes/Transcend/opt/anaconda3/envs/theano/lib/python2.7/site-packages/theano/tensor/opt.py", line 4838, in simplify
    rval = simplifier(*rval)
  File "/Volumes/Transcend/opt/anaconda3/envs/theano/lib/python2.7/site-packages/theano/tensor/nnet/nnet.py", line 896, in softmax_simplifier
    if numerator.owner or numerator.owner.op == tensor.exp:
AttributeError: 'NoneType' object has no attribute 'op'

ERROR (theano.gof.opt): Optimization failure due to: local_greedy_distributor
ERROR (theano.gof.opt): node: Elemwise{mul,no_inplace}(Elemwise{add,no_inplace}.0, InplaceDimShuffle{x,0}.0)
ERROR (theano.gof.opt): TRACEBACK:
ERROR (theano.gof.opt): Traceback (most recent call last):
  File "/Volumes/Transcend/opt/anaconda3/envs/theano/lib/python2.7/site-packages/theano/gof/opt.py", line 2034, in process_node
    replacements = lopt.transform(node)
  File "/Volumes/Transcend/opt/anaconda3/envs/theano/lib/python2.7/site-packages/theano/tensor/opt.py", line 6468, in local_greedy_distributor
    candidate, num, denum, out_type,)
  File "/Volumes/Transcend/opt/anaconda3/envs/theano/lib/python2.7/site-packages/theano/tensor/opt.py", line 6406, in attempt_distribution
    neg_pairs, [n], [], out_type)
  File "/Volumes/Transcend/opt/anaconda3/envs/theano/lib/python2.7/site-packages/theano/tensor/opt.py", line 6378, in distribute_greedy
    in pos_pairs]))
  File "/Volumes/Transcend/opt/anaconda3/envs/theano/lib/python2.7/site-packages/theano/tensor/opt.py", line 4838, in simplify
    rval = simplifier(*rval)
  File "/Volumes/Transcend/opt/anaconda3/envs/theano/lib/python2.7/site-packages/theano/tensor/nnet/nnet.py", line 896, in softmax_simplifier
    if numerator.owner or numerator.owner.op == tensor.exp:
AttributeError: 'NoneType' object has no attribute 'op'

ERROR (theano.gof.opt): Optimization failure due to: local_mul_canonizer
ERROR (theano.gof.opt): node: Elemwise{mul,no_inplace}(InplaceDimShuffle{x,x}.0, exp_grad_W)
ERROR (theano.gof.opt): TRACEBACK:
ERROR (theano.gof.opt): Traceback (most recent call last):
  File "/Volumes/Transcend/opt/anaconda3/envs/theano/lib/python2.7/site-packages/theano/gof/opt.py", line 2034, in process_node
    replacements = lopt.transform(node)
  File "/Volumes/Transcend/opt/anaconda3/envs/theano/lib/python2.7/site-packages/theano/tensor/opt.py", line 4989, in transform
    num, denum = self.simplify(list(orig_num), list(orig_denum), out.type)
  File "/Volumes/Transcend/opt/anaconda3/envs/theano/lib/python2.7/site-packages/theano/tensor/opt.py", line 4838, in simplify
    rval = simplifier(*rval)
  File "/Volumes/Transcend/opt/anaconda3/envs/theano/lib/python2.7/site-packages/theano/tensor/nnet/nnet.py", line 896, in softmax_simplifier
    if numerator.owner or numerator.owner.op == tensor.exp:
AttributeError: 'NoneType' object has no attribute 'op'

ERROR (theano.gof.opt): Optimization failure due to: local_mul_canonizer
ERROR (theano.gof.opt): node: Elemwise{mul,no_inplace}(InplaceDimShuffle{x,x}.0, exp_grad_Words)
ERROR (theano.gof.opt): TRACEBACK:
ERROR (theano.gof.opt): Traceback (most recent call last):
  File "/Volumes/Transcend/opt/anaconda3/envs/theano/lib/python2.7/site-packages/theano/gof/opt.py", line 2034, in process_node
    replacements = lopt.transform(node)
  File "/Volumes/Transcend/opt/anaconda3/envs/theano/lib/python2.7/site-packages/theano/tensor/opt.py", line 4989, in transform
    num, denum = self.simplify(list(orig_num), list(orig_denum), out.type)
  File "/Volumes/Transcend/opt/anaconda3/envs/theano/lib/python2.7/site-packages/theano/tensor/opt.py", line 4838, in simplify
    rval = simplifier(*rval)
  File "/Volumes/Transcend/opt/anaconda3/envs/theano/lib/python2.7/site-packages/theano/tensor/nnet/nnet.py", line 896, in softmax_simplifier
    if numerator.owner or numerator.owner.op == tensor.exp:
AttributeError: 'NoneType' object has no attribute 'op'

ERROR (theano.gof.opt): Optimization failure due to: local_mul_canonizer
ERROR (theano.gof.opt): node: Elemwise{mul,no_inplace}(W, InplaceDimShuffle{x,x}.0)
ERROR (theano.gof.opt): TRACEBACK:
ERROR (theano.gof.opt): Traceback (most recent call last):
  File "/Volumes/Transcend/opt/anaconda3/envs/theano/lib/python2.7/site-packages/theano/gof/opt.py", line 2034, in process_node
    replacements = lopt.transform(node)
  File "/Volumes/Transcend/opt/anaconda3/envs/theano/lib/python2.7/site-packages/theano/tensor/opt.py", line 4989, in transform
    num, denum = self.simplify(list(orig_num), list(orig_denum), out.type)
  File "/Volumes/Transcend/opt/anaconda3/envs/theano/lib/python2.7/site-packages/theano/tensor/opt.py", line 4838, in simplify
    rval = simplifier(*rval)
  File "/Volumes/Transcend/opt/anaconda3/envs/theano/lib/python2.7/site-packages/theano/tensor/nnet/nnet.py", line 896, in softmax_simplifier
    if numerator.owner or numerator.owner.op == tensor.exp:
AttributeError: 'NoneType' object has no attribute 'op'

ERROR (theano.gof.opt): Optimization failure due to: local_mul_canonizer
ERROR (theano.gof.opt): node: Elemwise{mul,no_inplace}(TensorConstant{(1, 1) of 0.95}, exp_grad_Words)
ERROR (theano.gof.opt): TRACEBACK:
ERROR (theano.gof.opt): Traceback (most recent call last):
  File "/Volumes/Transcend/opt/anaconda3/envs/theano/lib/python2.7/site-packages/theano/gof/opt.py", line 2034, in process_node
    replacements = lopt.transform(node)
  File "/Volumes/Transcend/opt/anaconda3/envs/theano/lib/python2.7/site-packages/theano/tensor/opt.py", line 4989, in transform
    num, denum = self.simplify(list(orig_num), list(orig_denum), out.type)
  File "/Volumes/Transcend/opt/anaconda3/envs/theano/lib/python2.7/site-packages/theano/tensor/opt.py", line 4838, in simplify
    rval = simplifier(*rval)
  File "/Volumes/Transcend/opt/anaconda3/envs/theano/lib/python2.7/site-packages/theano/tensor/nnet/nnet.py", line 896, in softmax_simplifier
    if numerator.owner or numerator.owner.op == tensor.exp:
AttributeError: 'NoneType' object has no attribute 'op'

ERROR (theano.gof.opt): Optimization failure due to: local_mul_canonizer
ERROR (theano.gof.opt): node: Elemwise{mul,no_inplace}(TensorConstant{(1, 1) of 0.05}, Elemwise{sqr,no_inplace}.0)
ERROR (theano.gof.opt): TRACEBACK:
ERROR (theano.gof.opt): Traceback (most recent call last):
  File "/Volumes/Transcend/opt/anaconda3/envs/theano/lib/python2.7/site-packages/theano/gof/opt.py", line 2034, in process_node
    replacements = lopt.transform(node)
  File "/Volumes/Transcend/opt/anaconda3/envs/theano/lib/python2.7/site-packages/theano/tensor/opt.py", line 4989, in transform
    num, denum = self.simplify(list(orig_num), list(orig_denum), out.type)
  File "/Volumes/Transcend/opt/anaconda3/envs/theano/lib/python2.7/site-packages/theano/tensor/opt.py", line 4838, in simplify
    rval = simplifier(*rval)
  File "/Volumes/Transcend/opt/anaconda3/envs/theano/lib/python2.7/site-packages/theano/tensor/nnet/nnet.py", line 896, in softmax_simplifier
    if numerator.owner or numerator.owner.op == tensor.exp:
AttributeError: 'NoneType' object has no attribute 'op'

ERROR (theano.gof.opt): Optimization failure due to: local_mul_canonizer
ERROR (theano.gof.opt): node: Elemwise{mul,no_inplace}(TensorConstant{(1, 1) of 0.95}, exp_grad_W)
ERROR (theano.gof.opt): TRACEBACK:
ERROR (theano.gof.opt): Traceback (most recent call last):
  File "/Volumes/Transcend/opt/anaconda3/envs/theano/lib/python2.7/site-packages/theano/gof/opt.py", line 2034, in process_node
    replacements = lopt.transform(node)
  File "/Volumes/Transcend/opt/anaconda3/envs/theano/lib/python2.7/site-packages/theano/tensor/opt.py", line 4989, in transform
    num, denum = self.simplify(list(orig_num), list(orig_denum), out.type)
  File "/Volumes/Transcend/opt/anaconda3/envs/theano/lib/python2.7/site-packages/theano/tensor/opt.py", line 4838, in simplify
    rval = simplifier(*rval)
  File "/Volumes/Transcend/opt/anaconda3/envs/theano/lib/python2.7/site-packages/theano/tensor/nnet/nnet.py", line 896, in softmax_simplifier
    if numerator.owner or numerator.owner.op == tensor.exp:
AttributeError: 'NoneType' object has no attribute 'op'

ERROR (theano.gof.opt): Optimization failure due to: local_mul_canonizer
ERROR (theano.gof.opt): node: Elemwise{mul,no_inplace}(TensorConstant{(1, 1) of 0.05}, Elemwise{sqr,no_inplace}.0)
ERROR (theano.gof.opt): TRACEBACK:
ERROR (theano.gof.opt): Traceback (most recent call last):
  File "/Volumes/Transcend/opt/anaconda3/envs/theano/lib/python2.7/site-packages/theano/gof/opt.py", line 2034, in process_node
    replacements = lopt.transform(node)
  File "/Volumes/Transcend/opt/anaconda3/envs/theano/lib/python2.7/site-packages/theano/tensor/opt.py", line 4989, in transform
    num, denum = self.simplify(list(orig_num), list(orig_denum), out.type)
  File "/Volumes/Transcend/opt/anaconda3/envs/theano/lib/python2.7/site-packages/theano/tensor/opt.py", line 4838, in simplify
    rval = simplifier(*rval)
  File "/Volumes/Transcend/opt/anaconda3/envs/theano/lib/python2.7/site-packages/theano/tensor/nnet/nnet.py", line 896, in softmax_simplifier
    if numerator.owner or numerator.owner.op == tensor.exp:
AttributeError: 'NoneType' object has no attribute 'op'

ERROR (theano.gof.opt): Optimization failure due to: local_greedy_distributor
ERROR (theano.gof.opt): node: Elemwise{mul,no_inplace}(Elemwise{add,no_inplace}.0, Elemwise{true_div,no_inplace}.0)
ERROR (theano.gof.opt): TRACEBACK:
ERROR (theano.gof.opt): Traceback (most recent call last):
  File "/Volumes/Transcend/opt/anaconda3/envs/theano/lib/python2.7/site-packages/theano/gof/opt.py", line 2034, in process_node
    replacements = lopt.transform(node)
  File "/Volumes/Transcend/opt/anaconda3/envs/theano/lib/python2.7/site-packages/theano/tensor/opt.py", line 6468, in local_greedy_distributor
    candidate, num, denum, out_type,)
  File "/Volumes/Transcend/opt/anaconda3/envs/theano/lib/python2.7/site-packages/theano/tensor/opt.py", line 6406, in attempt_distribution
    neg_pairs, [n], [], out_type)
  File "/Volumes/Transcend/opt/anaconda3/envs/theano/lib/python2.7/site-packages/theano/tensor/opt.py", line 6378, in distribute_greedy
    in pos_pairs]))
  File "/Volumes/Transcend/opt/anaconda3/envs/theano/lib/python2.7/site-packages/theano/tensor/opt.py", line 4838, in simplify
    rval = simplifier(*rval)
  File "/Volumes/Transcend/opt/anaconda3/envs/theano/lib/python2.7/site-packages/theano/tensor/nnet/nnet.py", line 896, in softmax_simplifier
    if numerator.owner or numerator.owner.op == tensor.exp:
AttributeError: 'NoneType' object has no attribute 'op'

ERROR (theano.gof.opt): Optimization failure due to: local_mul_canonizer
ERROR (theano.gof.opt): node: Elemwise{mul,no_inplace}(Elemwise{mul,no_inplace}.0, dot.0)
ERROR (theano.gof.opt): TRACEBACK:
ERROR (theano.gof.opt): Traceback (most recent call last):
  File "/Volumes/Transcend/opt/anaconda3/envs/theano/lib/python2.7/site-packages/theano/gof/opt.py", line 2034, in process_node
    replacements = lopt.transform(node)
  File "/Volumes/Transcend/opt/anaconda3/envs/theano/lib/python2.7/site-packages/theano/tensor/opt.py", line 4989, in transform
    num, denum = self.simplify(list(orig_num), list(orig_denum), out.type)
  File "/Volumes/Transcend/opt/anaconda3/envs/theano/lib/python2.7/site-packages/theano/tensor/opt.py", line 4838, in simplify
    rval = simplifier(*rval)
  File "/Volumes/Transcend/opt/anaconda3/envs/theano/lib/python2.7/site-packages/theano/tensor/nnet/nnet.py", line 896, in softmax_simplifier
    if numerator.owner or numerator.owner.op == tensor.exp:
AttributeError: 'NoneType' object has no attribute 'op'

ERROR (theano.gof.opt): Optimization failure due to: local_mul_canonizer
ERROR (theano.gof.opt): node: Elemwise{mul,no_inplace}(TensorConstant{(1, 1) of 0.95}, exp_grad_W)
ERROR (theano.gof.opt): TRACEBACK:
ERROR (theano.gof.opt): Traceback (most recent call last):
  File "/Volumes/Transcend/opt/anaconda3/envs/theano/lib/python2.7/site-packages/theano/gof/opt.py", line 2034, in process_node
    replacements = lopt.transform(node)
  File "/Volumes/Transcend/opt/anaconda3/envs/theano/lib/python2.7/site-packages/theano/tensor/opt.py", line 4989, in transform
    num, denum = self.simplify(list(orig_num), list(orig_denum), out.type)
  File "/Volumes/Transcend/opt/anaconda3/envs/theano/lib/python2.7/site-packages/theano/tensor/opt.py", line 4838, in simplify
    rval = simplifier(*rval)
  File "/Volumes/Transcend/opt/anaconda3/envs/theano/lib/python2.7/site-packages/theano/tensor/nnet/nnet.py", line 896, in softmax_simplifier
    if numerator.owner or numerator.owner.op == tensor.exp:
AttributeError: 'NoneType' object has no attribute 'op'

ERROR (theano.gof.opt): Optimization failure due to: local_mul_canonizer
ERROR (theano.gof.opt): node: Elemwise{mul,no_inplace}(TensorConstant{(1, 1) of 0.05}, Elemwise{sqr,no_inplace}.0)
ERROR (theano.gof.opt): TRACEBACK:
ERROR (theano.gof.opt): Traceback (most recent call last):
  File "/Volumes/Transcend/opt/anaconda3/envs/theano/lib/python2.7/site-packages/theano/gof/opt.py", line 2034, in process_node
    replacements = lopt.transform(node)
  File "/Volumes/Transcend/opt/anaconda3/envs/theano/lib/python2.7/site-packages/theano/tensor/opt.py", line 4989, in transform
    num, denum = self.simplify(list(orig_num), list(orig_denum), out.type)
  File "/Volumes/Transcend/opt/anaconda3/envs/theano/lib/python2.7/site-packages/theano/tensor/opt.py", line 4838, in simplify
    rval = simplifier(*rval)
  File "/Volumes/Transcend/opt/anaconda3/envs/theano/lib/python2.7/site-packages/theano/tensor/nnet/nnet.py", line 896, in softmax_simplifier
    if numerator.owner or numerator.owner.op == tensor.exp:
AttributeError: 'NoneType' object has no attribute 'op'

ERROR (theano.gof.opt): Optimization failure due to: local_mul_canonizer
ERROR (theano.gof.opt): node: Elemwise{mul,no_inplace}(Elemwise{mul,no_inplace}.0, AdvancedIncSubtensor1{no_inplace,inc}.0)
ERROR (theano.gof.opt): TRACEBACK:
ERROR (theano.gof.opt): Traceback (most recent call last):
  File "/Volumes/Transcend/opt/anaconda3/envs/theano/lib/python2.7/site-packages/theano/gof/opt.py", line 2034, in process_node
    replacements = lopt.transform(node)
  File "/Volumes/Transcend/opt/anaconda3/envs/theano/lib/python2.7/site-packages/theano/tensor/opt.py", line 4989, in transform
    num, denum = self.simplify(list(orig_num), list(orig_denum), out.type)
  File "/Volumes/Transcend/opt/anaconda3/envs/theano/lib/python2.7/site-packages/theano/tensor/opt.py", line 4838, in simplify
    rval = simplifier(*rval)
  File "/Volumes/Transcend/opt/anaconda3/envs/theano/lib/python2.7/site-packages/theano/tensor/nnet/nnet.py", line 896, in softmax_simplifier
    if numerator.owner or numerator.owner.op == tensor.exp:
AttributeError: 'NoneType' object has no attribute 'op'

ERROR (theano.gof.opt): Optimization failure due to: local_mul_canonizer
ERROR (theano.gof.opt): node: Elemwise{mul,no_inplace}(TensorConstant{(1, 1) of 0.95}, exp_grad_Words)
ERROR (theano.gof.opt): TRACEBACK:
ERROR (theano.gof.opt): Traceback (most recent call last):
  File "/Volumes/Transcend/opt/anaconda3/envs/theano/lib/python2.7/site-packages/theano/gof/opt.py", line 2034, in process_node
    replacements = lopt.transform(node)
  File "/Volumes/Transcend/opt/anaconda3/envs/theano/lib/python2.7/site-packages/theano/tensor/opt.py", line 4989, in transform
    num, denum = self.simplify(list(orig_num), list(orig_denum), out.type)
  File "/Volumes/Transcend/opt/anaconda3/envs/theano/lib/python2.7/site-packages/theano/tensor/opt.py", line 4838, in simplify
    rval = simplifier(*rval)
  File "/Volumes/Transcend/opt/anaconda3/envs/theano/lib/python2.7/site-packages/theano/tensor/nnet/nnet.py", line 896, in softmax_simplifier
    if numerator.owner or numerator.owner.op == tensor.exp:
AttributeError: 'NoneType' object has no attribute 'op'

ERROR (theano.gof.opt): Optimization failure due to: local_mul_canonizer
ERROR (theano.gof.opt): node: Elemwise{mul,no_inplace}(TensorConstant{(1, 1) of 0.05}, Elemwise{sqr,no_inplace}.0)
ERROR (theano.gof.opt): TRACEBACK:
ERROR (theano.gof.opt): Traceback (most recent call last):
  File "/Volumes/Transcend/opt/anaconda3/envs/theano/lib/python2.7/site-packages/theano/gof/opt.py", line 2034, in process_node
    replacements = lopt.transform(node)
  File "/Volumes/Transcend/opt/anaconda3/envs/theano/lib/python2.7/site-packages/theano/tensor/opt.py", line 4989, in transform
    num, denum = self.simplify(list(orig_num), list(orig_denum), out.type)
  File "/Volumes/Transcend/opt/anaconda3/envs/theano/lib/python2.7/site-packages/theano/tensor/opt.py", line 4838, in simplify
    rval = simplifier(*rval)
  File "/Volumes/Transcend/opt/anaconda3/envs/theano/lib/python2.7/site-packages/theano/tensor/nnet/nnet.py", line 896, in softmax_simplifier
    if numerator.owner or numerator.owner.op == tensor.exp:
AttributeError: 'NoneType' object has no attribute 'op'

ERROR (theano.gof.opt): Optimization failure due to: local_mul_canonizer
ERROR (theano.gof.opt): node: Elemwise{mul,no_inplace}(W, TensorConstant{(1, 1) of 0.5})
ERROR (theano.gof.opt): TRACEBACK:
ERROR (theano.gof.opt): Traceback (most recent call last):
  File "/Volumes/Transcend/opt/anaconda3/envs/theano/lib/python2.7/site-packages/theano/gof/opt.py", line 2034, in process_node
    replacements = lopt.transform(node)
  File "/Volumes/Transcend/opt/anaconda3/envs/theano/lib/python2.7/site-packages/theano/tensor/opt.py", line 4989, in transform
    num, denum = self.simplify(list(orig_num), list(orig_denum), out.type)
  File "/Volumes/Transcend/opt/anaconda3/envs/theano/lib/python2.7/site-packages/theano/tensor/opt.py", line 4838, in simplify
    rval = simplifier(*rval)
  File "/Volumes/Transcend/opt/anaconda3/envs/theano/lib/python2.7/site-packages/theano/tensor/nnet/nnet.py", line 896, in softmax_simplifier
    if numerator.owner or numerator.owner.op == tensor.exp:
AttributeError: 'NoneType' object has no attribute 'op'

ERROR (theano.gof.opt): Optimization failure due to: local_mul_canonizer
ERROR (theano.gof.opt): node: Elemwise{mul,no_inplace}(TensorConstant{(1, 1) of 0.95}, exp_grad_Words)
ERROR (theano.gof.opt): TRACEBACK:
ERROR (theano.gof.opt): Traceback (most recent call last):
  File "/Volumes/Transcend/opt/anaconda3/envs/theano/lib/python2.7/site-packages/theano/gof/opt.py", line 2034, in process_node
    replacements = lopt.transform(node)
  File "/Volumes/Transcend/opt/anaconda3/envs/theano/lib/python2.7/site-packages/theano/tensor/opt.py", line 4989, in transform
    num, denum = self.simplify(list(orig_num), list(orig_denum), out.type)
  File "/Volumes/Transcend/opt/anaconda3/envs/theano/lib/python2.7/site-packages/theano/tensor/opt.py", line 4838, in simplify
    rval = simplifier(*rval)
  File "/Volumes/Transcend/opt/anaconda3/envs/theano/lib/python2.7/site-packages/theano/tensor/nnet/nnet.py", line 896, in softmax_simplifier
    if numerator.owner or numerator.owner.op == tensor.exp:
AttributeError: 'NoneType' object has no attribute 'op'

ERROR (theano.gof.opt): Optimization failure due to: local_mul_canonizer
ERROR (theano.gof.opt): node: Elemwise{mul,no_inplace}(TensorConstant{(1, 1) of 0.05}, Elemwise{sqr,no_inplace}.0)
ERROR (theano.gof.opt): TRACEBACK:
ERROR (theano.gof.opt): Traceback (most recent call last):
  File "/Volumes/Transcend/opt/anaconda3/envs/theano/lib/python2.7/site-packages/theano/gof/opt.py", line 2034, in process_node
    replacements = lopt.transform(node)
  File "/Volumes/Transcend/opt/anaconda3/envs/theano/lib/python2.7/site-packages/theano/tensor/opt.py", line 4989, in transform
    num, denum = self.simplify(list(orig_num), list(orig_denum), out.type)
  File "/Volumes/Transcend/opt/anaconda3/envs/theano/lib/python2.7/site-packages/theano/tensor/opt.py", line 4838, in simplify
    rval = simplifier(*rval)
  File "/Volumes/Transcend/opt/anaconda3/envs/theano/lib/python2.7/site-packages/theano/tensor/nnet/nnet.py", line 896, in softmax_simplifier
    if numerator.owner or numerator.owner.op == tensor.exp:
AttributeError: 'NoneType' object has no attribute 'op'

ERROR (theano.gof.opt): Optimization failure due to: local_mul_canonizer
ERROR (theano.gof.opt): node: Elemwise{mul,no_inplace}(TensorConstant{(1, 1) of 0.95}, exp_grad_W)
ERROR (theano.gof.opt): TRACEBACK:
ERROR (theano.gof.opt): Traceback (most recent call last):
  File "/Volumes/Transcend/opt/anaconda3/envs/theano/lib/python2.7/site-packages/theano/gof/opt.py", line 2034, in process_node
    replacements = lopt.transform(node)
  File "/Volumes/Transcend/opt/anaconda3/envs/theano/lib/python2.7/site-packages/theano/tensor/opt.py", line 4989, in transform
    num, denum = self.simplify(list(orig_num), list(orig_denum), out.type)
  File "/Volumes/Transcend/opt/anaconda3/envs/theano/lib/python2.7/site-packages/theano/tensor/opt.py", line 4838, in simplify
    rval = simplifier(*rval)
  File "/Volumes/Transcend/opt/anaconda3/envs/theano/lib/python2.7/site-packages/theano/tensor/nnet/nnet.py", line 896, in softmax_simplifier
    if numerator.owner or numerator.owner.op == tensor.exp:
AttributeError: 'NoneType' object has no attribute 'op'

ERROR (theano.gof.opt): Optimization failure due to: local_mul_canonizer
ERROR (theano.gof.opt): node: Elemwise{mul,no_inplace}(TensorConstant{(1, 1) of 0.05}, Elemwise{sqr,no_inplace}.0)
ERROR (theano.gof.opt): TRACEBACK:
ERROR (theano.gof.opt): Traceback (most recent call last):
  File "/Volumes/Transcend/opt/anaconda3/envs/theano/lib/python2.7/site-packages/theano/gof/opt.py", line 2034, in process_node
    replacements = lopt.transform(node)
  File "/Volumes/Transcend/opt/anaconda3/envs/theano/lib/python2.7/site-packages/theano/tensor/opt.py", line 4989, in transform
    num, denum = self.simplify(list(orig_num), list(orig_denum), out.type)
  File "/Volumes/Transcend/opt/anaconda3/envs/theano/lib/python2.7/site-packages/theano/tensor/opt.py", line 4838, in simplify
    rval = simplifier(*rval)
  File "/Volumes/Transcend/opt/anaconda3/envs/theano/lib/python2.7/site-packages/theano/tensor/nnet/nnet.py", line 896, in softmax_simplifier
    if numerator.owner or numerator.owner.op == tensor.exp:
AttributeError: 'NoneType' object has no attribute 'op'

ERROR (theano.gof.opt): Optimization failure due to: local_greedy_distributor
ERROR (theano.gof.opt): node: Elemwise{mul,no_inplace}(Elemwise{add,no_inplace}.0, Elemwise{true_div,no_inplace}.0)
ERROR (theano.gof.opt): TRACEBACK:
ERROR (theano.gof.opt): Traceback (most recent call last):
  File "/Volumes/Transcend/opt/anaconda3/envs/theano/lib/python2.7/site-packages/theano/gof/opt.py", line 2034, in process_node
    replacements = lopt.transform(node)
  File "/Volumes/Transcend/opt/anaconda3/envs/theano/lib/python2.7/site-packages/theano/tensor/opt.py", line 6468, in local_greedy_distributor
    candidate, num, denum, out_type,)
  File "/Volumes/Transcend/opt/anaconda3/envs/theano/lib/python2.7/site-packages/theano/tensor/opt.py", line 6406, in attempt_distribution
    neg_pairs, [n], [], out_type)
  File "/Volumes/Transcend/opt/anaconda3/envs/theano/lib/python2.7/site-packages/theano/tensor/opt.py", line 6378, in distribute_greedy
    in pos_pairs]))
  File "/Volumes/Transcend/opt/anaconda3/envs/theano/lib/python2.7/site-packages/theano/tensor/opt.py", line 4838, in simplify
    rval = simplifier(*rval)
  File "/Volumes/Transcend/opt/anaconda3/envs/theano/lib/python2.7/site-packages/theano/tensor/nnet/nnet.py", line 896, in softmax_simplifier
    if numerator.owner or numerator.owner.op == tensor.exp:
AttributeError: 'NoneType' object has no attribute 'op'

ERROR (theano.gof.opt): Optimization failure due to: local_mul_canonizer
ERROR (theano.gof.opt): node: Elemwise{mul,no_inplace}(Elemwise{mul,no_inplace}.0, dot.0)
ERROR (theano.gof.opt): TRACEBACK:
ERROR (theano.gof.opt): Traceback (most recent call last):
  File "/Volumes/Transcend/opt/anaconda3/envs/theano/lib/python2.7/site-packages/theano/gof/opt.py", line 2034, in process_node
    replacements = lopt.transform(node)
  File "/Volumes/Transcend/opt/anaconda3/envs/theano/lib/python2.7/site-packages/theano/tensor/opt.py", line 4989, in transform
    num, denum = self.simplify(list(orig_num), list(orig_denum), out.type)
  File "/Volumes/Transcend/opt/anaconda3/envs/theano/lib/python2.7/site-packages/theano/tensor/opt.py", line 4838, in simplify
    rval = simplifier(*rval)
  File "/Volumes/Transcend/opt/anaconda3/envs/theano/lib/python2.7/site-packages/theano/tensor/nnet/nnet.py", line 896, in softmax_simplifier
    if numerator.owner or numerator.owner.op == tensor.exp:
AttributeError: 'NoneType' object has no attribute 'op'

ERROR (theano.gof.opt): Optimization failure due to: local_mul_canonizer
ERROR (theano.gof.opt): node: Elemwise{mul,no_inplace}(TensorConstant{(1, 1) of 0.95}, exp_grad_W)
ERROR (theano.gof.opt): TRACEBACK:
ERROR (theano.gof.opt): Traceback (most recent call last):
  File "/Volumes/Transcend/opt/anaconda3/envs/theano/lib/python2.7/site-packages/theano/gof/opt.py", line 2034, in process_node
    replacements = lopt.transform(node)
  File "/Volumes/Transcend/opt/anaconda3/envs/theano/lib/python2.7/site-packages/theano/tensor/opt.py", line 4989, in transform
    num, denum = self.simplify(list(orig_num), list(orig_denum), out.type)
  File "/Volumes/Transcend/opt/anaconda3/envs/theano/lib/python2.7/site-packages/theano/tensor/opt.py", line 4838, in simplify
    rval = simplifier(*rval)
  File "/Volumes/Transcend/opt/anaconda3/envs/theano/lib/python2.7/site-packages/theano/tensor/nnet/nnet.py", line 896, in softmax_simplifier
    if numerator.owner or numerator.owner.op == tensor.exp:
AttributeError: 'NoneType' object has no attribute 'op'

ERROR (theano.gof.opt): Optimization failure due to: local_mul_canonizer
ERROR (theano.gof.opt): node: Elemwise{mul,no_inplace}(TensorConstant{(1, 1) of 0.05}, Elemwise{sqr,no_inplace}.0)
ERROR (theano.gof.opt): TRACEBACK:
ERROR (theano.gof.opt): Traceback (most recent call last):
  File "/Volumes/Transcend/opt/anaconda3/envs/theano/lib/python2.7/site-packages/theano/gof/opt.py", line 2034, in process_node
    replacements = lopt.transform(node)
  File "/Volumes/Transcend/opt/anaconda3/envs/theano/lib/python2.7/site-packages/theano/tensor/opt.py", line 4989, in transform
    num, denum = self.simplify(list(orig_num), list(orig_denum), out.type)
  File "/Volumes/Transcend/opt/anaconda3/envs/theano/lib/python2.7/site-packages/theano/tensor/opt.py", line 4838, in simplify
    rval = simplifier(*rval)
  File "/Volumes/Transcend/opt/anaconda3/envs/theano/lib/python2.7/site-packages/theano/tensor/nnet/nnet.py", line 896, in softmax_simplifier
    if numerator.owner or numerator.owner.op == tensor.exp:
AttributeError: 'NoneType' object has no attribute 'op'

ERROR (theano.gof.opt): Optimization failure due to: local_mul_canonizer
ERROR (theano.gof.opt): node: Elemwise{mul,no_inplace}(Elemwise{mul,no_inplace}.0, AdvancedIncSubtensor1{no_inplace,inc}.0)
ERROR (theano.gof.opt): TRACEBACK:
ERROR (theano.gof.opt): Traceback (most recent call last):
  File "/Volumes/Transcend/opt/anaconda3/envs/theano/lib/python2.7/site-packages/theano/gof/opt.py", line 2034, in process_node
    replacements = lopt.transform(node)
  File "/Volumes/Transcend/opt/anaconda3/envs/theano/lib/python2.7/site-packages/theano/tensor/opt.py", line 4989, in transform
    num, denum = self.simplify(list(orig_num), list(orig_denum), out.type)
  File "/Volumes/Transcend/opt/anaconda3/envs/theano/lib/python2.7/site-packages/theano/tensor/opt.py", line 4838, in simplify
    rval = simplifier(*rval)
  File "/Volumes/Transcend/opt/anaconda3/envs/theano/lib/python2.7/site-packages/theano/tensor/nnet/nnet.py", line 896, in softmax_simplifier
    if numerator.owner or numerator.owner.op == tensor.exp:
AttributeError: 'NoneType' object has no attribute 'op'

ERROR (theano.gof.opt): Optimization failure due to: local_mul_canonizer
ERROR (theano.gof.opt): node: Elemwise{mul,no_inplace}(TensorConstant{(1, 1) of 0.95}, exp_grad_Words)
ERROR (theano.gof.opt): TRACEBACK:
ERROR (theano.gof.opt): Traceback (most recent call last):
  File "/Volumes/Transcend/opt/anaconda3/envs/theano/lib/python2.7/site-packages/theano/gof/opt.py", line 2034, in process_node
    replacements = lopt.transform(node)
  File "/Volumes/Transcend/opt/anaconda3/envs/theano/lib/python2.7/site-packages/theano/tensor/opt.py", line 4989, in transform
    num, denum = self.simplify(list(orig_num), list(orig_denum), out.type)
  File "/Volumes/Transcend/opt/anaconda3/envs/theano/lib/python2.7/site-packages/theano/tensor/opt.py", line 4838, in simplify
    rval = simplifier(*rval)
  File "/Volumes/Transcend/opt/anaconda3/envs/theano/lib/python2.7/site-packages/theano/tensor/nnet/nnet.py", line 896, in softmax_simplifier
    if numerator.owner or numerator.owner.op == tensor.exp:
AttributeError: 'NoneType' object has no attribute 'op'

ERROR (theano.gof.opt): Optimization failure due to: local_mul_canonizer
ERROR (theano.gof.opt): node: Elemwise{mul,no_inplace}(TensorConstant{(1, 1) of 0.05}, Elemwise{sqr,no_inplace}.0)
ERROR (theano.gof.opt): TRACEBACK:
ERROR (theano.gof.opt): Traceback (most recent call last):
  File "/Volumes/Transcend/opt/anaconda3/envs/theano/lib/python2.7/site-packages/theano/gof/opt.py", line 2034, in process_node
    replacements = lopt.transform(node)
  File "/Volumes/Transcend/opt/anaconda3/envs/theano/lib/python2.7/site-packages/theano/tensor/opt.py", line 4989, in transform
    num, denum = self.simplify(list(orig_num), list(orig_denum), out.type)
  File "/Volumes/Transcend/opt/anaconda3/envs/theano/lib/python2.7/site-packages/theano/tensor/opt.py", line 4838, in simplify
    rval = simplifier(*rval)
  File "/Volumes/Transcend/opt/anaconda3/envs/theano/lib/python2.7/site-packages/theano/tensor/nnet/nnet.py", line 896, in softmax_simplifier
    if numerator.owner or numerator.owner.op == tensor.exp:
AttributeError: 'NoneType' object has no attribute 'op'

ERROR (theano.gof.opt): Optimization failure due to: local_mul_canonizer
ERROR (theano.gof.opt): node: Elemwise{mul,no_inplace}(W, TensorConstant{(1, 1) of 0.5})
ERROR (theano.gof.opt): TRACEBACK:
ERROR (theano.gof.opt): Traceback (most recent call last):
  File "/Volumes/Transcend/opt/anaconda3/envs/theano/lib/python2.7/site-packages/theano/gof/opt.py", line 2034, in process_node
    replacements = lopt.transform(node)
  File "/Volumes/Transcend/opt/anaconda3/envs/theano/lib/python2.7/site-packages/theano/tensor/opt.py", line 4989, in transform
    num, denum = self.simplify(list(orig_num), list(orig_denum), out.type)
  File "/Volumes/Transcend/opt/anaconda3/envs/theano/lib/python2.7/site-packages/theano/tensor/opt.py", line 4838, in simplify
    rval = simplifier(*rval)
  File "/Volumes/Transcend/opt/anaconda3/envs/theano/lib/python2.7/site-packages/theano/tensor/nnet/nnet.py", line 896, in softmax_simplifier
    if numerator.owner or numerator.owner.op == tensor.exp:
AttributeError: 'NoneType' object has no attribute 'op'

ERROR (theano.gof.opt): Optimization failure due to: local_greedy_distributor
ERROR (theano.gof.opt): node: Elemwise{mul,no_inplace}(Elemwise{add,no_inplace}.0, Elemwise{true_div,no_inplace}.0)
ERROR (theano.gof.opt): TRACEBACK:
ERROR (theano.gof.opt): Traceback (most recent call last):
  File "/Volumes/Transcend/opt/anaconda3/envs/theano/lib/python2.7/site-packages/theano/gof/opt.py", line 2034, in process_node
    replacements = lopt.transform(node)
  File "/Volumes/Transcend/opt/anaconda3/envs/theano/lib/python2.7/site-packages/theano/tensor/opt.py", line 6468, in local_greedy_distributor
    candidate, num, denum, out_type,)
  File "/Volumes/Transcend/opt/anaconda3/envs/theano/lib/python2.7/site-packages/theano/tensor/opt.py", line 6406, in attempt_distribution
    neg_pairs, [n], [], out_type)
  File "/Volumes/Transcend/opt/anaconda3/envs/theano/lib/python2.7/site-packages/theano/tensor/opt.py", line 6378, in distribute_greedy
    in pos_pairs]))
  File "/Volumes/Transcend/opt/anaconda3/envs/theano/lib/python2.7/site-packages/theano/tensor/opt.py", line 4838, in simplify
    rval = simplifier(*rval)
  File "/Volumes/Transcend/opt/anaconda3/envs/theano/lib/python2.7/site-packages/theano/tensor/nnet/nnet.py", line 896, in softmax_simplifier
    if numerator.owner or numerator.owner.op == tensor.exp:
AttributeError: 'NoneType' object has no attribute 'op'

ERROR (theano.gof.opt): Optimization failure due to: local_greedy_distributor
ERROR (theano.gof.opt): node: Elemwise{mul,no_inplace}(Elemwise{add,no_inplace}.0, Elemwise{true_div,no_inplace}.0)
ERROR (theano.gof.opt): TRACEBACK:
ERROR (theano.gof.opt): Traceback (most recent call last):
  File "/Volumes/Transcend/opt/anaconda3/envs/theano/lib/python2.7/site-packages/theano/gof/opt.py", line 2034, in process_node
    replacements = lopt.transform(node)
  File "/Volumes/Transcend/opt/anaconda3/envs/theano/lib/python2.7/site-packages/theano/tensor/opt.py", line 6468, in local_greedy_distributor
    candidate, num, denum, out_type,)
  File "/Volumes/Transcend/opt/anaconda3/envs/theano/lib/python2.7/site-packages/theano/tensor/opt.py", line 6406, in attempt_distribution
    neg_pairs, [n], [], out_type)
  File "/Volumes/Transcend/opt/anaconda3/envs/theano/lib/python2.7/site-packages/theano/tensor/opt.py", line 6378, in distribute_greedy
    in pos_pairs]))
  File "/Volumes/Transcend/opt/anaconda3/envs/theano/lib/python2.7/site-packages/theano/tensor/opt.py", line 4838, in simplify
    rval = simplifier(*rval)
  File "/Volumes/Transcend/opt/anaconda3/envs/theano/lib/python2.7/site-packages/theano/tensor/nnet/nnet.py", line 896, in softmax_simplifier
    if numerator.owner or numerator.owner.op == tensor.exp:
AttributeError: 'NoneType' object has no attribute 'op'

ERROR (theano.gof.opt): Optimization failure due to: local_greedy_distributor
ERROR (theano.gof.opt): node: Elemwise{mul,no_inplace}(Elemwise{add,no_inplace}.0, Elemwise{true_div,no_inplace}.0)
ERROR (theano.gof.opt): TRACEBACK:
ERROR (theano.gof.opt): Traceback (most recent call last):
  File "/Volumes/Transcend/opt/anaconda3/envs/theano/lib/python2.7/site-packages/theano/gof/opt.py", line 2034, in process_node
    replacements = lopt.transform(node)
  File "/Volumes/Transcend/opt/anaconda3/envs/theano/lib/python2.7/site-packages/theano/tensor/opt.py", line 6468, in local_greedy_distributor
    candidate, num, denum, out_type,)
  File "/Volumes/Transcend/opt/anaconda3/envs/theano/lib/python2.7/site-packages/theano/tensor/opt.py", line 6406, in attempt_distribution
    neg_pairs, [n], [], out_type)
  File "/Volumes/Transcend/opt/anaconda3/envs/theano/lib/python2.7/site-packages/theano/tensor/opt.py", line 6378, in distribute_greedy
    in pos_pairs]))
  File "/Volumes/Transcend/opt/anaconda3/envs/theano/lib/python2.7/site-packages/theano/tensor/opt.py", line 4838, in simplify
    rval = simplifier(*rval)
  File "/Volumes/Transcend/opt/anaconda3/envs/theano/lib/python2.7/site-packages/theano/tensor/nnet/nnet.py", line 896, in softmax_simplifier
    if numerator.owner or numerator.owner.op == tensor.exp:
AttributeError: 'NoneType' object has no attribute 'op'

ERROR (theano.gof.opt): Optimization failure due to: local_mul_canonizer
ERROR (theano.gof.opt): node: Elemwise{mul,no_inplace}(W, InplaceDimShuffle{x,x}.0)
ERROR (theano.gof.opt): TRACEBACK:
ERROR (theano.gof.opt): Traceback (most recent call last):
  File "/Volumes/Transcend/opt/anaconda3/envs/theano/lib/python2.7/site-packages/theano/gof/opt.py", line 2034, in process_node
    replacements = lopt.transform(node)
  File "/Volumes/Transcend/opt/anaconda3/envs/theano/lib/python2.7/site-packages/theano/tensor/opt.py", line 4989, in transform
    num, denum = self.simplify(list(orig_num), list(orig_denum), out.type)
  File "/Volumes/Transcend/opt/anaconda3/envs/theano/lib/python2.7/site-packages/theano/tensor/opt.py", line 4838, in simplify
    rval = simplifier(*rval)
  File "/Volumes/Transcend/opt/anaconda3/envs/theano/lib/python2.7/site-packages/theano/tensor/nnet/nnet.py", line 896, in softmax_simplifier
    if numerator.owner or numerator.owner.op == tensor.exp:
AttributeError: 'NoneType' object has no attribute 'op'

ERROR (theano.gof.opt): Optimization failure due to: local_mul_canonizer
ERROR (theano.gof.opt): node: Elemwise{mul,no_inplace}(W, TensorConstant{(1, 1) of 0.5})
ERROR (theano.gof.opt): TRACEBACK:
ERROR (theano.gof.opt): Traceback (most recent call last):
  File "/Volumes/Transcend/opt/anaconda3/envs/theano/lib/python2.7/site-packages/theano/gof/opt.py", line 2034, in process_node
    replacements = lopt.transform(node)
  File "/Volumes/Transcend/opt/anaconda3/envs/theano/lib/python2.7/site-packages/theano/tensor/opt.py", line 4989, in transform
    num, denum = self.simplify(list(orig_num), list(orig_denum), out.type)
  File "/Volumes/Transcend/opt/anaconda3/envs/theano/lib/python2.7/site-packages/theano/tensor/opt.py", line 4838, in simplify
    rval = simplifier(*rval)
  File "/Volumes/Transcend/opt/anaconda3/envs/theano/lib/python2.7/site-packages/theano/tensor/nnet/nnet.py", line 896, in softmax_simplifier
    if numerator.owner or numerator.owner.op == tensor.exp:
AttributeError: 'NoneType' object has no attribute 'op'

ERROR (theano.gof.opt): Optimization failure due to: local_mul_canonizer
ERROR (theano.gof.opt): node: Elemwise{mul,no_inplace}(W, TensorConstant{(1, 1) of 0.5})
ERROR (theano.gof.opt): TRACEBACK:
ERROR (theano.gof.opt): Traceback (most recent call last):
  File "/Volumes/Transcend/opt/anaconda3/envs/theano/lib/python2.7/site-packages/theano/gof/opt.py", line 2034, in process_node
    replacements = lopt.transform(node)
  File "/Volumes/Transcend/opt/anaconda3/envs/theano/lib/python2.7/site-packages/theano/tensor/opt.py", line 4989, in transform
    num, denum = self.simplify(list(orig_num), list(orig_denum), out.type)
  File "/Volumes/Transcend/opt/anaconda3/envs/theano/lib/python2.7/site-packages/theano/tensor/opt.py", line 4838, in simplify
    rval = simplifier(*rval)
  File "/Volumes/Transcend/opt/anaconda3/envs/theano/lib/python2.7/site-packages/theano/tensor/nnet/nnet.py", line 896, in softmax_simplifier
    if numerator.owner or numerator.owner.op == tensor.exp:
AttributeError: 'NoneType' object has no attribute 'op'

loading data... data loaded!
model architecture: CNN-non-static
using: word2vec vectors
[('image shape', 64, 300), ('filter shape', [(100, 1, 3, 300), (100, 1, 4, 300), (100, 1, 5, 300)]), ('hidden_units', [100, 2]), ('dropout', [0.5]), ('batch_size', 50), ('non_static', True), ('learn_decay', 0.95), ('conv_non_linear', 'relu'), ('non_static', True), ('sqr_norm_lim', 9), ('shuffle_batch', True)]
... training
epoch: 1, training time: 300.95 secs, train perf: 81.55 %, val perf: 78.11 %
epoch: 2, training time: 301.32 secs, train perf: 82.68 %, val perf: 74.42 %
epoch: 3, training time: 301.50 secs, train perf: 91.78 %, val perf: 81.79 %
epoch: 4, training time: 378.34 secs, train perf: 95.87 %, val perf: 80.42 %
epoch: 5, training time: 341.58 secs, train perf: 96.24 %, val perf: 82.74 %
cv: 0, perf: 0.800186741363212
0.800186741363212
