Using TensorFlow backend.
WARNING:tensorflow:From /Volumes/Transcend/opt/anaconda3/envs/keras/lib/python3.6/site-packages/tensorflow_core/python/ops/resource_variable_ops.py:1630: calling BaseResourceVariable.__init__ (from tensorflow.python.ops.resource_variable_ops) with constraint is deprecated and will be removed in a future version.
Instructions for updating:
If using Keras pass *_constraint arguments to layers.
WARNING:tensorflow:From /Volumes/Transcend/opt/anaconda3/envs/keras/lib/python3.6/site-packages/keras/backend/tensorflow_backend.py:4070: The name tf.nn.max_pool is deprecated. Please use tf.nn.max_pool2d instead.

WARNING:tensorflow:Large dropout rate: 0.8 (>0.5). In TensorFlow 2.x, dropout() uses dropout rate instead of keep_prob. Please ensure that this is intended.
WARNING:tensorflow:From /Volumes/Transcend/opt/anaconda3/envs/keras/lib/python3.6/site-packages/tensorflow_core/python/ops/nn_impl.py:183: where (from tensorflow.python.ops.array_ops) is deprecated and will be removed in a future version.
Instructions for updating:
Use tf.where in 2.0, which has the same broadcast rule as np.where
2020-02-02 18:29:39.513206: I tensorflow/core/platform/cpu_feature_guard.cc:142] Your CPU supports instructions that this TensorFlow binary was not compiled to use: AVX2 FMA
2020-02-02 18:29:39.530632: I tensorflow/compiler/xla/service/service.cc:168] XLA service 0x7faf7eece090 initialized for platform Host (this does not guarantee that XLA will be used). Devices:
2020-02-02 18:29:39.530654: I tensorflow/compiler/xla/service/service.cc:176]   StreamExecutor device (0): Host, Default Version
WARNING:tensorflow:From /Volumes/Transcend/opt/anaconda3/envs/keras/lib/python3.6/site-packages/keras/backend/tensorflow_backend.py:422: The name tf.global_variables is deprecated. Please use tf.compat.v1.global_variables instead.

Load data...
Adjusting sequence length for actual size
x_train shape: (9595, 56)
x_test shape: (1067, 56)
Vocabulary Size: 18779
Model type is CNN-non-static
Load existing Word2Vec model '50features_1minwords_10context'
Initializing embedding layer with word2vec weights, shape (18779, 50)
Train on 9595 samples, validate on 1067 samples
Epoch 1/10
 - 7s - loss: 0.7017 - accuracy: 0.4982 - val_loss: 0.6933 - val_accuracy: 0.4930
Epoch 2/10
 - 6s - loss: 0.6936 - accuracy: 0.5138 - val_loss: 0.6913 - val_accuracy: 0.5445
Epoch 3/10
 - 7s - loss: 0.6908 - accuracy: 0.5245 - val_loss: 0.6874 - val_accuracy: 0.5848
Epoch 4/10
 - 5s - loss: 0.6811 - accuracy: 0.5637 - val_loss: 0.6688 - val_accuracy: 0.6410
Epoch 5/10
 - 6s - loss: 0.6570 - accuracy: 0.6077 - val_loss: 0.6354 - val_accuracy: 0.6617
Epoch 6/10
 - 8s - loss: 0.5995 - accuracy: 0.6758 - val_loss: 0.5635 - val_accuracy: 0.7526
Epoch 7/10
 - 8s - loss: 0.5080 - accuracy: 0.7493 - val_loss: 0.4976 - val_accuracy: 0.7769
Epoch 8/10
 - 6s - loss: 0.4253 - accuracy: 0.8055 - val_loss: 0.4849 - val_accuracy: 0.7798
Epoch 9/10
 - 6s - loss: 0.3683 - accuracy: 0.8367 - val_loss: 0.4828 - val_accuracy: 0.7873
Epoch 10/10
 - 6s - loss: 0.3195 - accuracy: 0.8592 - val_loss: 0.4987 - val_accuracy: 0.7807
Training time:65.76200699806213
