Using TensorFlow backend.
WARNING:tensorflow:From /Volumes/Transcend/opt/anaconda3/envs/keras/lib/python3.6/site-packages/tensorflow_core/python/ops/resource_variable_ops.py:1630: calling BaseResourceVariable.__init__ (from tensorflow.python.ops.resource_variable_ops) with constraint is deprecated and will be removed in a future version.
Instructions for updating:
If using Keras pass *_constraint arguments to layers.
WARNING:tensorflow:From /Volumes/Transcend/opt/anaconda3/envs/keras/lib/python3.6/site-packages/keras/backend/tensorflow_backend.py:4070: The name tf.nn.max_pool is deprecated. Please use tf.nn.max_pool2d instead.

WARNING:tensorflow:Large dropout rate: 0.8 (>0.5). In TensorFlow 2.x, dropout() uses dropout rate instead of keep_prob. Please ensure that this is intended.
WARNING:tensorflow:From /Volumes/Transcend/opt/anaconda3/envs/keras/lib/python3.6/site-packages/tensorflow_core/python/ops/nn_impl.py:183: where (from tensorflow.python.ops.array_ops) is deprecated and will be removed in a future version.
Instructions for updating:
Use tf.where in 2.0, which has the same broadcast rule as np.where
2020-02-02 18:30:57.850796: I tensorflow/core/platform/cpu_feature_guard.cc:142] Your CPU supports instructions that this TensorFlow binary was not compiled to use: AVX2 FMA
2020-02-02 18:30:57.869434: I tensorflow/compiler/xla/service/service.cc:168] XLA service 0x7fd327f79510 initialized for platform Host (this does not guarantee that XLA will be used). Devices:
2020-02-02 18:30:57.869459: I tensorflow/compiler/xla/service/service.cc:176]   StreamExecutor device (0): Host, Default Version
WARNING:tensorflow:From /Volumes/Transcend/opt/anaconda3/envs/keras/lib/python3.6/site-packages/keras/backend/tensorflow_backend.py:422: The name tf.global_variables is deprecated. Please use tf.compat.v1.global_variables instead.

Load data...
Adjusting sequence length for actual size
x_train shape: (9595, 56)
x_test shape: (1067, 56)
Vocabulary Size: 18779
Model type is CNN-non-static
Load existing Word2Vec model '50features_1minwords_10context'
Initializing embedding layer with word2vec weights, shape (18779, 50)
Train on 9595 samples, validate on 1067 samples
Epoch 1/10
 - 6s - loss: 0.7015 - accuracy: 0.4957 - val_loss: 0.6932 - val_accuracy: 0.4845
Epoch 2/10
 - 6s - loss: 0.6938 - accuracy: 0.5092 - val_loss: 0.6934 - val_accuracy: 0.4995
Epoch 3/10
 - 6s - loss: 0.6922 - accuracy: 0.5124 - val_loss: 0.6902 - val_accuracy: 0.5604
Epoch 4/10
 - 6s - loss: 0.6871 - accuracy: 0.5462 - val_loss: 0.6773 - val_accuracy: 0.6054
Epoch 5/10
 - 6s - loss: 0.6732 - accuracy: 0.5754 - val_loss: 0.6565 - val_accuracy: 0.6551
Epoch 6/10
 - 7s - loss: 0.6328 - accuracy: 0.6408 - val_loss: 0.5909 - val_accuracy: 0.7301
Epoch 7/10
 - 7s - loss: 0.5535 - accuracy: 0.7186 - val_loss: 0.5235 - val_accuracy: 0.7676
Epoch 8/10
 - 6s - loss: 0.4692 - accuracy: 0.7808 - val_loss: 0.4897 - val_accuracy: 0.7844
Epoch 9/10
 - 5s - loss: 0.3995 - accuracy: 0.8208 - val_loss: 0.4860 - val_accuracy: 0.7751
Epoch 10/10
 - 5s - loss: 0.3388 - accuracy: 0.8539 - val_loss: 0.4957 - val_accuracy: 0.7694
Training time:62.27123999595642
