Using TensorFlow backend.
WARNING:tensorflow:From /Volumes/Transcend/opt/anaconda3/envs/keras/lib/python3.6/site-packages/tensorflow_core/python/ops/resource_variable_ops.py:1630: calling BaseResourceVariable.__init__ (from tensorflow.python.ops.resource_variable_ops) with constraint is deprecated and will be removed in a future version.
Instructions for updating:
If using Keras pass *_constraint arguments to layers.
WARNING:tensorflow:From /Volumes/Transcend/opt/anaconda3/envs/keras/lib/python3.6/site-packages/keras/backend/tensorflow_backend.py:4070: The name tf.nn.max_pool is deprecated. Please use tf.nn.max_pool2d instead.

WARNING:tensorflow:Large dropout rate: 0.8 (>0.5). In TensorFlow 2.x, dropout() uses dropout rate instead of keep_prob. Please ensure that this is intended.
WARNING:tensorflow:From /Volumes/Transcend/opt/anaconda3/envs/keras/lib/python3.6/site-packages/tensorflow_core/python/ops/nn_impl.py:183: where (from tensorflow.python.ops.array_ops) is deprecated and will be removed in a future version.
Instructions for updating:
Use tf.where in 2.0, which has the same broadcast rule as np.where
2020-02-02 18:32:06.720675: I tensorflow/core/platform/cpu_feature_guard.cc:142] Your CPU supports instructions that this TensorFlow binary was not compiled to use: AVX2 FMA
2020-02-02 18:32:06.737386: I tensorflow/compiler/xla/service/service.cc:168] XLA service 0x7fa8f378a050 initialized for platform Host (this does not guarantee that XLA will be used). Devices:
2020-02-02 18:32:06.737410: I tensorflow/compiler/xla/service/service.cc:176]   StreamExecutor device (0): Host, Default Version
WARNING:tensorflow:From /Volumes/Transcend/opt/anaconda3/envs/keras/lib/python3.6/site-packages/keras/backend/tensorflow_backend.py:422: The name tf.global_variables is deprecated. Please use tf.compat.v1.global_variables instead.

Load data...
Adjusting sequence length for actual size
x_train shape: (9595, 56)
x_test shape: (1067, 56)
Vocabulary Size: 18779
Model type is CNN-non-static
Load existing Word2Vec model '50features_1minwords_10context'
Initializing embedding layer with word2vec weights, shape (18779, 50)
Train on 9595 samples, validate on 1067 samples
Epoch 1/10
 - 7s - loss: 0.7019 - accuracy: 0.4942 - val_loss: 0.6933 - val_accuracy: 0.4855
Epoch 2/10
 - 6s - loss: 0.6942 - accuracy: 0.5063 - val_loss: 0.6931 - val_accuracy: 0.4902
Epoch 3/10
 - 5s - loss: 0.6928 - accuracy: 0.5161 - val_loss: 0.6912 - val_accuracy: 0.5323
Epoch 4/10
 - 5s - loss: 0.6881 - accuracy: 0.5416 - val_loss: 0.6792 - val_accuracy: 0.6186
Epoch 5/10
 - 5s - loss: 0.6745 - accuracy: 0.5780 - val_loss: 0.6568 - val_accuracy: 0.6551
Epoch 6/10
 - 6s - loss: 0.6357 - accuracy: 0.6359 - val_loss: 0.5961 - val_accuracy: 0.7226
Epoch 7/10
 - 5s - loss: 0.5515 - accuracy: 0.7205 - val_loss: 0.5158 - val_accuracy: 0.7591
Epoch 8/10
 - 6s - loss: 0.4645 - accuracy: 0.7865 - val_loss: 0.4847 - val_accuracy: 0.7873
Epoch 9/10
 - 7s - loss: 0.3991 - accuracy: 0.8195 - val_loss: 0.4790 - val_accuracy: 0.7816
Epoch 10/10
 - 7s - loss: 0.3374 - accuracy: 0.8518 - val_loss: 0.4881 - val_accuracy: 0.7769
Training time:59.17321014404297
