Using TensorFlow backend.
WARNING:tensorflow:From /Volumes/Transcend/opt/anaconda3/envs/keras/lib/python3.6/site-packages/tensorflow_core/python/ops/resource_variable_ops.py:1630: calling BaseResourceVariable.__init__ (from tensorflow.python.ops.resource_variable_ops) with constraint is deprecated and will be removed in a future version.
Instructions for updating:
If using Keras pass *_constraint arguments to layers.
WARNING:tensorflow:From /Volumes/Transcend/opt/anaconda3/envs/keras/lib/python3.6/site-packages/keras/backend/tensorflow_backend.py:4070: The name tf.nn.max_pool is deprecated. Please use tf.nn.max_pool2d instead.

WARNING:tensorflow:Large dropout rate: 0.8 (>0.5). In TensorFlow 2.x, dropout() uses dropout rate instead of keep_prob. Please ensure that this is intended.
WARNING:tensorflow:From /Volumes/Transcend/opt/anaconda3/envs/keras/lib/python3.6/site-packages/tensorflow_core/python/ops/nn_impl.py:183: where (from tensorflow.python.ops.array_ops) is deprecated and will be removed in a future version.
Instructions for updating:
Use tf.where in 2.0, which has the same broadcast rule as np.where
2020-02-02 18:34:36.911190: I tensorflow/core/platform/cpu_feature_guard.cc:142] Your CPU supports instructions that this TensorFlow binary was not compiled to use: AVX2 FMA
2020-02-02 18:34:36.926697: I tensorflow/compiler/xla/service/service.cc:168] XLA service 0x7ff76f13d4d0 initialized for platform Host (this does not guarantee that XLA will be used). Devices:
2020-02-02 18:34:36.926719: I tensorflow/compiler/xla/service/service.cc:176]   StreamExecutor device (0): Host, Default Version
WARNING:tensorflow:From /Volumes/Transcend/opt/anaconda3/envs/keras/lib/python3.6/site-packages/keras/backend/tensorflow_backend.py:422: The name tf.global_variables is deprecated. Please use tf.compat.v1.global_variables instead.

Load data...
Adjusting sequence length for actual size
x_train shape: (9595, 56)
x_test shape: (1067, 56)
Vocabulary Size: 18779
Model type is CNN-non-static
Load existing Word2Vec model '50features_1minwords_10context'
Initializing embedding layer with word2vec weights, shape (18779, 50)
Train on 9595 samples, validate on 1067 samples
Epoch 1/10
 - 6s - loss: 0.7021 - accuracy: 0.4949 - val_loss: 0.6933 - val_accuracy: 0.5005
Epoch 2/10
 - 6s - loss: 0.6934 - accuracy: 0.5086 - val_loss: 0.6914 - val_accuracy: 0.5708
Epoch 3/10
 - 6s - loss: 0.6906 - accuracy: 0.5220 - val_loss: 0.6872 - val_accuracy: 0.5933
Epoch 4/10
 - 6s - loss: 0.6830 - accuracy: 0.5532 - val_loss: 0.6735 - val_accuracy: 0.6345
Epoch 5/10
 - 8s - loss: 0.6619 - accuracy: 0.5952 - val_loss: 0.6411 - val_accuracy: 0.6710
Epoch 6/10
 - 8s - loss: 0.6125 - accuracy: 0.6658 - val_loss: 0.5723 - val_accuracy: 0.7441
Epoch 7/10
 - 8s - loss: 0.5130 - accuracy: 0.7473 - val_loss: 0.4972 - val_accuracy: 0.7798
Epoch 8/10
 - 6s - loss: 0.4258 - accuracy: 0.8043 - val_loss: 0.4828 - val_accuracy: 0.7929
Epoch 9/10
 - 6s - loss: 0.3580 - accuracy: 0.8426 - val_loss: 0.4788 - val_accuracy: 0.7807
Epoch 10/10
 - 5s - loss: 0.2996 - accuracy: 0.8727 - val_loss: 0.5079 - val_accuracy: 0.7769
Training time:65.41118001937866
