Using TensorFlow backend.
WARNING:tensorflow:From /Volumes/Transcend/opt/anaconda3/envs/keras/lib/python3.6/site-packages/tensorflow_core/python/ops/resource_variable_ops.py:1630: calling BaseResourceVariable.__init__ (from tensorflow.python.ops.resource_variable_ops) with constraint is deprecated and will be removed in a future version.
Instructions for updating:
If using Keras pass *_constraint arguments to layers.
WARNING:tensorflow:From /Volumes/Transcend/opt/anaconda3/envs/keras/lib/python3.6/site-packages/keras/backend/tensorflow_backend.py:4070: The name tf.nn.max_pool is deprecated. Please use tf.nn.max_pool2d instead.

WARNING:tensorflow:Large dropout rate: 0.8 (>0.5). In TensorFlow 2.x, dropout() uses dropout rate instead of keep_prob. Please ensure that this is intended.
WARNING:tensorflow:From /Volumes/Transcend/opt/anaconda3/envs/keras/lib/python3.6/site-packages/tensorflow_core/python/ops/nn_impl.py:183: where (from tensorflow.python.ops.array_ops) is deprecated and will be removed in a future version.
Instructions for updating:
Use tf.where in 2.0, which has the same broadcast rule as np.where
2020-02-02 17:05:47.646167: I tensorflow/core/platform/cpu_feature_guard.cc:142] Your CPU supports instructions that this TensorFlow binary was not compiled to use: AVX2 FMA
2020-02-02 17:05:47.675426: I tensorflow/compiler/xla/service/service.cc:168] XLA service 0x7fd542063330 initialized for platform Host (this does not guarantee that XLA will be used). Devices:
2020-02-02 17:05:47.675449: I tensorflow/compiler/xla/service/service.cc:176]   StreamExecutor device (0): Host, Default Version
WARNING:tensorflow:From /Volumes/Transcend/opt/anaconda3/envs/keras/lib/python3.6/site-packages/keras/backend/tensorflow_backend.py:422: The name tf.global_variables is deprecated. Please use tf.compat.v1.global_variables instead.

Load data...
Adjusting sequence length for actual size
x_train shape: (9595, 56)
x_test shape: (1067, 56)
Vocabulary Size: 18779
Model type is CNN-non-static
Load existing Word2Vec model '50features_1minwords_10context'
Initializing embedding layer with word2vec weights, shape (18779, 50)
Train on 9595 samples, validate on 1067 samples
Epoch 1/10
 - 7s - loss: 0.7019 - accuracy: 0.4952 - val_loss: 0.6932 - val_accuracy: 0.4967
Epoch 2/10
 - 6s - loss: 0.6936 - accuracy: 0.5037 - val_loss: 0.6922 - val_accuracy: 0.5164
Epoch 3/10
 - 7s - loss: 0.6912 - accuracy: 0.5216 - val_loss: 0.6885 - val_accuracy: 0.5989
Epoch 4/10
 - 7s - loss: 0.6829 - accuracy: 0.5532 - val_loss: 0.6710 - val_accuracy: 0.6195
Epoch 5/10
 - 6s - loss: 0.6598 - accuracy: 0.5989 - val_loss: 0.6361 - val_accuracy: 0.6645
Epoch 6/10
 - 7s - loss: 0.6107 - accuracy: 0.6682 - val_loss: 0.5726 - val_accuracy: 0.7441
Epoch 7/10
 - 6s - loss: 0.5188 - accuracy: 0.7447 - val_loss: 0.4996 - val_accuracy: 0.7788
Epoch 8/10
 - 6s - loss: 0.4409 - accuracy: 0.7941 - val_loss: 0.4883 - val_accuracy: 0.7826
Epoch 9/10
 - 7s - loss: 0.3787 - accuracy: 0.8335 - val_loss: 0.4844 - val_accuracy: 0.7901
Epoch 10/10
 - 6s - loss: 0.3284 - accuracy: 0.8554 - val_loss: 0.5078 - val_accuracy: 0.7751
Training time:65.07771396636963
