Using TensorFlow backend.
WARNING:tensorflow:From /Volumes/Transcend/opt/anaconda3/envs/keras/lib/python3.6/site-packages/tensorflow_core/python/ops/resource_variable_ops.py:1630: calling BaseResourceVariable.__init__ (from tensorflow.python.ops.resource_variable_ops) with constraint is deprecated and will be removed in a future version.
Instructions for updating:
If using Keras pass *_constraint arguments to layers.
WARNING:tensorflow:From /Volumes/Transcend/opt/anaconda3/envs/keras/lib/python3.6/site-packages/keras/backend/tensorflow_backend.py:4070: The name tf.nn.max_pool is deprecated. Please use tf.nn.max_pool2d instead.

WARNING:tensorflow:Large dropout rate: 0.8 (>0.5). In TensorFlow 2.x, dropout() uses dropout rate instead of keep_prob. Please ensure that this is intended.
WARNING:tensorflow:From /Volumes/Transcend/opt/anaconda3/envs/keras/lib/python3.6/site-packages/tensorflow_core/python/ops/nn_impl.py:183: where (from tensorflow.python.ops.array_ops) is deprecated and will be removed in a future version.
Instructions for updating:
Use tf.where in 2.0, which has the same broadcast rule as np.where
2020-02-02 17:15:32.672297: I tensorflow/core/platform/cpu_feature_guard.cc:142] Your CPU supports instructions that this TensorFlow binary was not compiled to use: AVX2 FMA
2020-02-02 17:15:32.691337: I tensorflow/compiler/xla/service/service.cc:168] XLA service 0x7fda444c15a0 initialized for platform Host (this does not guarantee that XLA will be used). Devices:
2020-02-02 17:15:32.691377: I tensorflow/compiler/xla/service/service.cc:176]   StreamExecutor device (0): Host, Default Version
WARNING:tensorflow:From /Volumes/Transcend/opt/anaconda3/envs/keras/lib/python3.6/site-packages/keras/backend/tensorflow_backend.py:422: The name tf.global_variables is deprecated. Please use tf.compat.v1.global_variables instead.

Load data...
Adjusting sequence length for actual size
x_train shape: (9595, 56)
x_test shape: (1067, 56)
Vocabulary Size: 18779
Model type is CNN-non-static
Load existing Word2Vec model '50features_1minwords_10context'
Initializing embedding layer with word2vec weights, shape (18779, 50)
Train on 9595 samples, validate on 1067 samples
Epoch 1/10
 - 6s - loss: 0.7016 - accuracy: 0.4952 - val_loss: 0.6934 - val_accuracy: 0.4977
Epoch 2/10
 - 5s - loss: 0.6935 - accuracy: 0.5143 - val_loss: 0.6916 - val_accuracy: 0.5530
Epoch 3/10
 - 5s - loss: 0.6905 - accuracy: 0.5254 - val_loss: 0.6883 - val_accuracy: 0.5970
Epoch 4/10
 - 5s - loss: 0.6813 - accuracy: 0.5619 - val_loss: 0.6704 - val_accuracy: 0.6251
Epoch 5/10
 - 6s - loss: 0.6579 - accuracy: 0.6074 - val_loss: 0.6365 - val_accuracy: 0.6645
Epoch 6/10
 - 6s - loss: 0.5997 - accuracy: 0.6720 - val_loss: 0.5626 - val_accuracy: 0.7526
Epoch 7/10
 - 6s - loss: 0.5038 - accuracy: 0.7546 - val_loss: 0.4956 - val_accuracy: 0.7835
Epoch 8/10
 - 6s - loss: 0.4218 - accuracy: 0.8073 - val_loss: 0.4850 - val_accuracy: 0.7807
Epoch 9/10
 - 6s - loss: 0.3626 - accuracy: 0.8396 - val_loss: 0.4795 - val_accuracy: 0.7863
Epoch 10/10
 - 5s - loss: 0.3109 - accuracy: 0.8664 - val_loss: 0.4970 - val_accuracy: 0.7816
Training time:58.84784007072449
