Using TensorFlow backend.
WARNING:tensorflow:From /Volumes/Transcend/opt/anaconda3/envs/keras/lib/python3.6/site-packages/tensorflow_core/python/ops/resource_variable_ops.py:1630: calling BaseResourceVariable.__init__ (from tensorflow.python.ops.resource_variable_ops) with constraint is deprecated and will be removed in a future version.
Instructions for updating:
If using Keras pass *_constraint arguments to layers.
WARNING:tensorflow:From /Volumes/Transcend/opt/anaconda3/envs/keras/lib/python3.6/site-packages/keras/backend/tensorflow_backend.py:4070: The name tf.nn.max_pool is deprecated. Please use tf.nn.max_pool2d instead.

WARNING:tensorflow:Large dropout rate: 0.8 (>0.5). In TensorFlow 2.x, dropout() uses dropout rate instead of keep_prob. Please ensure that this is intended.
WARNING:tensorflow:From /Volumes/Transcend/opt/anaconda3/envs/keras/lib/python3.6/site-packages/tensorflow_core/python/ops/nn_impl.py:183: where (from tensorflow.python.ops.array_ops) is deprecated and will be removed in a future version.
Instructions for updating:
Use tf.where in 2.0, which has the same broadcast rule as np.where
2020-02-02 17:13:08.574604: I tensorflow/core/platform/cpu_feature_guard.cc:142] Your CPU supports instructions that this TensorFlow binary was not compiled to use: AVX2 FMA
2020-02-02 17:13:08.587807: I tensorflow/compiler/xla/service/service.cc:168] XLA service 0x7f916a144220 initialized for platform Host (this does not guarantee that XLA will be used). Devices:
2020-02-02 17:13:08.587830: I tensorflow/compiler/xla/service/service.cc:176]   StreamExecutor device (0): Host, Default Version
WARNING:tensorflow:From /Volumes/Transcend/opt/anaconda3/envs/keras/lib/python3.6/site-packages/keras/backend/tensorflow_backend.py:422: The name tf.global_variables is deprecated. Please use tf.compat.v1.global_variables instead.

Load data...
Adjusting sequence length for actual size
x_train shape: (9595, 56)
x_test shape: (1067, 56)
Vocabulary Size: 18779
Model type is CNN-non-static
Load existing Word2Vec model '50features_1minwords_10context'
Initializing embedding layer with word2vec weights, shape (18779, 50)
Train on 9595 samples, validate on 1067 samples
Epoch 1/10
 - 6s - loss: 0.7016 - accuracy: 0.4994 - val_loss: 0.6932 - val_accuracy: 0.5080
Epoch 2/10
 - 6s - loss: 0.6934 - accuracy: 0.5079 - val_loss: 0.6911 - val_accuracy: 0.5670
Epoch 3/10
 - 6s - loss: 0.6906 - accuracy: 0.5255 - val_loss: 0.6878 - val_accuracy: 0.5998
Epoch 4/10
 - 6s - loss: 0.6808 - accuracy: 0.5598 - val_loss: 0.6686 - val_accuracy: 0.6336
Epoch 5/10
 - 6s - loss: 0.6564 - accuracy: 0.6073 - val_loss: 0.6353 - val_accuracy: 0.6485
Epoch 6/10
 - 5s - loss: 0.6036 - accuracy: 0.6784 - val_loss: 0.5580 - val_accuracy: 0.7507
Epoch 7/10
 - 6s - loss: 0.5078 - accuracy: 0.7513 - val_loss: 0.4941 - val_accuracy: 0.7741
Epoch 8/10
 - 7s - loss: 0.4288 - accuracy: 0.8043 - val_loss: 0.4773 - val_accuracy: 0.7873
Epoch 9/10
 - 6s - loss: 0.3722 - accuracy: 0.8387 - val_loss: 0.4802 - val_accuracy: 0.7760
Epoch 10/10
 - 5s - loss: 0.3085 - accuracy: 0.8678 - val_loss: 0.5020 - val_accuracy: 0.7732
Training time:60.03753185272217
