Using TensorFlow backend.
WARNING:tensorflow:From /Volumes/Transcend/opt/anaconda3/envs/keras/lib/python3.6/site-packages/tensorflow_core/python/ops/resource_variable_ops.py:1630: calling BaseResourceVariable.__init__ (from tensorflow.python.ops.resource_variable_ops) with constraint is deprecated and will be removed in a future version.
Instructions for updating:
If using Keras pass *_constraint arguments to layers.
WARNING:tensorflow:From /Volumes/Transcend/opt/anaconda3/envs/keras/lib/python3.6/site-packages/keras/backend/tensorflow_backend.py:4070: The name tf.nn.max_pool is deprecated. Please use tf.nn.max_pool2d instead.

WARNING:tensorflow:Large dropout rate: 0.8 (>0.5). In TensorFlow 2.x, dropout() uses dropout rate instead of keep_prob. Please ensure that this is intended.
WARNING:tensorflow:From /Volumes/Transcend/opt/anaconda3/envs/keras/lib/python3.6/site-packages/tensorflow_core/python/ops/nn_impl.py:183: where (from tensorflow.python.ops.array_ops) is deprecated and will be removed in a future version.
Instructions for updating:
Use tf.where in 2.0, which has the same broadcast rule as np.where
2020-02-02 17:07:02.493756: I tensorflow/core/platform/cpu_feature_guard.cc:142] Your CPU supports instructions that this TensorFlow binary was not compiled to use: AVX2 FMA
2020-02-02 17:07:02.509948: I tensorflow/compiler/xla/service/service.cc:168] XLA service 0x7f9f6683eb30 initialized for platform Host (this does not guarantee that XLA will be used). Devices:
2020-02-02 17:07:02.509970: I tensorflow/compiler/xla/service/service.cc:176]   StreamExecutor device (0): Host, Default Version
WARNING:tensorflow:From /Volumes/Transcend/opt/anaconda3/envs/keras/lib/python3.6/site-packages/keras/backend/tensorflow_backend.py:422: The name tf.global_variables is deprecated. Please use tf.compat.v1.global_variables instead.

Load data...
Adjusting sequence length for actual size
x_train shape: (9595, 56)
x_test shape: (1067, 56)
Vocabulary Size: 18779
Model type is CNN-non-static
Load existing Word2Vec model '50features_1minwords_10context'
Initializing embedding layer with word2vec weights, shape (18779, 50)
Train on 9595 samples, validate on 1067 samples
Epoch 1/10
 - 6s - loss: 0.7019 - accuracy: 0.4993 - val_loss: 0.6934 - val_accuracy: 0.4920
Epoch 2/10
 - 6s - loss: 0.6940 - accuracy: 0.5094 - val_loss: 0.6919 - val_accuracy: 0.5295
Epoch 3/10
 - 6s - loss: 0.6913 - accuracy: 0.5275 - val_loss: 0.6881 - val_accuracy: 0.5876
Epoch 4/10
 - 6s - loss: 0.6817 - accuracy: 0.5626 - val_loss: 0.6665 - val_accuracy: 0.6242
Epoch 5/10
 - 6s - loss: 0.6547 - accuracy: 0.6090 - val_loss: 0.6364 - val_accuracy: 0.6579
Epoch 6/10
 - 5s - loss: 0.5933 - accuracy: 0.6845 - val_loss: 0.5624 - val_accuracy: 0.7498
Epoch 7/10
 - 6s - loss: 0.4999 - accuracy: 0.7580 - val_loss: 0.4973 - val_accuracy: 0.7788
Epoch 8/10
 - 6s - loss: 0.4264 - accuracy: 0.8050 - val_loss: 0.4893 - val_accuracy: 0.7788
Epoch 9/10
 - 6s - loss: 0.3709 - accuracy: 0.8351 - val_loss: 0.4851 - val_accuracy: 0.7807
Epoch 10/10
 - 6s - loss: 0.3234 - accuracy: 0.8562 - val_loss: 0.5014 - val_accuracy: 0.7732
Training time:60.10150098800659
