Using TensorFlow backend.
WARNING:tensorflow:From /Volumes/Transcend/opt/anaconda3/envs/keras/lib/python3.6/site-packages/tensorflow_core/python/ops/resource_variable_ops.py:1630: calling BaseResourceVariable.__init__ (from tensorflow.python.ops.resource_variable_ops) with constraint is deprecated and will be removed in a future version.
Instructions for updating:
If using Keras pass *_constraint arguments to layers.
WARNING:tensorflow:From /Volumes/Transcend/opt/anaconda3/envs/keras/lib/python3.6/site-packages/keras/backend/tensorflow_backend.py:4070: The name tf.nn.max_pool is deprecated. Please use tf.nn.max_pool2d instead.

WARNING:tensorflow:Large dropout rate: 0.8 (>0.5). In TensorFlow 2.x, dropout() uses dropout rate instead of keep_prob. Please ensure that this is intended.
WARNING:tensorflow:From /Volumes/Transcend/opt/anaconda3/envs/keras/lib/python3.6/site-packages/tensorflow_core/python/ops/nn_impl.py:183: where (from tensorflow.python.ops.array_ops) is deprecated and will be removed in a future version.
Instructions for updating:
Use tf.where in 2.0, which has the same broadcast rule as np.where
2020-02-02 17:16:47.487033: I tensorflow/core/platform/cpu_feature_guard.cc:142] Your CPU supports instructions that this TensorFlow binary was not compiled to use: AVX2 FMA
2020-02-02 17:16:47.501237: I tensorflow/compiler/xla/service/service.cc:168] XLA service 0x7f8c6c9b4410 initialized for platform Host (this does not guarantee that XLA will be used). Devices:
2020-02-02 17:16:47.501260: I tensorflow/compiler/xla/service/service.cc:176]   StreamExecutor device (0): Host, Default Version
WARNING:tensorflow:From /Volumes/Transcend/opt/anaconda3/envs/keras/lib/python3.6/site-packages/keras/backend/tensorflow_backend.py:422: The name tf.global_variables is deprecated. Please use tf.compat.v1.global_variables instead.

Load data...
Adjusting sequence length for actual size
x_train shape: (9595, 56)
x_test shape: (1067, 56)
Vocabulary Size: 18779
Model type is CNN-non-static
Load existing Word2Vec model '50features_1minwords_10context'
Initializing embedding layer with word2vec weights, shape (18779, 50)
Train on 9595 samples, validate on 1067 samples
Epoch 1/10
 - 5s - loss: 0.7019 - accuracy: 0.4958 - val_loss: 0.6933 - val_accuracy: 0.4930
Epoch 2/10
 - 5s - loss: 0.6941 - accuracy: 0.5097 - val_loss: 0.6929 - val_accuracy: 0.4911
Epoch 3/10
 - 5s - loss: 0.6919 - accuracy: 0.5177 - val_loss: 0.6895 - val_accuracy: 0.5792
Epoch 4/10
 - 6s - loss: 0.6837 - accuracy: 0.5596 - val_loss: 0.6722 - val_accuracy: 0.6129
Epoch 5/10
 - 6s - loss: 0.6619 - accuracy: 0.6016 - val_loss: 0.6435 - val_accuracy: 0.6467
Epoch 6/10
 - 6s - loss: 0.6033 - accuracy: 0.6723 - val_loss: 0.5719 - val_accuracy: 0.7432
Epoch 7/10
 - 5s - loss: 0.5130 - accuracy: 0.7465 - val_loss: 0.4991 - val_accuracy: 0.7873
Epoch 8/10
 - 5s - loss: 0.4345 - accuracy: 0.7991 - val_loss: 0.4896 - val_accuracy: 0.7844
Epoch 9/10
 - 5s - loss: 0.3762 - accuracy: 0.8295 - val_loss: 0.4879 - val_accuracy: 0.7788
Epoch 10/10
 - 6s - loss: 0.3357 - accuracy: 0.8503 - val_loss: 0.4962 - val_accuracy: 0.7723
Training time:55.09910202026367
