Using TensorFlow backend.
WARNING:tensorflow:From /Volumes/Transcend/opt/anaconda3/envs/keras/lib/python3.6/site-packages/tensorflow_core/python/ops/resource_variable_ops.py:1630: calling BaseResourceVariable.__init__ (from tensorflow.python.ops.resource_variable_ops) with constraint is deprecated and will be removed in a future version.
Instructions for updating:
If using Keras pass *_constraint arguments to layers.
WARNING:tensorflow:From /Volumes/Transcend/opt/anaconda3/envs/keras/lib/python3.6/site-packages/keras/backend/tensorflow_backend.py:4070: The name tf.nn.max_pool is deprecated. Please use tf.nn.max_pool2d instead.

WARNING:tensorflow:Large dropout rate: 0.8 (>0.5). In TensorFlow 2.x, dropout() uses dropout rate instead of keep_prob. Please ensure that this is intended.
WARNING:tensorflow:From /Volumes/Transcend/opt/anaconda3/envs/keras/lib/python3.6/site-packages/tensorflow_core/python/ops/nn_impl.py:183: where (from tensorflow.python.ops.array_ops) is deprecated and will be removed in a future version.
Instructions for updating:
Use tf.where in 2.0, which has the same broadcast rule as np.where
2020-02-02 17:18:27.022944: I tensorflow/core/platform/cpu_feature_guard.cc:142] Your CPU supports instructions that this TensorFlow binary was not compiled to use: AVX2 FMA
2020-02-02 17:18:27.037699: I tensorflow/compiler/xla/service/service.cc:168] XLA service 0x7ff55379fae0 initialized for platform Host (this does not guarantee that XLA will be used). Devices:
2020-02-02 17:18:27.037722: I tensorflow/compiler/xla/service/service.cc:176]   StreamExecutor device (0): Host, Default Version
WARNING:tensorflow:From /Volumes/Transcend/opt/anaconda3/envs/keras/lib/python3.6/site-packages/keras/backend/tensorflow_backend.py:422: The name tf.global_variables is deprecated. Please use tf.compat.v1.global_variables instead.

Load data...
Adjusting sequence length for actual size
x_train shape: (9595, 56)
x_test shape: (1067, 56)
Vocabulary Size: 18779
Model type is CNN-non-static
Load existing Word2Vec model '50features_1minwords_10context'
Initializing embedding layer with word2vec weights, shape (18779, 50)
Train on 9595 samples, validate on 1067 samples
Epoch 1/10
 - 6s - loss: 0.7018 - accuracy: 0.4952 - val_loss: 0.6933 - val_accuracy: 0.4845
Epoch 2/10
 - 5s - loss: 0.6938 - accuracy: 0.5060 - val_loss: 0.6920 - val_accuracy: 0.5567
Epoch 3/10
 - 5s - loss: 0.6912 - accuracy: 0.5199 - val_loss: 0.6879 - val_accuracy: 0.5914
Epoch 4/10
 - 5s - loss: 0.6825 - accuracy: 0.5555 - val_loss: 0.6725 - val_accuracy: 0.6279
Epoch 5/10
 - 5s - loss: 0.6607 - accuracy: 0.5969 - val_loss: 0.6382 - val_accuracy: 0.6514
Epoch 6/10
 - 6s - loss: 0.6137 - accuracy: 0.6675 - val_loss: 0.5717 - val_accuracy: 0.7413
Epoch 7/10
 - 5s - loss: 0.5248 - accuracy: 0.7435 - val_loss: 0.5023 - val_accuracy: 0.7769
Epoch 8/10
 - 6s - loss: 0.4496 - accuracy: 0.7901 - val_loss: 0.4798 - val_accuracy: 0.7938
Epoch 9/10
 - 5s - loss: 0.3933 - accuracy: 0.8286 - val_loss: 0.4784 - val_accuracy: 0.7769
Epoch 10/10
 - 6s - loss: 0.3363 - accuracy: 0.8522 - val_loss: 0.4869 - val_accuracy: 0.7779
Training time:54.4582359790802
