Using TensorFlow backend.
WARNING:tensorflow:From /Volumes/Transcend/opt/anaconda3/envs/keras/lib/python3.6/site-packages/tensorflow_core/python/ops/resource_variable_ops.py:1630: calling BaseResourceVariable.__init__ (from tensorflow.python.ops.resource_variable_ops) with constraint is deprecated and will be removed in a future version.
Instructions for updating:
If using Keras pass *_constraint arguments to layers.
WARNING:tensorflow:From /Volumes/Transcend/opt/anaconda3/envs/keras/lib/python3.6/site-packages/keras/backend/tensorflow_backend.py:4070: The name tf.nn.max_pool is deprecated. Please use tf.nn.max_pool2d instead.

WARNING:tensorflow:Large dropout rate: 0.8 (>0.5). In TensorFlow 2.x, dropout() uses dropout rate instead of keep_prob. Please ensure that this is intended.
WARNING:tensorflow:From /Volumes/Transcend/opt/anaconda3/envs/keras/lib/python3.6/site-packages/tensorflow_core/python/ops/nn_impl.py:183: where (from tensorflow.python.ops.array_ops) is deprecated and will be removed in a future version.
Instructions for updating:
Use tf.where in 2.0, which has the same broadcast rule as np.where
2020-02-02 17:19:57.808921: I tensorflow/core/platform/cpu_feature_guard.cc:142] Your CPU supports instructions that this TensorFlow binary was not compiled to use: AVX2 FMA
2020-02-02 17:19:57.828305: I tensorflow/compiler/xla/service/service.cc:168] XLA service 0x7fa0380abe20 initialized for platform Host (this does not guarantee that XLA will be used). Devices:
2020-02-02 17:19:57.828327: I tensorflow/compiler/xla/service/service.cc:176]   StreamExecutor device (0): Host, Default Version
WARNING:tensorflow:From /Volumes/Transcend/opt/anaconda3/envs/keras/lib/python3.6/site-packages/keras/backend/tensorflow_backend.py:422: The name tf.global_variables is deprecated. Please use tf.compat.v1.global_variables instead.

Load data...
Adjusting sequence length for actual size
x_train shape: (9595, 56)
x_test shape: (1067, 56)
Vocabulary Size: 18779
Model type is CNN-non-static
Load existing Word2Vec model '50features_1minwords_10context'
Initializing embedding layer with word2vec weights, shape (18779, 50)
Train on 9595 samples, validate on 1067 samples
Epoch 1/10
 - 6s - loss: 0.7018 - accuracy: 0.4995 - val_loss: 0.6933 - val_accuracy: 0.4995
Epoch 2/10
 - 6s - loss: 0.6933 - accuracy: 0.5130 - val_loss: 0.6904 - val_accuracy: 0.5792
Epoch 3/10
 - 6s - loss: 0.6891 - accuracy: 0.5330 - val_loss: 0.6847 - val_accuracy: 0.6082
Epoch 4/10
 - 6s - loss: 0.6783 - accuracy: 0.5638 - val_loss: 0.6603 - val_accuracy: 0.6495
Epoch 5/10
 - 6s - loss: 0.6519 - accuracy: 0.6104 - val_loss: 0.6301 - val_accuracy: 0.6739
Epoch 6/10
 - 5s - loss: 0.6000 - accuracy: 0.6795 - val_loss: 0.5544 - val_accuracy: 0.7601
Epoch 7/10
 - 5s - loss: 0.5134 - accuracy: 0.7497 - val_loss: 0.5001 - val_accuracy: 0.7779
Epoch 8/10
 - 5s - loss: 0.4390 - accuracy: 0.7936 - val_loss: 0.4833 - val_accuracy: 0.7873
Epoch 9/10
 - 5s - loss: 0.3863 - accuracy: 0.8306 - val_loss: 0.4794 - val_accuracy: 0.7816
Epoch 10/10
 - 5s - loss: 0.3196 - accuracy: 0.8617 - val_loss: 0.4927 - val_accuracy: 0.7816
Training time:57.15205788612366
