Using TensorFlow backend.
WARNING:tensorflow:From /Volumes/Transcend/opt/anaconda3/envs/keras/lib/python3.6/site-packages/tensorflow_core/python/ops/resource_variable_ops.py:1630: calling BaseResourceVariable.__init__ (from tensorflow.python.ops.resource_variable_ops) with constraint is deprecated and will be removed in a future version.
Instructions for updating:
If using Keras pass *_constraint arguments to layers.
WARNING:tensorflow:From /Volumes/Transcend/opt/anaconda3/envs/keras/lib/python3.6/site-packages/keras/backend/tensorflow_backend.py:4070: The name tf.nn.max_pool is deprecated. Please use tf.nn.max_pool2d instead.

WARNING:tensorflow:Large dropout rate: 0.8 (>0.5). In TensorFlow 2.x, dropout() uses dropout rate instead of keep_prob. Please ensure that this is intended.
WARNING:tensorflow:From /Volumes/Transcend/opt/anaconda3/envs/keras/lib/python3.6/site-packages/tensorflow_core/python/ops/nn_impl.py:183: where (from tensorflow.python.ops.array_ops) is deprecated and will be removed in a future version.
Instructions for updating:
Use tf.where in 2.0, which has the same broadcast rule as np.where
2020-02-02 17:09:32.907549: I tensorflow/core/platform/cpu_feature_guard.cc:142] Your CPU supports instructions that this TensorFlow binary was not compiled to use: AVX2 FMA
2020-02-02 17:09:32.921305: I tensorflow/compiler/xla/service/service.cc:168] XLA service 0x7f7f7494ed30 initialized for platform Host (this does not guarantee that XLA will be used). Devices:
2020-02-02 17:09:32.921327: I tensorflow/compiler/xla/service/service.cc:176]   StreamExecutor device (0): Host, Default Version
WARNING:tensorflow:From /Volumes/Transcend/opt/anaconda3/envs/keras/lib/python3.6/site-packages/keras/backend/tensorflow_backend.py:422: The name tf.global_variables is deprecated. Please use tf.compat.v1.global_variables instead.

Load data...
Adjusting sequence length for actual size
x_train shape: (9595, 56)
x_test shape: (1067, 56)
Vocabulary Size: 18779
Model type is CNN-non-static
Load existing Word2Vec model '50features_1minwords_10context'
Initializing embedding layer with word2vec weights, shape (18779, 50)
Train on 9595 samples, validate on 1067 samples
Epoch 1/10
 - 6s - loss: 0.7019 - accuracy: 0.4971 - val_loss: 0.6932 - val_accuracy: 0.4892
Epoch 2/10
 - 5s - loss: 0.6928 - accuracy: 0.5108 - val_loss: 0.6900 - val_accuracy: 0.5717
Epoch 3/10
 - 5s - loss: 0.6899 - accuracy: 0.5253 - val_loss: 0.6845 - val_accuracy: 0.5989
Epoch 4/10
 - 5s - loss: 0.6796 - accuracy: 0.5619 - val_loss: 0.6679 - val_accuracy: 0.6448
Epoch 5/10
 - 5s - loss: 0.6543 - accuracy: 0.6040 - val_loss: 0.6318 - val_accuracy: 0.6532
Epoch 6/10
 - 5s - loss: 0.6044 - accuracy: 0.6662 - val_loss: 0.5639 - val_accuracy: 0.7563
Epoch 7/10
 - 7s - loss: 0.5165 - accuracy: 0.7505 - val_loss: 0.4964 - val_accuracy: 0.7788
Epoch 8/10
 - 6s - loss: 0.4406 - accuracy: 0.8011 - val_loss: 0.4863 - val_accuracy: 0.7769
Epoch 9/10
 - 6s - loss: 0.3841 - accuracy: 0.8330 - val_loss: 0.4826 - val_accuracy: 0.7854
Epoch 10/10
 - 5s - loss: 0.3273 - accuracy: 0.8558 - val_loss: 0.4941 - val_accuracy: 0.7732
Training time:57.23754096031189
