Using TensorFlow backend.
WARNING:tensorflow:From /Volumes/Transcend/opt/anaconda3/envs/keras/lib/python3.6/site-packages/tensorflow_core/python/ops/resource_variable_ops.py:1630: calling BaseResourceVariable.__init__ (from tensorflow.python.ops.resource_variable_ops) with constraint is deprecated and will be removed in a future version.
Instructions for updating:
If using Keras pass *_constraint arguments to layers.
WARNING:tensorflow:From /Volumes/Transcend/opt/anaconda3/envs/keras/lib/python3.6/site-packages/keras/backend/tensorflow_backend.py:4070: The name tf.nn.max_pool is deprecated. Please use tf.nn.max_pool2d instead.

WARNING:tensorflow:Large dropout rate: 0.8 (>0.5). In TensorFlow 2.x, dropout() uses dropout rate instead of keep_prob. Please ensure that this is intended.
WARNING:tensorflow:From /Volumes/Transcend/opt/anaconda3/envs/keras/lib/python3.6/site-packages/tensorflow_core/python/ops/nn_impl.py:183: where (from tensorflow.python.ops.array_ops) is deprecated and will be removed in a future version.
Instructions for updating:
Use tf.where in 2.0, which has the same broadcast rule as np.where
2020-02-02 14:29:21.318039: I tensorflow/core/platform/cpu_feature_guard.cc:142] Your CPU supports instructions that this TensorFlow binary was not compiled to use: AVX2 FMA
2020-02-02 14:29:21.337482: I tensorflow/compiler/xla/service/service.cc:168] XLA service 0x7fe04d210de0 initialized for platform Host (this does not guarantee that XLA will be used). Devices:
2020-02-02 14:29:21.337512: I tensorflow/compiler/xla/service/service.cc:176]   StreamExecutor device (0): Host, Default Version
WARNING:tensorflow:From /Volumes/Transcend/opt/anaconda3/envs/keras/lib/python3.6/site-packages/keras/backend/tensorflow_backend.py:422: The name tf.global_variables is deprecated. Please use tf.compat.v1.global_variables instead.

Load data...
Adjusting sequence length for actual size
x_train shape: (9595, 56)
x_test shape: (1067, 56)
Vocabulary Size: 18779
Model type is CNN-non-static
Load existing Word2Vec model '50features_1minwords_10context'
Initializing embedding layer with word2vec weights, shape (18779, 50)
Train on 9595 samples, validate on 1067 samples
Epoch 1/10
 - 8s - loss: 0.7021 - accuracy: 0.4950 - val_loss: 0.6933 - val_accuracy: 0.4958
Epoch 2/10
 - 7s - loss: 0.6932 - accuracy: 0.5114 - val_loss: 0.6906 - val_accuracy: 0.5576
Epoch 3/10
 - 7s - loss: 0.6903 - accuracy: 0.5213 - val_loss: 0.6865 - val_accuracy: 0.6082
Epoch 4/10
 - 7s - loss: 0.6806 - accuracy: 0.5603 - val_loss: 0.6662 - val_accuracy: 0.6326
Epoch 5/10
 - 7s - loss: 0.6579 - accuracy: 0.6005 - val_loss: 0.6346 - val_accuracy: 0.6607
Epoch 6/10
 - 7s - loss: 0.6092 - accuracy: 0.6693 - val_loss: 0.5684 - val_accuracy: 0.7554
Epoch 7/10
 - 8s - loss: 0.5194 - accuracy: 0.7459 - val_loss: 0.4985 - val_accuracy: 0.7844
Epoch 8/10
 - 7s - loss: 0.4340 - accuracy: 0.8009 - val_loss: 0.4870 - val_accuracy: 0.7873
Epoch 9/10
 - 7s - loss: 0.3724 - accuracy: 0.8367 - val_loss: 0.4823 - val_accuracy: 0.7891
Epoch 10/10
 - 8s - loss: 0.3135 - accuracy: 0.8625 - val_loss: 0.5040 - val_accuracy: 0.7760
Training time:72.29767179489136
