Using TensorFlow backend.
WARNING:tensorflow:From /Volumes/Transcend/opt/anaconda3/envs/keras/lib/python3.6/site-packages/tensorflow_core/python/ops/resource_variable_ops.py:1630: calling BaseResourceVariable.__init__ (from tensorflow.python.ops.resource_variable_ops) with constraint is deprecated and will be removed in a future version.
Instructions for updating:
If using Keras pass *_constraint arguments to layers.
WARNING:tensorflow:From /Volumes/Transcend/opt/anaconda3/envs/keras/lib/python3.6/site-packages/keras/backend/tensorflow_backend.py:4070: The name tf.nn.max_pool is deprecated. Please use tf.nn.max_pool2d instead.

WARNING:tensorflow:Large dropout rate: 0.8 (>0.5). In TensorFlow 2.x, dropout() uses dropout rate instead of keep_prob. Please ensure that this is intended.
WARNING:tensorflow:From /Volumes/Transcend/opt/anaconda3/envs/keras/lib/python3.6/site-packages/tensorflow_core/python/ops/nn_impl.py:183: where (from tensorflow.python.ops.array_ops) is deprecated and will be removed in a future version.
Instructions for updating:
Use tf.where in 2.0, which has the same broadcast rule as np.where
2020-02-02 14:43:16.968460: I tensorflow/core/platform/cpu_feature_guard.cc:142] Your CPU supports instructions that this TensorFlow binary was not compiled to use: AVX2 FMA
2020-02-02 14:43:16.983735: I tensorflow/compiler/xla/service/service.cc:168] XLA service 0x7fbb5b014810 initialized for platform Host (this does not guarantee that XLA will be used). Devices:
2020-02-02 14:43:16.983759: I tensorflow/compiler/xla/service/service.cc:176]   StreamExecutor device (0): Host, Default Version
WARNING:tensorflow:From /Volumes/Transcend/opt/anaconda3/envs/keras/lib/python3.6/site-packages/keras/backend/tensorflow_backend.py:422: The name tf.global_variables is deprecated. Please use tf.compat.v1.global_variables instead.

Load data...
Adjusting sequence length for actual size
x_train shape: (9595, 56)
x_test shape: (1067, 56)
Vocabulary Size: 18779
Model type is CNN-non-static
Load existing Word2Vec model '50features_1minwords_10context'
Initializing embedding layer with word2vec weights, shape (18779, 50)
Train on 9595 samples, validate on 1067 samples
Epoch 1/10
 - 6s - loss: 0.7018 - accuracy: 0.4938 - val_loss: 0.6933 - val_accuracy: 0.4855
Epoch 2/10
 - 5s - loss: 0.6928 - accuracy: 0.5119 - val_loss: 0.6902 - val_accuracy: 0.5792
Epoch 3/10
 - 5s - loss: 0.6903 - accuracy: 0.5313 - val_loss: 0.6855 - val_accuracy: 0.6036
Epoch 4/10
 - 6s - loss: 0.6800 - accuracy: 0.5633 - val_loss: 0.6678 - val_accuracy: 0.6382
Epoch 5/10
 - 6s - loss: 0.6537 - accuracy: 0.6058 - val_loss: 0.6299 - val_accuracy: 0.6682
Epoch 6/10
 - 6s - loss: 0.5948 - accuracy: 0.6745 - val_loss: 0.5638 - val_accuracy: 0.7507
Epoch 7/10
 - 6s - loss: 0.4985 - accuracy: 0.7609 - val_loss: 0.4933 - val_accuracy: 0.7863
Epoch 8/10
 - 6s - loss: 0.4202 - accuracy: 0.8132 - val_loss: 0.4772 - val_accuracy: 0.7807
Epoch 9/10
 - 5s - loss: 0.3620 - accuracy: 0.8428 - val_loss: 0.4845 - val_accuracy: 0.7816
Epoch 10/10
 - 6s - loss: 0.3043 - accuracy: 0.8674 - val_loss: 0.5053 - val_accuracy: 0.7760
Training time:58.68052887916565
