Using TensorFlow backend.
WARNING:tensorflow:From /Volumes/Transcend/opt/anaconda3/envs/keras/lib/python3.6/site-packages/tensorflow_core/python/ops/resource_variable_ops.py:1630: calling BaseResourceVariable.__init__ (from tensorflow.python.ops.resource_variable_ops) with constraint is deprecated and will be removed in a future version.
Instructions for updating:
If using Keras pass *_constraint arguments to layers.
WARNING:tensorflow:From /Volumes/Transcend/opt/anaconda3/envs/keras/lib/python3.6/site-packages/keras/backend/tensorflow_backend.py:4070: The name tf.nn.max_pool is deprecated. Please use tf.nn.max_pool2d instead.

WARNING:tensorflow:Large dropout rate: 0.8 (>0.5). In TensorFlow 2.x, dropout() uses dropout rate instead of keep_prob. Please ensure that this is intended.
WARNING:tensorflow:From /Volumes/Transcend/opt/anaconda3/envs/keras/lib/python3.6/site-packages/tensorflow_core/python/ops/nn_impl.py:183: where (from tensorflow.python.ops.array_ops) is deprecated and will be removed in a future version.
Instructions for updating:
Use tf.where in 2.0, which has the same broadcast rule as np.where
2020-02-02 14:33:05.861756: I tensorflow/core/platform/cpu_feature_guard.cc:142] Your CPU supports instructions that this TensorFlow binary was not compiled to use: AVX2 FMA
2020-02-02 14:33:05.878588: I tensorflow/compiler/xla/service/service.cc:168] XLA service 0x7fd96ea28f50 initialized for platform Host (this does not guarantee that XLA will be used). Devices:
2020-02-02 14:33:05.878611: I tensorflow/compiler/xla/service/service.cc:176]   StreamExecutor device (0): Host, Default Version
WARNING:tensorflow:From /Volumes/Transcend/opt/anaconda3/envs/keras/lib/python3.6/site-packages/keras/backend/tensorflow_backend.py:422: The name tf.global_variables is deprecated. Please use tf.compat.v1.global_variables instead.

Load data...
Adjusting sequence length for actual size
x_train shape: (9595, 56)
x_test shape: (1067, 56)
Vocabulary Size: 18779
Model type is CNN-non-static
Load existing Word2Vec model '50features_1minwords_10context'
Initializing embedding layer with word2vec weights, shape (18779, 50)
Train on 9595 samples, validate on 1067 samples
Epoch 1/10
 - 6s - loss: 0.7014 - accuracy: 0.4970 - val_loss: 0.6932 - val_accuracy: 0.5117
Epoch 2/10
 - 6s - loss: 0.6936 - accuracy: 0.5117 - val_loss: 0.6916 - val_accuracy: 0.5595
Epoch 3/10
 - 5s - loss: 0.6907 - accuracy: 0.5241 - val_loss: 0.6869 - val_accuracy: 0.5876
Epoch 4/10
 - 5s - loss: 0.6814 - accuracy: 0.5562 - val_loss: 0.6697 - val_accuracy: 0.6326
Epoch 5/10
 - 5s - loss: 0.6577 - accuracy: 0.6050 - val_loss: 0.6324 - val_accuracy: 0.6635
Epoch 6/10
 - 6s - loss: 0.6028 - accuracy: 0.6770 - val_loss: 0.5591 - val_accuracy: 0.7507
Epoch 7/10
 - 6s - loss: 0.5096 - accuracy: 0.7520 - val_loss: 0.4980 - val_accuracy: 0.7779
Epoch 8/10
 - 6s - loss: 0.4359 - accuracy: 0.7999 - val_loss: 0.4855 - val_accuracy: 0.7844
Epoch 9/10
 - 5s - loss: 0.3802 - accuracy: 0.8264 - val_loss: 0.4852 - val_accuracy: 0.7769
Epoch 10/10
 - 8s - loss: 0.3199 - accuracy: 0.8564 - val_loss: 0.4996 - val_accuracy: 0.7704
Training time:61.707709312438965
