Using TensorFlow backend.
WARNING:tensorflow:From /Volumes/Transcend/opt/anaconda3/envs/keras/lib/python3.6/site-packages/tensorflow_core/python/ops/resource_variable_ops.py:1630: calling BaseResourceVariable.__init__ (from tensorflow.python.ops.resource_variable_ops) with constraint is deprecated and will be removed in a future version.
Instructions for updating:
If using Keras pass *_constraint arguments to layers.
WARNING:tensorflow:From /Volumes/Transcend/opt/anaconda3/envs/keras/lib/python3.6/site-packages/keras/backend/tensorflow_backend.py:4070: The name tf.nn.max_pool is deprecated. Please use tf.nn.max_pool2d instead.

WARNING:tensorflow:Large dropout rate: 0.8 (>0.5). In TensorFlow 2.x, dropout() uses dropout rate instead of keep_prob. Please ensure that this is intended.
WARNING:tensorflow:From /Volumes/Transcend/opt/anaconda3/envs/keras/lib/python3.6/site-packages/tensorflow_core/python/ops/nn_impl.py:183: where (from tensorflow.python.ops.array_ops) is deprecated and will be removed in a future version.
Instructions for updating:
Use tf.where in 2.0, which has the same broadcast rule as np.where
2020-02-02 14:37:35.933687: I tensorflow/core/platform/cpu_feature_guard.cc:142] Your CPU supports instructions that this TensorFlow binary was not compiled to use: AVX2 FMA
2020-02-02 14:37:35.948272: I tensorflow/compiler/xla/service/service.cc:168] XLA service 0x7f8c2a9ee770 initialized for platform Host (this does not guarantee that XLA will be used). Devices:
2020-02-02 14:37:35.948295: I tensorflow/compiler/xla/service/service.cc:176]   StreamExecutor device (0): Host, Default Version
WARNING:tensorflow:From /Volumes/Transcend/opt/anaconda3/envs/keras/lib/python3.6/site-packages/keras/backend/tensorflow_backend.py:422: The name tf.global_variables is deprecated. Please use tf.compat.v1.global_variables instead.

Load data...
Adjusting sequence length for actual size
x_train shape: (9595, 56)
x_test shape: (1067, 56)
Vocabulary Size: 18779
Model type is CNN-non-static
Load existing Word2Vec model '50features_1minwords_10context'
Initializing embedding layer with word2vec weights, shape (18779, 50)
Train on 9595 samples, validate on 1067 samples
Epoch 1/10
 - 6s - loss: 0.7016 - accuracy: 0.4950 - val_loss: 0.6932 - val_accuracy: 0.4967
Epoch 2/10
 - 6s - loss: 0.6936 - accuracy: 0.5105 - val_loss: 0.6925 - val_accuracy: 0.5333
Epoch 3/10
 - 5s - loss: 0.6917 - accuracy: 0.5158 - val_loss: 0.6888 - val_accuracy: 0.5858
Epoch 4/10
 - 5s - loss: 0.6834 - accuracy: 0.5542 - val_loss: 0.6708 - val_accuracy: 0.6129
Epoch 5/10
 - 5s - loss: 0.6619 - accuracy: 0.5980 - val_loss: 0.6378 - val_accuracy: 0.6701
Epoch 6/10
 - 6s - loss: 0.6066 - accuracy: 0.6732 - val_loss: 0.5634 - val_accuracy: 0.7376
Epoch 7/10
 - 7s - loss: 0.5048 - accuracy: 0.7536 - val_loss: 0.4953 - val_accuracy: 0.7760
Epoch 8/10
 - 5s - loss: 0.4216 - accuracy: 0.8056 - val_loss: 0.4814 - val_accuracy: 0.7816
Epoch 9/10
 - 5s - loss: 0.3594 - accuracy: 0.8430 - val_loss: 0.4824 - val_accuracy: 0.7779
Epoch 10/10
 - 5s - loss: 0.3072 - accuracy: 0.8668 - val_loss: 0.5062 - val_accuracy: 0.7816
Training time:55.43525815010071
