Using TensorFlow backend.
WARNING:tensorflow:From /Volumes/Transcend/opt/anaconda3/envs/keras/lib/python3.6/site-packages/tensorflow_core/python/ops/resource_variable_ops.py:1630: calling BaseResourceVariable.__init__ (from tensorflow.python.ops.resource_variable_ops) with constraint is deprecated and will be removed in a future version.
Instructions for updating:
If using Keras pass *_constraint arguments to layers.
WARNING:tensorflow:From /Volumes/Transcend/opt/anaconda3/envs/keras/lib/python3.6/site-packages/keras/backend/tensorflow_backend.py:4070: The name tf.nn.max_pool is deprecated. Please use tf.nn.max_pool2d instead.

WARNING:tensorflow:Large dropout rate: 0.8 (>0.5). In TensorFlow 2.x, dropout() uses dropout rate instead of keep_prob. Please ensure that this is intended.
WARNING:tensorflow:From /Volumes/Transcend/opt/anaconda3/envs/keras/lib/python3.6/site-packages/tensorflow_core/python/ops/nn_impl.py:183: where (from tensorflow.python.ops.array_ops) is deprecated and will be removed in a future version.
Instructions for updating:
Use tf.where in 2.0, which has the same broadcast rule as np.where
2020-02-04 13:04:02.243589: I tensorflow/core/platform/cpu_feature_guard.cc:142] Your CPU supports instructions that this TensorFlow binary was not compiled to use: AVX2 FMA
2020-02-04 13:04:02.260431: I tensorflow/compiler/xla/service/service.cc:168] XLA service 0x7fb303f84e70 initialized for platform Host (this does not guarantee that XLA will be used). Devices:
2020-02-04 13:04:02.260489: I tensorflow/compiler/xla/service/service.cc:176]   StreamExecutor device (0): Host, Default Version
WARNING:tensorflow:From /Volumes/Transcend/opt/anaconda3/envs/keras/lib/python3.6/site-packages/keras/backend/tensorflow_backend.py:422: The name tf.global_variables is deprecated. Please use tf.compat.v1.global_variables instead.

Load data...
Adjusting sequence length for actual size
x_train shape: (9595, 56)
x_test shape: (1067, 56)
Vocabulary Size: 18779
Model type is CNN-non-static
Load existing Word2Vec model '50features_1minwords_10context'
Initializing embedding layer with word2vec weights, shape (18779, 50)
Train on 9595 samples, validate on 1067 samples
Epoch 1/10
 - 5s - loss: 0.7021 - accuracy: 0.4973 - val_loss: 0.6933 - val_accuracy: 0.4920
Epoch 2/10
 - 6s - loss: 0.6938 - accuracy: 0.5071 - val_loss: 0.6922 - val_accuracy: 0.5483
Epoch 3/10
 - 5s - loss: 0.6912 - accuracy: 0.5193 - val_loss: 0.6886 - val_accuracy: 0.5923
Epoch 4/10
 - 5s - loss: 0.6829 - accuracy: 0.5542 - val_loss: 0.6726 - val_accuracy: 0.6214
Epoch 5/10
 - 5s - loss: 0.6626 - accuracy: 0.6019 - val_loss: 0.6422 - val_accuracy: 0.6635
Epoch 6/10
 - 5s - loss: 0.6142 - accuracy: 0.6663 - val_loss: 0.5735 - val_accuracy: 0.7451
Epoch 7/10
 - 5s - loss: 0.5267 - accuracy: 0.7403 - val_loss: 0.5017 - val_accuracy: 0.7844
Epoch 8/10
 - 7s - loss: 0.4436 - accuracy: 0.7954 - val_loss: 0.4857 - val_accuracy: 0.7891
Epoch 9/10
 - 5s - loss: 0.3874 - accuracy: 0.8307 - val_loss: 0.4836 - val_accuracy: 0.7798
Epoch 10/10
 - 5s - loss: 0.3251 - accuracy: 0.8594 - val_loss: 0.4968 - val_accuracy: 0.7807
Training time:52.79006910324097
