Using TensorFlow backend.
WARNING:tensorflow:From /Volumes/Transcend/opt/anaconda3/envs/keras/lib/python3.6/site-packages/tensorflow_core/python/ops/resource_variable_ops.py:1630: calling BaseResourceVariable.__init__ (from tensorflow.python.ops.resource_variable_ops) with constraint is deprecated and will be removed in a future version.
Instructions for updating:
If using Keras pass *_constraint arguments to layers.
WARNING:tensorflow:From /Volumes/Transcend/opt/anaconda3/envs/keras/lib/python3.6/site-packages/keras/backend/tensorflow_backend.py:4070: The name tf.nn.max_pool is deprecated. Please use tf.nn.max_pool2d instead.

WARNING:tensorflow:Large dropout rate: 0.8 (>0.5). In TensorFlow 2.x, dropout() uses dropout rate instead of keep_prob. Please ensure that this is intended.
WARNING:tensorflow:From /Volumes/Transcend/opt/anaconda3/envs/keras/lib/python3.6/site-packages/tensorflow_core/python/ops/nn_impl.py:183: where (from tensorflow.python.ops.array_ops) is deprecated and will be removed in a future version.
Instructions for updating:
Use tf.where in 2.0, which has the same broadcast rule as np.where
2020-02-04 13:06:16.670415: I tensorflow/core/platform/cpu_feature_guard.cc:142] Your CPU supports instructions that this TensorFlow binary was not compiled to use: AVX2 FMA
2020-02-04 13:06:16.686116: I tensorflow/compiler/xla/service/service.cc:168] XLA service 0x7fe60c9412b0 initialized for platform Host (this does not guarantee that XLA will be used). Devices:
2020-02-04 13:06:16.686140: I tensorflow/compiler/xla/service/service.cc:176]   StreamExecutor device (0): Host, Default Version
WARNING:tensorflow:From /Volumes/Transcend/opt/anaconda3/envs/keras/lib/python3.6/site-packages/keras/backend/tensorflow_backend.py:422: The name tf.global_variables is deprecated. Please use tf.compat.v1.global_variables instead.

Load data...
Adjusting sequence length for actual size
x_train shape: (9595, 56)
x_test shape: (1067, 56)
Vocabulary Size: 18779
Model type is CNN-non-static
Load existing Word2Vec model '50features_1minwords_10context'
Initializing embedding layer with word2vec weights, shape (18779, 50)
Train on 9595 samples, validate on 1067 samples
Epoch 1/10
 - 6s - loss: 0.7020 - accuracy: 0.4958 - val_loss: 0.6933 - val_accuracy: 0.4911
Epoch 2/10
 - 5s - loss: 0.6935 - accuracy: 0.5095 - val_loss: 0.6918 - val_accuracy: 0.5783
Epoch 3/10
 - 5s - loss: 0.6912 - accuracy: 0.5199 - val_loss: 0.6890 - val_accuracy: 0.5933
Epoch 4/10
 - 5s - loss: 0.6835 - accuracy: 0.5595 - val_loss: 0.6723 - val_accuracy: 0.6186
Epoch 5/10
 - 5s - loss: 0.6628 - accuracy: 0.5932 - val_loss: 0.6390 - val_accuracy: 0.6485
Epoch 6/10
 - 5s - loss: 0.6050 - accuracy: 0.6676 - val_loss: 0.5726 - val_accuracy: 0.7254
Epoch 7/10
 - 5s - loss: 0.5079 - accuracy: 0.7514 - val_loss: 0.4969 - val_accuracy: 0.7798
Epoch 8/10
 - 5s - loss: 0.4311 - accuracy: 0.8023 - val_loss: 0.4820 - val_accuracy: 0.7816
Epoch 9/10
 - 5s - loss: 0.3664 - accuracy: 0.8377 - val_loss: 0.4818 - val_accuracy: 0.7798
Epoch 10/10
 - 7s - loss: 0.3132 - accuracy: 0.8614 - val_loss: 0.5032 - val_accuracy: 0.7769
Training time:55.52011704444885
