Using TensorFlow backend.
WARNING:tensorflow:From /Volumes/Transcend/opt/anaconda3/envs/keras/lib/python3.6/site-packages/tensorflow_core/python/ops/resource_variable_ops.py:1630: calling BaseResourceVariable.__init__ (from tensorflow.python.ops.resource_variable_ops) with constraint is deprecated and will be removed in a future version.
Instructions for updating:
If using Keras pass *_constraint arguments to layers.
WARNING:tensorflow:From /Volumes/Transcend/opt/anaconda3/envs/keras/lib/python3.6/site-packages/keras/backend/tensorflow_backend.py:4070: The name tf.nn.max_pool is deprecated. Please use tf.nn.max_pool2d instead.

WARNING:tensorflow:Large dropout rate: 0.8 (>0.5). In TensorFlow 2.x, dropout() uses dropout rate instead of keep_prob. Please ensure that this is intended.
WARNING:tensorflow:From /Volumes/Transcend/opt/anaconda3/envs/keras/lib/python3.6/site-packages/tensorflow_core/python/ops/nn_impl.py:183: where (from tensorflow.python.ops.array_ops) is deprecated and will be removed in a future version.
Instructions for updating:
Use tf.where in 2.0, which has the same broadcast rule as np.where
2020-02-04 13:08:16.354259: I tensorflow/core/platform/cpu_feature_guard.cc:142] Your CPU supports instructions that this TensorFlow binary was not compiled to use: AVX2 FMA
2020-02-04 13:08:16.366848: I tensorflow/compiler/xla/service/service.cc:168] XLA service 0x7ff749a03640 initialized for platform Host (this does not guarantee that XLA will be used). Devices:
2020-02-04 13:08:16.366869: I tensorflow/compiler/xla/service/service.cc:176]   StreamExecutor device (0): Host, Default Version
WARNING:tensorflow:From /Volumes/Transcend/opt/anaconda3/envs/keras/lib/python3.6/site-packages/keras/backend/tensorflow_backend.py:422: The name tf.global_variables is deprecated. Please use tf.compat.v1.global_variables instead.

Load data...
Adjusting sequence length for actual size
x_train shape: (9595, 56)
x_test shape: (1067, 56)
Vocabulary Size: 18779
Model type is CNN-non-static
Load existing Word2Vec model '50features_1minwords_10context'
Initializing embedding layer with word2vec weights, shape (18779, 50)
Train on 9595 samples, validate on 1067 samples
Epoch 1/10
 - 6s - loss: 0.7018 - accuracy: 0.4987 - val_loss: 0.6933 - val_accuracy: 0.4705
Epoch 2/10
 - 5s - loss: 0.6936 - accuracy: 0.5084 - val_loss: 0.6915 - val_accuracy: 0.5155
Epoch 3/10
 - 5s - loss: 0.6907 - accuracy: 0.5232 - val_loss: 0.6883 - val_accuracy: 0.5961
Epoch 4/10
 - 6s - loss: 0.6823 - accuracy: 0.5537 - val_loss: 0.6688 - val_accuracy: 0.6289
Epoch 5/10
 - 5s - loss: 0.6585 - accuracy: 0.6028 - val_loss: 0.6337 - val_accuracy: 0.6804
Epoch 6/10
 - 6s - loss: 0.6012 - accuracy: 0.6758 - val_loss: 0.5712 - val_accuracy: 0.7404
Epoch 7/10
 - 6s - loss: 0.5092 - accuracy: 0.7550 - val_loss: 0.4985 - val_accuracy: 0.7835
Epoch 8/10
 - 5s - loss: 0.4278 - accuracy: 0.8060 - val_loss: 0.4847 - val_accuracy: 0.7732
Epoch 9/10
 - 5s - loss: 0.3668 - accuracy: 0.8381 - val_loss: 0.4775 - val_accuracy: 0.7807
Epoch 10/10
 - 5s - loss: 0.3167 - accuracy: 0.8627 - val_loss: 0.4965 - val_accuracy: 0.7760
Training time:54.63561820983887
