Using TensorFlow backend.
WARNING:tensorflow:From /Volumes/Transcend/opt/anaconda3/envs/keras/lib/python3.6/site-packages/tensorflow_core/python/ops/resource_variable_ops.py:1630: calling BaseResourceVariable.__init__ (from tensorflow.python.ops.resource_variable_ops) with constraint is deprecated and will be removed in a future version.
Instructions for updating:
If using Keras pass *_constraint arguments to layers.
WARNING:tensorflow:From /Volumes/Transcend/opt/anaconda3/envs/keras/lib/python3.6/site-packages/keras/backend/tensorflow_backend.py:4070: The name tf.nn.max_pool is deprecated. Please use tf.nn.max_pool2d instead.

WARNING:tensorflow:Large dropout rate: 0.8 (>0.5). In TensorFlow 2.x, dropout() uses dropout rate instead of keep_prob. Please ensure that this is intended.
WARNING:tensorflow:From /Volumes/Transcend/opt/anaconda3/envs/keras/lib/python3.6/site-packages/tensorflow_core/python/ops/nn_impl.py:183: where (from tensorflow.python.ops.array_ops) is deprecated and will be removed in a future version.
Instructions for updating:
Use tf.where in 2.0, which has the same broadcast rule as np.where
2020-02-04 13:05:13.145158: I tensorflow/core/platform/cpu_feature_guard.cc:142] Your CPU supports instructions that this TensorFlow binary was not compiled to use: AVX2 FMA
2020-02-04 13:05:13.171363: I tensorflow/compiler/xla/service/service.cc:168] XLA service 0x7fbb7b211dc0 initialized for platform Host (this does not guarantee that XLA will be used). Devices:
2020-02-04 13:05:13.171387: I tensorflow/compiler/xla/service/service.cc:176]   StreamExecutor device (0): Host, Default Version
WARNING:tensorflow:From /Volumes/Transcend/opt/anaconda3/envs/keras/lib/python3.6/site-packages/keras/backend/tensorflow_backend.py:422: The name tf.global_variables is deprecated. Please use tf.compat.v1.global_variables instead.

Load data...
Adjusting sequence length for actual size
x_train shape: (9595, 56)
x_test shape: (1067, 56)
Vocabulary Size: 18779
Model type is CNN-non-static
Load existing Word2Vec model '50features_1minwords_10context'
Initializing embedding layer with word2vec weights, shape (18779, 50)
Train on 9595 samples, validate on 1067 samples
Epoch 1/10
 - 6s - loss: 0.7020 - accuracy: 0.4968 - val_loss: 0.6932 - val_accuracy: 0.4986
Epoch 2/10
 - 6s - loss: 0.6933 - accuracy: 0.5092 - val_loss: 0.6911 - val_accuracy: 0.5351
Epoch 3/10
 - 5s - loss: 0.6907 - accuracy: 0.5259 - val_loss: 0.6865 - val_accuracy: 0.5998
Epoch 4/10
 - 5s - loss: 0.6808 - accuracy: 0.5590 - val_loss: 0.6689 - val_accuracy: 0.6392
Epoch 5/10
 - 4s - loss: 0.6569 - accuracy: 0.6078 - val_loss: 0.6344 - val_accuracy: 0.6598
Epoch 6/10
 - 5s - loss: 0.6090 - accuracy: 0.6687 - val_loss: 0.5662 - val_accuracy: 0.7526
Epoch 7/10
 - 5s - loss: 0.5215 - accuracy: 0.7428 - val_loss: 0.4991 - val_accuracy: 0.7873
Epoch 8/10
 - 5s - loss: 0.4412 - accuracy: 0.7995 - val_loss: 0.4834 - val_accuracy: 0.7891
Epoch 9/10
 - 6s - loss: 0.3755 - accuracy: 0.8346 - val_loss: 0.4823 - val_accuracy: 0.7741
Epoch 10/10
 - 6s - loss: 0.3134 - accuracy: 0.8608 - val_loss: 0.4994 - val_accuracy: 0.7723
Training time:53.982001304626465
