Using TensorFlow backend.
WARNING:tensorflow:From /Volumes/Transcend/opt/anaconda3/envs/keras/lib/python3.6/site-packages/tensorflow_core/python/ops/resource_variable_ops.py:1630: calling BaseResourceVariable.__init__ (from tensorflow.python.ops.resource_variable_ops) with constraint is deprecated and will be removed in a future version.
Instructions for updating:
If using Keras pass *_constraint arguments to layers.
WARNING:tensorflow:From /Volumes/Transcend/opt/anaconda3/envs/keras/lib/python3.6/site-packages/keras/backend/tensorflow_backend.py:4070: The name tf.nn.max_pool is deprecated. Please use tf.nn.max_pool2d instead.

WARNING:tensorflow:Large dropout rate: 0.8 (>0.5). In TensorFlow 2.x, dropout() uses dropout rate instead of keep_prob. Please ensure that this is intended.
WARNING:tensorflow:From /Volumes/Transcend/opt/anaconda3/envs/keras/lib/python3.6/site-packages/tensorflow_core/python/ops/nn_impl.py:183: where (from tensorflow.python.ops.array_ops) is deprecated and will be removed in a future version.
Instructions for updating:
Use tf.where in 2.0, which has the same broadcast rule as np.where
2020-02-04 13:18:22.874875: I tensorflow/core/platform/cpu_feature_guard.cc:142] Your CPU supports instructions that this TensorFlow binary was not compiled to use: AVX2 FMA
2020-02-04 13:18:22.897781: I tensorflow/compiler/xla/service/service.cc:168] XLA service 0x7ff96d066e40 initialized for platform Host (this does not guarantee that XLA will be used). Devices:
2020-02-04 13:18:22.897802: I tensorflow/compiler/xla/service/service.cc:176]   StreamExecutor device (0): Host, Default Version
WARNING:tensorflow:From /Volumes/Transcend/opt/anaconda3/envs/keras/lib/python3.6/site-packages/keras/backend/tensorflow_backend.py:422: The name tf.global_variables is deprecated. Please use tf.compat.v1.global_variables instead.

Load data...
Adjusting sequence length for actual size
x_train shape: (9595, 56)
x_test shape: (1067, 56)
Vocabulary Size: 18779
Model type is CNN-non-static
Load existing Word2Vec model '50features_1minwords_10context'
Initializing embedding layer with word2vec weights, shape (18779, 50)
Train on 9595 samples, validate on 1067 samples
Epoch 1/10
 - 6s - loss: 0.7017 - accuracy: 0.4963 - val_loss: 0.6933 - val_accuracy: 0.4845
Epoch 2/10
 - 5s - loss: 0.6930 - accuracy: 0.5105 - val_loss: 0.6898 - val_accuracy: 0.5595
Epoch 3/10
 - 5s - loss: 0.6896 - accuracy: 0.5299 - val_loss: 0.6853 - val_accuracy: 0.6045
Epoch 4/10
 - 5s - loss: 0.6782 - accuracy: 0.5663 - val_loss: 0.6648 - val_accuracy: 0.6448
Epoch 5/10
 - 6s - loss: 0.6519 - accuracy: 0.6105 - val_loss: 0.6313 - val_accuracy: 0.6626
Epoch 6/10
 - 6s - loss: 0.6016 - accuracy: 0.6742 - val_loss: 0.5592 - val_accuracy: 0.7488
Epoch 7/10
 - 6s - loss: 0.5111 - accuracy: 0.7520 - val_loss: 0.4990 - val_accuracy: 0.7694
Epoch 8/10
 - 6s - loss: 0.4267 - accuracy: 0.8051 - val_loss: 0.4815 - val_accuracy: 0.7826
Epoch 9/10
 - 6s - loss: 0.3635 - accuracy: 0.8434 - val_loss: 0.4788 - val_accuracy: 0.7788
Epoch 10/10
 - 6s - loss: 0.3060 - accuracy: 0.8686 - val_loss: 0.5014 - val_accuracy: 0.7723
Training time:56.59852886199951
