Using TensorFlow backend.
WARNING:tensorflow:From /Volumes/Transcend/opt/anaconda3/envs/keras/lib/python3.6/site-packages/tensorflow_core/python/ops/resource_variable_ops.py:1630: calling BaseResourceVariable.__init__ (from tensorflow.python.ops.resource_variable_ops) with constraint is deprecated and will be removed in a future version.
Instructions for updating:
If using Keras pass *_constraint arguments to layers.
WARNING:tensorflow:From /Volumes/Transcend/opt/anaconda3/envs/keras/lib/python3.6/site-packages/keras/backend/tensorflow_backend.py:4070: The name tf.nn.max_pool is deprecated. Please use tf.nn.max_pool2d instead.

WARNING:tensorflow:Large dropout rate: 0.8 (>0.5). In TensorFlow 2.x, dropout() uses dropout rate instead of keep_prob. Please ensure that this is intended.
WARNING:tensorflow:From /Volumes/Transcend/opt/anaconda3/envs/keras/lib/python3.6/site-packages/tensorflow_core/python/ops/nn_impl.py:183: where (from tensorflow.python.ops.array_ops) is deprecated and will be removed in a future version.
Instructions for updating:
Use tf.where in 2.0, which has the same broadcast rule as np.where
2020-02-04 12:55:45.773995: I tensorflow/core/platform/cpu_feature_guard.cc:142] Your CPU supports instructions that this TensorFlow binary was not compiled to use: AVX2 FMA
2020-02-04 12:55:45.786784: I tensorflow/compiler/xla/service/service.cc:168] XLA service 0x7f88a99a0230 initialized for platform Host (this does not guarantee that XLA will be used). Devices:
2020-02-04 12:55:45.786817: I tensorflow/compiler/xla/service/service.cc:176]   StreamExecutor device (0): Host, Default Version
WARNING:tensorflow:From /Volumes/Transcend/opt/anaconda3/envs/keras/lib/python3.6/site-packages/keras/backend/tensorflow_backend.py:422: The name tf.global_variables is deprecated. Please use tf.compat.v1.global_variables instead.

Load data...
Adjusting sequence length for actual size
x_train shape: (9595, 56)
x_test shape: (1067, 56)
Vocabulary Size: 18779
Model type is CNN-non-static
Load existing Word2Vec model '50features_1minwords_10context'
Initializing embedding layer with word2vec weights, shape (18779, 50)
Train on 9595 samples, validate on 1067 samples
Epoch 1/10
 - 6s - loss: 0.7019 - accuracy: 0.4989
 - 6s - loss: 0.7019 - accuracy: 0.4989 - val_loss: 0.0000e+00 - val_accuracy: 0.0000e+00
Epoch 2/10
 - 5s - loss: 0.6942 - accuracy: 0.5128
 - 5s - loss: 0.6942 - accuracy: 0.5128 - val_loss: 0.0000e+00 - val_accuracy: 0.0000e+00
Epoch 3/10
 - 4s - loss: 0.6922 - accuracy: 0.5146
 - 5s - loss: 0.6922 - accuracy: 0.5146 - val_loss: 0.0000e+00 - val_accuracy: 0.0000e+00
Epoch 4/10
 - 5s - loss: 0.6864 - accuracy: 0.5452
 - 5s - loss: 0.6864 - accuracy: 0.5452 - val_loss: 0.0000e+00 - val_accuracy: 0.0000e+00
Epoch 5/10
 - 5s - loss: 0.6661 - accuracy: 0.5952
 - 5s - loss: 0.6661 - accuracy: 0.5952 - val_loss: 0.0000e+00 - val_accuracy: 0.0000e+00
Epoch 6/10
 - 5s - loss: 0.6192 - accuracy: 0.6607
 - 5s - loss: 0.6192 - accuracy: 0.6607 - val_loss: 0.0000e+00 - val_accuracy: 0.0000e+00
Epoch 7/10
 - 5s - loss: 0.5283 - accuracy: 0.7365
 - 5s - loss: 0.5283 - accuracy: 0.7365 - val_loss: 0.0000e+00 - val_accuracy: 0.0000e+00
Epoch 8/10
 - 5s - loss: 0.4461 - accuracy: 0.7959
 - 6s - loss: 0.4461 - accuracy: 0.7959 - val_loss: 0.0000e+00 - val_accuracy: 0.0000e+00
Epoch 9/10
 - 6s - loss: 0.3783 - accuracy: 0.8286
 - 6s - loss: 0.3783 - accuracy: 0.8286 - val_loss: 0.0000e+00 - val_accuracy: 0.0000e+00
Epoch 10/10
 - 5s - loss: 0.3113 - accuracy: 0.8614
 - 5s - loss: 0.3113 - accuracy: 0.8614 - val_loss: 0.0000e+00 - val_accuracy: 0.0000e+00
Training time:53.312682151794434
