Using TensorFlow backend.
WARNING:tensorflow:From /Volumes/Transcend/opt/anaconda3/envs/keras/lib/python3.6/site-packages/tensorflow_core/python/ops/resource_variable_ops.py:1630: calling BaseResourceVariable.__init__ (from tensorflow.python.ops.resource_variable_ops) with constraint is deprecated and will be removed in a future version.
Instructions for updating:
If using Keras pass *_constraint arguments to layers.
WARNING:tensorflow:From /Volumes/Transcend/opt/anaconda3/envs/keras/lib/python3.6/site-packages/keras/backend/tensorflow_backend.py:4070: The name tf.nn.max_pool is deprecated. Please use tf.nn.max_pool2d instead.

WARNING:tensorflow:Large dropout rate: 0.8 (>0.5). In TensorFlow 2.x, dropout() uses dropout rate instead of keep_prob. Please ensure that this is intended.
WARNING:tensorflow:From /Volumes/Transcend/opt/anaconda3/envs/keras/lib/python3.6/site-packages/tensorflow_core/python/ops/nn_impl.py:183: where (from tensorflow.python.ops.array_ops) is deprecated and will be removed in a future version.
Instructions for updating:
Use tf.where in 2.0, which has the same broadcast rule as np.where
2020-02-04 13:19:29.998816: I tensorflow/core/platform/cpu_feature_guard.cc:142] Your CPU supports instructions that this TensorFlow binary was not compiled to use: AVX2 FMA
2020-02-04 13:19:30.016140: I tensorflow/compiler/xla/service/service.cc:168] XLA service 0x7f9c80966c50 initialized for platform Host (this does not guarantee that XLA will be used). Devices:
2020-02-04 13:19:30.016164: I tensorflow/compiler/xla/service/service.cc:176]   StreamExecutor device (0): Host, Default Version
WARNING:tensorflow:From /Volumes/Transcend/opt/anaconda3/envs/keras/lib/python3.6/site-packages/keras/backend/tensorflow_backend.py:422: The name tf.global_variables is deprecated. Please use tf.compat.v1.global_variables instead.

Load data...
Adjusting sequence length for actual size
x_train shape: (9595, 56)
x_test shape: (1067, 56)
Vocabulary Size: 18779
Model type is CNN-non-static
Load existing Word2Vec model '50features_1minwords_10context'
Initializing embedding layer with word2vec weights, shape (18779, 50)
Train on 9595 samples, validate on 1067 samples
Epoch 1/10
 - 6s - loss: 0.6973 - accuracy: 4686.6911 - val_loss: 0.6932 - val_accuracy: 0.4864
Epoch 2/10
 - 5s - loss: 0.6900 - accuracy: 4872.1389 - val_loss: 0.6934 - val_accuracy: 0.4977
Epoch 3/10
 - 5s - loss: 0.6885 - accuracy: 4923.7452 - val_loss: 0.6903 - val_accuracy: 0.5370
Epoch 4/10
 - 5s - loss: 0.6850 - accuracy: 5067.3896 - val_loss: 0.6820 - val_accuracy: 0.6157
Epoch 5/10
 - 5s - loss: 0.6738 - accuracy: 5340.8863 - val_loss: 0.6595 - val_accuracy: 0.6429
Epoch 6/10
 - 6s - loss: 0.6436 - accuracy: 5864.2418 - val_loss: 0.6099 - val_accuracy: 0.7226
Epoch 7/10
 - 6s - loss: 0.5633 - accuracy: 6609.7714 - val_loss: 0.5252 - val_accuracy: 0.7601
Epoch 8/10
 - 5s - loss: 0.4734 - accuracy: 7386.5266 - val_loss: 0.4903 - val_accuracy: 0.7901
Epoch 9/10
 - 6s - loss: 0.4031 - accuracy: 7868.3045 - val_loss: 0.4805 - val_accuracy: 0.7769
Epoch 10/10
 - 6s - loss: 0.3446 - accuracy: 8142.2000 - val_loss: 0.4904 - val_accuracy: 0.7769
Training time:56.91636824607849
