Using TensorFlow backend.
WARNING:tensorflow:From /Volumes/Transcend/opt/anaconda3/envs/keras/lib/python3.6/site-packages/tensorflow_core/python/ops/resource_variable_ops.py:1630: calling BaseResourceVariable.__init__ (from tensorflow.python.ops.resource_variable_ops) with constraint is deprecated and will be removed in a future version.
Instructions for updating:
If using Keras pass *_constraint arguments to layers.
WARNING:tensorflow:From /Volumes/Transcend/opt/anaconda3/envs/keras/lib/python3.6/site-packages/keras/backend/tensorflow_backend.py:4070: The name tf.nn.max_pool is deprecated. Please use tf.nn.max_pool2d instead.

WARNING:tensorflow:Large dropout rate: 0.8 (>0.5). In TensorFlow 2.x, dropout() uses dropout rate instead of keep_prob. Please ensure that this is intended.
WARNING:tensorflow:From /Volumes/Transcend/opt/anaconda3/envs/keras/lib/python3.6/site-packages/tensorflow_core/python/ops/nn_impl.py:183: where (from tensorflow.python.ops.array_ops) is deprecated and will be removed in a future version.
Instructions for updating:
Use tf.where in 2.0, which has the same broadcast rule as np.where
2020-02-04 13:25:13.097004: I tensorflow/core/platform/cpu_feature_guard.cc:142] Your CPU supports instructions that this TensorFlow binary was not compiled to use: AVX2 FMA
2020-02-04 13:25:13.116072: I tensorflow/compiler/xla/service/service.cc:168] XLA service 0x7fa5d314c0a0 initialized for platform Host (this does not guarantee that XLA will be used). Devices:
2020-02-04 13:25:13.116107: I tensorflow/compiler/xla/service/service.cc:176]   StreamExecutor device (0): Host, Default Version
WARNING:tensorflow:From /Volumes/Transcend/opt/anaconda3/envs/keras/lib/python3.6/site-packages/keras/backend/tensorflow_backend.py:422: The name tf.global_variables is deprecated. Please use tf.compat.v1.global_variables instead.

Load data...
Adjusting sequence length for actual size
x_train shape: (9595, 56)
x_test shape: (1067, 56)
Vocabulary Size: 18779
Model type is CNN-non-static
Load existing Word2Vec model '50features_1minwords_10context'
Initializing embedding layer with word2vec weights, shape (18779, 50)
Train on 9595 samples, validate on 1067 samples
Epoch 1/10
 - 10s - loss: 0.7018 - accuracy: 0.4982 - val_loss: 0.6934 - val_accuracy: 0.4986
Epoch 2/10
 - 9s - loss: 0.6938 - accuracy: 0.5121 - val_loss: 0.6920 - val_accuracy: 0.5520
Epoch 3/10
 - 9s - loss: 0.6908 - accuracy: 0.5275 - val_loss: 0.6881 - val_accuracy: 0.5933
Epoch 4/10
 - 8s - loss: 0.6821 - accuracy: 0.5575 - val_loss: 0.6714 - val_accuracy: 0.6373
Epoch 5/10
 - 9s - loss: 0.6612 - accuracy: 0.5997 - val_loss: 0.6408 - val_accuracy: 0.6579
Epoch 6/10
 - 8s - loss: 0.6155 - accuracy: 0.6611 - val_loss: 0.5767 - val_accuracy: 0.7451
Epoch 7/10
 - 7s - loss: 0.5251 - accuracy: 0.7362 - val_loss: 0.5036 - val_accuracy: 0.7769
Epoch 8/10
 - 8s - loss: 0.4423 - accuracy: 0.7930 - val_loss: 0.4856 - val_accuracy: 0.7854
Epoch 9/10
 - 7s - loss: 0.3808 - accuracy: 0.8312 - val_loss: 0.4853 - val_accuracy: 0.7798
Epoch 10/10
 - 5s - loss: 0.3200 - accuracy: 0.8574 - val_loss: 0.4999 - val_accuracy: 0.7685
Training time:81.35263800621033
