Using TensorFlow backend.
WARNING:tensorflow:From /Volumes/Transcend/opt/anaconda3/envs/keras/lib/python3.6/site-packages/tensorflow_core/python/ops/resource_variable_ops.py:1630: calling BaseResourceVariable.__init__ (from tensorflow.python.ops.resource_variable_ops) with constraint is deprecated and will be removed in a future version.
Instructions for updating:
If using Keras pass *_constraint arguments to layers.
WARNING:tensorflow:From /Volumes/Transcend/opt/anaconda3/envs/keras/lib/python3.6/site-packages/keras/backend/tensorflow_backend.py:4070: The name tf.nn.max_pool is deprecated. Please use tf.nn.max_pool2d instead.

WARNING:tensorflow:Large dropout rate: 0.8 (>0.5). In TensorFlow 2.x, dropout() uses dropout rate instead of keep_prob. Please ensure that this is intended.
WARNING:tensorflow:From /Volumes/Transcend/opt/anaconda3/envs/keras/lib/python3.6/site-packages/tensorflow_core/python/ops/nn_impl.py:183: where (from tensorflow.python.ops.array_ops) is deprecated and will be removed in a future version.
Instructions for updating:
Use tf.where in 2.0, which has the same broadcast rule as np.where
2020-02-04 13:23:01.215026: I tensorflow/core/platform/cpu_feature_guard.cc:142] Your CPU supports instructions that this TensorFlow binary was not compiled to use: AVX2 FMA
2020-02-04 13:23:01.229305: I tensorflow/compiler/xla/service/service.cc:168] XLA service 0x7f860c235290 initialized for platform Host (this does not guarantee that XLA will be used). Devices:
2020-02-04 13:23:01.229329: I tensorflow/compiler/xla/service/service.cc:176]   StreamExecutor device (0): Host, Default Version
WARNING:tensorflow:From /Volumes/Transcend/opt/anaconda3/envs/keras/lib/python3.6/site-packages/keras/backend/tensorflow_backend.py:422: The name tf.global_variables is deprecated. Please use tf.compat.v1.global_variables instead.

Load data...
Adjusting sequence length for actual size
x_train shape: (9595, 56)
x_test shape: (1067, 56)
Vocabulary Size: 18779
Model type is CNN-non-static
Load existing Word2Vec model '50features_1minwords_10context'
Initializing embedding layer with word2vec weights, shape (18779, 50)
Train on 9595 samples, validate on 1067 samples
Epoch 1/10
 - 6s - loss: 0.7021 - accuracy: 0.4961 - val_loss: 0.6933 - val_accuracy: 0.4977
Epoch 2/10
 - 5s - loss: 0.6933 - accuracy: 0.5088 - val_loss: 0.6918 - val_accuracy: 0.5708
Epoch 3/10
 - 5s - loss: 0.6910 - accuracy: 0.5177 - val_loss: 0.6884 - val_accuracy: 0.5979
Epoch 4/10
 - 5s - loss: 0.6819 - accuracy: 0.5573 - val_loss: 0.6722 - val_accuracy: 0.6242
Epoch 5/10
 - 5s - loss: 0.6607 - accuracy: 0.5983 - val_loss: 0.6391 - val_accuracy: 0.6617
Epoch 6/10
 - 5s - loss: 0.6131 - accuracy: 0.6592 - val_loss: 0.5725 - val_accuracy: 0.7526
Epoch 7/10
 - 5s - loss: 0.5281 - accuracy: 0.7349 - val_loss: 0.5056 - val_accuracy: 0.7713
Epoch 8/10
 - 5s - loss: 0.4479 - accuracy: 0.7935 - val_loss: 0.4853 - val_accuracy: 0.7826
Epoch 9/10
 - 6s - loss: 0.3830 - accuracy: 0.8293 - val_loss: 0.4802 - val_accuracy: 0.7798
Epoch 10/10
 - 6s - loss: 0.3241 - accuracy: 0.8571 - val_loss: 0.4960 - val_accuracy: 0.7751
Training time:57.063738107681274
