Using TensorFlow backend.
WARNING:tensorflow:From /Volumes/Transcend/opt/anaconda3/envs/keras/lib/python3.6/site-packages/tensorflow_core/python/ops/resource_variable_ops.py:1630: calling BaseResourceVariable.__init__ (from tensorflow.python.ops.resource_variable_ops) with constraint is deprecated and will be removed in a future version.
Instructions for updating:
If using Keras pass *_constraint arguments to layers.
WARNING:tensorflow:From /Volumes/Transcend/opt/anaconda3/envs/keras/lib/python3.6/site-packages/keras/backend/tensorflow_backend.py:4070: The name tf.nn.max_pool is deprecated. Please use tf.nn.max_pool2d instead.

WARNING:tensorflow:Large dropout rate: 0.8 (>0.5). In TensorFlow 2.x, dropout() uses dropout rate instead of keep_prob. Please ensure that this is intended.
WARNING:tensorflow:From /Volumes/Transcend/opt/anaconda3/envs/keras/lib/python3.6/site-packages/tensorflow_core/python/ops/nn_impl.py:183: where (from tensorflow.python.ops.array_ops) is deprecated and will be removed in a future version.
Instructions for updating:
Use tf.where in 2.0, which has the same broadcast rule as np.where
2020-02-04 13:32:46.023851: I tensorflow/core/platform/cpu_feature_guard.cc:142] Your CPU supports instructions that this TensorFlow binary was not compiled to use: AVX2 FMA
2020-02-04 13:32:46.043076: I tensorflow/compiler/xla/service/service.cc:168] XLA service 0x7fb01f73bfd0 initialized for platform Host (this does not guarantee that XLA will be used). Devices:
2020-02-04 13:32:46.043099: I tensorflow/compiler/xla/service/service.cc:176]   StreamExecutor device (0): Host, Default Version
WARNING:tensorflow:From /Volumes/Transcend/opt/anaconda3/envs/keras/lib/python3.6/site-packages/keras/backend/tensorflow_backend.py:422: The name tf.global_variables is deprecated. Please use tf.compat.v1.global_variables instead.

Load data...
Adjusting sequence length for actual size
x_train shape: (9595, 56)
x_test shape: (1067, 56)
Vocabulary Size: 18779
Model type is CNN-non-static
Load existing Word2Vec model '50features_1minwords_10context'
Initializing embedding layer with word2vec weights, shape (18779, 50)
Train on 9595 samples, validate on 1067 samples
Epoch 2/10
 - 7s - loss: 0.7016 - accuracy: 0.4936 - val_loss: 0.6933 - val_accuracy: 0.4967
Epoch 3/10
 - 6s - loss: 0.6933 - accuracy: 0.5069 - val_loss: 0.6906 - val_accuracy: 0.5726
Epoch 4/10
 - 7s - loss: 0.6902 - accuracy: 0.5193 - val_loss: 0.6867 - val_accuracy: 0.6092
Epoch 5/10
 - 7s - loss: 0.6810 - accuracy: 0.5572 - val_loss: 0.6694 - val_accuracy: 0.6279
Epoch 6/10
 - 7s - loss: 0.6584 - accuracy: 0.5998 - val_loss: 0.6324 - val_accuracy: 0.6560
Epoch 7/10
 - 6s - loss: 0.6038 - accuracy: 0.6726 - val_loss: 0.5639 - val_accuracy: 0.7488
Epoch 8/10
 - 8s - loss: 0.5136 - accuracy: 0.7514 - val_loss: 0.5016 - val_accuracy: 0.7760
Epoch 9/10
 - 8s - loss: 0.4305 - accuracy: 0.8035 - val_loss: 0.4883 - val_accuracy: 0.7863
Epoch 10/10
 - 7s - loss: 0.3649 - accuracy: 0.8393 - val_loss: 0.4923 - val_accuracy: 0.7732
Epoch 11/10
 - 6s - loss: 0.3058 - accuracy: 0.8659 - val_loss: 0.5052 - val_accuracy: 0.7723
Training time:68.97903203964233
