Using TensorFlow backend.
WARNING:tensorflow:From /Volumes/Transcend/opt/anaconda3/envs/keras/lib/python3.6/site-packages/tensorflow_core/python/ops/resource_variable_ops.py:1630: calling BaseResourceVariable.__init__ (from tensorflow.python.ops.resource_variable_ops) with constraint is deprecated and will be removed in a future version.
Instructions for updating:
If using Keras pass *_constraint arguments to layers.
WARNING:tensorflow:From /Volumes/Transcend/opt/anaconda3/envs/keras/lib/python3.6/site-packages/keras/backend/tensorflow_backend.py:4070: The name tf.nn.max_pool is deprecated. Please use tf.nn.max_pool2d instead.

WARNING:tensorflow:Large dropout rate: 0.8 (>0.5). In TensorFlow 2.x, dropout() uses dropout rate instead of keep_prob. Please ensure that this is intended.
WARNING:tensorflow:From /Volumes/Transcend/opt/anaconda3/envs/keras/lib/python3.6/site-packages/tensorflow_core/python/ops/nn_impl.py:183: where (from tensorflow.python.ops.array_ops) is deprecated and will be removed in a future version.
Instructions for updating:
Use tf.where in 2.0, which has the same broadcast rule as np.where
2020-02-04 13:29:29.158344: I tensorflow/core/platform/cpu_feature_guard.cc:142] Your CPU supports instructions that this TensorFlow binary was not compiled to use: AVX2 FMA
2020-02-04 13:29:29.175259: I tensorflow/compiler/xla/service/service.cc:168] XLA service 0x7feb0685a6a0 initialized for platform Host (this does not guarantee that XLA will be used). Devices:
2020-02-04 13:29:29.175282: I tensorflow/compiler/xla/service/service.cc:176]   StreamExecutor device (0): Host, Default Version
WARNING:tensorflow:From /Volumes/Transcend/opt/anaconda3/envs/keras/lib/python3.6/site-packages/keras/backend/tensorflow_backend.py:422: The name tf.global_variables is deprecated. Please use tf.compat.v1.global_variables instead.

Load data...
Adjusting sequence length for actual size
x_train shape: (9595, 56)
x_test shape: (1067, 56)
Vocabulary Size: 18779
Model type is CNN-non-static
Load existing Word2Vec model '50features_1minwords_10context'
Initializing embedding layer with word2vec weights, shape (18779, 50)
Train on 9595 samples, validate on 1067 samples
Epoch 1/10
 - 6s - loss: 0.6973 - accuracy: 0.4968 - val_loss: 0.6934 - val_accuracy: 0.4883
Epoch 2/10
 - 5s - loss: 0.6890 - accuracy: 0.5116 - val_loss: 0.6910 - val_accuracy: 0.5708
Epoch 3/10
 - 5s - loss: 0.6855 - accuracy: 0.5305 - val_loss: 0.6858 - val_accuracy: 0.5904
Epoch 4/10
 - 5s - loss: 0.6748 - accuracy: 0.5647 - val_loss: 0.6667 - val_accuracy: 0.6336
Epoch 5/10
 - 5s - loss: 0.6483 - accuracy: 0.6142 - val_loss: 0.6277 - val_accuracy: 0.6692
Epoch 6/10
 - 5s - loss: 0.5874 - accuracy: 0.6902 - val_loss: 0.5573 - val_accuracy: 0.7451
Epoch 7/10
 - 5s - loss: 0.4912 - accuracy: 0.7630 - val_loss: 0.4926 - val_accuracy: 0.7769
Epoch 8/10
 - 5s - loss: 0.4133 - accuracy: 0.8124 - val_loss: 0.4857 - val_accuracy: 0.7863
Epoch 9/10
 - 5s - loss: 0.3603 - accuracy: 0.8399 - val_loss: 0.4848 - val_accuracy: 0.7863
Epoch 10/10
 - 5s - loss: 0.3116 - accuracy: 0.8627 - val_loss: 0.5013 - val_accuracy: 0.7807
Training time:53.51203727722168
