Using TensorFlow backend.
WARNING:tensorflow:From /Volumes/Transcend/opt/anaconda3/envs/keras/lib/python3.6/site-packages/tensorflow_core/python/ops/resource_variable_ops.py:1630: calling BaseResourceVariable.__init__ (from tensorflow.python.ops.resource_variable_ops) with constraint is deprecated and will be removed in a future version.
Instructions for updating:
If using Keras pass *_constraint arguments to layers.
WARNING:tensorflow:From /Volumes/Transcend/opt/anaconda3/envs/keras/lib/python3.6/site-packages/keras/backend/tensorflow_backend.py:4070: The name tf.nn.max_pool is deprecated. Please use tf.nn.max_pool2d instead.

WARNING:tensorflow:Large dropout rate: 0.8 (>0.5). In TensorFlow 2.x, dropout() uses dropout rate instead of keep_prob. Please ensure that this is intended.
WARNING:tensorflow:From /Volumes/Transcend/opt/anaconda3/envs/keras/lib/python3.6/site-packages/tensorflow_core/python/ops/nn_impl.py:183: where (from tensorflow.python.ops.array_ops) is deprecated and will be removed in a future version.
Instructions for updating:
Use tf.where in 2.0, which has the same broadcast rule as np.where
2020-02-19 00:18:32.864321: I tensorflow/core/platform/cpu_feature_guard.cc:142] Your CPU supports instructions that this TensorFlow binary was not compiled to use: AVX2 FMA
2020-02-19 00:18:32.884426: I tensorflow/compiler/xla/service/service.cc:168] XLA service 0x7fbbf488bea0 initialized for platform Host (this does not guarantee that XLA will be used). Devices:
2020-02-19 00:18:32.884448: I tensorflow/compiler/xla/service/service.cc:176]   StreamExecutor device (0): Host, Default Version
WARNING:tensorflow:From /Volumes/Transcend/opt/anaconda3/envs/keras/lib/python3.6/site-packages/keras/backend/tensorflow_backend.py:422: The name tf.global_variables is deprecated. Please use tf.compat.v1.global_variables instead.

Load data...
Adjusting sequence length for actual size
x_train shape: (9595, 56)
x_test shape: (1067, 56)
Vocabulary Size: 18779
Model type is CNN-non-static
Load existing Word2Vec model '50features_1minwords_10context'
Initializing embedding layer with word2vec weights, shape (18779, 50)
Train on 9595 samples, validate on 1067 samples
Epoch 1/10
 - 6s - loss: 41.8689 - accuracy: 5.1388e-05 - val_loss: 0.6933 - val_accuracy: 0.5005
Epoch 2/10
 - 7s - loss: 41.3382 - accuracy: 5.3246e-05 - val_loss: 0.6903 - val_accuracy: 0.5745
Epoch 3/10
 - 5s - loss: 41.1442 - accuracy: 5.4973e-05 - val_loss: 0.6853 - val_accuracy: 0.6017
Epoch 4/10
 - 5s - loss: 40.4841 - accuracy: 5.9013e-05 - val_loss: 0.6667 - val_accuracy: 0.6429
Epoch 5/10
 - 5s - loss: 39.0892 - accuracy: 6.2837e-05 - val_loss: 0.6331 - val_accuracy: 0.6626
Epoch 6/10
 - 5s - loss: 35.7128 - accuracy: 7.0690e-05 - val_loss: 0.5558 - val_accuracy: 0.7516
Epoch 7/10
 - 5s - loss: 29.9671 - accuracy: 7.8869e-05 - val_loss: 0.4977 - val_accuracy: 0.7807
Epoch 8/10
 - 5s - loss: 25.4533 - accuracy: 8.3790e-05 - val_loss: 0.4842 - val_accuracy: 0.7863
Epoch 9/10
 - 5s - loss: 22.2295 - accuracy: 8.7254e-05 - val_loss: 0.4856 - val_accuracy: 0.7788
Epoch 10/10
 - 5s - loss: 18.5079 - accuracy: 8.9959e-05 - val_loss: 0.4893 - val_accuracy: 0.7798
Training time:56.25812387466431
