Using TensorFlow backend.
WARNING:tensorflow:From /Volumes/Transcend/opt/anaconda3/envs/keras/lib/python3.6/site-packages/tensorflow_core/python/ops/resource_variable_ops.py:1630: calling BaseResourceVariable.__init__ (from tensorflow.python.ops.resource_variable_ops) with constraint is deprecated and will be removed in a future version.
Instructions for updating:
If using Keras pass *_constraint arguments to layers.
WARNING:tensorflow:From /Volumes/Transcend/opt/anaconda3/envs/keras/lib/python3.6/site-packages/keras/backend/tensorflow_backend.py:4070: The name tf.nn.max_pool is deprecated. Please use tf.nn.max_pool2d instead.

WARNING:tensorflow:Large dropout rate: 0.8 (>0.5). In TensorFlow 2.x, dropout() uses dropout rate instead of keep_prob. Please ensure that this is intended.
WARNING:tensorflow:From /Volumes/Transcend/opt/anaconda3/envs/keras/lib/python3.6/site-packages/tensorflow_core/python/ops/nn_impl.py:183: where (from tensorflow.python.ops.array_ops) is deprecated and will be removed in a future version.
Instructions for updating:
Use tf.where in 2.0, which has the same broadcast rule as np.where
2020-02-04 13:31:31.995136: I tensorflow/core/platform/cpu_feature_guard.cc:142] Your CPU supports instructions that this TensorFlow binary was not compiled to use: AVX2 FMA
2020-02-04 13:31:32.018151: I tensorflow/compiler/xla/service/service.cc:168] XLA service 0x7fa1c281dc10 initialized for platform Host (this does not guarantee that XLA will be used). Devices:
2020-02-04 13:31:32.018177: I tensorflow/compiler/xla/service/service.cc:176]   StreamExecutor device (0): Host, Default Version
WARNING:tensorflow:From /Volumes/Transcend/opt/anaconda3/envs/keras/lib/python3.6/site-packages/keras/backend/tensorflow_backend.py:422: The name tf.global_variables is deprecated. Please use tf.compat.v1.global_variables instead.

Load data...
Adjusting sequence length for actual size
x_train shape: (9595, 56)
x_test shape: (1067, 56)
Vocabulary Size: 18779
Model type is CNN-non-static
Load existing Word2Vec model '50features_1minwords_10context'
Initializing embedding layer with word2vec weights, shape (18779, 50)
Train on 9595 samples, validate on 1067 samples
Epoch -1/10
 - 8s - loss: 0.7019 - accuracy: 0.4984 - val_loss: 0.6932 - val_accuracy: 0.5089
Epoch 0/10
 - 7s - loss: 0.6938 - accuracy: 0.5140 - val_loss: 0.6919 - val_accuracy: 0.4948
Epoch 1/10
 - 6s - loss: 0.6911 - accuracy: 0.5227 - val_loss: 0.6887 - val_accuracy: 0.6017
Epoch 2/10
 - 7s - loss: 0.6823 - accuracy: 0.5582 - val_loss: 0.6700 - val_accuracy: 0.6289
Epoch 3/10
 - 7s - loss: 0.6588 - accuracy: 0.6034 - val_loss: 0.6376 - val_accuracy: 0.6664
Epoch 4/10
 - 6s - loss: 0.5997 - accuracy: 0.6804 - val_loss: 0.5716 - val_accuracy: 0.7338
Epoch 5/10
 - 6s - loss: 0.5034 - accuracy: 0.7557 - val_loss: 0.4937 - val_accuracy: 0.7863
Epoch 6/10
 - 7s - loss: 0.4261 - accuracy: 0.8064 - val_loss: 0.4852 - val_accuracy: 0.7779
Epoch 7/10
 - 6s - loss: 0.3684 - accuracy: 0.8365 - val_loss: 0.4844 - val_accuracy: 0.7882
Epoch 8/10
 - 6s - loss: 0.3214 - accuracy: 0.8561 - val_loss: 0.4974 - val_accuracy: 0.7835
Training time:67.2689471244812
