Using TensorFlow backend.
WARNING:tensorflow:From /Volumes/Transcend/opt/anaconda3/envs/keras/lib/python3.6/site-packages/tensorflow_core/python/ops/resource_variable_ops.py:1630: calling BaseResourceVariable.__init__ (from tensorflow.python.ops.resource_variable_ops) with constraint is deprecated and will be removed in a future version.
Instructions for updating:
If using Keras pass *_constraint arguments to layers.
WARNING:tensorflow:From /Volumes/Transcend/opt/anaconda3/envs/keras/lib/python3.6/site-packages/keras/backend/tensorflow_backend.py:4070: The name tf.nn.max_pool is deprecated. Please use tf.nn.max_pool2d instead.

WARNING:tensorflow:Large dropout rate: 0.8 (>0.5). In TensorFlow 2.x, dropout() uses dropout rate instead of keep_prob. Please ensure that this is intended.
WARNING:tensorflow:From /Volumes/Transcend/opt/anaconda3/envs/keras/lib/python3.6/site-packages/tensorflow_core/python/ops/nn_impl.py:183: where (from tensorflow.python.ops.array_ops) is deprecated and will be removed in a future version.
Instructions for updating:
Use tf.where in 2.0, which has the same broadcast rule as np.where
2020-02-04 13:00:44.771213: I tensorflow/core/platform/cpu_feature_guard.cc:142] Your CPU supports instructions that this TensorFlow binary was not compiled to use: AVX2 FMA
2020-02-04 13:00:44.784184: I tensorflow/compiler/xla/service/service.cc:168] XLA service 0x7f880818af60 initialized for platform Host (this does not guarantee that XLA will be used). Devices:
2020-02-04 13:00:44.784205: I tensorflow/compiler/xla/service/service.cc:176]   StreamExecutor device (0): Host, Default Version
WARNING:tensorflow:From /Volumes/Transcend/opt/anaconda3/envs/keras/lib/python3.6/site-packages/keras/backend/tensorflow_backend.py:422: The name tf.global_variables is deprecated. Please use tf.compat.v1.global_variables instead.

Load data...
Adjusting sequence length for actual size
x_train shape: (9595, 56)
x_test shape: (1067, 56)
Vocabulary Size: 18779
Model type is CNN-non-static
Load existing Word2Vec model '50features_1minwords_10context'
Initializing embedding layer with word2vec weights, shape (18779, 50)
Train on 9595 samples, validate on 1067 samples
Epoch 1/10
 - 5s - loss: 0.7014 - accuracy: 0.4972 - val_loss: 0.6932 - val_accuracy: 0.4986
Epoch 2/10
 - 5s - loss: 0.6941 - accuracy: 0.5009 - val_loss: 0.6931 - val_accuracy: 0.5033
Epoch 3/10
 - 5s - loss: 0.6931 - accuracy: 0.5143 - val_loss: 0.6927 - val_accuracy: 0.4977
Epoch 4/10
 - 5s - loss: 0.6883 - accuracy: 0.5386 - val_loss: 0.6811 - val_accuracy: 0.6223
Epoch 5/10
 - 6s - loss: 0.6729 - accuracy: 0.5817 - val_loss: 0.6551 - val_accuracy: 0.6448
Epoch 6/10
 - 6s - loss: 0.6279 - accuracy: 0.6496 - val_loss: 0.5867 - val_accuracy: 0.7310
Epoch 7/10
 - 5s - loss: 0.5423 - accuracy: 0.7278 - val_loss: 0.5095 - val_accuracy: 0.7798
Epoch 8/10
 - 5s - loss: 0.4546 - accuracy: 0.7883 - val_loss: 0.4921 - val_accuracy: 0.7769
Epoch 9/10
 - 5s - loss: 0.3894 - accuracy: 0.8262 - val_loss: 0.4854 - val_accuracy: 0.7779
Epoch 10/10
 - 5s - loss: 0.3269 - accuracy: 0.8562 - val_loss: 0.5011 - val_accuracy: 0.7732
Training time:52.30813694000244
