Using TensorFlow backend.
WARNING:tensorflow:From /Volumes/Transcend/opt/anaconda3/envs/keras/lib/python3.6/site-packages/tensorflow_core/python/ops/resource_variable_ops.py:1630: calling BaseResourceVariable.__init__ (from tensorflow.python.ops.resource_variable_ops) with constraint is deprecated and will be removed in a future version.
Instructions for updating:
If using Keras pass *_constraint arguments to layers.
WARNING:tensorflow:From /Volumes/Transcend/opt/anaconda3/envs/keras/lib/python3.6/site-packages/keras/backend/tensorflow_backend.py:4070: The name tf.nn.max_pool is deprecated. Please use tf.nn.max_pool2d instead.

WARNING:tensorflow:Large dropout rate: 0.8 (>0.5). In TensorFlow 2.x, dropout() uses dropout rate instead of keep_prob. Please ensure that this is intended.
WARNING:tensorflow:From /Volumes/Transcend/opt/anaconda3/envs/keras/lib/python3.6/site-packages/tensorflow_core/python/ops/nn_impl.py:183: where (from tensorflow.python.ops.array_ops) is deprecated and will be removed in a future version.
Instructions for updating:
Use tf.where in 2.0, which has the same broadcast rule as np.where
2020-02-04 13:01:42.877332: I tensorflow/core/platform/cpu_feature_guard.cc:142] Your CPU supports instructions that this TensorFlow binary was not compiled to use: AVX2 FMA
2020-02-04 13:01:42.891024: I tensorflow/compiler/xla/service/service.cc:168] XLA service 0x7fdff4978600 initialized for platform Host (this does not guarantee that XLA will be used). Devices:
2020-02-04 13:01:42.891046: I tensorflow/compiler/xla/service/service.cc:176]   StreamExecutor device (0): Host, Default Version
WARNING:tensorflow:From /Volumes/Transcend/opt/anaconda3/envs/keras/lib/python3.6/site-packages/keras/backend/tensorflow_backend.py:422: The name tf.global_variables is deprecated. Please use tf.compat.v1.global_variables instead.

Load data...
Adjusting sequence length for actual size
x_train shape: (9595, 56)
x_test shape: (1067, 56)
Vocabulary Size: 18779
Model type is CNN-non-static
Load existing Word2Vec model '50features_1minwords_10context'
Initializing embedding layer with word2vec weights, shape (18779, 50)
Train on 9595 samples, validate on 1067 samples
Epoch 1/10
 - 6s - loss: 0.7016 - accuracy: 0.4945 - val_loss: 0.6932 - val_accuracy: 0.4958
Epoch 2/10
 - 6s - loss: 0.6939 - accuracy: 0.5005 - val_loss: 0.6931 - val_accuracy: 0.5005
Epoch 3/10
 - 7s - loss: 0.6931 - accuracy: 0.5158 - val_loss: 0.6931 - val_accuracy: 0.4911
Epoch 4/10
 - 5s - loss: 0.6900 - accuracy: 0.5383 - val_loss: 0.6841 - val_accuracy: 0.6232
Epoch 5/10
 - 6s - loss: 0.6789 - accuracy: 0.5702 - val_loss: 0.6598 - val_accuracy: 0.6439
Epoch 6/10
 - 6s - loss: 0.6436 - accuracy: 0.6311 - val_loss: 0.6088 - val_accuracy: 0.7310
Epoch 7/10
 - 6s - loss: 0.5604 - accuracy: 0.7117 - val_loss: 0.5241 - val_accuracy: 0.7732
Epoch 8/10
 - 6s - loss: 0.4662 - accuracy: 0.7804 - val_loss: 0.4910 - val_accuracy: 0.7873
Epoch 9/10
 - 6s - loss: 0.3968 - accuracy: 0.8227 - val_loss: 0.4853 - val_accuracy: 0.7769
Epoch 10/10
 - 5s - loss: 0.3375 - accuracy: 0.8530 - val_loss: 0.5022 - val_accuracy: 0.7723
Training time:59.81946587562561
