loading data... data loaded!
model architecture: CNN-non-static
using: word2vec vectors
[('image shape', 64, 300), ('filter shape', [(100, 1, 3, 300), (100, 1, 4, 300), (100, 1, 5, 300)]), ('hidden_units', [100, 2]), ('dropout', [0.5]), ('batch_size', 50), ('non_static', True), ('learn_decay', 0.95), ('conv_non_linear', 'relu'), ('non_static', True), ('sqr_norm_lim', 9), ('shuffle_batch', True)]
... training
Traceback (most recent call last):
  File "conv_net_sentence.py", line 325, in <module>
    dropout_rate=[0.5])
  File "conv_net_sentence.py", line 173, in train_conv_net
    set_zero(zero_vec)
  File "/Volumes/Transcend/opt/anaconda3/envs/theano/lib/python2.7/site-packages/theano/compile/function_module.py", line 917, in __call__
    storage_map=getattr(self.fn, 'storage_map', None))
  File "/Volumes/Transcend/opt/anaconda3/envs/theano/lib/python2.7/site-packages/theano/gof/link.py", line 325, in raise_with_op
    reraise(exc_type, exc_value, exc_trace)
  File "/Volumes/Transcend/opt/anaconda3/envs/theano/lib/python2.7/site-packages/theano/compile/function_module.py", line 903, in __call__
    self.fn() if output_subset is None else\
ValueError: could not broadcast input array from shape (300) into shape (4)
Apply node that caused the error: IncSubtensor{InplaceSet;int64, ::}(Words, <TensorType(float32, vector)>, Constant{0})
Toposort index: 0
Inputs types: [TensorType(float32, matrix), TensorType(float32, vector), Scalar(int64)]
Inputs shapes: [(100,), (300,), ()]
Inputs strides: [(4,), (4,), ()]
Inputs values: ['not shown', 'not shown', 0]
Outputs clients: [['output', DeepCopyOp(IncSubtensor{InplaceSet;int64, ::}.0)]]

Backtrace when the node is created(use Theano flag traceback.limit=N to make it longer):
  File "conv_net_sentence.py", line 325, in <module>
    dropout_rate=[0.5])
  File "conv_net_sentence.py", line 84, in train_conv_net
    set_zero = theano.function([zero_vec_tensor], updates=[(Words, T.set_subtensor(Words[0,:], zero_vec_tensor))], allow_input_downcast=True)

HINT: Use the Theano flag 'exception_verbosity=high' for a debugprint and storage map footprint of this apply node.
