Using TensorFlow backend.
WARNING:tensorflow:From /Volumes/Transcend/opt/anaconda3/envs/keras/lib/python3.6/site-packages/tensorflow_core/python/ops/resource_variable_ops.py:1630: calling BaseResourceVariable.__init__ (from tensorflow.python.ops.resource_variable_ops) with constraint is deprecated and will be removed in a future version.
Instructions for updating:
If using Keras pass *_constraint arguments to layers.
WARNING:tensorflow:From /Volumes/Transcend/opt/anaconda3/envs/keras/lib/python3.6/site-packages/keras/backend/tensorflow_backend.py:4070: The name tf.nn.max_pool is deprecated. Please use tf.nn.max_pool2d instead.

WARNING:tensorflow:Large dropout rate: 0.8 (>0.5). In TensorFlow 2.x, dropout() uses dropout rate instead of keep_prob. Please ensure that this is intended.
WARNING:tensorflow:From /Volumes/Transcend/opt/anaconda3/envs/keras/lib/python3.6/site-packages/tensorflow_core/python/ops/nn_impl.py:183: where (from tensorflow.python.ops.array_ops) is deprecated and will be removed in a future version.
Instructions for updating:
Use tf.where in 2.0, which has the same broadcast rule as np.where
2020-02-04 23:07:31.689576: I tensorflow/core/platform/cpu_feature_guard.cc:142] Your CPU supports instructions that this TensorFlow binary was not compiled to use: AVX2 FMA
2020-02-04 23:07:31.840323: I tensorflow/compiler/xla/service/service.cc:168] XLA service 0x7fc1781f2bb0 initialized for platform Host (this does not guarantee that XLA will be used). Devices:
2020-02-04 23:07:31.840367: I tensorflow/compiler/xla/service/service.cc:176]   StreamExecutor device (0): Host, Default Version
WARNING:tensorflow:From /Volumes/Transcend/opt/anaconda3/envs/keras/lib/python3.6/site-packages/keras/backend/tensorflow_backend.py:422: The name tf.global_variables is deprecated. Please use tf.compat.v1.global_variables instead.

Load data...
Adjusting sequence length for actual size
x_train shape: (9595, 56)
x_test shape: (1067, 56)
Vocabulary Size: 18779
Model type is CNN-non-static
Load existing Word2Vec model '50features_1minwords_10context'
Initializing embedding layer with word2vec weights, shape (18779, 50)
Train on 9595 samples, validate on 1067 samples
Epoch 1/10
 - 8s - loss: 0.7016 - accuracy: 0.4948 - val_loss: 0.6933 - val_accuracy: 0.4939
Epoch 2/10
 - 9s - loss: 0.6939 - accuracy: 0.5075 - val_loss: 0.6916 - val_accuracy: 0.5258
Epoch 3/10
 - 10s - loss: 0.6910 - accuracy: 0.5213 - val_loss: 0.6879 - val_accuracy: 0.6054
Epoch 4/10
 - 11s - loss: 0.6824 - accuracy: 0.5560 - val_loss: 0.6722 - val_accuracy: 0.6336
Epoch 5/10
 - 11s - loss: 0.6588 - accuracy: 0.5982 - val_loss: 0.6348 - val_accuracy: 0.6626
Epoch 6/10
 - 10s - loss: 0.6097 - accuracy: 0.6669 - val_loss: 0.5659 - val_accuracy: 0.7516
Epoch 7/10
 - 10s - loss: 0.5170 - accuracy: 0.7458 - val_loss: 0.5003 - val_accuracy: 0.7760
Epoch 8/10
 - 8s - loss: 0.4381 - accuracy: 0.7998 - val_loss: 0.4810 - val_accuracy: 0.7835
Epoch 9/10
 - 7s - loss: 0.3758 - accuracy: 0.8392 - val_loss: 0.4797 - val_accuracy: 0.7779
Epoch 10/10
 - 7s - loss: 0.3121 - accuracy: 0.8622 - val_loss: 0.4984 - val_accuracy: 0.7685
Training time:92.40345907211304
