Using TensorFlow backend.
WARNING:tensorflow:From /Volumes/Transcend/opt/anaconda3/envs/keras/lib/python3.6/site-packages/tensorflow_core/python/ops/resource_variable_ops.py:1630: calling BaseResourceVariable.__init__ (from tensorflow.python.ops.resource_variable_ops) with constraint is deprecated and will be removed in a future version.
Instructions for updating:
If using Keras pass *_constraint arguments to layers.
WARNING:tensorflow:From /Volumes/Transcend/opt/anaconda3/envs/keras/lib/python3.6/site-packages/keras/backend/tensorflow_backend.py:4070: The name tf.nn.max_pool is deprecated. Please use tf.nn.max_pool2d instead.

WARNING:tensorflow:Large dropout rate: 0.8 (>0.5). In TensorFlow 2.x, dropout() uses dropout rate instead of keep_prob. Please ensure that this is intended.
WARNING:tensorflow:From /Volumes/Transcend/opt/anaconda3/envs/keras/lib/python3.6/site-packages/tensorflow_core/python/ops/nn_impl.py:183: where (from tensorflow.python.ops.array_ops) is deprecated and will be removed in a future version.
Instructions for updating:
Use tf.where in 2.0, which has the same broadcast rule as np.where
2020-02-04 17:11:37.215874: I tensorflow/core/platform/cpu_feature_guard.cc:142] Your CPU supports instructions that this TensorFlow binary was not compiled to use: AVX2 FMA
2020-02-04 17:11:37.229450: I tensorflow/compiler/xla/service/service.cc:168] XLA service 0x7fdd120d7230 initialized for platform Host (this does not guarantee that XLA will be used). Devices:
2020-02-04 17:11:37.229472: I tensorflow/compiler/xla/service/service.cc:176]   StreamExecutor device (0): Host, Default Version
WARNING:tensorflow:From /Volumes/Transcend/opt/anaconda3/envs/keras/lib/python3.6/site-packages/keras/backend/tensorflow_backend.py:422: The name tf.global_variables is deprecated. Please use tf.compat.v1.global_variables instead.

Load data...
Adjusting sequence length for actual size
x_train shape: (9595, 56)
x_test shape: (1067, 56)
Vocabulary Size: 18779
Model type is CNN-non-static
Load existing Word2Vec model '50features_1minwords_10context'
Initializing embedding layer with word2vec weights, shape (18779, 50)
Train on 9595 samples, validate on 1067 samples
Epoch 1/10
 - 6s - loss: 0.7018 - dense_2_accuracy: 0.4970 - val_loss: 0.6933 - val_dense_2_accuracy: 0.4977
Epoch 2/10
 - 6s - loss: 0.6941 - dense_2_accuracy: 0.5070 - val_loss: 0.6926 - val_dense_2_accuracy: 0.5145
Epoch 3/10
 - 6s - loss: 0.6915 - dense_2_accuracy: 0.5215 - val_loss: 0.6879 - val_dense_2_accuracy: 0.5961
Epoch 4/10
 - 5s - loss: 0.6837 - dense_2_accuracy: 0.5522 - val_loss: 0.6717 - val_dense_2_accuracy: 0.6261
Epoch 5/10
 - 5s - loss: 0.6626 - dense_2_accuracy: 0.5995 - val_loss: 0.6410 - val_dense_2_accuracy: 0.6598
Epoch 6/10
 - 5s - loss: 0.6067 - dense_2_accuracy: 0.6629 - val_loss: 0.5691 - val_dense_2_accuracy: 0.7488
Epoch 7/10
 - 5s - loss: 0.5109 - dense_2_accuracy: 0.7466 - val_loss: 0.5006 - val_dense_2_accuracy: 0.7769
Epoch 8/10
 - 5s - loss: 0.4325 - dense_2_accuracy: 0.8014 - val_loss: 0.4862 - val_dense_2_accuracy: 0.7835
Epoch 9/10
 - 5s - loss: 0.3773 - dense_2_accuracy: 0.8326 - val_loss: 0.4875 - val_dense_2_accuracy: 0.7807
Epoch 10/10
 - 5s - loss: 0.3247 - dense_2_accuracy: 0.8567 - val_loss: 0.5039 - val_dense_2_accuracy: 0.7769
Training time:52.583348989486694
