Using TensorFlow backend.
WARNING:tensorflow:From /Volumes/Transcend/opt/anaconda3/envs/keras/lib/python3.6/site-packages/tensorflow_core/python/ops/resource_variable_ops.py:1630: calling BaseResourceVariable.__init__ (from tensorflow.python.ops.resource_variable_ops) with constraint is deprecated and will be removed in a future version.
Instructions for updating:
If using Keras pass *_constraint arguments to layers.
WARNING:tensorflow:From /Volumes/Transcend/opt/anaconda3/envs/keras/lib/python3.6/site-packages/keras/backend/tensorflow_backend.py:4070: The name tf.nn.max_pool is deprecated. Please use tf.nn.max_pool2d instead.

WARNING:tensorflow:Large dropout rate: 0.8 (>0.5). In TensorFlow 2.x, dropout() uses dropout rate instead of keep_prob. Please ensure that this is intended.
WARNING:tensorflow:From /Volumes/Transcend/opt/anaconda3/envs/keras/lib/python3.6/site-packages/tensorflow_core/python/ops/nn_impl.py:183: where (from tensorflow.python.ops.array_ops) is deprecated and will be removed in a future version.
Instructions for updating:
Use tf.where in 2.0, which has the same broadcast rule as np.where
2020-02-04 17:08:36.765068: I tensorflow/core/platform/cpu_feature_guard.cc:142] Your CPU supports instructions that this TensorFlow binary was not compiled to use: AVX2 FMA
2020-02-04 17:08:36.781627: I tensorflow/compiler/xla/service/service.cc:168] XLA service 0x7ff3de93bdd0 initialized for platform Host (this does not guarantee that XLA will be used). Devices:
2020-02-04 17:08:36.781662: I tensorflow/compiler/xla/service/service.cc:176]   StreamExecutor device (0): Host, Default Version
WARNING:tensorflow:From /Volumes/Transcend/opt/anaconda3/envs/keras/lib/python3.6/site-packages/keras/backend/tensorflow_backend.py:422: The name tf.global_variables is deprecated. Please use tf.compat.v1.global_variables instead.

Load data...
Adjusting sequence length for actual size
x_train shape: (9595, 56)
x_test shape: (1067, 56)
Vocabulary Size: 18779
Model type is CNN-non-static
Load existing Word2Vec model '50features_1minwords_10context'
Initializing embedding layer with word2vec weights, shape (18779, 50)
Epoch 1/10
 - 5s - loss: 0.7019 - accuracy: 0.4925
Epoch 2/10
 - 5s - loss: 0.6931 - accuracy: 0.5122
Epoch 3/10
 - 5s - loss: 0.6896 - accuracy: 0.5237
Epoch 4/10
 - 5s - loss: 0.6785 - accuracy: 0.5619
Epoch 5/10
 - 5s - loss: 0.6542 - accuracy: 0.6063
Epoch 6/10
 - 5s - loss: 0.6051 - accuracy: 0.6716
Epoch 7/10
 - 5s - loss: 0.5111 - accuracy: 0.7487
Epoch 8/10
 - 5s - loss: 0.4384 - accuracy: 0.7975
Epoch 9/10
 - 5s - loss: 0.3781 - accuracy: 0.8330
Epoch 10/10
 - 5s - loss: 0.3224 - accuracy: 0.8612
Training time:50.80599021911621
