Using TensorFlow backend.
WARNING:tensorflow:From /Volumes/Transcend/opt/anaconda3/envs/keras/lib/python3.6/site-packages/tensorflow_core/python/ops/resource_variable_ops.py:1630: calling BaseResourceVariable.__init__ (from tensorflow.python.ops.resource_variable_ops) with constraint is deprecated and will be removed in a future version.
Instructions for updating:
If using Keras pass *_constraint arguments to layers.
WARNING:tensorflow:From /Volumes/Transcend/opt/anaconda3/envs/keras/lib/python3.6/site-packages/keras/backend/tensorflow_backend.py:4070: The name tf.nn.max_pool is deprecated. Please use tf.nn.max_pool2d instead.

WARNING:tensorflow:Large dropout rate: 0.8 (>0.5). In TensorFlow 2.x, dropout() uses dropout rate instead of keep_prob. Please ensure that this is intended.
WARNING:tensorflow:From /Volumes/Transcend/opt/anaconda3/envs/keras/lib/python3.6/site-packages/tensorflow_core/python/ops/nn_impl.py:183: where (from tensorflow.python.ops.array_ops) is deprecated and will be removed in a future version.
Instructions for updating:
Use tf.where in 2.0, which has the same broadcast rule as np.where
2020-02-04 17:09:33.339025: I tensorflow/core/platform/cpu_feature_guard.cc:142] Your CPU supports instructions that this TensorFlow binary was not compiled to use: AVX2 FMA
2020-02-04 17:09:33.353101: I tensorflow/compiler/xla/service/service.cc:168] XLA service 0x7fa56d19ee40 initialized for platform Host (this does not guarantee that XLA will be used). Devices:
2020-02-04 17:09:33.353123: I tensorflow/compiler/xla/service/service.cc:176]   StreamExecutor device (0): Host, Default Version
WARNING:tensorflow:From /Volumes/Transcend/opt/anaconda3/envs/keras/lib/python3.6/site-packages/keras/backend/tensorflow_backend.py:422: The name tf.global_variables is deprecated. Please use tf.compat.v1.global_variables instead.

Load data...
Adjusting sequence length for actual size
x_train shape: (9595, 56)
x_test shape: (1067, 56)
Vocabulary Size: 18779
Model type is CNN-non-static
Load existing Word2Vec model '50features_1minwords_10context'
Initializing embedding layer with word2vec weights, shape (18779, 50)
Train on 9595 samples, validate on 1067 samples
Epoch 1/10
 - 5s - loss: 0.7017 - accuracy: 0.4990 - val_loss: 0.6934 - val_accuracy: 0.4986
Epoch 2/10
 - 5s - loss: 0.6936 - accuracy: 0.5071 - val_loss: 0.6915 - val_accuracy: 0.5651
Epoch 3/10
 - 5s - loss: 0.6906 - accuracy: 0.5229 - val_loss: 0.6890 - val_accuracy: 0.5895
Epoch 4/10
 - 5s - loss: 0.6819 - accuracy: 0.5520 - val_loss: 0.6692 - val_accuracy: 0.6448
Epoch 5/10
 - 5s - loss: 0.6601 - accuracy: 0.6010 - val_loss: 0.6363 - val_accuracy: 0.6795
Epoch 6/10
 - 5s - loss: 0.6139 - accuracy: 0.6611 - val_loss: 0.5765 - val_accuracy: 0.7488
Epoch 7/10
 - 6s - loss: 0.5276 - accuracy: 0.7432 - val_loss: 0.5031 - val_accuracy: 0.7751
Epoch 8/10
 - 5s - loss: 0.4490 - accuracy: 0.7887 - val_loss: 0.4880 - val_accuracy: 0.7882
Epoch 9/10
 - 5s - loss: 0.3875 - accuracy: 0.8323 - val_loss: 0.4771 - val_accuracy: 0.7863
Epoch 10/10
 - 6s - loss: 0.3235 - accuracy: 0.8597 - val_loss: 0.5001 - val_accuracy: 0.7779
Training time:52.05685901641846
