Using TensorFlow backend.
WARNING:tensorflow:From /Volumes/Transcend/opt/anaconda3/envs/keras/lib/python3.6/site-packages/tensorflow_core/python/ops/resource_variable_ops.py:1630: calling BaseResourceVariable.__init__ (from tensorflow.python.ops.resource_variable_ops) with constraint is deprecated and will be removed in a future version.
Instructions for updating:
If using Keras pass *_constraint arguments to layers.
WARNING:tensorflow:From /Volumes/Transcend/opt/anaconda3/envs/keras/lib/python3.6/site-packages/keras/backend/tensorflow_backend.py:4070: The name tf.nn.max_pool is deprecated. Please use tf.nn.max_pool2d instead.

WARNING:tensorflow:Large dropout rate: 0.8 (>0.5). In TensorFlow 2.x, dropout() uses dropout rate instead of keep_prob. Please ensure that this is intended.
WARNING:tensorflow:From /Volumes/Transcend/opt/anaconda3/envs/keras/lib/python3.6/site-packages/tensorflow_core/python/ops/nn_impl.py:183: where (from tensorflow.python.ops.array_ops) is deprecated and will be removed in a future version.
Instructions for updating:
Use tf.where in 2.0, which has the same broadcast rule as np.where
2020-02-04 17:13:32.257962: I tensorflow/core/platform/cpu_feature_guard.cc:142] Your CPU supports instructions that this TensorFlow binary was not compiled to use: AVX2 FMA
2020-02-04 17:13:32.270875: I tensorflow/compiler/xla/service/service.cc:168] XLA service 0x7f80611a0f20 initialized for platform Host (this does not guarantee that XLA will be used). Devices:
2020-02-04 17:13:32.270899: I tensorflow/compiler/xla/service/service.cc:176]   StreamExecutor device (0): Host, Default Version
WARNING:tensorflow:From /Volumes/Transcend/opt/anaconda3/envs/keras/lib/python3.6/site-packages/keras/backend/tensorflow_backend.py:422: The name tf.global_variables is deprecated. Please use tf.compat.v1.global_variables instead.

Load data...
Adjusting sequence length for actual size
x_train shape: (9595, 56)
x_test shape: (1067, 56)
Vocabulary Size: 18779
Model type is CNN-non-static
Load existing Word2Vec model '50features_1minwords_10context'
Initializing embedding layer with word2vec weights, shape (18779, 50)
Train on 9595 samples, validate on 1067 samples
Epoch 1/10
 - 5s - loss: 0.7018 - accuracy: 0.4935 - val_loss: 0.6933 - val_accuracy: 0.4873
Epoch 2/10
 - 5s - loss: 0.6942 - accuracy: 0.5089 - val_loss: 0.6929 - val_accuracy: 0.4911
Epoch 3/10
 - 5s - loss: 0.6920 - accuracy: 0.5197 - val_loss: 0.6891 - val_accuracy: 0.6045
Epoch 4/10
 - 5s - loss: 0.6841 - accuracy: 0.5536 - val_loss: 0.6718 - val_accuracy: 0.6261
Epoch 5/10
 - 5s - loss: 0.6637 - accuracy: 0.5978 - val_loss: 0.6413 - val_accuracy: 0.6692
Epoch 6/10
 - 5s - loss: 0.6092 - accuracy: 0.6699 - val_loss: 0.5698 - val_accuracy: 0.7526
Epoch 7/10
 - 5s - loss: 0.5177 - accuracy: 0.7466 - val_loss: 0.4978 - val_accuracy: 0.7807
Epoch 8/10
 - 5s - loss: 0.4419 - accuracy: 0.7995 - val_loss: 0.4803 - val_accuracy: 0.7854
Epoch 9/10
 - 5s - loss: 0.3782 - accuracy: 0.8359 - val_loss: 0.4825 - val_accuracy: 0.7826
Epoch 10/10
 - 5s - loss: 0.3161 - accuracy: 0.8627 - val_loss: 0.4993 - val_accuracy: 0.7732
Training time:49.4198842048645
