Using TensorFlow backend.
WARNING:tensorflow:From /Volumes/Transcend/opt/anaconda3/envs/keras/lib/python3.6/site-packages/tensorflow_core/python/ops/resource_variable_ops.py:1630: calling BaseResourceVariable.__init__ (from tensorflow.python.ops.resource_variable_ops) with constraint is deprecated and will be removed in a future version.
Instructions for updating:
If using Keras pass *_constraint arguments to layers.
WARNING:tensorflow:From /Volumes/Transcend/opt/anaconda3/envs/keras/lib/python3.6/site-packages/keras/backend/tensorflow_backend.py:4070: The name tf.nn.max_pool is deprecated. Please use tf.nn.max_pool2d instead.

WARNING:tensorflow:Large dropout rate: 0.8 (>0.5). In TensorFlow 2.x, dropout() uses dropout rate instead of keep_prob. Please ensure that this is intended.
WARNING:tensorflow:From /Volumes/Transcend/opt/anaconda3/envs/keras/lib/python3.6/site-packages/tensorflow_core/python/ops/nn_impl.py:183: where (from tensorflow.python.ops.array_ops) is deprecated and will be removed in a future version.
Instructions for updating:
Use tf.where in 2.0, which has the same broadcast rule as np.where
2020-02-04 17:01:21.480317: I tensorflow/core/platform/cpu_feature_guard.cc:142] Your CPU supports instructions that this TensorFlow binary was not compiled to use: AVX2 FMA
2020-02-04 17:01:21.496359: I tensorflow/compiler/xla/service/service.cc:168] XLA service 0x7fe02fa0fb90 initialized for platform Host (this does not guarantee that XLA will be used). Devices:
2020-02-04 17:01:21.496382: I tensorflow/compiler/xla/service/service.cc:176]   StreamExecutor device (0): Host, Default Version
WARNING:tensorflow:From /Volumes/Transcend/opt/anaconda3/envs/keras/lib/python3.6/site-packages/keras/backend/tensorflow_backend.py:422: The name tf.global_variables is deprecated. Please use tf.compat.v1.global_variables instead.

Load data...
Adjusting sequence length for actual size
x_train shape: (9595, 56)
x_test shape: (1067, 56)
Vocabulary Size: 18779
Model type is CNN-non-static
Load existing Word2Vec model '50features_1minwords_10context'
Initializing embedding layer with word2vec weights, shape (18779, 50)
Train on 9595 samples, validate on 1067 samples
Epoch 1/10
 - 6s - loss: 0.7019 - accuracy: 0.4962 - val_loss: 0.6933 - val_accuracy: 0.4930
Epoch 2/10
 - 5s - loss: 0.6931 - accuracy: 0.5146 - val_loss: 0.6909 - val_accuracy: 0.5754
Epoch 3/10
 - 5s - loss: 0.6896 - accuracy: 0.5285 - val_loss: 0.6863 - val_accuracy: 0.6120
Epoch 4/10
 - 5s - loss: 0.6785 - accuracy: 0.5679 - val_loss: 0.6656 - val_accuracy: 0.6429
Epoch 5/10
 - 6s - loss: 0.6518 - accuracy: 0.6123 - val_loss: 0.6288 - val_accuracy: 0.6795
Epoch 6/10
 - 5s - loss: 0.5939 - accuracy: 0.6817 - val_loss: 0.5605 - val_accuracy: 0.7526
Epoch 7/10
 - 6s - loss: 0.4991 - accuracy: 0.7584 - val_loss: 0.4996 - val_accuracy: 0.7844
Epoch 8/10
 - 6s - loss: 0.4165 - accuracy: 0.8110 - val_loss: 0.4831 - val_accuracy: 0.7826
Epoch 9/10
 - 5s - loss: 0.3568 - accuracy: 0.8447 - val_loss: 0.4842 - val_accuracy: 0.7788
Epoch 10/10
 - 5s - loss: 0.3077 - accuracy: 0.8666 - val_loss: 0.4994 - val_accuracy: 0.7732
Training time:54.21534013748169
