Using TensorFlow backend.
WARNING:tensorflow:From /Volumes/Transcend/opt/anaconda3/envs/keras/lib/python3.6/site-packages/tensorflow_core/python/ops/resource_variable_ops.py:1630: calling BaseResourceVariable.__init__ (from tensorflow.python.ops.resource_variable_ops) with constraint is deprecated and will be removed in a future version.
Instructions for updating:
If using Keras pass *_constraint arguments to layers.
WARNING:tensorflow:From /Volumes/Transcend/opt/anaconda3/envs/keras/lib/python3.6/site-packages/keras/backend/tensorflow_backend.py:4070: The name tf.nn.max_pool is deprecated. Please use tf.nn.max_pool2d instead.

WARNING:tensorflow:Large dropout rate: 0.8 (>0.5). In TensorFlow 2.x, dropout() uses dropout rate instead of keep_prob. Please ensure that this is intended.
WARNING:tensorflow:From /Volumes/Transcend/opt/anaconda3/envs/keras/lib/python3.6/site-packages/tensorflow_core/python/ops/nn_impl.py:183: where (from tensorflow.python.ops.array_ops) is deprecated and will be removed in a future version.
Instructions for updating:
Use tf.where in 2.0, which has the same broadcast rule as np.where
2020-02-04 17:29:22.685104: I tensorflow/core/platform/cpu_feature_guard.cc:142] Your CPU supports instructions that this TensorFlow binary was not compiled to use: AVX2 FMA
2020-02-04 17:29:22.701569: I tensorflow/compiler/xla/service/service.cc:168] XLA service 0x7f8a19054e20 initialized for platform Host (this does not guarantee that XLA will be used). Devices:
2020-02-04 17:29:22.701605: I tensorflow/compiler/xla/service/service.cc:176]   StreamExecutor device (0): Host, Default Version
WARNING:tensorflow:From /Volumes/Transcend/opt/anaconda3/envs/keras/lib/python3.6/site-packages/keras/backend/tensorflow_backend.py:422: The name tf.global_variables is deprecated. Please use tf.compat.v1.global_variables instead.

Load data...
Adjusting sequence length for actual size
x_train shape: (9595, 56)
x_test shape: (1067, 56)
Vocabulary Size: 18779
Model type is CNN-non-static
Load existing Word2Vec model '50features_1minwords_10context'
Initializing embedding layer with word2vec weights, shape (18779, 50)
Train on 9595 samples, validate on 1067 samples
Epoch 1/10
 - 7s - loss: 0.7021 - accuracy: 0.4948 - val_loss: 0.6933 - val_accuracy: 0.5005
Epoch 2/10
 - 7s - loss: 0.6936 - accuracy: 0.5108 - val_loss: 0.6914 - val_accuracy: 0.5764
Epoch 3/10
 - 7s - loss: 0.6909 - accuracy: 0.5216 - val_loss: 0.6882 - val_accuracy: 0.5961
Epoch 4/10
 - 7s - loss: 0.6815 - accuracy: 0.5589 - val_loss: 0.6702 - val_accuracy: 0.6326
Epoch 5/10
 - 8s - loss: 0.6601 - accuracy: 0.5976 - val_loss: 0.6383 - val_accuracy: 0.6748
Epoch 6/10
 - 8s - loss: 0.6103 - accuracy: 0.6665 - val_loss: 0.5769 - val_accuracy: 0.7470
Epoch 7/10
 - 7s - loss: 0.5163 - accuracy: 0.7508 - val_loss: 0.4971 - val_accuracy: 0.7844
Epoch 8/10
 - 7s - loss: 0.4362 - accuracy: 0.8019 - val_loss: 0.4880 - val_accuracy: 0.7873
Epoch 9/10
 - 7s - loss: 0.3784 - accuracy: 0.8371 - val_loss: 0.4821 - val_accuracy: 0.7816
Epoch 10/10
 - 7s - loss: 0.3196 - accuracy: 0.8618 - val_loss: 0.4977 - val_accuracy: 0.7704
Training time:73.52796220779419
