Using TensorFlow backend.
WARNING:tensorflow:From /Volumes/Transcend/opt/anaconda3/envs/keras/lib/python3.6/site-packages/tensorflow_core/python/ops/resource_variable_ops.py:1630: calling BaseResourceVariable.__init__ (from tensorflow.python.ops.resource_variable_ops) with constraint is deprecated and will be removed in a future version.
Instructions for updating:
If using Keras pass *_constraint arguments to layers.
WARNING:tensorflow:From /Volumes/Transcend/opt/anaconda3/envs/keras/lib/python3.6/site-packages/keras/backend/tensorflow_backend.py:4070: The name tf.nn.max_pool is deprecated. Please use tf.nn.max_pool2d instead.

WARNING:tensorflow:Large dropout rate: 0.8 (>0.5). In TensorFlow 2.x, dropout() uses dropout rate instead of keep_prob. Please ensure that this is intended.
WARNING:tensorflow:From /Volumes/Transcend/opt/anaconda3/envs/keras/lib/python3.6/site-packages/tensorflow_core/python/ops/nn_impl.py:183: where (from tensorflow.python.ops.array_ops) is deprecated and will be removed in a future version.
Instructions for updating:
Use tf.where in 2.0, which has the same broadcast rule as np.where
2020-02-04 17:34:17.325498: I tensorflow/core/platform/cpu_feature_guard.cc:142] Your CPU supports instructions that this TensorFlow binary was not compiled to use: AVX2 FMA
2020-02-04 17:34:17.343777: I tensorflow/compiler/xla/service/service.cc:168] XLA service 0x7f841d205bb0 initialized for platform Host (this does not guarantee that XLA will be used). Devices:
2020-02-04 17:34:17.343801: I tensorflow/compiler/xla/service/service.cc:176]   StreamExecutor device (0): Host, Default Version
WARNING:tensorflow:From /Volumes/Transcend/opt/anaconda3/envs/keras/lib/python3.6/site-packages/keras/backend/tensorflow_backend.py:422: The name tf.global_variables is deprecated. Please use tf.compat.v1.global_variables instead.

Load data...
Adjusting sequence length for actual size
x_train shape: (9595, 56)
x_test shape: (1067, 56)
Vocabulary Size: 18779
Model type is CNN-non-static
Load existing Word2Vec model '50features_1minwords_10context'
Initializing embedding layer with word2vec weights, shape (18779, 50)
Train on 9595 samples, validate on 1067 samples
Epoch 1/10
 - 7s - loss: 0.7017 - accuracy: 0.4966 - val_loss: 0.6932 - val_accuracy: 0.5052
Epoch 2/10
 - 6s - loss: 0.6944 - accuracy: 0.5086 - val_loss: 0.6930 - val_accuracy: 0.4873
Epoch 3/10
 - 7s - loss: 0.6921 - accuracy: 0.5166 - val_loss: 0.6902 - val_accuracy: 0.5614
Epoch 4/10
 - 6s - loss: 0.6848 - accuracy: 0.5484 - val_loss: 0.6786 - val_accuracy: 0.6232
Epoch 5/10
 - 6s - loss: 0.6667 - accuracy: 0.5895 - val_loss: 0.6468 - val_accuracy: 0.6560
Epoch 6/10
 - 6s - loss: 0.6179 - accuracy: 0.6631 - val_loss: 0.5847 - val_accuracy: 0.7207
Epoch 7/10
 - 7s - loss: 0.5283 - accuracy: 0.7384 - val_loss: 0.5014 - val_accuracy: 0.7769
Epoch 8/10
 - 7s - loss: 0.4467 - accuracy: 0.7918 - val_loss: 0.4984 - val_accuracy: 0.7798
Epoch 9/10
 - 7s - loss: 0.3853 - accuracy: 0.8299 - val_loss: 0.4851 - val_accuracy: 0.7798
Epoch 10/10
 - 7s - loss: 0.3325 - accuracy: 0.8529 - val_loss: 0.4962 - val_accuracy: 0.7676
Training time:68.07472205162048
