Using TensorFlow backend.
WARNING:tensorflow:From /Volumes/Transcend/opt/anaconda3/envs/keras/lib/python3.6/site-packages/tensorflow_core/python/ops/resource_variable_ops.py:1630: calling BaseResourceVariable.__init__ (from tensorflow.python.ops.resource_variable_ops) with constraint is deprecated and will be removed in a future version.
Instructions for updating:
If using Keras pass *_constraint arguments to layers.
WARNING:tensorflow:From /Volumes/Transcend/opt/anaconda3/envs/keras/lib/python3.6/site-packages/keras/backend/tensorflow_backend.py:4070: The name tf.nn.max_pool is deprecated. Please use tf.nn.max_pool2d instead.

WARNING:tensorflow:Large dropout rate: 0.8 (>0.5). In TensorFlow 2.x, dropout() uses dropout rate instead of keep_prob. Please ensure that this is intended.
WARNING:tensorflow:From /Volumes/Transcend/opt/anaconda3/envs/keras/lib/python3.6/site-packages/tensorflow_core/python/ops/nn_impl.py:183: where (from tensorflow.python.ops.array_ops) is deprecated and will be removed in a future version.
Instructions for updating:
Use tf.where in 2.0, which has the same broadcast rule as np.where
2020-02-04 17:02:22.484500: I tensorflow/core/platform/cpu_feature_guard.cc:142] Your CPU supports instructions that this TensorFlow binary was not compiled to use: AVX2 FMA
2020-02-04 17:02:22.498352: I tensorflow/compiler/xla/service/service.cc:168] XLA service 0x7f9f92fef840 initialized for platform Host (this does not guarantee that XLA will be used). Devices:
2020-02-04 17:02:22.498387: I tensorflow/compiler/xla/service/service.cc:176]   StreamExecutor device (0): Host, Default Version
WARNING:tensorflow:From /Volumes/Transcend/opt/anaconda3/envs/keras/lib/python3.6/site-packages/keras/backend/tensorflow_backend.py:422: The name tf.global_variables is deprecated. Please use tf.compat.v1.global_variables instead.

Load data...
Adjusting sequence length for actual size
x_train shape: (9595, 56)
x_test shape: (1067, 56)
Vocabulary Size: 18779
Model type is CNN-non-static
Load existing Word2Vec model '50features_1minwords_10context'
Initializing embedding layer with word2vec weights, shape (18779, 50)
Train on 9595 samples, validate on 1067 samples
Epoch 1/10
 - 7s - loss: 0.7018 - accuracy: 0.4986 - val_loss: 0.6934 - val_accuracy: 0.4892
Epoch 2/10
 - 5s - loss: 0.6940 - accuracy: 0.5037 - val_loss: 0.6924 - val_accuracy: 0.5033
Epoch 3/10
 - 5s - loss: 0.6924 - accuracy: 0.5232 - val_loss: 0.6896 - val_accuracy: 0.5895
Epoch 4/10
 - 5s - loss: 0.6852 - accuracy: 0.5502 - val_loss: 0.6755 - val_accuracy: 0.6186
Epoch 5/10
 - 5s - loss: 0.6628 - accuracy: 0.5983 - val_loss: 0.6426 - val_accuracy: 0.6570
Epoch 6/10
 - 6s - loss: 0.6040 - accuracy: 0.6756 - val_loss: 0.5684 - val_accuracy: 0.7385
Epoch 7/10
 - 6s - loss: 0.5029 - accuracy: 0.7556 - val_loss: 0.4951 - val_accuracy: 0.7751
Epoch 8/10
 - 6s - loss: 0.4234 - accuracy: 0.8074 - val_loss: 0.4784 - val_accuracy: 0.7835
Epoch 9/10
 - 5s - loss: 0.3648 - accuracy: 0.8359 - val_loss: 0.4829 - val_accuracy: 0.7769
Epoch 10/10
 - 6s - loss: 0.3093 - accuracy: 0.8663 - val_loss: 0.5015 - val_accuracy: 0.7798
Training time:54.747028827667236
