Using TensorFlow backend.
WARNING:tensorflow:From /Volumes/Transcend/opt/anaconda3/envs/keras/lib/python3.6/site-packages/tensorflow_core/python/ops/resource_variable_ops.py:1630: calling BaseResourceVariable.__init__ (from tensorflow.python.ops.resource_variable_ops) with constraint is deprecated and will be removed in a future version.
Instructions for updating:
If using Keras pass *_constraint arguments to layers.
WARNING:tensorflow:From /Volumes/Transcend/opt/anaconda3/envs/keras/lib/python3.6/site-packages/keras/backend/tensorflow_backend.py:4070: The name tf.nn.max_pool is deprecated. Please use tf.nn.max_pool2d instead.

WARNING:tensorflow:Large dropout rate: 0.8 (>0.5). In TensorFlow 2.x, dropout() uses dropout rate instead of keep_prob. Please ensure that this is intended.
WARNING:tensorflow:From /Volumes/Transcend/opt/anaconda3/envs/keras/lib/python3.6/site-packages/tensorflow_core/python/ops/nn_impl.py:183: where (from tensorflow.python.ops.array_ops) is deprecated and will be removed in a future version.
Instructions for updating:
Use tf.where in 2.0, which has the same broadcast rule as np.where
2020-02-04 17:31:10.247801: I tensorflow/core/platform/cpu_feature_guard.cc:142] Your CPU supports instructions that this TensorFlow binary was not compiled to use: AVX2 FMA
2020-02-04 17:31:10.264686: I tensorflow/compiler/xla/service/service.cc:168] XLA service 0x7fdfe216ce90 initialized for platform Host (this does not guarantee that XLA will be used). Devices:
2020-02-04 17:31:10.264709: I tensorflow/compiler/xla/service/service.cc:176]   StreamExecutor device (0): Host, Default Version
WARNING:tensorflow:From /Volumes/Transcend/opt/anaconda3/envs/keras/lib/python3.6/site-packages/keras/backend/tensorflow_backend.py:422: The name tf.global_variables is deprecated. Please use tf.compat.v1.global_variables instead.

Load data...
Adjusting sequence length for actual size
x_train shape: (9595, 56)
x_test shape: (1067, 56)
Vocabulary Size: 18779
Model type is CNN-non-static
Load existing Word2Vec model '50features_1minwords_10context'
Initializing embedding layer with word2vec weights, shape (18779, 50)
Train on 9595 samples, validate on 1067 samples
Epoch 1/10
 - 11s - loss: 0.6984 - accuracy: 0.5027 - val_loss: 0.6929 - val_accuracy: 0.5295
Epoch 2/10
 - 10s - loss: 0.6935 - accuracy: 0.5078 - val_loss: 0.6899 - val_accuracy: 0.5492
Epoch 3/10
 - 11s - loss: 0.6896 - accuracy: 0.5295 - val_loss: 0.6841 - val_accuracy: 0.5548
Epoch 4/10
 - 10s - loss: 0.6731 - accuracy: 0.5797 - val_loss: 0.6489 - val_accuracy: 0.6851
Epoch 5/10
 - 10s - loss: 0.6084 - accuracy: 0.6641 - val_loss: 0.5895 - val_accuracy: 0.7029
Epoch 6/10
 - 10s - loss: 0.5189 - accuracy: 0.7495 - val_loss: 0.5135 - val_accuracy: 0.7788
Epoch 7/10
 - 10s - loss: 0.4342 - accuracy: 0.8019 - val_loss: 0.4839 - val_accuracy: 0.7769
Epoch 8/10
 - 10s - loss: 0.3729 - accuracy: 0.8316 - val_loss: 0.4863 - val_accuracy: 0.7751
Epoch 9/10
 - 10s - loss: 0.3313 - accuracy: 0.8522 - val_loss: 0.5000 - val_accuracy: 0.7694
Epoch 10/10
 - 10s - loss: 0.2872 - accuracy: 0.8782 - val_loss: 0.5207 - val_accuracy: 0.7723
Training time:102.83985733985901
