Using TensorFlow backend.
WARNING:tensorflow:From /Volumes/Transcend/opt/anaconda3/envs/keras/lib/python3.6/site-packages/tensorflow_core/python/ops/resource_variable_ops.py:1630: calling BaseResourceVariable.__init__ (from tensorflow.python.ops.resource_variable_ops) with constraint is deprecated and will be removed in a future version.
Instructions for updating:
If using Keras pass *_constraint arguments to layers.
WARNING:tensorflow:From /Volumes/Transcend/opt/anaconda3/envs/keras/lib/python3.6/site-packages/keras/backend/tensorflow_backend.py:4070: The name tf.nn.max_pool is deprecated. Please use tf.nn.max_pool2d instead.

WARNING:tensorflow:Large dropout rate: 0.8 (>0.5). In TensorFlow 2.x, dropout() uses dropout rate instead of keep_prob. Please ensure that this is intended.
WARNING:tensorflow:From /Volumes/Transcend/opt/anaconda3/envs/keras/lib/python3.6/site-packages/tensorflow_core/python/ops/nn_impl.py:183: where (from tensorflow.python.ops.array_ops) is deprecated and will be removed in a future version.
Instructions for updating:
Use tf.where in 2.0, which has the same broadcast rule as np.where
2020-02-04 17:36:42.133297: I tensorflow/core/platform/cpu_feature_guard.cc:142] Your CPU supports instructions that this TensorFlow binary was not compiled to use: AVX2 FMA
2020-02-04 17:36:42.150760: I tensorflow/compiler/xla/service/service.cc:168] XLA service 0x7ff7609b0080 initialized for platform Host (this does not guarantee that XLA will be used). Devices:
2020-02-04 17:36:42.150782: I tensorflow/compiler/xla/service/service.cc:176]   StreamExecutor device (0): Host, Default Version
WARNING:tensorflow:From /Volumes/Transcend/opt/anaconda3/envs/keras/lib/python3.6/site-packages/keras/backend/tensorflow_backend.py:422: The name tf.global_variables is deprecated. Please use tf.compat.v1.global_variables instead.

Load data...
Adjusting sequence length for actual size
x_train shape: (9595, 56)
x_test shape: (1067, 56)
Vocabulary Size: 18779
Model type is CNN-non-static
Load existing Word2Vec model '50features_1minwords_10context'
Initializing embedding layer with word2vec weights, shape (18779, 50)
Train on 9595 samples, validate on 1067 samples
Epoch 1/10
 - 5s - loss: 0.7021 - accuracy: 0.4967 - val_loss: 0.6932 - val_accuracy: 0.4930
Epoch 2/10
 - 5s - loss: 0.6930 - accuracy: 0.5121 - val_loss: 0.6901 - val_accuracy: 0.5436
Epoch 3/10
 - 5s - loss: 0.6895 - accuracy: 0.5292 - val_loss: 0.6862 - val_accuracy: 0.6092
Epoch 4/10
 - 5s - loss: 0.6775 - accuracy: 0.5672 - val_loss: 0.6638 - val_accuracy: 0.6514
Epoch 5/10
 - 6s - loss: 0.6524 - accuracy: 0.6141 - val_loss: 0.6268 - val_accuracy: 0.6832
Epoch 6/10
 - 5s - loss: 0.5985 - accuracy: 0.6797 - val_loss: 0.5642 - val_accuracy: 0.7441
Epoch 7/10
 - 5s - loss: 0.5085 - accuracy: 0.7518 - val_loss: 0.4972 - val_accuracy: 0.7760
Epoch 8/10
 - 7s - loss: 0.4310 - accuracy: 0.8051 - val_loss: 0.4822 - val_accuracy: 0.7788
Epoch 9/10
 - 7s - loss: 0.3704 - accuracy: 0.8392 - val_loss: 0.4803 - val_accuracy: 0.7826
Epoch 10/10
 - 5s - loss: 0.3196 - accuracy: 0.8591 - val_loss: 0.4972 - val_accuracy: 0.7826
Training time:58.43470311164856
