Using TensorFlow backend.
WARNING:tensorflow:From /Volumes/Transcend/opt/anaconda3/envs/keras/lib/python3.6/site-packages/tensorflow_core/python/ops/resource_variable_ops.py:1630: calling BaseResourceVariable.__init__ (from tensorflow.python.ops.resource_variable_ops) with constraint is deprecated and will be removed in a future version.
Instructions for updating:
If using Keras pass *_constraint arguments to layers.
WARNING:tensorflow:From /Volumes/Transcend/opt/anaconda3/envs/keras/lib/python3.6/site-packages/keras/backend/tensorflow_backend.py:4070: The name tf.nn.max_pool is deprecated. Please use tf.nn.max_pool2d instead.

WARNING:tensorflow:Large dropout rate: 0.8 (>0.5). In TensorFlow 2.x, dropout() uses dropout rate instead of keep_prob. Please ensure that this is intended.
WARNING:tensorflow:From /Volumes/Transcend/opt/anaconda3/envs/keras/lib/python3.6/site-packages/tensorflow_core/python/ops/nn_impl.py:183: where (from tensorflow.python.ops.array_ops) is deprecated and will be removed in a future version.
Instructions for updating:
Use tf.where in 2.0, which has the same broadcast rule as np.where
2020-02-04 17:37:59.052587: I tensorflow/core/platform/cpu_feature_guard.cc:142] Your CPU supports instructions that this TensorFlow binary was not compiled to use: AVX2 FMA
2020-02-04 17:37:59.080569: I tensorflow/compiler/xla/service/service.cc:168] XLA service 0x7f87d1a246f0 initialized for platform Host (this does not guarantee that XLA will be used). Devices:
2020-02-04 17:37:59.080590: I tensorflow/compiler/xla/service/service.cc:176]   StreamExecutor device (0): Host, Default Version
WARNING:tensorflow:From /Volumes/Transcend/opt/anaconda3/envs/keras/lib/python3.6/site-packages/keras/backend/tensorflow_backend.py:422: The name tf.global_variables is deprecated. Please use tf.compat.v1.global_variables instead.

Load data...
Adjusting sequence length for actual size
x_train shape: (9595, 56)
x_test shape: (1067, 56)
Vocabulary Size: 18779
Model type is CNN-non-static
Load existing Word2Vec model '50features_1minwords_10context'
Initializing embedding layer with word2vec weights, shape (18779, 50)
Train on 9595 samples, validate on 1067 samples
Epoch 1/10
 - 8s - loss: 0.7016 - accuracy: 0.4984 - val_loss: 0.6934 - val_accuracy: 0.4864
Epoch 2/10
 - 8s - loss: 0.6941 - accuracy: 0.5101 - val_loss: 0.6930 - val_accuracy: 0.4911
Epoch 3/10
 - 7s - loss: 0.6927 - accuracy: 0.5128 - val_loss: 0.6916 - val_accuracy: 0.5548
Epoch 4/10
 - 7s - loss: 0.6882 - accuracy: 0.5430 - val_loss: 0.6811 - val_accuracy: 0.6176
Epoch 5/10
 - 8s - loss: 0.6722 - accuracy: 0.5861 - val_loss: 0.6528 - val_accuracy: 0.6336
Epoch 6/10
 - 8s - loss: 0.6308 - accuracy: 0.6497 - val_loss: 0.5969 - val_accuracy: 0.7188
Epoch 7/10
 - 8s - loss: 0.5464 - accuracy: 0.7232 - val_loss: 0.5131 - val_accuracy: 0.7648
Epoch 8/10
 - 6s - loss: 0.4622 - accuracy: 0.7836 - val_loss: 0.4924 - val_accuracy: 0.7816
Epoch 9/10
 - 5s - loss: 0.3922 - accuracy: 0.8243 - val_loss: 0.4814 - val_accuracy: 0.7779
Epoch 10/10
 - 5s - loss: 0.3335 - accuracy: 0.8532 - val_loss: 0.4946 - val_accuracy: 0.7826
Training time:71.7909939289093
