Using TensorFlow backend.
WARNING:tensorflow:From /Volumes/Transcend/opt/anaconda3/envs/keras/lib/python3.6/site-packages/tensorflow_core/python/ops/resource_variable_ops.py:1630: calling BaseResourceVariable.__init__ (from tensorflow.python.ops.resource_variable_ops) with constraint is deprecated and will be removed in a future version.
Instructions for updating:
If using Keras pass *_constraint arguments to layers.
WARNING:tensorflow:From /Volumes/Transcend/opt/anaconda3/envs/keras/lib/python3.6/site-packages/keras/backend/tensorflow_backend.py:4070: The name tf.nn.max_pool is deprecated. Please use tf.nn.max_pool2d instead.

WARNING:tensorflow:Large dropout rate: 0.8 (>0.5). In TensorFlow 2.x, dropout() uses dropout rate instead of keep_prob. Please ensure that this is intended.
WARNING:tensorflow:From /Volumes/Transcend/opt/anaconda3/envs/keras/lib/python3.6/site-packages/tensorflow_core/python/ops/nn_impl.py:183: where (from tensorflow.python.ops.array_ops) is deprecated and will be removed in a future version.
Instructions for updating:
Use tf.where in 2.0, which has the same broadcast rule as np.where
2020-02-04 17:05:09.583509: I tensorflow/core/platform/cpu_feature_guard.cc:142] Your CPU supports instructions that this TensorFlow binary was not compiled to use: AVX2 FMA
2020-02-04 17:05:09.596510: I tensorflow/compiler/xla/service/service.cc:168] XLA service 0x7fbbb6869fc0 initialized for platform Host (this does not guarantee that XLA will be used). Devices:
2020-02-04 17:05:09.596534: I tensorflow/compiler/xla/service/service.cc:176]   StreamExecutor device (0): Host, Default Version
WARNING:tensorflow:From /Volumes/Transcend/opt/anaconda3/envs/keras/lib/python3.6/site-packages/keras/backend/tensorflow_backend.py:422: The name tf.global_variables is deprecated. Please use tf.compat.v1.global_variables instead.

Load data...
Adjusting sequence length for actual size
x_train shape: (9595, 56)
x_test shape: (1067, 56)
Vocabulary Size: 18779
Model type is CNN-non-static
Load existing Word2Vec model '50features_1minwords_10context'
Initializing embedding layer with word2vec weights, shape (18779, 50)
Train on 9595 samples, validate on 1067 samples
Epoch 1/10
 - 5s - loss: 0.7021 - accuracy: 0.4952 - val_loss: 0.6933 - val_accuracy: 0.4939
Epoch 2/10
 - 5s - loss: 0.6937 - accuracy: 0.5083 - val_loss: 0.6909 - val_accuracy: 0.5689
Epoch 3/10
 - 5s - loss: 0.6904 - accuracy: 0.5261 - val_loss: 0.6863 - val_accuracy: 0.6007
Epoch 4/10
 - 5s - loss: 0.6808 - accuracy: 0.5598 - val_loss: 0.6685 - val_accuracy: 0.6429
Epoch 5/10
 - 5s - loss: 0.6577 - accuracy: 0.6061 - val_loss: 0.6369 - val_accuracy: 0.6607
Epoch 6/10
 - 5s - loss: 0.6064 - accuracy: 0.6721 - val_loss: 0.5679 - val_accuracy: 0.7507
Epoch 7/10
 - 5s - loss: 0.5165 - accuracy: 0.7485 - val_loss: 0.4977 - val_accuracy: 0.7826
Epoch 8/10
 - 5s - loss: 0.4306 - accuracy: 0.8034 - val_loss: 0.4825 - val_accuracy: 0.7882
Epoch 9/10
 - 5s - loss: 0.3713 - accuracy: 0.8378 - val_loss: 0.4775 - val_accuracy: 0.7826
Epoch 10/10
 - 5s - loss: 0.3100 - accuracy: 0.8650 - val_loss: 0.4953 - val_accuracy: 0.7769
Training time:50.64777493476868
