Using TensorFlow backend.
WARNING:tensorflow:From /Volumes/Transcend/opt/anaconda3/envs/keras/lib/python3.6/site-packages/tensorflow_core/python/ops/resource_variable_ops.py:1630: calling BaseResourceVariable.__init__ (from tensorflow.python.ops.resource_variable_ops) with constraint is deprecated and will be removed in a future version.
Instructions for updating:
If using Keras pass *_constraint arguments to layers.
WARNING:tensorflow:From /Volumes/Transcend/opt/anaconda3/envs/keras/lib/python3.6/site-packages/keras/backend/tensorflow_backend.py:4070: The name tf.nn.max_pool is deprecated. Please use tf.nn.max_pool2d instead.

WARNING:tensorflow:Large dropout rate: 0.8 (>0.5). In TensorFlow 2.x, dropout() uses dropout rate instead of keep_prob. Please ensure that this is intended.
WARNING:tensorflow:From /Volumes/Transcend/opt/anaconda3/envs/keras/lib/python3.6/site-packages/tensorflow_core/python/ops/nn_impl.py:183: where (from tensorflow.python.ops.array_ops) is deprecated and will be removed in a future version.
Instructions for updating:
Use tf.where in 2.0, which has the same broadcast rule as np.where
2020-02-02 16:04:06.362740: I tensorflow/core/platform/cpu_feature_guard.cc:142] Your CPU supports instructions that this TensorFlow binary was not compiled to use: AVX2 FMA
2020-02-02 16:04:06.377561: I tensorflow/compiler/xla/service/service.cc:168] XLA service 0x7fe6182067d0 initialized for platform Host (this does not guarantee that XLA will be used). Devices:
2020-02-02 16:04:06.377585: I tensorflow/compiler/xla/service/service.cc:176]   StreamExecutor device (0): Host, Default Version
WARNING:tensorflow:From /Volumes/Transcend/opt/anaconda3/envs/keras/lib/python3.6/site-packages/keras/backend/tensorflow_backend.py:422: The name tf.global_variables is deprecated. Please use tf.compat.v1.global_variables instead.

Load data...
Adjusting sequence length for actual size
x_train shape: (9595, 56)
x_test shape: (1067, 56)
Vocabulary Size: 18779
Model type is CNN-non-static
Load existing Word2Vec model '50features_1minwords_10context'
Initializing embedding layer with word2vec weights, shape (18779, 50)
Train on 9595 samples, validate on 1067 samples
Epoch 1/10
 - 6s - loss: 0.7017 - accuracy: 0.4992 - val_loss: 0.6933 - val_accuracy: 0.4873
Epoch 2/10
 - 7s - loss: 0.6936 - accuracy: 0.5084 - val_loss: 0.6913 - val_accuracy: 0.5604
Epoch 3/10
 - 6s - loss: 0.6906 - accuracy: 0.5236 - val_loss: 0.6864 - val_accuracy: 0.5998
Epoch 4/10
 - 6s - loss: 0.6807 - accuracy: 0.5636 - val_loss: 0.6707 - val_accuracy: 0.6392
Epoch 5/10
 - 5s - loss: 0.6585 - accuracy: 0.6023 - val_loss: 0.6353 - val_accuracy: 0.6532
Epoch 6/10
 - 5s - loss: 0.6101 - accuracy: 0.6690 - val_loss: 0.5667 - val_accuracy: 0.7470
Epoch 7/10
 - 6s - loss: 0.5192 - accuracy: 0.7473 - val_loss: 0.4985 - val_accuracy: 0.7741
Epoch 8/10
 - 6s - loss: 0.4365 - accuracy: 0.8017 - val_loss: 0.4825 - val_accuracy: 0.7854
Epoch 9/10
 - 6s - loss: 0.3760 - accuracy: 0.8334 - val_loss: 0.4762 - val_accuracy: 0.7779
Epoch 10/10
 - 6s - loss: 0.3155 - accuracy: 0.8640 - val_loss: 0.4906 - val_accuracy: 0.7723
Training time:59.480217933654785
