Using TensorFlow backend.
WARNING:tensorflow:From /Volumes/Transcend/opt/anaconda3/envs/keras/lib/python3.6/site-packages/tensorflow_core/python/ops/resource_variable_ops.py:1630: calling BaseResourceVariable.__init__ (from tensorflow.python.ops.resource_variable_ops) with constraint is deprecated and will be removed in a future version.
Instructions for updating:
If using Keras pass *_constraint arguments to layers.
WARNING:tensorflow:From /Volumes/Transcend/opt/anaconda3/envs/keras/lib/python3.6/site-packages/keras/backend/tensorflow_backend.py:4070: The name tf.nn.max_pool is deprecated. Please use tf.nn.max_pool2d instead.

WARNING:tensorflow:Large dropout rate: 0.8 (>0.5). In TensorFlow 2.x, dropout() uses dropout rate instead of keep_prob. Please ensure that this is intended.
WARNING:tensorflow:From /Volumes/Transcend/opt/anaconda3/envs/keras/lib/python3.6/site-packages/tensorflow_core/python/ops/nn_impl.py:183: where (from tensorflow.python.ops.array_ops) is deprecated and will be removed in a future version.
Instructions for updating:
Use tf.where in 2.0, which has the same broadcast rule as np.where
2020-02-02 16:13:58.393395: I tensorflow/core/platform/cpu_feature_guard.cc:142] Your CPU supports instructions that this TensorFlow binary was not compiled to use: AVX2 FMA
2020-02-02 16:13:58.407666: I tensorflow/compiler/xla/service/service.cc:168] XLA service 0x7faa451b77b0 initialized for platform Host (this does not guarantee that XLA will be used). Devices:
2020-02-02 16:13:58.407727: I tensorflow/compiler/xla/service/service.cc:176]   StreamExecutor device (0): Host, Default Version
WARNING:tensorflow:From /Volumes/Transcend/opt/anaconda3/envs/keras/lib/python3.6/site-packages/keras/backend/tensorflow_backend.py:422: The name tf.global_variables is deprecated. Please use tf.compat.v1.global_variables instead.

Load data...
Adjusting sequence length for actual size
x_train shape: (9595, 56)
x_test shape: (1067, 56)
Vocabulary Size: 18779
Model type is CNN-non-static
Load existing Word2Vec model '50features_1minwords_10context'
Initializing embedding layer with word2vec weights, shape (18779, 50)
Train on 9595 samples, validate on 1067 samples
Epoch 1/10
 - 5s - loss: 0.7013 - accuracy: 0.4962 - val_loss: 0.6933 - val_accuracy: 0.4827
Epoch 2/10
 - 5s - loss: 0.6941 - accuracy: 0.5072 - val_loss: 0.6931 - val_accuracy: 0.4892
Epoch 3/10
 - 5s - loss: 0.6921 - accuracy: 0.5122 - val_loss: 0.6897 - val_accuracy: 0.5604
Epoch 4/10
 - 7s - loss: 0.6854 - accuracy: 0.5496 - val_loss: 0.6754 - val_accuracy: 0.6064
Epoch 5/10
 - 8s - loss: 0.6661 - accuracy: 0.5951 - val_loss: 0.6456 - val_accuracy: 0.6448
Epoch 6/10
 - 7s - loss: 0.6168 - accuracy: 0.6550 - val_loss: 0.5781 - val_accuracy: 0.7423
Epoch 7/10
 - 6s - loss: 0.5300 - accuracy: 0.7338 - val_loss: 0.5028 - val_accuracy: 0.7779
Epoch 8/10
 - 6s - loss: 0.4485 - accuracy: 0.7922 - val_loss: 0.4870 - val_accuracy: 0.7816
Epoch 9/10
 - 6s - loss: 0.3795 - accuracy: 0.8322 - val_loss: 0.4870 - val_accuracy: 0.7769
Epoch 10/10
 - 7s - loss: 0.3210 - accuracy: 0.8604 - val_loss: 0.5125 - val_accuracy: 0.7694
Training time:60.94060492515564
