Using TensorFlow backend.
WARNING:tensorflow:From /Volumes/Transcend/opt/anaconda3/envs/keras/lib/python3.6/site-packages/tensorflow_core/python/ops/resource_variable_ops.py:1630: calling BaseResourceVariable.__init__ (from tensorflow.python.ops.resource_variable_ops) with constraint is deprecated and will be removed in a future version.
Instructions for updating:
If using Keras pass *_constraint arguments to layers.
WARNING:tensorflow:From /Volumes/Transcend/opt/anaconda3/envs/keras/lib/python3.6/site-packages/keras/backend/tensorflow_backend.py:4070: The name tf.nn.max_pool is deprecated. Please use tf.nn.max_pool2d instead.

WARNING:tensorflow:Large dropout rate: 0.8 (>0.5). In TensorFlow 2.x, dropout() uses dropout rate instead of keep_prob. Please ensure that this is intended.
WARNING:tensorflow:From /Volumes/Transcend/opt/anaconda3/envs/keras/lib/python3.6/site-packages/tensorflow_core/python/ops/nn_impl.py:183: where (from tensorflow.python.ops.array_ops) is deprecated and will be removed in a future version.
Instructions for updating:
Use tf.where in 2.0, which has the same broadcast rule as np.where
2020-02-02 16:11:50.786072: I tensorflow/core/platform/cpu_feature_guard.cc:142] Your CPU supports instructions that this TensorFlow binary was not compiled to use: AVX2 FMA
2020-02-02 16:11:50.799844: I tensorflow/compiler/xla/service/service.cc:168] XLA service 0x7fe2e347fc40 initialized for platform Host (this does not guarantee that XLA will be used). Devices:
2020-02-02 16:11:50.799874: I tensorflow/compiler/xla/service/service.cc:176]   StreamExecutor device (0): Host, Default Version
WARNING:tensorflow:From /Volumes/Transcend/opt/anaconda3/envs/keras/lib/python3.6/site-packages/keras/backend/tensorflow_backend.py:422: The name tf.global_variables is deprecated. Please use tf.compat.v1.global_variables instead.

Load data...
Adjusting sequence length for actual size
x_train shape: (9595, 56)
x_test shape: (1067, 56)
Vocabulary Size: 18779
Model type is CNN-non-static
Load existing Word2Vec model '50features_1minwords_10context'
Initializing embedding layer with word2vec weights, shape (18779, 50)
Train on 9595 samples, validate on 1067 samples
Epoch 1/10
 - 5s - loss: 0.6999 - accuracy: 0.5071 - val_loss: 0.6932 - val_accuracy: 0.5014
Epoch 2/10
 - 5s - loss: 0.6941 - accuracy: 0.5017 - val_loss: 0.6929 - val_accuracy: 0.4939
Epoch 3/10
 - 5s - loss: 0.6921 - accuracy: 0.5146 - val_loss: 0.6903 - val_accuracy: 0.5314
Epoch 4/10
 - 5s - loss: 0.6879 - accuracy: 0.5406 - val_loss: 0.6795 - val_accuracy: 0.6261
Epoch 5/10
 - 5s - loss: 0.6723 - accuracy: 0.5788 - val_loss: 0.6547 - val_accuracy: 0.6729
Epoch 6/10
 - 5s - loss: 0.6341 - accuracy: 0.6376 - val_loss: 0.5903 - val_accuracy: 0.7254
Epoch 7/10
 - 5s - loss: 0.5607 - accuracy: 0.7116 - val_loss: 0.5237 - val_accuracy: 0.7591
Epoch 8/10
 - 5s - loss: 0.4906 - accuracy: 0.7640 - val_loss: 0.5010 - val_accuracy: 0.7676
Epoch 9/10
 - 6s - loss: 0.4295 - accuracy: 0.8024 - val_loss: 0.4810 - val_accuracy: 0.7769
Epoch 10/10
 - 6s - loss: 0.3718 - accuracy: 0.8298 - val_loss: 0.4815 - val_accuracy: 0.7807
Training time:53.30264210700989
