Using TensorFlow backend.
WARNING:tensorflow:From /Volumes/Transcend/opt/anaconda3/envs/keras/lib/python3.6/site-packages/tensorflow_core/python/ops/resource_variable_ops.py:1630: calling BaseResourceVariable.__init__ (from tensorflow.python.ops.resource_variable_ops) with constraint is deprecated and will be removed in a future version.
Instructions for updating:
If using Keras pass *_constraint arguments to layers.
WARNING:tensorflow:From /Volumes/Transcend/opt/anaconda3/envs/keras/lib/python3.6/site-packages/keras/backend/tensorflow_backend.py:4070: The name tf.nn.max_pool is deprecated. Please use tf.nn.max_pool2d instead.

WARNING:tensorflow:Large dropout rate: 0.8 (>0.5). In TensorFlow 2.x, dropout() uses dropout rate instead of keep_prob. Please ensure that this is intended.
WARNING:tensorflow:From /Volumes/Transcend/opt/anaconda3/envs/keras/lib/python3.6/site-packages/tensorflow_core/python/ops/nn_impl.py:183: where (from tensorflow.python.ops.array_ops) is deprecated and will be removed in a future version.
Instructions for updating:
Use tf.where in 2.0, which has the same broadcast rule as np.where
2020-02-02 16:12:58.112667: I tensorflow/core/platform/cpu_feature_guard.cc:142] Your CPU supports instructions that this TensorFlow binary was not compiled to use: AVX2 FMA
2020-02-02 16:12:58.126214: I tensorflow/compiler/xla/service/service.cc:168] XLA service 0x7fab730b3790 initialized for platform Host (this does not guarantee that XLA will be used). Devices:
2020-02-02 16:12:58.126236: I tensorflow/compiler/xla/service/service.cc:176]   StreamExecutor device (0): Host, Default Version
WARNING:tensorflow:From /Volumes/Transcend/opt/anaconda3/envs/keras/lib/python3.6/site-packages/keras/backend/tensorflow_backend.py:422: The name tf.global_variables is deprecated. Please use tf.compat.v1.global_variables instead.

Load data...
Adjusting sequence length for actual size
x_train shape: (9595, 56)
x_test shape: (1067, 56)
Vocabulary Size: 18779
Model type is CNN-non-static
Load existing Word2Vec model '50features_1minwords_10context'
Initializing embedding layer with word2vec weights, shape (18779, 50)
Train on 9595 samples, validate on 1067 samples
Epoch 1/10
 - 6s - loss: 0.7021 - accuracy: 0.4962 - val_loss: 0.6933 - val_accuracy: 0.4939
Epoch 2/10
 - 6s - loss: 0.6937 - accuracy: 0.5114 - val_loss: 0.6917 - val_accuracy: 0.5679
Epoch 3/10
 - 6s - loss: 0.6905 - accuracy: 0.5226 - val_loss: 0.6865 - val_accuracy: 0.5914
Epoch 4/10
 - 5s - loss: 0.6817 - accuracy: 0.5584 - val_loss: 0.6697 - val_accuracy: 0.6336
Epoch 5/10
 - 5s - loss: 0.6606 - accuracy: 0.5987 - val_loss: 0.6394 - val_accuracy: 0.6476
Epoch 6/10
 - 5s - loss: 0.6045 - accuracy: 0.6672 - val_loss: 0.5710 - val_accuracy: 0.7498
Epoch 7/10
 - 5s - loss: 0.5110 - accuracy: 0.7524 - val_loss: 0.4985 - val_accuracy: 0.7873
Epoch 8/10
 - 5s - loss: 0.4297 - accuracy: 0.8025 - val_loss: 0.4836 - val_accuracy: 0.7826
Epoch 9/10
 - 5s - loss: 0.3744 - accuracy: 0.8378 - val_loss: 0.4816 - val_accuracy: 0.7826
Epoch 10/10
 - 5s - loss: 0.3141 - accuracy: 0.8650 - val_loss: 0.4969 - val_accuracy: 0.7769
Training time:53.54868698120117
