Using TensorFlow backend.
WARNING:tensorflow:From /Volumes/Transcend/opt/anaconda3/envs/keras/lib/python3.6/site-packages/tensorflow_core/python/ops/resource_variable_ops.py:1630: calling BaseResourceVariable.__init__ (from tensorflow.python.ops.resource_variable_ops) with constraint is deprecated and will be removed in a future version.
Instructions for updating:
If using Keras pass *_constraint arguments to layers.
WARNING:tensorflow:From /Volumes/Transcend/opt/anaconda3/envs/keras/lib/python3.6/site-packages/keras/backend/tensorflow_backend.py:4070: The name tf.nn.max_pool is deprecated. Please use tf.nn.max_pool2d instead.

WARNING:tensorflow:Large dropout rate: 0.8 (>0.5). In TensorFlow 2.x, dropout() uses dropout rate instead of keep_prob. Please ensure that this is intended.
WARNING:tensorflow:From /Volumes/Transcend/opt/anaconda3/envs/keras/lib/python3.6/site-packages/tensorflow_core/python/ops/nn_impl.py:183: where (from tensorflow.python.ops.array_ops) is deprecated and will be removed in a future version.
Instructions for updating:
Use tf.where in 2.0, which has the same broadcast rule as np.where
2020-02-02 16:17:43.939259: I tensorflow/core/platform/cpu_feature_guard.cc:142] Your CPU supports instructions that this TensorFlow binary was not compiled to use: AVX2 FMA
2020-02-02 16:17:43.952687: I tensorflow/compiler/xla/service/service.cc:168] XLA service 0x7fab030b8be0 initialized for platform Host (this does not guarantee that XLA will be used). Devices:
2020-02-02 16:17:43.952710: I tensorflow/compiler/xla/service/service.cc:176]   StreamExecutor device (0): Host, Default Version
WARNING:tensorflow:From /Volumes/Transcend/opt/anaconda3/envs/keras/lib/python3.6/site-packages/keras/backend/tensorflow_backend.py:422: The name tf.global_variables is deprecated. Please use tf.compat.v1.global_variables instead.

Load data...
Adjusting sequence length for actual size
x_train shape: (9595, 56)
x_test shape: (1067, 56)
Vocabulary Size: 18779
Model type is CNN-non-static
Load existing Word2Vec model '50features_1minwords_10context'
Initializing embedding layer with word2vec weights, shape (18779, 50)
Train on 9595 samples, validate on 1067 samples
Epoch 1/10
 - 7s - loss: 0.7020 - accuracy: 0.4985 - val_loss: 0.6933 - val_accuracy: 0.4864
Epoch 2/10
 - 7s - loss: 0.6943 - accuracy: 0.5052 - val_loss: 0.6929 - val_accuracy: 0.5220
Epoch 3/10
 - 6s - loss: 0.6919 - accuracy: 0.5181 - val_loss: 0.6904 - val_accuracy: 0.5745
Epoch 4/10
 - 6s - loss: 0.6848 - accuracy: 0.5485 - val_loss: 0.6756 - val_accuracy: 0.6167
Epoch 5/10
 - 5s - loss: 0.6630 - accuracy: 0.5996 - val_loss: 0.6404 - val_accuracy: 0.6617
Epoch 6/10
 - 5s - loss: 0.6132 - accuracy: 0.6635 - val_loss: 0.5715 - val_accuracy: 0.7460
Epoch 7/10
 - 5s - loss: 0.5166 - accuracy: 0.7456 - val_loss: 0.5013 - val_accuracy: 0.7760
Epoch 8/10
 - 5s - loss: 0.4356 - accuracy: 0.8036 - val_loss: 0.4788 - val_accuracy: 0.7844
Epoch 9/10
 - 5s - loss: 0.3756 - accuracy: 0.8347 - val_loss: 0.4788 - val_accuracy: 0.7854
Epoch 10/10
 - 5s - loss: 0.3131 - accuracy: 0.8667 - val_loss: 0.4921 - val_accuracy: 0.7760
Training time:56.44746279716492
