Using TensorFlow backend.
WARNING:tensorflow:From /Volumes/Transcend/opt/anaconda3/envs/keras/lib/python3.6/site-packages/tensorflow_core/python/ops/resource_variable_ops.py:1630: calling BaseResourceVariable.__init__ (from tensorflow.python.ops.resource_variable_ops) with constraint is deprecated and will be removed in a future version.
Instructions for updating:
If using Keras pass *_constraint arguments to layers.
WARNING:tensorflow:From /Volumes/Transcend/opt/anaconda3/envs/keras/lib/python3.6/site-packages/keras/backend/tensorflow_backend.py:4070: The name tf.nn.max_pool is deprecated. Please use tf.nn.max_pool2d instead.

WARNING:tensorflow:Large dropout rate: 0.8 (>0.5). In TensorFlow 2.x, dropout() uses dropout rate instead of keep_prob. Please ensure that this is intended.
WARNING:tensorflow:From /Volumes/Transcend/opt/anaconda3/envs/keras/lib/python3.6/site-packages/tensorflow_core/python/ops/nn_impl.py:183: where (from tensorflow.python.ops.array_ops) is deprecated and will be removed in a future version.
Instructions for updating:
Use tf.where in 2.0, which has the same broadcast rule as np.where
2020-02-02 16:21:04.873382: I tensorflow/core/platform/cpu_feature_guard.cc:142] Your CPU supports instructions that this TensorFlow binary was not compiled to use: AVX2 FMA
2020-02-02 16:21:04.888620: I tensorflow/compiler/xla/service/service.cc:168] XLA service 0x7f801a0f6990 initialized for platform Host (this does not guarantee that XLA will be used). Devices:
2020-02-02 16:21:04.888643: I tensorflow/compiler/xla/service/service.cc:176]   StreamExecutor device (0): Host, Default Version
WARNING:tensorflow:From /Volumes/Transcend/opt/anaconda3/envs/keras/lib/python3.6/site-packages/keras/backend/tensorflow_backend.py:422: The name tf.global_variables is deprecated. Please use tf.compat.v1.global_variables instead.

Load data...
Adjusting sequence length for actual size
x_train shape: (9595, 56)
x_test shape: (1067, 56)
Vocabulary Size: 18779
Model type is CNN-non-static
Load existing Word2Vec model '50features_1minwords_10context'
Initializing embedding layer with word2vec weights, shape (18779, 50)
Train on 9595 samples, validate on 1067 samples
Epoch 1/10
 - 6s - loss: 0.7018 - accuracy: 0.4943 - val_loss: 0.6932 - val_accuracy: 0.4986
Epoch 2/10
 - 5s - loss: 0.6932 - accuracy: 0.5058 - val_loss: 0.6909 - val_accuracy: 0.5914
Epoch 3/10
 - 6s - loss: 0.6897 - accuracy: 0.5281 - val_loss: 0.6837 - val_accuracy: 0.5904
Epoch 4/10
 - 6s - loss: 0.6789 - accuracy: 0.5635 - val_loss: 0.6645 - val_accuracy: 0.6485
Epoch 5/10
 - 5s - loss: 0.6496 - accuracy: 0.6169 - val_loss: 0.6236 - val_accuracy: 0.6795
Epoch 6/10
 - 6s - loss: 0.5905 - accuracy: 0.6880 - val_loss: 0.5521 - val_accuracy: 0.7638
Epoch 7/10
 - 6s - loss: 0.5015 - accuracy: 0.7603 - val_loss: 0.4985 - val_accuracy: 0.7751
Epoch 8/10
 - 5s - loss: 0.4234 - accuracy: 0.8079 - val_loss: 0.4837 - val_accuracy: 0.7835
Epoch 9/10
 - 6s - loss: 0.3717 - accuracy: 0.8349 - val_loss: 0.4800 - val_accuracy: 0.7882
Epoch 10/10
 - 6s - loss: 0.3116 - accuracy: 0.8655 - val_loss: 0.4987 - val_accuracy: 0.7798
Training time:58.22255897521973
