Using TensorFlow backend.
WARNING:tensorflow:From /Volumes/Transcend/opt/anaconda3/envs/keras/lib/python3.6/site-packages/tensorflow_core/python/ops/resource_variable_ops.py:1630: calling BaseResourceVariable.__init__ (from tensorflow.python.ops.resource_variable_ops) with constraint is deprecated and will be removed in a future version.
Instructions for updating:
If using Keras pass *_constraint arguments to layers.
WARNING:tensorflow:From /Volumes/Transcend/opt/anaconda3/envs/keras/lib/python3.6/site-packages/keras/backend/tensorflow_backend.py:4070: The name tf.nn.max_pool is deprecated. Please use tf.nn.max_pool2d instead.

WARNING:tensorflow:Large dropout rate: 0.8 (>0.5). In TensorFlow 2.x, dropout() uses dropout rate instead of keep_prob. Please ensure that this is intended.
WARNING:tensorflow:From /Volumes/Transcend/opt/anaconda3/envs/keras/lib/python3.6/site-packages/tensorflow_core/python/ops/nn_impl.py:183: where (from tensorflow.python.ops.array_ops) is deprecated and will be removed in a future version.
Instructions for updating:
Use tf.where in 2.0, which has the same broadcast rule as np.where
2020-02-02 16:05:19.988537: I tensorflow/core/platform/cpu_feature_guard.cc:142] Your CPU supports instructions that this TensorFlow binary was not compiled to use: AVX2 FMA
2020-02-02 16:05:20.003935: I tensorflow/compiler/xla/service/service.cc:168] XLA service 0x7fd5e996ad60 initialized for platform Host (this does not guarantee that XLA will be used). Devices:
2020-02-02 16:05:20.003958: I tensorflow/compiler/xla/service/service.cc:176]   StreamExecutor device (0): Host, Default Version
WARNING:tensorflow:From /Volumes/Transcend/opt/anaconda3/envs/keras/lib/python3.6/site-packages/keras/backend/tensorflow_backend.py:422: The name tf.global_variables is deprecated. Please use tf.compat.v1.global_variables instead.

Load data...
Adjusting sequence length for actual size
x_train shape: (9595, 56)
x_test shape: (1067, 56)
Vocabulary Size: 18779
Model type is CNN-non-static
Load existing Word2Vec model '50features_1minwords_10context'
Initializing embedding layer with word2vec weights, shape (18779, 50)
Train on 9595 samples, validate on 1067 samples
Epoch 1/10
 - 6s - loss: 0.7018 - accuracy: 0.5004 - val_loss: 0.6932 - val_accuracy: 0.4948
Epoch 2/10
 - 5s - loss: 0.6935 - accuracy: 0.5077 - val_loss: 0.6907 - val_accuracy: 0.5483
Epoch 3/10
 - 6s - loss: 0.6901 - accuracy: 0.5273 - val_loss: 0.6851 - val_accuracy: 0.5783
Epoch 4/10
 - 6s - loss: 0.6808 - accuracy: 0.5565 - val_loss: 0.6710 - val_accuracy: 0.6354
Epoch 5/10
 - 6s - loss: 0.6541 - accuracy: 0.6055 - val_loss: 0.6295 - val_accuracy: 0.6776
Epoch 6/10
 - 5s - loss: 0.5965 - accuracy: 0.6804 - val_loss: 0.5627 - val_accuracy: 0.7516
Epoch 7/10
 - 6s - loss: 0.5055 - accuracy: 0.7526 - val_loss: 0.4969 - val_accuracy: 0.7713
Epoch 8/10
 - 6s - loss: 0.4299 - accuracy: 0.8035 - val_loss: 0.4790 - val_accuracy: 0.7835
Epoch 9/10
 - 6s - loss: 0.3738 - accuracy: 0.8356 - val_loss: 0.4785 - val_accuracy: 0.7826
Epoch 10/10
 - 5s - loss: 0.3191 - accuracy: 0.8578 - val_loss: 0.4934 - val_accuracy: 0.7741
Training time:56.37979006767273
