Using TensorFlow backend.
WARNING:tensorflow:From /Volumes/Transcend/opt/anaconda3/envs/keras/lib/python3.6/site-packages/tensorflow_core/python/ops/resource_variable_ops.py:1630: calling BaseResourceVariable.__init__ (from tensorflow.python.ops.resource_variable_ops) with constraint is deprecated and will be removed in a future version.
Instructions for updating:
If using Keras pass *_constraint arguments to layers.
WARNING:tensorflow:From /Volumes/Transcend/opt/anaconda3/envs/keras/lib/python3.6/site-packages/keras/backend/tensorflow_backend.py:4070: The name tf.nn.max_pool is deprecated. Please use tf.nn.max_pool2d instead.

WARNING:tensorflow:Large dropout rate: 0.8 (>0.5). In TensorFlow 2.x, dropout() uses dropout rate instead of keep_prob. Please ensure that this is intended.
WARNING:tensorflow:From /Volumes/Transcend/opt/anaconda3/envs/keras/lib/python3.6/site-packages/tensorflow_core/python/ops/nn_impl.py:183: where (from tensorflow.python.ops.array_ops) is deprecated and will be removed in a future version.
Instructions for updating:
Use tf.where in 2.0, which has the same broadcast rule as np.where
2020-02-02 16:24:54.555880: I tensorflow/core/platform/cpu_feature_guard.cc:142] Your CPU supports instructions that this TensorFlow binary was not compiled to use: AVX2 FMA
2020-02-02 16:24:54.569646: I tensorflow/compiler/xla/service/service.cc:168] XLA service 0x7f8f4e163f20 initialized for platform Host (this does not guarantee that XLA will be used). Devices:
2020-02-02 16:24:54.569673: I tensorflow/compiler/xla/service/service.cc:176]   StreamExecutor device (0): Host, Default Version
WARNING:tensorflow:From /Volumes/Transcend/opt/anaconda3/envs/keras/lib/python3.6/site-packages/keras/backend/tensorflow_backend.py:422: The name tf.global_variables is deprecated. Please use tf.compat.v1.global_variables instead.

Load data...
Adjusting sequence length for actual size
x_train shape: (9595, 56)
x_test shape: (1067, 56)
Vocabulary Size: 18779
Model type is CNN-non-static
Load existing Word2Vec model '50features_1minwords_10context'
Initializing embedding layer with word2vec weights, shape (18779, 50)
Train on 9595 samples, validate on 1067 samples
Epoch 1/10
 - 6s - loss: 0.7021 - accuracy: 0.4948 - val_loss: 0.6932 - val_accuracy: 0.4920
Epoch 2/10
 - 6s - loss: 0.6934 - accuracy: 0.5104 - val_loss: 0.6915 - val_accuracy: 0.5792
Epoch 3/10
 - 5s - loss: 0.6904 - accuracy: 0.5213 - val_loss: 0.6867 - val_accuracy: 0.5998
Epoch 4/10
 - 5s - loss: 0.6805 - accuracy: 0.5631 - val_loss: 0.6686 - val_accuracy: 0.6270
Epoch 5/10
 - 5s - loss: 0.6574 - accuracy: 0.6026 - val_loss: 0.6331 - val_accuracy: 0.6813
Epoch 6/10
 - 5s - loss: 0.6032 - accuracy: 0.6739 - val_loss: 0.5675 - val_accuracy: 0.7488
Epoch 7/10
 - 6s - loss: 0.5083 - accuracy: 0.7540 - val_loss: 0.4945 - val_accuracy: 0.7835
Epoch 8/10
 - 6s - loss: 0.4310 - accuracy: 0.8050 - val_loss: 0.4860 - val_accuracy: 0.7826
Epoch 9/10
 - 7s - loss: 0.3697 - accuracy: 0.8380 - val_loss: 0.4808 - val_accuracy: 0.7854
Epoch 10/10
 - 6s - loss: 0.3141 - accuracy: 0.8618 - val_loss: 0.5050 - val_accuracy: 0.7723
Training time:57.69772005081177
