Using TensorFlow backend.
WARNING:tensorflow:From /Volumes/Transcend/opt/anaconda3/envs/keras/lib/python3.6/site-packages/tensorflow_core/python/ops/resource_variable_ops.py:1630: calling BaseResourceVariable.__init__ (from tensorflow.python.ops.resource_variable_ops) with constraint is deprecated and will be removed in a future version.
Instructions for updating:
If using Keras pass *_constraint arguments to layers.
WARNING:tensorflow:From /Volumes/Transcend/opt/anaconda3/envs/keras/lib/python3.6/site-packages/keras/backend/tensorflow_backend.py:4070: The name tf.nn.max_pool is deprecated. Please use tf.nn.max_pool2d instead.

WARNING:tensorflow:From /Volumes/Transcend/opt/anaconda3/envs/keras/lib/python3.6/site-packages/tensorflow_core/python/ops/nn_impl.py:183: where (from tensorflow.python.ops.array_ops) is deprecated and will be removed in a future version.
Instructions for updating:
Use tf.where in 2.0, which has the same broadcast rule as np.where
2020-02-02 16:23:46.849043: I tensorflow/core/platform/cpu_feature_guard.cc:142] Your CPU supports instructions that this TensorFlow binary was not compiled to use: AVX2 FMA
2020-02-02 16:23:46.863756: I tensorflow/compiler/xla/service/service.cc:168] XLA service 0x7fede0987e40 initialized for platform Host (this does not guarantee that XLA will be used). Devices:
2020-02-02 16:23:46.863778: I tensorflow/compiler/xla/service/service.cc:176]   StreamExecutor device (0): Host, Default Version
WARNING:tensorflow:From /Volumes/Transcend/opt/anaconda3/envs/keras/lib/python3.6/site-packages/keras/backend/tensorflow_backend.py:422: The name tf.global_variables is deprecated. Please use tf.compat.v1.global_variables instead.

Load data...
Adjusting sequence length for actual size
x_train shape: (9595, 56)
x_test shape: (1067, 56)
Vocabulary Size: 18779
Model type is CNN-non-static
Load existing Word2Vec model '50features_1minwords_10context'
Initializing embedding layer with word2vec weights, shape (18779, 50)
Train on 9595 samples, validate on 1067 samples
Epoch 1/10
 - 6s - loss: 0.6761 - accuracy: 0.5582 - val_loss: 0.6141 - val_accuracy: 0.6673
Epoch 2/10
 - 5s - loss: 0.4688 - accuracy: 0.7806 - val_loss: 0.4766 - val_accuracy: 0.7816
Epoch 3/10
 - 5s - loss: 0.2065 - accuracy: 0.9217 - val_loss: 0.5398 - val_accuracy: 0.7873
Epoch 4/10
 - 5s - loss: 0.0792 - accuracy: 0.9762 - val_loss: 0.6754 - val_accuracy: 0.7723
Epoch 5/10
 - 5s - loss: 0.0289 - accuracy: 0.9944 - val_loss: 0.8279 - val_accuracy: 0.7582
Epoch 6/10
 - 5s - loss: 0.0113 - accuracy: 0.9989 - val_loss: 0.9194 - val_accuracy: 0.7657
Epoch 7/10
 - 6s - loss: 0.0050 - accuracy: 0.9996 - val_loss: 0.9574 - val_accuracy: 0.7788
Epoch 8/10
 - 6s - loss: 0.0023 - accuracy: 1.0000 - val_loss: 1.0323 - val_accuracy: 0.7666
Epoch 9/10
 - 5s - loss: 0.0013 - accuracy: 1.0000 - val_loss: 1.0800 - val_accuracy: 0.7685
Epoch 10/10
 - 5s - loss: 9.1895e-04 - accuracy: 1.0000 - val_loss: 1.1427 - val_accuracy: 0.7657
Training time:53.011862993240356
