Using TensorFlow backend.
WARNING:tensorflow:From /Volumes/Transcend/opt/anaconda3/envs/keras/lib/python3.6/site-packages/tensorflow_core/python/ops/resource_variable_ops.py:1630: calling BaseResourceVariable.__init__ (from tensorflow.python.ops.resource_variable_ops) with constraint is deprecated and will be removed in a future version.
Instructions for updating:
If using Keras pass *_constraint arguments to layers.
WARNING:tensorflow:From /Volumes/Transcend/opt/anaconda3/envs/keras/lib/python3.6/site-packages/keras/backend/tensorflow_backend.py:4070: The name tf.nn.max_pool is deprecated. Please use tf.nn.max_pool2d instead.

WARNING:tensorflow:From /Volumes/Transcend/opt/anaconda3/envs/keras/lib/python3.6/site-packages/tensorflow_core/python/ops/nn_impl.py:183: where (from tensorflow.python.ops.array_ops) is deprecated and will be removed in a future version.
Instructions for updating:
Use tf.where in 2.0, which has the same broadcast rule as np.where
2020-02-02 16:07:36.190593: I tensorflow/core/platform/cpu_feature_guard.cc:142] Your CPU supports instructions that this TensorFlow binary was not compiled to use: AVX2 FMA
2020-02-02 16:07:36.209913: I tensorflow/compiler/xla/service/service.cc:168] XLA service 0x7fe2a2181d10 initialized for platform Host (this does not guarantee that XLA will be used). Devices:
2020-02-02 16:07:36.209935: I tensorflow/compiler/xla/service/service.cc:176]   StreamExecutor device (0): Host, Default Version
WARNING:tensorflow:From /Volumes/Transcend/opt/anaconda3/envs/keras/lib/python3.6/site-packages/keras/backend/tensorflow_backend.py:422: The name tf.global_variables is deprecated. Please use tf.compat.v1.global_variables instead.

Load data...
Adjusting sequence length for actual size
x_train shape: (9595, 56)
x_test shape: (1067, 56)
Vocabulary Size: 18779
Model type is CNN-non-static
Load existing Word2Vec model '50features_1minwords_10context'
Initializing embedding layer with word2vec weights, shape (18779, 50)
Train on 9595 samples, validate on 1067 samples
Epoch 1/10
 - 5s - loss: 0.6797 - accuracy: 0.5502 - val_loss: 0.6243 - val_accuracy: 0.6485
Epoch 2/10
 - 5s - loss: 0.4855 - accuracy: 0.7698 - val_loss: 0.4796 - val_accuracy: 0.7751
Epoch 3/10
 - 5s - loss: 0.2081 - accuracy: 0.9211 - val_loss: 0.5328 - val_accuracy: 0.7807
Epoch 4/10
 - 5s - loss: 0.0734 - accuracy: 0.9791 - val_loss: 0.6719 - val_accuracy: 0.7760
Epoch 5/10
 - 6s - loss: 0.0257 - accuracy: 0.9949 - val_loss: 0.7950 - val_accuracy: 0.7648
Epoch 6/10
 - 5s - loss: 0.0094 - accuracy: 0.9995 - val_loss: 0.9304 - val_accuracy: 0.7666
Epoch 7/10
 - 5s - loss: 0.0041 - accuracy: 0.9999 - val_loss: 0.9547 - val_accuracy: 0.7751
Epoch 8/10
 - 5s - loss: 0.0019 - accuracy: 1.0000 - val_loss: 1.0318 - val_accuracy: 0.7676
Epoch 9/10
 - 5s - loss: 0.0011 - accuracy: 1.0000 - val_loss: 1.0809 - val_accuracy: 0.7685
Epoch 10/10
 - 5s - loss: 7.6232e-04 - accuracy: 1.0000 - val_loss: 1.1496 - val_accuracy: 0.7638
Training time:53.448513984680176
