Using TensorFlow backend.
WARNING:tensorflow:From /Volumes/Transcend/opt/anaconda3/envs/keras/lib/python3.6/site-packages/tensorflow_core/python/ops/resource_variable_ops.py:1630: calling BaseResourceVariable.__init__ (from tensorflow.python.ops.resource_variable_ops) with constraint is deprecated and will be removed in a future version.
Instructions for updating:
If using Keras pass *_constraint arguments to layers.
WARNING:tensorflow:From /Volumes/Transcend/opt/anaconda3/envs/keras/lib/python3.6/site-packages/keras/backend/tensorflow_backend.py:4070: The name tf.nn.max_pool is deprecated. Please use tf.nn.max_pool2d instead.

WARNING:tensorflow:Large dropout rate: 0.8 (>0.5). In TensorFlow 2.x, dropout() uses dropout rate instead of keep_prob. Please ensure that this is intended.
WARNING:tensorflow:From /Volumes/Transcend/opt/anaconda3/envs/keras/lib/python3.6/site-packages/tensorflow_core/python/ops/nn_impl.py:183: where (from tensorflow.python.ops.array_ops) is deprecated and will be removed in a future version.
Instructions for updating:
Use tf.where in 2.0, which has the same broadcast rule as np.where
2020-02-02 16:08:36.005120: I tensorflow/core/platform/cpu_feature_guard.cc:142] Your CPU supports instructions that this TensorFlow binary was not compiled to use: AVX2 FMA
2020-02-02 16:08:36.021592: I tensorflow/compiler/xla/service/service.cc:168] XLA service 0x7fcc83a2bc00 initialized for platform Host (this does not guarantee that XLA will be used). Devices:
2020-02-02 16:08:36.021654: I tensorflow/compiler/xla/service/service.cc:176]   StreamExecutor device (0): Host, Default Version
WARNING:tensorflow:From /Volumes/Transcend/opt/anaconda3/envs/keras/lib/python3.6/site-packages/keras/backend/tensorflow_backend.py:422: The name tf.global_variables is deprecated. Please use tf.compat.v1.global_variables instead.

Load data...
Adjusting sequence length for actual size
x_train shape: (9595, 56)
x_test shape: (1067, 56)
Vocabulary Size: 18779
Model type is CNN-non-static
Load existing Word2Vec model '50features_1minwords_10context'
Initializing embedding layer with word2vec weights, shape (18779, 50)
Train on 9595 samples, validate on 1067 samples
Epoch 1/10
 - 6s - loss: 0.7019 - accuracy: 0.4986 - val_loss: 0.6934 - val_accuracy: 0.4864
Epoch 2/10
 - 6s - loss: 0.6943 - accuracy: 0.5114 - val_loss: 0.6925 - val_accuracy: 0.5445
Epoch 3/10
 - 6s - loss: 0.6911 - accuracy: 0.5189 - val_loss: 0.6889 - val_accuracy: 0.5989
Epoch 4/10
 - 5s - loss: 0.6824 - accuracy: 0.5578 - val_loss: 0.6702 - val_accuracy: 0.6270
Epoch 5/10
 - 5s - loss: 0.6576 - accuracy: 0.6067 - val_loss: 0.6365 - val_accuracy: 0.6673
Epoch 6/10
 - 5s - loss: 0.5981 - accuracy: 0.6769 - val_loss: 0.5655 - val_accuracy: 0.7479
Epoch 7/10
 - 5s - loss: 0.5061 - accuracy: 0.7555 - val_loss: 0.4928 - val_accuracy: 0.7863
Epoch 8/10
 - 5s - loss: 0.4306 - accuracy: 0.8008 - val_loss: 0.4900 - val_accuracy: 0.7854
Epoch 9/10
 - 5s - loss: 0.3731 - accuracy: 0.8326 - val_loss: 0.4853 - val_accuracy: 0.7779
Epoch 10/10
 - 5s - loss: 0.3228 - accuracy: 0.8572 - val_loss: 0.5009 - val_accuracy: 0.7723
Training time:54.682934045791626
