Using TensorFlow backend.
WARNING:tensorflow:From /Volumes/Transcend/opt/anaconda3/envs/keras/lib/python3.6/site-packages/tensorflow_core/python/ops/resource_variable_ops.py:1630: calling BaseResourceVariable.__init__ (from tensorflow.python.ops.resource_variable_ops) with constraint is deprecated and will be removed in a future version.
Instructions for updating:
If using Keras pass *_constraint arguments to layers.
WARNING:tensorflow:From /Volumes/Transcend/opt/anaconda3/envs/keras/lib/python3.6/site-packages/keras/backend/tensorflow_backend.py:4070: The name tf.nn.max_pool is deprecated. Please use tf.nn.max_pool2d instead.

WARNING:tensorflow:Large dropout rate: 0.8 (>0.5). In TensorFlow 2.x, dropout() uses dropout rate instead of keep_prob. Please ensure that this is intended.
WARNING:tensorflow:From /Volumes/Transcend/opt/anaconda3/envs/keras/lib/python3.6/site-packages/tensorflow_core/python/ops/nn_impl.py:183: where (from tensorflow.python.ops.array_ops) is deprecated and will be removed in a future version.
Instructions for updating:
Use tf.where in 2.0, which has the same broadcast rule as np.where
2020-02-02 16:09:37.959836: I tensorflow/core/platform/cpu_feature_guard.cc:142] Your CPU supports instructions that this TensorFlow binary was not compiled to use: AVX2 FMA
2020-02-02 16:09:37.974006: I tensorflow/compiler/xla/service/service.cc:168] XLA service 0x7f9d08276590 initialized for platform Host (this does not guarantee that XLA will be used). Devices:
2020-02-02 16:09:37.974031: I tensorflow/compiler/xla/service/service.cc:176]   StreamExecutor device (0): Host, Default Version
WARNING:tensorflow:From /Volumes/Transcend/opt/anaconda3/envs/keras/lib/python3.6/site-packages/keras/backend/tensorflow_backend.py:422: The name tf.global_variables is deprecated. Please use tf.compat.v1.global_variables instead.

Load data...
Adjusting sequence length for actual size
x_train shape: (9595, 56)
x_test shape: (1067, 56)
Vocabulary Size: 18779
Model type is CNN-non-static
Load existing Word2Vec model '50features_1minwords_10context'
Initializing embedding layer with word2vec weights, shape (18779, 50)
Train on 9595 samples, validate on 1067 samples
Epoch 1/10
 - 7s - loss: 0.7017 - accuracy: 0.4972 - val_loss: 0.6933 - val_accuracy: 0.4986
Epoch 2/10
 - 5s - loss: 0.6931 - accuracy: 0.5106 - val_loss: 0.6903 - val_accuracy: 0.5633
Epoch 3/10
 - 5s - loss: 0.6900 - accuracy: 0.5294 - val_loss: 0.6867 - val_accuracy: 0.5942
Epoch 4/10
 - 6s - loss: 0.6797 - accuracy: 0.5625 - val_loss: 0.6684 - val_accuracy: 0.6410
Epoch 5/10
 - 5s - loss: 0.6537 - accuracy: 0.6100 - val_loss: 0.6298 - val_accuracy: 0.6635
Epoch 6/10
 - 6s - loss: 0.5922 - accuracy: 0.6857 - val_loss: 0.5530 - val_accuracy: 0.7507
Epoch 7/10
 - 5s - loss: 0.4939 - accuracy: 0.7609 - val_loss: 0.4963 - val_accuracy: 0.7732
Epoch 8/10
 - 5s - loss: 0.4216 - accuracy: 0.8093 - val_loss: 0.4803 - val_accuracy: 0.7873
Epoch 9/10
 - 5s - loss: 0.3628 - accuracy: 0.8371 - val_loss: 0.4842 - val_accuracy: 0.7816
Epoch 10/10
 - 5s - loss: 0.3085 - accuracy: 0.8683 - val_loss: 0.5029 - val_accuracy: 0.7798
Training time:56.37907123565674
