Using TensorFlow backend.
WARNING:tensorflow:From /Volumes/Transcend/opt/anaconda3/envs/keras/lib/python3.6/site-packages/tensorflow_core/python/ops/resource_variable_ops.py:1630: calling BaseResourceVariable.__init__ (from tensorflow.python.ops.resource_variable_ops) with constraint is deprecated and will be removed in a future version.
Instructions for updating:
If using Keras pass *_constraint arguments to layers.
WARNING:tensorflow:From /Volumes/Transcend/opt/anaconda3/envs/keras/lib/python3.6/site-packages/keras/backend/tensorflow_backend.py:4070: The name tf.nn.max_pool is deprecated. Please use tf.nn.max_pool2d instead.

WARNING:tensorflow:Large dropout rate: 0.8 (>0.5). In TensorFlow 2.x, dropout() uses dropout rate instead of keep_prob. Please ensure that this is intended.
WARNING:tensorflow:From /Volumes/Transcend/opt/anaconda3/envs/keras/lib/python3.6/site-packages/tensorflow_core/python/ops/nn_impl.py:183: where (from tensorflow.python.ops.array_ops) is deprecated and will be removed in a future version.
Instructions for updating:
Use tf.where in 2.0, which has the same broadcast rule as np.where
2020-02-02 14:17:57.533477: I tensorflow/core/platform/cpu_feature_guard.cc:142] Your CPU supports instructions that this TensorFlow binary was not compiled to use: AVX2 FMA
2020-02-02 14:17:57.551613: I tensorflow/compiler/xla/service/service.cc:168] XLA service 0x7f8030afbbf0 initialized for platform Host (this does not guarantee that XLA will be used). Devices:
2020-02-02 14:17:57.551633: I tensorflow/compiler/xla/service/service.cc:176]   StreamExecutor device (0): Host, Default Version
WARNING:tensorflow:From /Volumes/Transcend/opt/anaconda3/envs/keras/lib/python3.6/site-packages/keras/backend/tensorflow_backend.py:422: The name tf.global_variables is deprecated. Please use tf.compat.v1.global_variables instead.

Load data...
Adjusting sequence length for actual size
x_train shape: (9595, 56)
x_test shape: (1067, 56)
Vocabulary Size: 18779
Model type is CNN-non-static
Load existing Word2Vec model '50features_1minwords_10context'
Initializing embedding layer with word2vec weights, shape (18779, 50)
Train on 9595 samples, validate on 1067 samples
Epoch 1/10
 - 7s - loss: 0.7021 - accuracy: 0.4934 - val_loss: 0.6932 - val_accuracy: 0.5155
Epoch 2/10
 - 6s - loss: 0.6931 - accuracy: 0.5137 - val_loss: 0.6907 - val_accuracy: 0.5586
Epoch 3/10
 - 9s - loss: 0.6901 - accuracy: 0.5294 - val_loss: 0.6871 - val_accuracy: 0.5998
Epoch 4/10
 - 8s - loss: 0.6798 - accuracy: 0.5654 - val_loss: 0.6663 - val_accuracy: 0.6420
Epoch 5/10
 - 8s - loss: 0.6554 - accuracy: 0.6051 - val_loss: 0.6366 - val_accuracy: 0.6579
Epoch 6/10
 - 8s - loss: 0.6017 - accuracy: 0.6708 - val_loss: 0.5655 - val_accuracy: 0.7516
Epoch 7/10
 - 8s - loss: 0.5057 - accuracy: 0.7553 - val_loss: 0.4958 - val_accuracy: 0.7826
Epoch 8/10
 - 8s - loss: 0.4286 - accuracy: 0.8028 - val_loss: 0.4843 - val_accuracy: 0.7873
Epoch 9/10
 - 8s - loss: 0.3699 - accuracy: 0.8397 - val_loss: 0.4777 - val_accuracy: 0.7901
Epoch 10/10
 - 8s - loss: 0.3143 - accuracy: 0.8612 - val_loss: 0.5013 - val_accuracy: 0.7694
Training time:77.88880014419556
