Using TensorFlow backend.
WARNING:tensorflow:From /Volumes/Transcend/opt/anaconda3/envs/keras/lib/python3.6/site-packages/tensorflow_core/python/ops/resource_variable_ops.py:1630: calling BaseResourceVariable.__init__ (from tensorflow.python.ops.resource_variable_ops) with constraint is deprecated and will be removed in a future version.
Instructions for updating:
If using Keras pass *_constraint arguments to layers.
WARNING:tensorflow:From /Volumes/Transcend/opt/anaconda3/envs/keras/lib/python3.6/site-packages/keras/backend/tensorflow_backend.py:4070: The name tf.nn.max_pool is deprecated. Please use tf.nn.max_pool2d instead.

WARNING:tensorflow:Large dropout rate: 0.8 (>0.5). In TensorFlow 2.x, dropout() uses dropout rate instead of keep_prob. Please ensure that this is intended.
WARNING:tensorflow:From /Volumes/Transcend/opt/anaconda3/envs/keras/lib/python3.6/site-packages/tensorflow_core/python/ops/nn_impl.py:183: where (from tensorflow.python.ops.array_ops) is deprecated and will be removed in a future version.
Instructions for updating:
Use tf.where in 2.0, which has the same broadcast rule as np.where
2020-02-02 14:20:36.398216: I tensorflow/core/platform/cpu_feature_guard.cc:142] Your CPU supports instructions that this TensorFlow binary was not compiled to use: AVX2 FMA
2020-02-02 14:20:36.413735: I tensorflow/compiler/xla/service/service.cc:168] XLA service 0x7fd949825c90 initialized for platform Host (this does not guarantee that XLA will be used). Devices:
2020-02-02 14:20:36.413759: I tensorflow/compiler/xla/service/service.cc:176]   StreamExecutor device (0): Host, Default Version
WARNING:tensorflow:From /Volumes/Transcend/opt/anaconda3/envs/keras/lib/python3.6/site-packages/keras/backend/tensorflow_backend.py:422: The name tf.global_variables is deprecated. Please use tf.compat.v1.global_variables instead.

Load data...
Adjusting sequence length for actual size
x_train shape: (9595, 56)
x_test shape: (1067, 56)
Vocabulary Size: 18779
Model type is CNN-non-static
Load existing Word2Vec model '50features_1minwords_10context'
Initializing embedding layer with word2vec weights, shape (18779, 50)
Train on 9595 samples, validate on 1067 samples
Epoch 1/10
 - 7s - loss: 0.7021 - accuracy: 0.4957 - val_loss: 0.6933 - val_accuracy: 0.4958
Epoch 2/10
 - 6s - loss: 0.6935 - accuracy: 0.5103 - val_loss: 0.6912 - val_accuracy: 0.5886
Epoch 3/10
 - 6s - loss: 0.6906 - accuracy: 0.5231 - val_loss: 0.6876 - val_accuracy: 0.6007
Epoch 4/10
 - 7s - loss: 0.6815 - accuracy: 0.5595 - val_loss: 0.6690 - val_accuracy: 0.6279
Epoch 5/10
 - 6s - loss: 0.6581 - accuracy: 0.6060 - val_loss: 0.6354 - val_accuracy: 0.6654
Epoch 6/10
 - 6s - loss: 0.6031 - accuracy: 0.6749 - val_loss: 0.5636 - val_accuracy: 0.7395
Epoch 7/10
 - 6s - loss: 0.5042 - accuracy: 0.7572 - val_loss: 0.4955 - val_accuracy: 0.7760
Epoch 8/10
 - 6s - loss: 0.4228 - accuracy: 0.8069 - val_loss: 0.4858 - val_accuracy: 0.7816
Epoch 9/10
 - 6s - loss: 0.3629 - accuracy: 0.8398 - val_loss: 0.4799 - val_accuracy: 0.7844
Epoch 10/10
 - 5s - loss: 0.3093 - accuracy: 0.8671 - val_loss: 0.5028 - val_accuracy: 0.7798
Training time:60.838043212890625
