Traceback (most recent call last):
  File "train.py", line 3, in <module>
    import tensorflow as tf
  File "/Volumes/Transcend/opt/anaconda3/envs/keras/lib/python3.6/site-packages/tensorflow/__init__.py", line 99, in <module>
    from tensorflow_core import *
  File "/Volumes/Transcend/opt/anaconda3/envs/keras/lib/python3.6/site-packages/tensorflow_core/__init__.py", line 28, in <module>
    from tensorflow.python import pywrap_tensorflow  # pylint: disable=unused-import
  File "<frozen importlib._bootstrap>", line 1007, in _handle_fromlist
  File "/Volumes/Transcend/opt/anaconda3/envs/keras/lib/python3.6/site-packages/tensorflow/__init__.py", line 50, in __getattr__
    module = self._load()
  File "/Volumes/Transcend/opt/anaconda3/envs/keras/lib/python3.6/site-packages/tensorflow/__init__.py", line 44, in _load
    module = _importlib.import_module(self.__name__)
  File "/Volumes/Transcend/opt/anaconda3/envs/keras/lib/python3.6/importlib/__init__.py", line 126, in import_module
    return _bootstrap._gcd_import(name[level:], package, level)
  File "/Volumes/Transcend/opt/anaconda3/envs/keras/lib/python3.6/site-packages/tensorflow_core/python/__init__.py", line 73, in <module>
    from tensorflow.python.ops.standard_ops import *
  File "/Volumes/Transcend/opt/anaconda3/envs/keras/lib/python3.6/site-packages/tensorflow_core/python/ops/standard_ops.py", line 25, in <module>
    from tensorflow.python import autograph
  File "/Volumes/Transcend/opt/anaconda3/envs/keras/lib/python3.6/site-packages/tensorflow_core/python/autograph/__init__.py", line 35, in <module>
    from tensorflow.python.autograph import operators
  File "/Volumes/Transcend/opt/anaconda3/envs/keras/lib/python3.6/site-packages/tensorflow_core/python/autograph/__init__.py", line 37, in <module>
    from tensorflow.python.autograph.core.converter import ConversionOptions
  File "/Volumes/Transcend/opt/anaconda3/envs/keras/lib/python3.6/site-packages/tensorflow_core/python/autograph/core/converter.py", line 240, in <module>
    optional_features=None)
  File "/Volumes/Transcend/opt/anaconda3/envs/keras/lib/python3.6/site-packages/tensorflow_core/python/autograph/core/converter.py", line 173, in __init__
    optional_features = frozenset(optional_features)
TypeError: 'NoneType' object is not iterable
