loading data... data loaded!
model architecture: CNN-non-static
using: word2vec vectors
[('image shape', 64, 300), ('filter shape', [(100, 1, 3, 300), (100, 1, 4, 300), (100, 1, 5, 300)]), ('hidden_units', [100, 2]), ('dropout', [0.5]), ('batch_size', 50), ('non_static', True), ('learn_decay', 0.95), ('conv_non_linear', 'relu'), ('non_static', True), ('sqr_norm_lim', 9), ('shuffle_batch', True)]
Traceback (most recent call last):
  File "conv_net_sentence.py", line 325, in <module>
    dropout_rate=[0.5])
  File "conv_net_sentence.py", line 93, in train_conv_net
    layer1_input = conv_layer.output.flatten(2)
  File "/Volumes/Transcend/opt/anaconda3/envs/theano/lib/python2.7/site-packages/theano/tensor/var.py", line 359, in flatten
    return theano.tensor.basic.flatten(self, ndim)
  File "/Volumes/Transcend/opt/anaconda3/envs/theano/lib/python2.7/site-packages/theano/tensor/basic.py", line 5292, in flatten
    dims = tuple(x.shape[:ndim - 1]) + (-1,)
  File "/Volumes/Transcend/opt/anaconda3/envs/theano/lib/python2.7/site-packages/theano/tensor/var.py", line 628, in __iter__
    for i in xrange(theano.tensor.basic.get_vector_length(self)):
  File "/Volumes/Transcend/opt/anaconda3/envs/theano/lib/python2.7/site-packages/theano/tensor/basic.py", line 4828, in get_vector_length
    raise ValueError("length not known: %s" % msg)
ValueError: length not known: Subtensor{:int64:} [id A] ''   
 |Shape [id B] ''   
 | |Pool{ignore_border=True, mode='max', ndim=2} [id C] ''   
 |   |Elemwise{maximum,no_inplace} [id D] ''   
 |   | |InplaceDimShuffle{x,x,x,x} [id E] ''   
 |   | | |TensorConstant{0.0} [id F]
 |   | |Elemwise{add,no_inplace} [id G] ''   
 |   |   |ConvOp{('imshp', (1, 64, 300)),('kshp', (3, 300)),('nkern', 100),('bsize', 50),('dx', 1),('dy', 1),('out_mode', 'valid'),('unroll_batch', 5),('unroll_kern', 2),('unroll_patch', False),('imshp_logical', (1, 64, 300)),('kshp_logical', (3, 300)),('kshp_logical_top_aligned', True)} [id H] ''   
 |   |   | |Reshape{4} [id I] ''   
 |   |   | | |AdvancedSubtensor1 [id J] ''   
 |   |   | | | |Words [id K]
 |   |   | | | |Elemwise{Cast{int32}} [id L] ''   
 |   |   | | |   |Reshape{1} [id M] ''   
 |   |   | | |     |x [id N]
 |   |   | | |     |TensorConstant{(1,) of -1} [id O]
 |   |   | | |MakeVector{dtype='int64'} [id P] ''   
 |   |   | |   |Subtensor{int64} [id Q] ''   
 |   |   | |   | |Shape [id R] ''   
 |   |   | |   | | |x [id N]
 |   |   | |   | |Constant{0} [id S]
 |   |   | |   |Elemwise{Cast{int64}} [id T] ''   
 |   |   | |   | |TensorConstant{1} [id U]
 |   |   | |   |Subtensor{int64} [id V] ''   
 |   |   | |   | |Shape [id W] ''   
 |   |   | |   | | |x [id N]
 |   |   | |   | |Constant{1} [id X]
 |   |   | |   |Subtensor{int64} [id Y] ''   
 |   |   | |     |Shape [id Z] ''   
 |   |   | |     | |Words [id K]
 |   |   | |     |Constant{1} [id BA]
 |   |   | |W_conv [id BB]
 |   |   |InplaceDimShuffle{x,0,x,x} [id BC] ''   
 |   |     |b_conv [id BD]
 |   |TensorConstant{[62  1]} [id BE]
 |   |TensorConstant{[62  1]} [id BF]
 |   |TensorConstant{(2,) of 0} [id BG]
 |Constant{1} [id BH]

