WARNING:tensorflow:From train.py:196: The name tf.app.run is deprecated. Please use tf.compat.v1.app.run instead.

WARNING:tensorflow:From train.py:54: VocabularyProcessor.__init__ (from tensorflow.contrib.learn.python.learn.preprocessing.text) is deprecated and will be removed in a future version.
Instructions for updating:
Please use tensorflow/transform or tf.data.
W0213 00:48:08.750991 4523113920 deprecation.py:323] From train.py:54: VocabularyProcessor.__init__ (from tensorflow.contrib.learn.python.learn.preprocessing.text) is deprecated and will be removed in a future version.
Instructions for updating:
Please use tensorflow/transform or tf.data.
WARNING:tensorflow:From /Volumes/Transcend/opt/anaconda3/envs/keras/lib/python3.6/site-packages/tensorflow_core/contrib/learn/python/learn/preprocessing/text.py:154: CategoricalVocabulary.__init__ (from tensorflow.contrib.learn.python.learn.preprocessing.categorical_vocabulary) is deprecated and will be removed in a future version.
Instructions for updating:
Please use tensorflow/transform or tf.data.
W0213 00:48:08.751245 4523113920 deprecation.py:323] From /Volumes/Transcend/opt/anaconda3/envs/keras/lib/python3.6/site-packages/tensorflow_core/contrib/learn/python/learn/preprocessing/text.py:154: CategoricalVocabulary.__init__ (from tensorflow.contrib.learn.python.learn.preprocessing.categorical_vocabulary) is deprecated and will be removed in a future version.
Instructions for updating:
Please use tensorflow/transform or tf.data.
WARNING:tensorflow:From /Volumes/Transcend/opt/anaconda3/envs/keras/lib/python3.6/site-packages/tensorflow_core/contrib/learn/python/learn/preprocessing/text.py:170: tokenizer (from tensorflow.contrib.learn.python.learn.preprocessing.text) is deprecated and will be removed in a future version.
Instructions for updating:
Please use tensorflow/transform or tf.data.
W0213 00:48:08.751471 4523113920 deprecation.py:323] From /Volumes/Transcend/opt/anaconda3/envs/keras/lib/python3.6/site-packages/tensorflow_core/contrib/learn/python/learn/preprocessing/text.py:170: tokenizer (from tensorflow.contrib.learn.python.learn.preprocessing.text) is deprecated and will be removed in a future version.
Instructions for updating:
Please use tensorflow/transform or tf.data.
WARNING:tensorflow:From train.py:80: The name tf.ConfigProto is deprecated. Please use tf.compat.v1.ConfigProto instead.

W0213 00:48:09.300864 4523113920 module_wrapper.py:139] From train.py:80: The name tf.ConfigProto is deprecated. Please use tf.compat.v1.ConfigProto instead.

WARNING:tensorflow:From train.py:83: The name tf.Session is deprecated. Please use tf.compat.v1.Session instead.

W0213 00:48:09.301099 4523113920 module_wrapper.py:139] From train.py:83: The name tf.Session is deprecated. Please use tf.compat.v1.Session instead.

2020-02-13 00:48:09.301304: I tensorflow/core/platform/cpu_feature_guard.cc:142] Your CPU supports instructions that this TensorFlow binary was not compiled to use: AVX2 FMA
2020-02-13 00:48:09.317611: I tensorflow/compiler/xla/service/service.cc:168] XLA service 0x7fb674142da0 initialized for platform Host (this does not guarantee that XLA will be used). Devices:
2020-02-13 00:48:09.317645: I tensorflow/compiler/xla/service/service.cc:176]   StreamExecutor device (0): Host, Default Version
WARNING:tensorflow:From /Volumes/Transcend/Mutation/CNN-TF/text_cnn.py:15: The name tf.placeholder is deprecated. Please use tf.compat.v1.placeholder instead.

W0213 00:48:09.318006 4523113920 module_wrapper.py:139] From /Volumes/Transcend/Mutation/CNN-TF/text_cnn.py:15: The name tf.placeholder is deprecated. Please use tf.compat.v1.placeholder instead.

WARNING:tensorflow:From /Volumes/Transcend/Mutation/CNN-TF/text_cnn.py:25: The name tf.random_uniform is deprecated. Please use tf.random.uniform instead.

W0213 00:48:09.321968 4523113920 module_wrapper.py:139] From /Volumes/Transcend/Mutation/CNN-TF/text_cnn.py:25: The name tf.random_uniform is deprecated. Please use tf.random.uniform instead.

WARNING:tensorflow:From /Volumes/Transcend/Mutation/CNN-TF/text_cnn.py:36: The name tf.truncated_normal is deprecated. Please use tf.random.truncated_normal instead.

W0213 00:48:09.335250 4523113920 module_wrapper.py:139] From /Volumes/Transcend/Mutation/CNN-TF/text_cnn.py:36: The name tf.truncated_normal is deprecated. Please use tf.random.truncated_normal instead.

WARNING:tensorflow:From /Volumes/Transcend/Mutation/CNN-TF/text_cnn.py:47: The name tf.nn.max_pool is deprecated. Please use tf.nn.max_pool2d instead.

W0213 00:48:09.345518 4523113920 module_wrapper.py:139] From /Volumes/Transcend/Mutation/CNN-TF/text_cnn.py:47: The name tf.nn.max_pool is deprecated. Please use tf.nn.max_pool2d instead.

WARNING:tensorflow:From /Volumes/Transcend/Mutation/CNN-TF/text_cnn.py:62: calling dropout (from tensorflow.python.ops.nn_ops) with keep_prob is deprecated and will be removed in a future version.
Instructions for updating:
Please use `rate` instead of `keep_prob`. Rate should be set to `rate = 1 - keep_prob`.
W0213 00:48:09.371994 4523113920 deprecation.py:506] From /Volumes/Transcend/Mutation/CNN-TF/text_cnn.py:62: calling dropout (from tensorflow.python.ops.nn_ops) with keep_prob is deprecated and will be removed in a future version.
Instructions for updating:
Please use `rate` instead of `keep_prob`. Rate should be set to `rate = 1 - keep_prob`.
WARNING:tensorflow:From /Volumes/Transcend/Mutation/CNN-TF/text_cnn.py:66: The name tf.get_variable is deprecated. Please use tf.compat.v1.get_variable instead.

W0213 00:48:09.382061 4523113920 module_wrapper.py:139] From /Volumes/Transcend/Mutation/CNN-TF/text_cnn.py:66: The name tf.get_variable is deprecated. Please use tf.compat.v1.get_variable instead.

WARNING:tensorflow:
The TensorFlow contrib module will not be included in TensorFlow 2.0.
For more information, please see:
  * https://github.com/tensorflow/community/blob/master/rfcs/20180907-contrib-sunset.md
  * https://github.com/tensorflow/addons
  * https://github.com/tensorflow/io (for I/O related ops)
If you depend on functionality not listed there, please file an issue.

W0213 00:48:09.382277 4523113920 lazy_loader.py:50] 
The TensorFlow contrib module will not be included in TensorFlow 2.0.
For more information, please see:
  * https://github.com/tensorflow/community/blob/master/rfcs/20180907-contrib-sunset.md
  * https://github.com/tensorflow/addons
  * https://github.com/tensorflow/io (for I/O related ops)
If you depend on functionality not listed there, please file an issue.

WARNING:tensorflow:From /Volumes/Transcend/Mutation/CNN-TF/text_cnn.py:73: The name tf.nn.xw_plus_b is deprecated. Please use tf.compat.v1.nn.xw_plus_b instead.

W0213 00:48:09.397773 4523113920 module_wrapper.py:139] From /Volumes/Transcend/Mutation/CNN-TF/text_cnn.py:73: The name tf.nn.xw_plus_b is deprecated. Please use tf.compat.v1.nn.xw_plus_b instead.

WARNING:tensorflow:From /Volumes/Transcend/Mutation/CNN-TF/text_cnn.py:78: softmax_cross_entropy_with_logits (from tensorflow.python.ops.nn_ops) is deprecated and will be removed in a future version.
Instructions for updating:

Future major versions of TensorFlow will allow gradients to flow
into the labels input on backprop by default.

See `tf.nn.softmax_cross_entropy_with_logits_v2`.

W0213 00:48:09.401150 4523113920 deprecation.py:323] From /Volumes/Transcend/Mutation/CNN-TF/text_cnn.py:78: softmax_cross_entropy_with_logits (from tensorflow.python.ops.nn_ops) is deprecated and will be removed in a future version.
Instructions for updating:

Future major versions of TensorFlow will allow gradients to flow
into the labels input on backprop by default.

See `tf.nn.softmax_cross_entropy_with_logits_v2`.

WARNING:tensorflow:From train.py:96: The name tf.train.AdamOptimizer is deprecated. Please use tf.compat.v1.train.AdamOptimizer instead.

W0213 00:48:09.431792 4523113920 module_wrapper.py:139] From train.py:96: The name tf.train.AdamOptimizer is deprecated. Please use tf.compat.v1.train.AdamOptimizer instead.

WARNING:tensorflow:From train.py:104: The name tf.summary.histogram is deprecated. Please use tf.compat.v1.summary.histogram instead.

W0213 00:48:09.696390 4523113920 module_wrapper.py:139] From train.py:104: The name tf.summary.histogram is deprecated. Please use tf.compat.v1.summary.histogram instead.

INFO:tensorflow:Summary name embedding/W:0/grad/hist is illegal; using embedding/W_0/grad/hist instead.
I0213 00:48:09.696616 4523113920 summary_op_util.py:66] Summary name embedding/W:0/grad/hist is illegal; using embedding/W_0/grad/hist instead.
WARNING:tensorflow:From train.py:105: The name tf.summary.scalar is deprecated. Please use tf.compat.v1.summary.scalar instead.

W0213 00:48:09.701833 4523113920 module_wrapper.py:139] From train.py:105: The name tf.summary.scalar is deprecated. Please use tf.compat.v1.summary.scalar instead.

INFO:tensorflow:Summary name embedding/W:0/grad/sparsity is illegal; using embedding/W_0/grad/sparsity instead.
I0213 00:48:09.726804 4523113920 summary_op_util.py:66] Summary name embedding/W:0/grad/sparsity is illegal; using embedding/W_0/grad/sparsity instead.
INFO:tensorflow:Summary name conv-maxpool-3/W:0/grad/hist is illegal; using conv-maxpool-3/W_0/grad/hist instead.
I0213 00:48:09.728890 4523113920 summary_op_util.py:66] Summary name conv-maxpool-3/W:0/grad/hist is illegal; using conv-maxpool-3/W_0/grad/hist instead.
INFO:tensorflow:Summary name conv-maxpool-3/W:0/grad/sparsity is illegal; using conv-maxpool-3/W_0/grad/sparsity instead.
I0213 00:48:09.745496 4523113920 summary_op_util.py:66] Summary name conv-maxpool-3/W:0/grad/sparsity is illegal; using conv-maxpool-3/W_0/grad/sparsity instead.
INFO:tensorflow:Summary name conv-maxpool-3/b:0/grad/hist is illegal; using conv-maxpool-3/b_0/grad/hist instead.
I0213 00:48:09.746591 4523113920 summary_op_util.py:66] Summary name conv-maxpool-3/b:0/grad/hist is illegal; using conv-maxpool-3/b_0/grad/hist instead.
INFO:tensorflow:Summary name conv-maxpool-3/b:0/grad/sparsity is illegal; using conv-maxpool-3/b_0/grad/sparsity instead.
I0213 00:48:09.763898 4523113920 summary_op_util.py:66] Summary name conv-maxpool-3/b:0/grad/sparsity is illegal; using conv-maxpool-3/b_0/grad/sparsity instead.
INFO:tensorflow:Summary name conv-maxpool-4/W:0/grad/hist is illegal; using conv-maxpool-4/W_0/grad/hist instead.
I0213 00:48:09.765033 4523113920 summary_op_util.py:66] Summary name conv-maxpool-4/W:0/grad/hist is illegal; using conv-maxpool-4/W_0/grad/hist instead.
INFO:tensorflow:Summary name conv-maxpool-4/W:0/grad/sparsity is illegal; using conv-maxpool-4/W_0/grad/sparsity instead.
I0213 00:48:09.781561 4523113920 summary_op_util.py:66] Summary name conv-maxpool-4/W:0/grad/sparsity is illegal; using conv-maxpool-4/W_0/grad/sparsity instead.
INFO:tensorflow:Summary name conv-maxpool-4/b:0/grad/hist is illegal; using conv-maxpool-4/b_0/grad/hist instead.
I0213 00:48:09.782704 4523113920 summary_op_util.py:66] Summary name conv-maxpool-4/b:0/grad/hist is illegal; using conv-maxpool-4/b_0/grad/hist instead.
INFO:tensorflow:Summary name conv-maxpool-4/b:0/grad/sparsity is illegal; using conv-maxpool-4/b_0/grad/sparsity instead.
I0213 00:48:09.798961 4523113920 summary_op_util.py:66] Summary name conv-maxpool-4/b:0/grad/sparsity is illegal; using conv-maxpool-4/b_0/grad/sparsity instead.
INFO:tensorflow:Summary name conv-maxpool-5/W:0/grad/hist is illegal; using conv-maxpool-5/W_0/grad/hist instead.
I0213 00:48:09.800293 4523113920 summary_op_util.py:66] Summary name conv-maxpool-5/W:0/grad/hist is illegal; using conv-maxpool-5/W_0/grad/hist instead.
INFO:tensorflow:Summary name conv-maxpool-5/W:0/grad/sparsity is illegal; using conv-maxpool-5/W_0/grad/sparsity instead.
I0213 00:48:09.817970 4523113920 summary_op_util.py:66] Summary name conv-maxpool-5/W:0/grad/sparsity is illegal; using conv-maxpool-5/W_0/grad/sparsity instead.
INFO:tensorflow:Summary name conv-maxpool-5/b:0/grad/hist is illegal; using conv-maxpool-5/b_0/grad/hist instead.
I0213 00:48:09.819111 4523113920 summary_op_util.py:66] Summary name conv-maxpool-5/b:0/grad/hist is illegal; using conv-maxpool-5/b_0/grad/hist instead.
INFO:tensorflow:Summary name conv-maxpool-5/b:0/grad/sparsity is illegal; using conv-maxpool-5/b_0/grad/sparsity instead.
I0213 00:48:09.835802 4523113920 summary_op_util.py:66] Summary name conv-maxpool-5/b:0/grad/sparsity is illegal; using conv-maxpool-5/b_0/grad/sparsity instead.
INFO:tensorflow:Summary name W:0/grad/hist is illegal; using W_0/grad/hist instead.
I0213 00:48:09.836873 4523113920 summary_op_util.py:66] Summary name W:0/grad/hist is illegal; using W_0/grad/hist instead.
INFO:tensorflow:Summary name W:0/grad/sparsity is illegal; using W_0/grad/sparsity instead.
I0213 00:48:09.864463 4523113920 summary_op_util.py:66] Summary name W:0/grad/sparsity is illegal; using W_0/grad/sparsity instead.
INFO:tensorflow:Summary name output/b:0/grad/hist is illegal; using output/b_0/grad/hist instead.
I0213 00:48:09.874911 4523113920 summary_op_util.py:66] Summary name output/b:0/grad/hist is illegal; using output/b_0/grad/hist instead.
INFO:tensorflow:Summary name output/b:0/grad/sparsity is illegal; using output/b_0/grad/sparsity instead.
I0213 00:48:09.929137 4523113920 summary_op_util.py:66] Summary name output/b:0/grad/sparsity is illegal; using output/b_0/grad/sparsity instead.
WARNING:tensorflow:From train.py:108: The name tf.summary.merge is deprecated. Please use tf.compat.v1.summary.merge instead.

W0213 00:48:09.930385 4523113920 module_wrapper.py:139] From train.py:108: The name tf.summary.merge is deprecated. Please use tf.compat.v1.summary.merge instead.

WARNING:tensorflow:From train.py:122: The name tf.summary.FileWriter is deprecated. Please use tf.compat.v1.summary.FileWriter instead.

W0213 00:48:09.937046 4523113920 module_wrapper.py:139] From train.py:122: The name tf.summary.FileWriter is deprecated. Please use tf.compat.v1.summary.FileWriter instead.

WARNING:tensorflow:From train.py:134: The name tf.train.Saver is deprecated. Please use tf.compat.v1.train.Saver instead.

W0213 00:48:10.345129 4523113920 module_wrapper.py:139] From train.py:134: The name tf.train.Saver is deprecated. Please use tf.compat.v1.train.Saver instead.

WARNING:tensorflow:From train.py:134: The name tf.global_variables is deprecated. Please use tf.compat.v1.global_variables instead.

W0213 00:48:10.345314 4523113920 module_wrapper.py:139] From train.py:134: The name tf.global_variables is deprecated. Please use tf.compat.v1.global_variables instead.

WARNING:tensorflow:From train.py:140: The name tf.global_variables_initializer is deprecated. Please use tf.compat.v1.global_variables_initializer instead.

W0213 00:48:10.463761 4523113920 module_wrapper.py:139] From train.py:140: The name tf.global_variables_initializer is deprecated. Please use tf.compat.v1.global_variables_initializer instead.

Loading data...
Vocabulary Size: 18758
Train/Dev split: 9596/1066
Writing to /Volumes/Transcend/Mutation/CNN-TF/runs/1581526089

Traceback (most recent call last):
  File "train.py", line 196, in <module>
    tf.app.run()
  File "/Volumes/Transcend/opt/anaconda3/envs/keras/lib/python3.6/site-packages/tensorflow_core/python/platform/app.py", line 40, in run
    _run(main=main, argv=argv, flags_parser=_parse_flags_tolerate_undef)
  File "/Volumes/Transcend/opt/anaconda3/envs/keras/lib/python3.6/site-packages/absl/app.py", line 299, in run
    _run_main(main, args)
  File "/Volumes/Transcend/opt/anaconda3/envs/keras/lib/python3.6/site-packages/absl/app.py", line 250, in _run_main
    sys.exit(main(argv))
  File "train.py", line 193, in main
    train(x_train, y_train, vocab_processor, x_dev, y_dev)
  File "train.py", line 140, in train
    sess.run(tf.global_variables_initializer())
  File "/Volumes/Transcend/opt/anaconda3/envs/keras/lib/python3.6/site-packages/tensorflow_core/python/client/session.py", line 956, in run
    run_metadata_ptr)
  File "/Volumes/Transcend/opt/anaconda3/envs/keras/lib/python3.6/site-packages/tensorflow_core/python/client/session.py", line 1180, in _run
    feed_dict_tensor, options, run_metadata)
  File "/Volumes/Transcend/opt/anaconda3/envs/keras/lib/python3.6/site-packages/tensorflow_core/python/client/session.py", line 1361, in _do_run
    return self._do_call(_prun_fn, handle, feeds, fetches)
  File "/Volumes/Transcend/opt/anaconda3/envs/keras/lib/python3.6/site-packages/tensorflow_core/python/client/session.py", line 1365, in _do_call
    return fn(*args)
  File "/Volumes/Transcend/opt/anaconda3/envs/keras/lib/python3.6/site-packages/tensorflow_core/python/client/session.py", line 1354, in _prun_fn
    raise RuntimeError('partial_run() requires empty target_list.')
RuntimeError: partial_run() requires empty target_list.
