Using TensorFlow backend.
WARNING:tensorflow:From /Volumes/Transcend/opt/anaconda3/envs/keras/lib/python3.6/site-packages/tensorflow_core/python/ops/resource_variable_ops.py:1630: calling BaseResourceVariable.__init__ (from tensorflow.python.ops.resource_variable_ops) with constraint is deprecated and will be removed in a future version.
Instructions for updating:
If using Keras pass *_constraint arguments to layers.
WARNING:tensorflow:From /Volumes/Transcend/opt/anaconda3/envs/keras/lib/python3.6/site-packages/keras/backend/tensorflow_backend.py:4070: The name tf.nn.max_pool is deprecated. Please use tf.nn.max_pool2d instead.

WARNING:tensorflow:Large dropout rate: 0.8 (>0.5). In TensorFlow 2.x, dropout() uses dropout rate instead of keep_prob. Please ensure that this is intended.
WARNING:tensorflow:From /Volumes/Transcend/opt/anaconda3/envs/keras/lib/python3.6/site-packages/tensorflow_core/python/ops/nn_impl.py:183: where (from tensorflow.python.ops.array_ops) is deprecated and will be removed in a future version.
Instructions for updating:
Use tf.where in 2.0, which has the same broadcast rule as np.where
2020-02-02 18:49:05.308169: I tensorflow/core/platform/cpu_feature_guard.cc:142] Your CPU supports instructions that this TensorFlow binary was not compiled to use: AVX2 FMA
2020-02-02 18:49:05.459468: I tensorflow/compiler/xla/service/service.cc:168] XLA service 0x7f866586fb40 initialized for platform Host (this does not guarantee that XLA will be used). Devices:
2020-02-02 18:49:05.459498: I tensorflow/compiler/xla/service/service.cc:176]   StreamExecutor device (0): Host, Default Version
WARNING:tensorflow:From /Volumes/Transcend/opt/anaconda3/envs/keras/lib/python3.6/site-packages/keras/backend/tensorflow_backend.py:422: The name tf.global_variables is deprecated. Please use tf.compat.v1.global_variables instead.

Load data...
Adjusting sequence length for actual size
x_train shape: (9595, 56)
x_test shape: (1067, 56)
Vocabulary Size: 18779
Model type is CNN-non-static
Load existing Word2Vec model '50features_1minwords_10context'
Initializing embedding layer with word2vec weights, shape (18779, 50)
Train on 9595 samples, validate on 1067 samples
Epoch 1/10
 - 7s - loss: 0.8179 - accuracy: 0.4930 - val_loss: 0.6934 - val_accuracy: 0.4892
Epoch 2/10
 - 5s - loss: 0.7040 - accuracy: 0.5070 - val_loss: 0.6932 - val_accuracy: 0.5005
Epoch 3/10
 - 5s - loss: 0.6979 - accuracy: 0.5034 - val_loss: 0.6935 - val_accuracy: 0.4883
Epoch 4/10
 - 5s - loss: 0.6955 - accuracy: 0.5070 - val_loss: 0.6932 - val_accuracy: 0.4920
Epoch 5/10
 - 5s - loss: 0.6947 - accuracy: 0.5080 - val_loss: 0.6929 - val_accuracy: 0.5136
Epoch 6/10
 - 5s - loss: 0.6938 - accuracy: 0.5086 - val_loss: 0.6931 - val_accuracy: 0.4939
Epoch 7/10
 - 5s - loss: 0.6943 - accuracy: 0.5029 - val_loss: 0.6933 - val_accuracy: 0.4911
Epoch 8/10
 - 5s - loss: 0.6929 - accuracy: 0.5168 - val_loss: 0.6927 - val_accuracy: 0.5173
Epoch 9/10
 - 5s - loss: 0.6902 - accuracy: 0.5263 - val_loss: 0.6924 - val_accuracy: 0.5014
Epoch 10/10
 - 5s - loss: 0.6910 - accuracy: 0.5258 - val_loss: 0.6931 - val_accuracy: 0.4883
Training time:54.172316789627075
