Using TensorFlow backend.
WARNING:tensorflow:From /Volumes/Transcend/opt/anaconda3/envs/keras/lib/python3.6/site-packages/tensorflow_core/python/ops/resource_variable_ops.py:1630: calling BaseResourceVariable.__init__ (from tensorflow.python.ops.resource_variable_ops) with constraint is deprecated and will be removed in a future version.
Instructions for updating:
If using Keras pass *_constraint arguments to layers.
WARNING:tensorflow:From /Volumes/Transcend/opt/anaconda3/envs/keras/lib/python3.6/site-packages/keras/backend/tensorflow_backend.py:4070: The name tf.nn.max_pool is deprecated. Please use tf.nn.max_pool2d instead.

WARNING:tensorflow:Large dropout rate: 0.8 (>0.5). In TensorFlow 2.x, dropout() uses dropout rate instead of keep_prob. Please ensure that this is intended.
WARNING:tensorflow:From /Volumes/Transcend/opt/anaconda3/envs/keras/lib/python3.6/site-packages/tensorflow_core/python/ops/nn_impl.py:183: where (from tensorflow.python.ops.array_ops) is deprecated and will be removed in a future version.
Instructions for updating:
Use tf.where in 2.0, which has the same broadcast rule as np.where
2020-02-02 19:02:12.350363: I tensorflow/core/platform/cpu_feature_guard.cc:142] Your CPU supports instructions that this TensorFlow binary was not compiled to use: AVX2 FMA
2020-02-02 19:02:12.369044: I tensorflow/compiler/xla/service/service.cc:168] XLA service 0x7f82568bc5f0 initialized for platform Host (this does not guarantee that XLA will be used). Devices:
2020-02-02 19:02:12.369066: I tensorflow/compiler/xla/service/service.cc:176]   StreamExecutor device (0): Host, Default Version
WARNING:tensorflow:From /Volumes/Transcend/opt/anaconda3/envs/keras/lib/python3.6/site-packages/keras/backend/tensorflow_backend.py:422: The name tf.global_variables is deprecated. Please use tf.compat.v1.global_variables instead.

Load data...
Adjusting sequence length for actual size
x_train shape: (9595, 56)
x_test shape: (1067, 56)
Vocabulary Size: 18779
Model type is CNN-non-static
Load existing Word2Vec model '50features_1minwords_10context'
Initializing embedding layer with word2vec weights, shape (18779, 50)
Train on 9595 samples, validate on 1067 samples
Epoch 1/10
 - 7s - loss: 0.7019 - accuracy: 0.4955 - val_loss: 0.6933 - val_accuracy: 0.5023
Epoch 2/10
 - 6s - loss: 0.6938 - accuracy: 0.5101 - val_loss: 0.6919 - val_accuracy: 0.5136
Epoch 3/10
 - 6s - loss: 0.6915 - accuracy: 0.5206 - val_loss: 0.6886 - val_accuracy: 0.5961
Epoch 4/10
 - 6s - loss: 0.6817 - accuracy: 0.5569 - val_loss: 0.6672 - val_accuracy: 0.6298
Epoch 5/10
 - 7s - loss: 0.6592 - accuracy: 0.6032 - val_loss: 0.6381 - val_accuracy: 0.6664
Epoch 6/10
 - 6s - loss: 0.6069 - accuracy: 0.6705 - val_loss: 0.5673 - val_accuracy: 0.7470
Epoch 7/10
 - 5s - loss: 0.5220 - accuracy: 0.7430 - val_loss: 0.5052 - val_accuracy: 0.7732
Epoch 8/10
 - 6s - loss: 0.4399 - accuracy: 0.7970 - val_loss: 0.4891 - val_accuracy: 0.7751
Epoch 9/10
 - 5s - loss: 0.3793 - accuracy: 0.8306 - val_loss: 0.4853 - val_accuracy: 0.7788
Epoch 10/10
 - 5s - loss: 0.3322 - accuracy: 0.8542 - val_loss: 0.4934 - val_accuracy: 0.7779
Training time:60.75182104110718
