Using TensorFlow backend.
WARNING:tensorflow:From /Volumes/Transcend/opt/anaconda3/envs/keras/lib/python3.6/site-packages/tensorflow_core/python/ops/resource_variable_ops.py:1630: calling BaseResourceVariable.__init__ (from tensorflow.python.ops.resource_variable_ops) with constraint is deprecated and will be removed in a future version.
Instructions for updating:
If using Keras pass *_constraint arguments to layers.
WARNING:tensorflow:From /Volumes/Transcend/opt/anaconda3/envs/keras/lib/python3.6/site-packages/keras/backend/tensorflow_backend.py:4070: The name tf.nn.max_pool is deprecated. Please use tf.nn.max_pool2d instead.

WARNING:tensorflow:Large dropout rate: 0.8 (>0.5). In TensorFlow 2.x, dropout() uses dropout rate instead of keep_prob. Please ensure that this is intended.
WARNING:tensorflow:From /Volumes/Transcend/opt/anaconda3/envs/keras/lib/python3.6/site-packages/tensorflow_core/python/ops/nn_impl.py:183: where (from tensorflow.python.ops.array_ops) is deprecated and will be removed in a future version.
Instructions for updating:
Use tf.where in 2.0, which has the same broadcast rule as np.where
2020-02-02 18:59:41.311155: I tensorflow/core/platform/cpu_feature_guard.cc:142] Your CPU supports instructions that this TensorFlow binary was not compiled to use: AVX2 FMA
2020-02-02 18:59:41.329542: I tensorflow/compiler/xla/service/service.cc:168] XLA service 0x7f918b0307d0 initialized for platform Host (this does not guarantee that XLA will be used). Devices:
2020-02-02 18:59:41.329582: I tensorflow/compiler/xla/service/service.cc:176]   StreamExecutor device (0): Host, Default Version
WARNING:tensorflow:From /Volumes/Transcend/opt/anaconda3/envs/keras/lib/python3.6/site-packages/keras/backend/tensorflow_backend.py:422: The name tf.global_variables is deprecated. Please use tf.compat.v1.global_variables instead.

Load data...
Adjusting sequence length for actual size
x_train shape: (9595, 56)
x_test shape: (1067, 56)
Vocabulary Size: 18779
Model type is CNN-non-static
Load existing Word2Vec model '50features_1minwords_10context'
Initializing embedding layer with word2vec weights, shape (18779, 50)
Train on 9595 samples, validate on 1067 samples
Epoch 1/10
 - 8s - loss: 0.7018 - accuracy: 0.4954 - val_loss: 0.6933 - val_accuracy: 0.4911
Epoch 2/10
 - 10s - loss: 0.6930 - accuracy: 0.5093 - val_loss: 0.6899 - val_accuracy: 0.5773
Epoch 3/10
 - 7s - loss: 0.6891 - accuracy: 0.5340 - val_loss: 0.6836 - val_accuracy: 0.6101
Epoch 4/10
 - 6s - loss: 0.6775 - accuracy: 0.5681 - val_loss: 0.6647 - val_accuracy: 0.6373
Epoch 5/10
 - 7s - loss: 0.6541 - accuracy: 0.6088 - val_loss: 0.6333 - val_accuracy: 0.6635
Epoch 6/10
 - 6s - loss: 0.5989 - accuracy: 0.6758 - val_loss: 0.5644 - val_accuracy: 0.7451
Epoch 7/10
 - 6s - loss: 0.5077 - accuracy: 0.7534 - val_loss: 0.4980 - val_accuracy: 0.7779
Epoch 8/10
 - 7s - loss: 0.4291 - accuracy: 0.8073 - val_loss: 0.4837 - val_accuracy: 0.7769
Epoch 9/10
 - 5s - loss: 0.3717 - accuracy: 0.8355 - val_loss: 0.4839 - val_accuracy: 0.7741
Epoch 10/10
 - 6s - loss: 0.3163 - accuracy: 0.8614 - val_loss: 0.4989 - val_accuracy: 0.7807
Training time:70.91713094711304
