Using TensorFlow backend.
WARNING:tensorflow:From /Volumes/Transcend/opt/anaconda3/envs/keras/lib/python3.6/site-packages/tensorflow_core/python/ops/resource_variable_ops.py:1630: calling BaseResourceVariable.__init__ (from tensorflow.python.ops.resource_variable_ops) with constraint is deprecated and will be removed in a future version.
Instructions for updating:
If using Keras pass *_constraint arguments to layers.
WARNING:tensorflow:From /Volumes/Transcend/opt/anaconda3/envs/keras/lib/python3.6/site-packages/keras/backend/tensorflow_backend.py:4070: The name tf.nn.max_pool is deprecated. Please use tf.nn.max_pool2d instead.

WARNING:tensorflow:Large dropout rate: 0.8 (>0.5). In TensorFlow 2.x, dropout() uses dropout rate instead of keep_prob. Please ensure that this is intended.
WARNING:tensorflow:From /Volumes/Transcend/opt/anaconda3/envs/keras/lib/python3.6/site-packages/tensorflow_core/python/ops/nn_impl.py:183: where (from tensorflow.python.ops.array_ops) is deprecated and will be removed in a future version.
Instructions for updating:
Use tf.where in 2.0, which has the same broadcast rule as np.where
2020-02-02 19:08:05.053232: I tensorflow/core/platform/cpu_feature_guard.cc:142] Your CPU supports instructions that this TensorFlow binary was not compiled to use: AVX2 FMA
2020-02-02 19:08:05.068708: I tensorflow/compiler/xla/service/service.cc:168] XLA service 0x7ff371f7cdc0 initialized for platform Host (this does not guarantee that XLA will be used). Devices:
2020-02-02 19:08:05.068743: I tensorflow/compiler/xla/service/service.cc:176]   StreamExecutor device (0): Host, Default Version
WARNING:tensorflow:From /Volumes/Transcend/opt/anaconda3/envs/keras/lib/python3.6/site-packages/keras/backend/tensorflow_backend.py:422: The name tf.global_variables is deprecated. Please use tf.compat.v1.global_variables instead.

Load data...
Adjusting sequence length for actual size
x_train shape: (9595, 56)
x_test shape: (1067, 56)
Vocabulary Size: 18779
Model type is CNN-non-static
Load existing Word2Vec model '50features_1minwords_10context'
Initializing embedding layer with word2vec weights, shape (18779, 50)
Train on 9595 samples, validate on 1067 samples
Epoch 1/10
 - 6s - loss: 0.7138 - accuracy: 0.4946 - val_loss: 0.6932 - val_accuracy: 0.5005
Epoch 2/10
 - 6s - loss: 0.6949 - accuracy: 0.5070 - val_loss: 0.6926 - val_accuracy: 0.5464
Epoch 3/10
 - 5s - loss: 0.6930 - accuracy: 0.5204 - val_loss: 0.6922 - val_accuracy: 0.5661
Epoch 4/10
 - 5s - loss: 0.6883 - accuracy: 0.5361 - val_loss: 0.6850 - val_accuracy: 0.6120
Epoch 5/10
 - 5s - loss: 0.6792 - accuracy: 0.5609 - val_loss: 0.6707 - val_accuracy: 0.6307
Epoch 6/10
 - 6s - loss: 0.6613 - accuracy: 0.6010 - val_loss: 0.6489 - val_accuracy: 0.6635
Epoch 7/10
 - 6s - loss: 0.6191 - accuracy: 0.6537 - val_loss: 0.6011 - val_accuracy: 0.7132
Epoch 8/10
 - 6s - loss: 0.5567 - accuracy: 0.7153 - val_loss: 0.5395 - val_accuracy: 0.7638
Epoch 9/10
 - 6s - loss: 0.4868 - accuracy: 0.7669 - val_loss: 0.5058 - val_accuracy: 0.7732
Epoch 10/10
 - 5s - loss: 0.4267 - accuracy: 0.8036 - val_loss: 0.4920 - val_accuracy: 0.7704
Training time:56.28838896751404
