Using TensorFlow backend.
WARNING:tensorflow:From /Volumes/Transcend/opt/anaconda3/envs/keras/lib/python3.6/site-packages/tensorflow_core/python/ops/resource_variable_ops.py:1630: calling BaseResourceVariable.__init__ (from tensorflow.python.ops.resource_variable_ops) with constraint is deprecated and will be removed in a future version.
Instructions for updating:
If using Keras pass *_constraint arguments to layers.
WARNING:tensorflow:From /Volumes/Transcend/opt/anaconda3/envs/keras/lib/python3.6/site-packages/keras/backend/tensorflow_backend.py:4070: The name tf.nn.max_pool is deprecated. Please use tf.nn.max_pool2d instead.

WARNING:tensorflow:Large dropout rate: 0.8 (>0.5). In TensorFlow 2.x, dropout() uses dropout rate instead of keep_prob. Please ensure that this is intended.
WARNING:tensorflow:From /Volumes/Transcend/opt/anaconda3/envs/keras/lib/python3.6/site-packages/tensorflow_core/python/ops/nn_impl.py:183: where (from tensorflow.python.ops.array_ops) is deprecated and will be removed in a future version.
Instructions for updating:
Use tf.where in 2.0, which has the same broadcast rule as np.where
2020-02-02 19:04:30.644816: I tensorflow/core/platform/cpu_feature_guard.cc:142] Your CPU supports instructions that this TensorFlow binary was not compiled to use: AVX2 FMA
2020-02-02 19:04:30.660525: I tensorflow/compiler/xla/service/service.cc:168] XLA service 0x7fea8189c7a0 initialized for platform Host (this does not guarantee that XLA will be used). Devices:
2020-02-02 19:04:30.660548: I tensorflow/compiler/xla/service/service.cc:176]   StreamExecutor device (0): Host, Default Version
WARNING:tensorflow:From /Volumes/Transcend/opt/anaconda3/envs/keras/lib/python3.6/site-packages/keras/backend/tensorflow_backend.py:422: The name tf.global_variables is deprecated. Please use tf.compat.v1.global_variables instead.

Load data...
Adjusting sequence length for actual size
x_train shape: (9595, 56)
x_test shape: (1067, 56)
Vocabulary Size: 18779
Model type is CNN-non-static
Load existing Word2Vec model '50features_1minwords_10context'
Initializing embedding layer with word2vec weights, shape (18779, 50)
Train on 9595 samples, validate on 1067 samples
Epoch 1/10
 - 5s - loss: 0.6961 - accuracy: 0.4971 - val_loss: 0.6930 - val_accuracy: 0.5014
Epoch 2/10
 - 6s - loss: 0.6929 - accuracy: 0.5128 - val_loss: 0.6888 - val_accuracy: 0.5820
Epoch 3/10
 - 6s - loss: 0.6853 - accuracy: 0.5483 - val_loss: 0.6719 - val_accuracy: 0.6317
Epoch 4/10
 - 6s - loss: 0.6521 - accuracy: 0.6176 - val_loss: 0.6081 - val_accuracy: 0.7142
Epoch 5/10
 - 6s - loss: 0.5574 - accuracy: 0.7185 - val_loss: 0.5352 - val_accuracy: 0.7619
Epoch 6/10
 - 7s - loss: 0.4511 - accuracy: 0.7894 - val_loss: 0.4816 - val_accuracy: 0.7873
Epoch 7/10
 - 6s - loss: 0.3635 - accuracy: 0.8465 - val_loss: 0.4816 - val_accuracy: 0.7873
Epoch 8/10
 - 6s - loss: 0.3164 - accuracy: 0.8653 - val_loss: 0.4862 - val_accuracy: 0.7863
Epoch 9/10
 - 5s - loss: 0.2814 - accuracy: 0.8842 - val_loss: 0.5117 - val_accuracy: 0.7873
Epoch 10/10
 - 6s - loss: 0.2362 - accuracy: 0.9026 - val_loss: 0.5219 - val_accuracy: 0.7873
Training time:61.123310804367065
