Using TensorFlow backend.
WARNING:tensorflow:From /Volumes/Transcend/opt/anaconda3/envs/keras/lib/python3.6/site-packages/tensorflow_core/python/ops/resource_variable_ops.py:1630: calling BaseResourceVariable.__init__ (from tensorflow.python.ops.resource_variable_ops) with constraint is deprecated and will be removed in a future version.
Instructions for updating:
If using Keras pass *_constraint arguments to layers.
WARNING:tensorflow:From /Volumes/Transcend/opt/anaconda3/envs/keras/lib/python3.6/site-packages/keras/backend/tensorflow_backend.py:4070: The name tf.nn.max_pool is deprecated. Please use tf.nn.max_pool2d instead.

WARNING:tensorflow:Large dropout rate: 0.8 (>0.5). In TensorFlow 2.x, dropout() uses dropout rate instead of keep_prob. Please ensure that this is intended.
WARNING:tensorflow:From /Volumes/Transcend/opt/anaconda3/envs/keras/lib/python3.6/site-packages/tensorflow_core/python/ops/nn_impl.py:183: where (from tensorflow.python.ops.array_ops) is deprecated and will be removed in a future version.
Instructions for updating:
Use tf.where in 2.0, which has the same broadcast rule as np.where
2020-02-02 19:01:01.858083: I tensorflow/core/platform/cpu_feature_guard.cc:142] Your CPU supports instructions that this TensorFlow binary was not compiled to use: AVX2 FMA
2020-02-02 19:01:01.873734: I tensorflow/compiler/xla/service/service.cc:168] XLA service 0x7fa651260bc0 initialized for platform Host (this does not guarantee that XLA will be used). Devices:
2020-02-02 19:01:01.873756: I tensorflow/compiler/xla/service/service.cc:176]   StreamExecutor device (0): Host, Default Version
WARNING:tensorflow:From /Volumes/Transcend/opt/anaconda3/envs/keras/lib/python3.6/site-packages/keras/backend/tensorflow_backend.py:422: The name tf.global_variables is deprecated. Please use tf.compat.v1.global_variables instead.

Load data...
Adjusting sequence length for actual size
x_train shape: (9595, 56)
x_test shape: (1067, 56)
Vocabulary Size: 18779
Model type is CNN-non-static
Load existing Word2Vec model '50features_1minwords_10context'
Initializing embedding layer with word2vec weights, shape (18779, 50)
Train on 9595 samples, validate on 1067 samples
Epoch 1/10
 - 6s - loss: 0.7017 - accuracy: 0.4967 - val_loss: 0.6933 - val_accuracy: 0.5023
Epoch 2/10
 - 6s - loss: 0.6930 - accuracy: 0.5110 - val_loss: 0.6905 - val_accuracy: 0.5623
Epoch 3/10
 - 6s - loss: 0.6905 - accuracy: 0.5249 - val_loss: 0.6871 - val_accuracy: 0.6017
Epoch 4/10
 - 6s - loss: 0.6804 - accuracy: 0.5632 - val_loss: 0.6685 - val_accuracy: 0.6373
Epoch 5/10
 - 6s - loss: 0.6562 - accuracy: 0.6068 - val_loss: 0.6342 - val_accuracy: 0.6495
Epoch 6/10
 - 6s - loss: 0.5979 - accuracy: 0.6773 - val_loss: 0.5686 - val_accuracy: 0.7470
Epoch 7/10
 - 6s - loss: 0.5057 - accuracy: 0.7546 - val_loss: 0.5010 - val_accuracy: 0.7844
Epoch 8/10
 - 6s - loss: 0.4321 - accuracy: 0.8013 - val_loss: 0.4883 - val_accuracy: 0.7826
Epoch 9/10
 - 7s - loss: 0.3775 - accuracy: 0.8347 - val_loss: 0.4907 - val_accuracy: 0.7732
Epoch 10/10
 - 6s - loss: 0.3214 - accuracy: 0.8567 - val_loss: 0.4986 - val_accuracy: 0.7713
Training time:62.97658085823059
