Using TensorFlow backend.
WARNING:tensorflow:From /Volumes/Transcend/opt/anaconda3/envs/keras/lib/python3.6/site-packages/tensorflow_core/python/ops/resource_variable_ops.py:1630: calling BaseResourceVariable.__init__ (from tensorflow.python.ops.resource_variable_ops) with constraint is deprecated and will be removed in a future version.
Instructions for updating:
If using Keras pass *_constraint arguments to layers.
WARNING:tensorflow:From /Volumes/Transcend/opt/anaconda3/envs/keras/lib/python3.6/site-packages/keras/backend/tensorflow_backend.py:4070: The name tf.nn.max_pool is deprecated. Please use tf.nn.max_pool2d instead.

WARNING:tensorflow:Large dropout rate: 0.8 (>0.5). In TensorFlow 2.x, dropout() uses dropout rate instead of keep_prob. Please ensure that this is intended.
WARNING:tensorflow:From /Volumes/Transcend/opt/anaconda3/envs/keras/lib/python3.6/site-packages/tensorflow_core/python/ops/nn_impl.py:183: where (from tensorflow.python.ops.array_ops) is deprecated and will be removed in a future version.
Instructions for updating:
Use tf.where in 2.0, which has the same broadcast rule as np.where
2020-02-02 18:51:05.550077: I tensorflow/core/platform/cpu_feature_guard.cc:142] Your CPU supports instructions that this TensorFlow binary was not compiled to use: AVX2 FMA
2020-02-02 18:51:05.566886: I tensorflow/compiler/xla/service/service.cc:168] XLA service 0x7f8803820330 initialized for platform Host (this does not guarantee that XLA will be used). Devices:
2020-02-02 18:51:05.566910: I tensorflow/compiler/xla/service/service.cc:176]   StreamExecutor device (0): Host, Default Version
WARNING:tensorflow:From /Volumes/Transcend/opt/anaconda3/envs/keras/lib/python3.6/site-packages/keras/backend/tensorflow_backend.py:422: The name tf.global_variables is deprecated. Please use tf.compat.v1.global_variables instead.

Load data...
Adjusting sequence length for actual size
x_train shape: (9595, 56)
x_test shape: (1067, 56)
Vocabulary Size: 18779
Model type is CNN-non-static
Load existing Word2Vec model '50features_1minwords_10context'
Initializing embedding layer with word2vec weights, shape (18779, 50)
Train on 9595 samples, validate on 1067 samples
Epoch 1/10
 - 5s - loss: 0.7137 - accuracy: 0.4943 - val_loss: 0.6933 - val_accuracy: 0.5023
Epoch 2/10
 - 5s - loss: 0.6950 - accuracy: 0.5092 - val_loss: 0.6923 - val_accuracy: 0.5445
Epoch 3/10
 - 5s - loss: 0.6934 - accuracy: 0.5143 - val_loss: 0.6922 - val_accuracy: 0.5576
Epoch 4/10
 - 5s - loss: 0.6886 - accuracy: 0.5329 - val_loss: 0.6871 - val_accuracy: 0.6026
Epoch 5/10
 - 5s - loss: 0.6792 - accuracy: 0.5648 - val_loss: 0.6726 - val_accuracy: 0.6326
Epoch 6/10
 - 5s - loss: 0.6614 - accuracy: 0.5990 - val_loss: 0.6503 - val_accuracy: 0.6645
Epoch 7/10
 - 5s - loss: 0.6191 - accuracy: 0.6567 - val_loss: 0.6040 - val_accuracy: 0.7048
Epoch 8/10
 - 5s - loss: 0.5551 - accuracy: 0.7189 - val_loss: 0.5398 - val_accuracy: 0.7704
Epoch 9/10
 - 5s - loss: 0.4850 - accuracy: 0.7634 - val_loss: 0.5062 - val_accuracy: 0.7723
Epoch 10/10
 - 5s - loss: 0.4181 - accuracy: 0.8088 - val_loss: 0.4909 - val_accuracy: 0.7732
Training time:49.99792814254761
