Using TensorFlow backend.
WARNING:tensorflow:From /Volumes/Transcend/opt/anaconda3/envs/keras/lib/python3.6/site-packages/tensorflow_core/python/ops/resource_variable_ops.py:1630: calling BaseResourceVariable.__init__ (from tensorflow.python.ops.resource_variable_ops) with constraint is deprecated and will be removed in a future version.
Instructions for updating:
If using Keras pass *_constraint arguments to layers.
WARNING:tensorflow:From /Volumes/Transcend/opt/anaconda3/envs/keras/lib/python3.6/site-packages/keras/backend/tensorflow_backend.py:4070: The name tf.nn.max_pool is deprecated. Please use tf.nn.max_pool2d instead.

WARNING:tensorflow:Large dropout rate: 0.8 (>0.5). In TensorFlow 2.x, dropout() uses dropout rate instead of keep_prob. Please ensure that this is intended.
WARNING:tensorflow:From /Volumes/Transcend/opt/anaconda3/envs/keras/lib/python3.6/site-packages/tensorflow_core/python/ops/nn_impl.py:183: where (from tensorflow.python.ops.array_ops) is deprecated and will be removed in a future version.
Instructions for updating:
Use tf.where in 2.0, which has the same broadcast rule as np.where
2020-02-02 19:13:13.390081: I tensorflow/core/platform/cpu_feature_guard.cc:142] Your CPU supports instructions that this TensorFlow binary was not compiled to use: AVX2 FMA
2020-02-02 19:13:13.407873: I tensorflow/compiler/xla/service/service.cc:168] XLA service 0x7fa7bffcceb0 initialized for platform Host (this does not guarantee that XLA will be used). Devices:
2020-02-02 19:13:13.407898: I tensorflow/compiler/xla/service/service.cc:176]   StreamExecutor device (0): Host, Default Version
WARNING:tensorflow:From /Volumes/Transcend/opt/anaconda3/envs/keras/lib/python3.6/site-packages/keras/backend/tensorflow_backend.py:422: The name tf.global_variables is deprecated. Please use tf.compat.v1.global_variables instead.

Load data...
Adjusting sequence length for actual size
x_train shape: (9595, 56)
x_test shape: (1067, 56)
Vocabulary Size: 18779
Model type is CNN-non-static
Load existing Word2Vec model '50features_1minwords_10context'
Initializing embedding layer with word2vec weights, shape (18779, 50)
Train on 9595 samples, validate on 1067 samples
Epoch 1/10
 - 7s - loss: 215355.8885 - accuracy: 0.4910 - val_loss: 28948.8066 - val_accuracy: 0.4920
Epoch 2/10
 - 7s - loss: 155738.5538 - accuracy: 0.4981 - val_loss: 22286.7968 - val_accuracy: 0.5127
Epoch 3/10
 - 6s - loss: 126886.6555 - accuracy: 0.5010 - val_loss: 18262.4157 - val_accuracy: 0.5164
Epoch 4/10
 - 7s - loss: 110407.7330 - accuracy: 0.5075 - val_loss: 15089.3238 - val_accuracy: 0.4948
Epoch 5/10
 - 5s - loss: 92642.4891 - accuracy: 0.5110 - val_loss: 13108.0019 - val_accuracy: 0.5070
Epoch 6/10
 - 8s - loss: 84966.5594 - accuracy: 0.5228 - val_loss: 11052.0493 - val_accuracy: 0.5052
Epoch 7/10
 - 7s - loss: 75374.8742 - accuracy: 0.5192 - val_loss: 9978.1778 - val_accuracy: 0.5098
Epoch 8/10
 - 7s - loss: 69597.6062 - accuracy: 0.5253 - val_loss: 8854.0922 - val_accuracy: 0.5267
Epoch 9/10
 - 6s - loss: 63430.1923 - accuracy: 0.5324 - val_loss: 7990.9276 - val_accuracy: 0.5192
Epoch 10/10
 - 7s - loss: 57475.8567 - accuracy: 0.5295 - val_loss: 7271.7336 - val_accuracy: 0.5230
Training time:68.41754221916199
