Using TensorFlow backend.
WARNING:tensorflow:From /Volumes/Transcend/opt/anaconda3/envs/keras/lib/python3.6/site-packages/tensorflow_core/python/ops/resource_variable_ops.py:1630: calling BaseResourceVariable.__init__ (from tensorflow.python.ops.resource_variable_ops) with constraint is deprecated and will be removed in a future version.
Instructions for updating:
If using Keras pass *_constraint arguments to layers.
WARNING:tensorflow:From /Volumes/Transcend/opt/anaconda3/envs/keras/lib/python3.6/site-packages/keras/backend/tensorflow_backend.py:4070: The name tf.nn.max_pool is deprecated. Please use tf.nn.max_pool2d instead.

WARNING:tensorflow:Large dropout rate: 0.8 (>0.5). In TensorFlow 2.x, dropout() uses dropout rate instead of keep_prob. Please ensure that this is intended.
WARNING:tensorflow:From /Volumes/Transcend/opt/anaconda3/envs/keras/lib/python3.6/site-packages/tensorflow_core/python/ops/nn_impl.py:183: where (from tensorflow.python.ops.array_ops) is deprecated and will be removed in a future version.
Instructions for updating:
Use tf.where in 2.0, which has the same broadcast rule as np.where
2020-02-02 19:10:15.308332: I tensorflow/core/platform/cpu_feature_guard.cc:142] Your CPU supports instructions that this TensorFlow binary was not compiled to use: AVX2 FMA
2020-02-02 19:10:15.322234: I tensorflow/compiler/xla/service/service.cc:168] XLA service 0x7fa837024420 initialized for platform Host (this does not guarantee that XLA will be used). Devices:
2020-02-02 19:10:15.322259: I tensorflow/compiler/xla/service/service.cc:176]   StreamExecutor device (0): Host, Default Version
WARNING:tensorflow:From /Volumes/Transcend/opt/anaconda3/envs/keras/lib/python3.6/site-packages/keras/backend/tensorflow_backend.py:422: The name tf.global_variables is deprecated. Please use tf.compat.v1.global_variables instead.

Load data...
Adjusting sequence length for actual size
x_train shape: (9595, 56)
x_test shape: (1067, 56)
Vocabulary Size: 18779
Model type is CNN-non-static
Load existing Word2Vec model '50features_1minwords_10context'
Initializing embedding layer with word2vec weights, shape (18779, 50)
Train on 9595 samples, validate on 1067 samples
Epoch 1/10
 - 7s - loss: 0.7019 - accuracy: 0.4945 - val_loss: 0.6933 - val_accuracy: 0.4911
Epoch 2/10
 - 5s - loss: 0.6942 - accuracy: 0.5085 - val_loss: 0.6930 - val_accuracy: 0.4930
Epoch 3/10
 - 5s - loss: 0.6918 - accuracy: 0.5189 - val_loss: 0.6912 - val_accuracy: 0.5679
Epoch 4/10
 - 5s - loss: 0.6841 - accuracy: 0.5509 - val_loss: 0.6733 - val_accuracy: 0.6129
Epoch 5/10
 - 5s - loss: 0.6619 - accuracy: 0.6008 - val_loss: 0.6395 - val_accuracy: 0.6598
Epoch 6/10
 - 5s - loss: 0.6074 - accuracy: 0.6677 - val_loss: 0.5711 - val_accuracy: 0.7395
Epoch 7/10
 - 5s - loss: 0.5149 - accuracy: 0.7509 - val_loss: 0.4997 - val_accuracy: 0.7685
Epoch 8/10
 - 5s - loss: 0.4337 - accuracy: 0.8029 - val_loss: 0.4870 - val_accuracy: 0.7760
Epoch 9/10
 - 6s - loss: 0.3723 - accuracy: 0.8363 - val_loss: 0.4851 - val_accuracy: 0.7816
Epoch 10/10
 - 6s - loss: 0.3180 - accuracy: 0.8636 - val_loss: 0.4948 - val_accuracy: 0.7779
Training time:53.720580101013184
