Using TensorFlow backend.
WARNING:tensorflow:From /Volumes/Transcend/opt/anaconda3/envs/keras/lib/python3.6/site-packages/tensorflow_core/python/ops/resource_variable_ops.py:1630: calling BaseResourceVariable.__init__ (from tensorflow.python.ops.resource_variable_ops) with constraint is deprecated and will be removed in a future version.
Instructions for updating:
If using Keras pass *_constraint arguments to layers.
WARNING:tensorflow:From /Volumes/Transcend/opt/anaconda3/envs/keras/lib/python3.6/site-packages/keras/backend/tensorflow_backend.py:4070: The name tf.nn.max_pool is deprecated. Please use tf.nn.max_pool2d instead.

WARNING:tensorflow:Large dropout rate: 0.8 (>0.5). In TensorFlow 2.x, dropout() uses dropout rate instead of keep_prob. Please ensure that this is intended.
WARNING:tensorflow:From /Volumes/Transcend/opt/anaconda3/envs/keras/lib/python3.6/site-packages/tensorflow_core/python/ops/nn_impl.py:183: where (from tensorflow.python.ops.array_ops) is deprecated and will be removed in a future version.
Instructions for updating:
Use tf.where in 2.0, which has the same broadcast rule as np.where
2020-02-02 18:52:01.806764: I tensorflow/core/platform/cpu_feature_guard.cc:142] Your CPU supports instructions that this TensorFlow binary was not compiled to use: AVX2 FMA
2020-02-02 18:52:01.824055: I tensorflow/compiler/xla/service/service.cc:168] XLA service 0x7f7fb27ae1e0 initialized for platform Host (this does not guarantee that XLA will be used). Devices:
2020-02-02 18:52:01.824078: I tensorflow/compiler/xla/service/service.cc:176]   StreamExecutor device (0): Host, Default Version
WARNING:tensorflow:From /Volumes/Transcend/opt/anaconda3/envs/keras/lib/python3.6/site-packages/keras/backend/tensorflow_backend.py:422: The name tf.global_variables is deprecated. Please use tf.compat.v1.global_variables instead.

Load data...
Adjusting sequence length for actual size
x_train shape: (9595, 56)
x_test shape: (1067, 56)
Vocabulary Size: 18779
Model type is CNN-non-static
Load existing Word2Vec model '50features_1minwords_10context'
Initializing embedding layer with word2vec weights, shape (18779, 50)
Train on 9595 samples, validate on 1067 samples
Epoch 1/10
 - 5s - loss: 0.7018 - accuracy: 0.4936 - val_loss: 0.6932 - val_accuracy: 0.4958
Epoch 2/10
 - 5s - loss: 0.6932 - accuracy: 0.5134 - val_loss: 0.6906 - val_accuracy: 0.5604
Epoch 3/10
 - 5s - loss: 0.6900 - accuracy: 0.5310 - val_loss: 0.6868 - val_accuracy: 0.6026
Epoch 4/10
 - 5s - loss: 0.6802 - accuracy: 0.5629 - val_loss: 0.6673 - val_accuracy: 0.6570
Epoch 5/10
 - 5s - loss: 0.6565 - accuracy: 0.6068 - val_loss: 0.6353 - val_accuracy: 0.6504
Epoch 6/10
 - 5s - loss: 0.6101 - accuracy: 0.6665 - val_loss: 0.5708 - val_accuracy: 0.7423
Epoch 7/10
 - 5s - loss: 0.5122 - accuracy: 0.7510 - val_loss: 0.5072 - val_accuracy: 0.7676
Epoch 8/10
 - 5s - loss: 0.4253 - accuracy: 0.8082 - val_loss: 0.4824 - val_accuracy: 0.7844
Epoch 9/10
 - 5s - loss: 0.3625 - accuracy: 0.8425 - val_loss: 0.4850 - val_accuracy: 0.7779
Epoch 10/10
 - 5s - loss: 0.3045 - accuracy: 0.8682 - val_loss: 0.5020 - val_accuracy: 0.7751
Training time:50.35716509819031
