Using TensorFlow backend.
WARNING:tensorflow:From /Volumes/Transcend/opt/anaconda3/envs/keras/lib/python3.6/site-packages/tensorflow_core/python/ops/resource_variable_ops.py:1630: calling BaseResourceVariable.__init__ (from tensorflow.python.ops.resource_variable_ops) with constraint is deprecated and will be removed in a future version.
Instructions for updating:
If using Keras pass *_constraint arguments to layers.
WARNING:tensorflow:From /Volumes/Transcend/opt/anaconda3/envs/keras/lib/python3.6/site-packages/keras/backend/tensorflow_backend.py:4070: The name tf.nn.max_pool is deprecated. Please use tf.nn.max_pool2d instead.

WARNING:tensorflow:Large dropout rate: 0.8 (>0.5). In TensorFlow 2.x, dropout() uses dropout rate instead of keep_prob. Please ensure that this is intended.
WARNING:tensorflow:From /Volumes/Transcend/opt/anaconda3/envs/keras/lib/python3.6/site-packages/tensorflow_core/python/ops/nn_impl.py:183: where (from tensorflow.python.ops.array_ops) is deprecated and will be removed in a future version.
Instructions for updating:
Use tf.where in 2.0, which has the same broadcast rule as np.where
2020-02-02 19:17:52.596140: I tensorflow/core/platform/cpu_feature_guard.cc:142] Your CPU supports instructions that this TensorFlow binary was not compiled to use: AVX2 FMA
2020-02-02 19:17:52.609535: I tensorflow/compiler/xla/service/service.cc:168] XLA service 0x7fc67927e310 initialized for platform Host (this does not guarantee that XLA will be used). Devices:
2020-02-02 19:17:52.609557: I tensorflow/compiler/xla/service/service.cc:176]   StreamExecutor device (0): Host, Default Version
WARNING:tensorflow:From /Volumes/Transcend/opt/anaconda3/envs/keras/lib/python3.6/site-packages/keras/backend/tensorflow_backend.py:422: The name tf.global_variables is deprecated. Please use tf.compat.v1.global_variables instead.

Load data...
Adjusting sequence length for actual size
x_train shape: (9595, 56)
x_test shape: (1067, 56)
Vocabulary Size: 18779
Model type is CNN-non-static
Load existing Word2Vec model '50features_1minwords_10context'
Initializing embedding layer with word2vec weights, shape (18779, 50)
Train on 9595 samples, validate on 1067 samples
Epoch 1/10
 - 5s - loss: 0.7230 - accuracy: 0.4940 - val_loss: 0.6931 - val_accuracy: 0.4939
Epoch 2/10
 - 5s - loss: 0.6966 - accuracy: 0.5062 - val_loss: 0.6926 - val_accuracy: 0.5408
Epoch 3/10
 - 5s - loss: 0.6943 - accuracy: 0.5090 - val_loss: 0.6926 - val_accuracy: 0.5483
Epoch 4/10
 - 5s - loss: 0.6910 - accuracy: 0.5254 - val_loss: 0.6902 - val_accuracy: 0.6007
Epoch 5/10
 - 5s - loss: 0.6857 - accuracy: 0.5495 - val_loss: 0.6832 - val_accuracy: 0.6242
Epoch 6/10
 - 5s - loss: 0.6772 - accuracy: 0.5678 - val_loss: 0.6742 - val_accuracy: 0.6289
Epoch 7/10
 - 5s - loss: 0.6542 - accuracy: 0.6117 - val_loss: 0.6511 - val_accuracy: 0.6729
Epoch 8/10
 - 5s - loss: 0.6181 - accuracy: 0.6535 - val_loss: 0.5938 - val_accuracy: 0.7226
Epoch 9/10
 - 6s - loss: 0.5585 - accuracy: 0.7055 - val_loss: 0.5569 - val_accuracy: 0.7676
Epoch 10/10
 - 5s - loss: 0.4963 - accuracy: 0.7604 - val_loss: 0.5221 - val_accuracy: 0.7713
Training time:51.01060390472412
