Using TensorFlow backend.
WARNING:tensorflow:From /Volumes/Transcend/opt/anaconda3/envs/keras/lib/python3.6/site-packages/tensorflow_core/python/ops/resource_variable_ops.py:1630: calling BaseResourceVariable.__init__ (from tensorflow.python.ops.resource_variable_ops) with constraint is deprecated and will be removed in a future version.
Instructions for updating:
If using Keras pass *_constraint arguments to layers.
WARNING:tensorflow:From /Volumes/Transcend/opt/anaconda3/envs/keras/lib/python3.6/site-packages/keras/backend/tensorflow_backend.py:4070: The name tf.nn.max_pool is deprecated. Please use tf.nn.max_pool2d instead.

WARNING:tensorflow:Large dropout rate: 0.8 (>0.5). In TensorFlow 2.x, dropout() uses dropout rate instead of keep_prob. Please ensure that this is intended.
WARNING:tensorflow:From /Volumes/Transcend/opt/anaconda3/envs/keras/lib/python3.6/site-packages/tensorflow_core/python/ops/nn_impl.py:183: where (from tensorflow.python.ops.array_ops) is deprecated and will be removed in a future version.
Instructions for updating:
Use tf.where in 2.0, which has the same broadcast rule as np.where
2020-02-02 19:16:50.180255: I tensorflow/core/platform/cpu_feature_guard.cc:142] Your CPU supports instructions that this TensorFlow binary was not compiled to use: AVX2 FMA
2020-02-02 19:16:50.193612: I tensorflow/compiler/xla/service/service.cc:168] XLA service 0x7f940aa37f70 initialized for platform Host (this does not guarantee that XLA will be used). Devices:
2020-02-02 19:16:50.193635: I tensorflow/compiler/xla/service/service.cc:176]   StreamExecutor device (0): Host, Default Version
WARNING:tensorflow:From /Volumes/Transcend/opt/anaconda3/envs/keras/lib/python3.6/site-packages/keras/backend/tensorflow_backend.py:422: The name tf.global_variables is deprecated. Please use tf.compat.v1.global_variables instead.

Load data...
Adjusting sequence length for actual size
x_train shape: (9595, 56)
x_test shape: (1067, 56)
Vocabulary Size: 18779
Model type is CNN-non-static
Load existing Word2Vec model '50features_1minwords_10context'
Initializing embedding layer with word2vec weights, shape (18779, 50)
Train on 9595 samples, validate on 1067 samples
Epoch 1/10
 - 7s - loss: 0.8489 - accuracy: 0.5055 - val_loss: 0.6925 - val_accuracy: 0.5220
Epoch 2/10
 - 6s - loss: 0.7194 - accuracy: 0.5017 - val_loss: 0.6887 - val_accuracy: 0.5511
Epoch 3/10
 - 5s - loss: 0.7061 - accuracy: 0.5081 - val_loss: 0.6854 - val_accuracy: 0.5501
Epoch 4/10
 - 5s - loss: 0.6922 - accuracy: 0.5323 - val_loss: 0.6639 - val_accuracy: 0.6195
Epoch 5/10
 - 6s - loss: 0.6693 - accuracy: 0.5942 - val_loss: 0.6565 - val_accuracy: 0.5876
Epoch 6/10
 - 6s - loss: 0.6230 - accuracy: 0.6591 - val_loss: 0.5836 - val_accuracy: 0.6926
Epoch 7/10
 - 5s - loss: 0.5231 - accuracy: 0.7403 - val_loss: 0.5304 - val_accuracy: 0.7329
Epoch 8/10
 - 5s - loss: 0.4303 - accuracy: 0.8001 - val_loss: 0.5195 - val_accuracy: 0.7432
Epoch 9/10
 - 5s - loss: 0.3493 - accuracy: 0.8469 - val_loss: 0.5307 - val_accuracy: 0.7507
Epoch 10/10
 - 5s - loss: 0.3034 - accuracy: 0.8717 - val_loss: 0.5556 - val_accuracy: 0.7507
Training time:55.605210065841675
