Using TensorFlow backend.
WARNING:tensorflow:From /Volumes/Transcend/opt/anaconda3/envs/keras/lib/python3.6/site-packages/tensorflow_core/python/ops/resource_variable_ops.py:1630: calling BaseResourceVariable.__init__ (from tensorflow.python.ops.resource_variable_ops) with constraint is deprecated and will be removed in a future version.
Instructions for updating:
If using Keras pass *_constraint arguments to layers.
WARNING:tensorflow:From /Volumes/Transcend/opt/anaconda3/envs/keras/lib/python3.6/site-packages/keras/backend/tensorflow_backend.py:4070: The name tf.nn.max_pool is deprecated. Please use tf.nn.max_pool2d instead.

WARNING:tensorflow:Large dropout rate: 0.8 (>0.5). In TensorFlow 2.x, dropout() uses dropout rate instead of keep_prob. Please ensure that this is intended.
WARNING:tensorflow:From /Volumes/Transcend/opt/anaconda3/envs/keras/lib/python3.6/site-packages/tensorflow_core/python/ops/nn_impl.py:183: where (from tensorflow.python.ops.array_ops) is deprecated and will be removed in a future version.
Instructions for updating:
Use tf.where in 2.0, which has the same broadcast rule as np.where
2020-02-02 19:20:41.413310: I tensorflow/core/platform/cpu_feature_guard.cc:142] Your CPU supports instructions that this TensorFlow binary was not compiled to use: AVX2 FMA
2020-02-02 19:20:41.428600: I tensorflow/compiler/xla/service/service.cc:168] XLA service 0x7ff09391a440 initialized for platform Host (this does not guarantee that XLA will be used). Devices:
2020-02-02 19:20:41.428624: I tensorflow/compiler/xla/service/service.cc:176]   StreamExecutor device (0): Host, Default Version
WARNING:tensorflow:From /Volumes/Transcend/opt/anaconda3/envs/keras/lib/python3.6/site-packages/keras/backend/tensorflow_backend.py:422: The name tf.global_variables is deprecated. Please use tf.compat.v1.global_variables instead.

Load data...
Adjusting sequence length for actual size
x_train shape: (9595, 56)
x_test shape: (1067, 56)
Vocabulary Size: 18779
Model type is CNN-non-static
Load existing Word2Vec model '50features_1minwords_10context'
Initializing embedding layer with word2vec weights, shape (18779, 50)
Train on 9595 samples, validate on 1067 samples
Epoch 1/10
 - 5s - loss: 0.7088 - accuracy: 0.4955 - val_loss: 0.6933 - val_accuracy: 0.4873
Epoch 2/10
 - 5s - loss: 0.6947 - accuracy: 0.5068 - val_loss: 0.6933 - val_accuracy: 0.4845
Epoch 3/10
 - 5s - loss: 0.6931 - accuracy: 0.5145 - val_loss: 0.6933 - val_accuracy: 0.4883
Epoch 4/10
 - 5s - loss: 0.6901 - accuracy: 0.5310 - val_loss: 0.6864 - val_accuracy: 0.5848
Epoch 5/10
 - 5s - loss: 0.6824 - accuracy: 0.5544 - val_loss: 0.6729 - val_accuracy: 0.6364
Epoch 6/10
 - 5s - loss: 0.6627 - accuracy: 0.6048 - val_loss: 0.6431 - val_accuracy: 0.6776
Epoch 7/10
 - 5s - loss: 0.6185 - accuracy: 0.6532 - val_loss: 0.5872 - val_accuracy: 0.7376
Epoch 8/10
 - 5s - loss: 0.5465 - accuracy: 0.7232 - val_loss: 0.5254 - val_accuracy: 0.7666
Epoch 9/10
 - 5s - loss: 0.4644 - accuracy: 0.7776 - val_loss: 0.5025 - val_accuracy: 0.7741
Epoch 10/10
 - 5s - loss: 0.4088 - accuracy: 0.8077 - val_loss: 0.4989 - val_accuracy: 0.7713
Training time:49.248075008392334
