Using TensorFlow backend.
WARNING:tensorflow:From /Volumes/Transcend/opt/anaconda3/envs/keras/lib/python3.6/site-packages/tensorflow_core/python/ops/resource_variable_ops.py:1630: calling BaseResourceVariable.__init__ (from tensorflow.python.ops.resource_variable_ops) with constraint is deprecated and will be removed in a future version.
Instructions for updating:
If using Keras pass *_constraint arguments to layers.
WARNING:tensorflow:From /Volumes/Transcend/opt/anaconda3/envs/keras/lib/python3.6/site-packages/keras/backend/tensorflow_backend.py:4070: The name tf.nn.max_pool is deprecated. Please use tf.nn.max_pool2d instead.

WARNING:tensorflow:Large dropout rate: 0.8 (>0.5). In TensorFlow 2.x, dropout() uses dropout rate instead of keep_prob. Please ensure that this is intended.
WARNING:tensorflow:From /Volumes/Transcend/opt/anaconda3/envs/keras/lib/python3.6/site-packages/tensorflow_core/python/ops/nn_impl.py:183: where (from tensorflow.python.ops.array_ops) is deprecated and will be removed in a future version.
Instructions for updating:
Use tf.where in 2.0, which has the same broadcast rule as np.where
2020-02-02 19:30:35.125192: I tensorflow/core/platform/cpu_feature_guard.cc:142] Your CPU supports instructions that this TensorFlow binary was not compiled to use: AVX2 FMA
2020-02-02 19:30:35.149369: I tensorflow/compiler/xla/service/service.cc:168] XLA service 0x7fa6115cecd0 initialized for platform Host (this does not guarantee that XLA will be used). Devices:
2020-02-02 19:30:35.149415: I tensorflow/compiler/xla/service/service.cc:176]   StreamExecutor device (0): Host, Default Version
WARNING:tensorflow:From /Volumes/Transcend/opt/anaconda3/envs/keras/lib/python3.6/site-packages/keras/backend/tensorflow_backend.py:422: The name tf.global_variables is deprecated. Please use tf.compat.v1.global_variables instead.

Load data...
Adjusting sequence length for actual size
x_train shape: (9595, 56)
x_test shape: (1067, 56)
Vocabulary Size: 18779
Model type is CNN-non-static
Load existing Word2Vec model '50features_1minwords_10context'
Initializing embedding layer with word2vec weights, shape (18779, 50)
Train on 9595 samples, validate on 1067 samples
Epoch 1/10
 - 6s - loss: 0.7245 - accuracy: 0.4982 - val_loss: 0.6932 - val_accuracy: 0.4977
Epoch 2/10
 - 5s - loss: 0.6961 - accuracy: 0.5080 - val_loss: 0.6929 - val_accuracy: 0.5080
Epoch 3/10
 - 5s - loss: 0.6939 - accuracy: 0.5128 - val_loss: 0.6928 - val_accuracy: 0.5323
Epoch 4/10
 - 5s - loss: 0.6916 - accuracy: 0.5262 - val_loss: 0.6914 - val_accuracy: 0.5858
Epoch 5/10
 - 5s - loss: 0.6871 - accuracy: 0.5464 - val_loss: 0.6870 - val_accuracy: 0.5923
Epoch 6/10
 - 5s - loss: 0.6788 - accuracy: 0.5645 - val_loss: 0.6735 - val_accuracy: 0.6261
Epoch 7/10
 - 5s - loss: 0.6596 - accuracy: 0.6077 - val_loss: 0.6545 - val_accuracy: 0.6523
Epoch 8/10
 - 6s - loss: 0.6264 - accuracy: 0.6484 - val_loss: 0.6028 - val_accuracy: 0.7179
Epoch 9/10
 - 7s - loss: 0.5682 - accuracy: 0.7017 - val_loss: 0.5552 - val_accuracy: 0.7591
Epoch 10/10
 - 5s - loss: 0.5035 - accuracy: 0.7580 - val_loss: 0.5258 - val_accuracy: 0.7685
Training time:55.68854093551636
