Using TensorFlow backend.
WARNING:tensorflow:From /Volumes/Transcend/opt/anaconda3/envs/keras/lib/python3.6/site-packages/tensorflow_core/python/ops/resource_variable_ops.py:1630: calling BaseResourceVariable.__init__ (from tensorflow.python.ops.resource_variable_ops) with constraint is deprecated and will be removed in a future version.
Instructions for updating:
If using Keras pass *_constraint arguments to layers.
WARNING:tensorflow:From /Volumes/Transcend/opt/anaconda3/envs/keras/lib/python3.6/site-packages/keras/backend/tensorflow_backend.py:4070: The name tf.nn.max_pool is deprecated. Please use tf.nn.max_pool2d instead.

WARNING:tensorflow:Large dropout rate: 0.8 (>0.5). In TensorFlow 2.x, dropout() uses dropout rate instead of keep_prob. Please ensure that this is intended.
WARNING:tensorflow:From /Volumes/Transcend/opt/anaconda3/envs/keras/lib/python3.6/site-packages/tensorflow_core/python/ops/nn_impl.py:183: where (from tensorflow.python.ops.array_ops) is deprecated and will be removed in a future version.
Instructions for updating:
Use tf.where in 2.0, which has the same broadcast rule as np.where
2020-02-02 19:25:17.822262: I tensorflow/core/platform/cpu_feature_guard.cc:142] Your CPU supports instructions that this TensorFlow binary was not compiled to use: AVX2 FMA
2020-02-02 19:25:17.837574: I tensorflow/compiler/xla/service/service.cc:168] XLA service 0x7face47cbb50 initialized for platform Host (this does not guarantee that XLA will be used). Devices:
2020-02-02 19:25:17.837604: I tensorflow/compiler/xla/service/service.cc:176]   StreamExecutor device (0): Host, Default Version
WARNING:tensorflow:From /Volumes/Transcend/opt/anaconda3/envs/keras/lib/python3.6/site-packages/keras/backend/tensorflow_backend.py:422: The name tf.global_variables is deprecated. Please use tf.compat.v1.global_variables instead.

Load data...
Adjusting sequence length for actual size
x_train shape: (9595, 56)
x_test shape: (1067, 56)
Vocabulary Size: 18779
Model type is CNN-non-static
Load existing Word2Vec model '50features_1minwords_10context'
Initializing embedding layer with word2vec weights, shape (18779, 50)
Train on 9595 samples, validate on 1067 samples
Epoch 1/10
 - 5s - loss: 0.7145 - accuracy: 0.4969 - val_loss: 0.6932 - val_accuracy: 0.4930
Epoch 2/10
 - 5s - loss: 0.6955 - accuracy: 0.5106 - val_loss: 0.6923 - val_accuracy: 0.5511
Epoch 3/10
 - 5s - loss: 0.6937 - accuracy: 0.5088 - val_loss: 0.6921 - val_accuracy: 0.5689
Epoch 4/10
 - 5s - loss: 0.6893 - accuracy: 0.5297 - val_loss: 0.6882 - val_accuracy: 0.5876
Epoch 5/10
 - 5s - loss: 0.6816 - accuracy: 0.5578 - val_loss: 0.6749 - val_accuracy: 0.6270
Epoch 6/10
 - 5s - loss: 0.6647 - accuracy: 0.5906 - val_loss: 0.6610 - val_accuracy: 0.6476
Epoch 7/10
 - 5s - loss: 0.6256 - accuracy: 0.6443 - val_loss: 0.6113 - val_accuracy: 0.7085
Epoch 8/10
 - 5s - loss: 0.5653 - accuracy: 0.7086 - val_loss: 0.5503 - val_accuracy: 0.7516
Epoch 9/10
 - 5s - loss: 0.4949 - accuracy: 0.7592 - val_loss: 0.5122 - val_accuracy: 0.7826
Epoch 10/10
 - 5s - loss: 0.4353 - accuracy: 0.7997 - val_loss: 0.4958 - val_accuracy: 0.7723
Training time:50.08238482475281
