Using TensorFlow backend.
WARNING:tensorflow:From /Volumes/Transcend/opt/anaconda3/envs/keras/lib/python3.6/site-packages/tensorflow_core/python/ops/resource_variable_ops.py:1630: calling BaseResourceVariable.__init__ (from tensorflow.python.ops.resource_variable_ops) with constraint is deprecated and will be removed in a future version.
Instructions for updating:
If using Keras pass *_constraint arguments to layers.
WARNING:tensorflow:From /Volumes/Transcend/opt/anaconda3/envs/keras/lib/python3.6/site-packages/keras/backend/tensorflow_backend.py:4070: The name tf.nn.max_pool is deprecated. Please use tf.nn.max_pool2d instead.

WARNING:tensorflow:Large dropout rate: 0.8 (>0.5). In TensorFlow 2.x, dropout() uses dropout rate instead of keep_prob. Please ensure that this is intended.
WARNING:tensorflow:From /Volumes/Transcend/opt/anaconda3/envs/keras/lib/python3.6/site-packages/tensorflow_core/python/ops/nn_impl.py:183: where (from tensorflow.python.ops.array_ops) is deprecated and will be removed in a future version.
Instructions for updating:
Use tf.where in 2.0, which has the same broadcast rule as np.where
2020-02-02 19:29:21.706035: I tensorflow/core/platform/cpu_feature_guard.cc:142] Your CPU supports instructions that this TensorFlow binary was not compiled to use: AVX2 FMA
2020-02-02 19:29:21.730218: I tensorflow/compiler/xla/service/service.cc:168] XLA service 0x7fed4a9640d0 initialized for platform Host (this does not guarantee that XLA will be used). Devices:
2020-02-02 19:29:21.730248: I tensorflow/compiler/xla/service/service.cc:176]   StreamExecutor device (0): Host, Default Version
WARNING:tensorflow:From /Volumes/Transcend/opt/anaconda3/envs/keras/lib/python3.6/site-packages/keras/backend/tensorflow_backend.py:422: The name tf.global_variables is deprecated. Please use tf.compat.v1.global_variables instead.

Load data...
Adjusting sequence length for actual size
x_train shape: (9595, 56)
x_test shape: (1067, 56)
Vocabulary Size: 18779
Model type is CNN-non-static
Load existing Word2Vec model '50features_1minwords_10context'
Initializing embedding layer with word2vec weights, shape (18779, 50)
Train on 9595 samples, validate on 1067 samples
Epoch 1/10
 - 7s - loss: 0.6939 - accuracy: 0.5060 - val_loss: 0.6915 - val_accuracy: 0.5576
Epoch 2/10
 - 6s - loss: 0.6903 - accuracy: 0.5305 - val_loss: 0.6722 - val_accuracy: 0.6364
Epoch 3/10
 - 6s - loss: 0.6586 - accuracy: 0.6061 - val_loss: 0.5985 - val_accuracy: 0.7273
Epoch 4/10
 - 6s - loss: 0.5625 - accuracy: 0.7127 - val_loss: 0.5156 - val_accuracy: 0.7732
Epoch 5/10
 - 6s - loss: 0.4600 - accuracy: 0.7862 - val_loss: 0.5074 - val_accuracy: 0.7545
Epoch 6/10
 - 6s - loss: 0.3955 - accuracy: 0.8232 - val_loss: 0.4932 - val_accuracy: 0.7807
Epoch 7/10
 - 7s - loss: 0.3395 - accuracy: 0.8542 - val_loss: 0.5119 - val_accuracy: 0.7741
Epoch 8/10
 - 6s - loss: 0.2900 - accuracy: 0.8781 - val_loss: 0.5052 - val_accuracy: 0.7807
Epoch 9/10
 - 5s - loss: 0.2620 - accuracy: 0.8929 - val_loss: 0.5251 - val_accuracy: 0.7760
Epoch 10/10
 - 7s - loss: 0.2242 - accuracy: 0.9106 - val_loss: 0.5689 - val_accuracy: 0.7769
Training time:62.899879932403564
