Using TensorFlow backend.
WARNING:tensorflow:From /Volumes/Transcend/opt/anaconda3/envs/keras/lib/python3.6/site-packages/tensorflow_core/python/ops/resource_variable_ops.py:1630: calling BaseResourceVariable.__init__ (from tensorflow.python.ops.resource_variable_ops) with constraint is deprecated and will be removed in a future version.
Instructions for updating:
If using Keras pass *_constraint arguments to layers.
WARNING:tensorflow:From /Volumes/Transcend/opt/anaconda3/envs/keras/lib/python3.6/site-packages/keras/backend/tensorflow_backend.py:4070: The name tf.nn.max_pool is deprecated. Please use tf.nn.max_pool2d instead.

WARNING:tensorflow:Large dropout rate: 0.8 (>0.5). In TensorFlow 2.x, dropout() uses dropout rate instead of keep_prob. Please ensure that this is intended.
WARNING:tensorflow:From /Volumes/Transcend/opt/anaconda3/envs/keras/lib/python3.6/site-packages/tensorflow_core/python/ops/nn_impl.py:183: where (from tensorflow.python.ops.array_ops) is deprecated and will be removed in a future version.
Instructions for updating:
Use tf.where in 2.0, which has the same broadcast rule as np.where
2020-02-02 19:27:08.818787: I tensorflow/core/platform/cpu_feature_guard.cc:142] Your CPU supports instructions that this TensorFlow binary was not compiled to use: AVX2 FMA
2020-02-02 19:27:08.833859: I tensorflow/compiler/xla/service/service.cc:168] XLA service 0x7fdf2d96f870 initialized for platform Host (this does not guarantee that XLA will be used). Devices:
2020-02-02 19:27:08.833884: I tensorflow/compiler/xla/service/service.cc:176]   StreamExecutor device (0): Host, Default Version
WARNING:tensorflow:From /Volumes/Transcend/opt/anaconda3/envs/keras/lib/python3.6/site-packages/keras/backend/tensorflow_backend.py:422: The name tf.global_variables is deprecated. Please use tf.compat.v1.global_variables instead.

Load data...
Adjusting sequence length for actual size
x_train shape: (9595, 56)
x_test shape: (1067, 56)
Vocabulary Size: 18779
Model type is CNN-non-static
Load existing Word2Vec model '50features_1minwords_10context'
Initializing embedding layer with word2vec weights, shape (18779, 50)
Train on 9595 samples, validate on 1067 samples
Epoch 1/10
 - 5s - loss: 0.6989 - accuracy: 0.4977 - val_loss: 0.6932 - val_accuracy: 0.4920
Epoch 2/10
 - 5s - loss: 0.6919 - accuracy: 0.5189 - val_loss: 0.6892 - val_accuracy: 0.5979
Epoch 3/10
 - 5s - loss: 0.6882 - accuracy: 0.5356 - val_loss: 0.6815 - val_accuracy: 0.6186
Epoch 4/10
 - 5s - loss: 0.6725 - accuracy: 0.5777 - val_loss: 0.6558 - val_accuracy: 0.6720
Epoch 5/10
 - 5s - loss: 0.6336 - accuracy: 0.6340 - val_loss: 0.6068 - val_accuracy: 0.6692
Epoch 6/10
 - 5s - loss: 0.5566 - accuracy: 0.7194 - val_loss: 0.5319 - val_accuracy: 0.7479
Epoch 7/10
 - 5s - loss: 0.4549 - accuracy: 0.7888 - val_loss: 0.4844 - val_accuracy: 0.7835
Epoch 8/10
 - 5s - loss: 0.3865 - accuracy: 0.8303 - val_loss: 0.4829 - val_accuracy: 0.7798
Epoch 9/10
 - 6s - loss: 0.3437 - accuracy: 0.8499 - val_loss: 0.4793 - val_accuracy: 0.7873
Epoch 10/10
 - 5s - loss: 0.2975 - accuracy: 0.8706 - val_loss: 0.5069 - val_accuracy: 0.7713
Training time:50.28150820732117
