Using TensorFlow backend.
WARNING:tensorflow:From /Volumes/Transcend/opt/anaconda3/envs/keras/lib/python3.6/site-packages/tensorflow_core/python/ops/resource_variable_ops.py:1630: calling BaseResourceVariable.__init__ (from tensorflow.python.ops.resource_variable_ops) with constraint is deprecated and will be removed in a future version.
Instructions for updating:
If using Keras pass *_constraint arguments to layers.
WARNING:tensorflow:From /Volumes/Transcend/opt/anaconda3/envs/keras/lib/python3.6/site-packages/keras/backend/tensorflow_backend.py:4070: The name tf.nn.max_pool is deprecated. Please use tf.nn.max_pool2d instead.

WARNING:tensorflow:Large dropout rate: 0.8 (>0.5). In TensorFlow 2.x, dropout() uses dropout rate instead of keep_prob. Please ensure that this is intended.
WARNING:tensorflow:From /Volumes/Transcend/opt/anaconda3/envs/keras/lib/python3.6/site-packages/tensorflow_core/python/ops/nn_impl.py:183: where (from tensorflow.python.ops.array_ops) is deprecated and will be removed in a future version.
Instructions for updating:
Use tf.where in 2.0, which has the same broadcast rule as np.where
2020-02-02 18:53:53.828990: I tensorflow/core/platform/cpu_feature_guard.cc:142] Your CPU supports instructions that this TensorFlow binary was not compiled to use: AVX2 FMA
2020-02-02 18:53:53.844066: I tensorflow/compiler/xla/service/service.cc:168] XLA service 0x7ffb269b2fc0 initialized for platform Host (this does not guarantee that XLA will be used). Devices:
2020-02-02 18:53:53.844089: I tensorflow/compiler/xla/service/service.cc:176]   StreamExecutor device (0): Host, Default Version
WARNING:tensorflow:From /Volumes/Transcend/opt/anaconda3/envs/keras/lib/python3.6/site-packages/keras/backend/tensorflow_backend.py:422: The name tf.global_variables is deprecated. Please use tf.compat.v1.global_variables instead.

Load data...
Adjusting sequence length for actual size
x_train shape: (9595, 56)
x_test shape: (1067, 56)
Vocabulary Size: 18779
Model type is CNN-non-static
Load existing Word2Vec model '50features_1minwords_10context'
Initializing embedding layer with word2vec weights, shape (18779, 50)
Train on 9595 samples, validate on 1067 samples
Epoch 1/10
 - 5s - loss: 0.7021 - accuracy: 0.4941 - val_loss: 0.6933 - val_accuracy: 0.4967
Epoch 2/10
 - 5s - loss: 0.6937 - accuracy: 0.5058 - val_loss: 0.6916 - val_accuracy: 0.5604
Epoch 3/10
 - 5s - loss: 0.6907 - accuracy: 0.5280 - val_loss: 0.6881 - val_accuracy: 0.6036
Epoch 4/10
 - 5s - loss: 0.6829 - accuracy: 0.5518 - val_loss: 0.6742 - val_accuracy: 0.6214
Epoch 5/10
 - 5s - loss: 0.6616 - accuracy: 0.5953 - val_loss: 0.6394 - val_accuracy: 0.6598
Epoch 6/10
 - 5s - loss: 0.6169 - accuracy: 0.6609 - val_loss: 0.5775 - val_accuracy: 0.7432
Epoch 7/10
 - 5s - loss: 0.5254 - accuracy: 0.7406 - val_loss: 0.5000 - val_accuracy: 0.7760
Epoch 8/10
 - 5s - loss: 0.4475 - accuracy: 0.7920 - val_loss: 0.4935 - val_accuracy: 0.7723
Epoch 9/10
 - 5s - loss: 0.3898 - accuracy: 0.8274 - val_loss: 0.4801 - val_accuracy: 0.7919
Epoch 10/10
 - 5s - loss: 0.3300 - accuracy: 0.8552 - val_loss: 0.4972 - val_accuracy: 0.7854
Training time:49.67843794822693
