Using TensorFlow backend.
WARNING:tensorflow:From /Volumes/Transcend/opt/anaconda3/envs/keras/lib/python3.6/site-packages/tensorflow_core/python/ops/resource_variable_ops.py:1630: calling BaseResourceVariable.__init__ (from tensorflow.python.ops.resource_variable_ops) with constraint is deprecated and will be removed in a future version.
Instructions for updating:
If using Keras pass *_constraint arguments to layers.
WARNING:tensorflow:From /Volumes/Transcend/opt/anaconda3/envs/keras/lib/python3.6/site-packages/keras/backend/tensorflow_backend.py:4070: The name tf.nn.max_pool is deprecated. Please use tf.nn.max_pool2d instead.

WARNING:tensorflow:Large dropout rate: 0.8 (>0.5). In TensorFlow 2.x, dropout() uses dropout rate instead of keep_prob. Please ensure that this is intended.
WARNING:tensorflow:From /Volumes/Transcend/opt/anaconda3/envs/keras/lib/python3.6/site-packages/tensorflow_core/python/ops/nn_impl.py:183: where (from tensorflow.python.ops.array_ops) is deprecated and will be removed in a future version.
Instructions for updating:
Use tf.where in 2.0, which has the same broadcast rule as np.where
2020-02-02 18:56:41.908190: I tensorflow/core/platform/cpu_feature_guard.cc:142] Your CPU supports instructions that this TensorFlow binary was not compiled to use: AVX2 FMA
2020-02-02 18:56:41.925194: I tensorflow/compiler/xla/service/service.cc:168] XLA service 0x7fba9d222b80 initialized for platform Host (this does not guarantee that XLA will be used). Devices:
2020-02-02 18:56:41.925222: I tensorflow/compiler/xla/service/service.cc:176]   StreamExecutor device (0): Host, Default Version
WARNING:tensorflow:From /Volumes/Transcend/opt/anaconda3/envs/keras/lib/python3.6/site-packages/keras/backend/tensorflow_backend.py:422: The name tf.global_variables is deprecated. Please use tf.compat.v1.global_variables instead.

Load data...
Adjusting sequence length for actual size
x_train shape: (9595, 56)
x_test shape: (1067, 56)
Vocabulary Size: 18779
Model type is CNN-non-static
Load existing Word2Vec model '50features_1minwords_10context'
Initializing embedding layer with word2vec weights, shape (18779, 50)
Train on 9595 samples, validate on 1067 samples
Epoch 1/10
 - 5s - loss: 0.7016 - accuracy: 0.4999 - val_loss: 0.6933 - val_accuracy: 0.4827
Epoch 2/10
 - 5s - loss: 0.6932 - accuracy: 0.5132 - val_loss: 0.6904 - val_accuracy: 0.5736
Epoch 3/10
 - 5s - loss: 0.6897 - accuracy: 0.5311 - val_loss: 0.6863 - val_accuracy: 0.6026
Epoch 4/10
 - 5s - loss: 0.6781 - accuracy: 0.5636 - val_loss: 0.6675 - val_accuracy: 0.6364
Epoch 5/10
 - 5s - loss: 0.6518 - accuracy: 0.6141 - val_loss: 0.6288 - val_accuracy: 0.6795
Epoch 6/10
 - 5s - loss: 0.5945 - accuracy: 0.6821 - val_loss: 0.5603 - val_accuracy: 0.7554
Epoch 7/10
 - 5s - loss: 0.5040 - accuracy: 0.7540 - val_loss: 0.4969 - val_accuracy: 0.7741
Epoch 8/10
 - 5s - loss: 0.4301 - accuracy: 0.8064 - val_loss: 0.4861 - val_accuracy: 0.7723
Epoch 9/10
 - 5s - loss: 0.3719 - accuracy: 0.8346 - val_loss: 0.4844 - val_accuracy: 0.7873
Epoch 10/10
 - 5s - loss: 0.3201 - accuracy: 0.8566 - val_loss: 0.5004 - val_accuracy: 0.7769
Training time:49.65765595436096
