Using TensorFlow backend.
WARNING:tensorflow:From /Volumes/Transcend/opt/anaconda3/envs/keras/lib/python3.6/site-packages/tensorflow_core/python/ops/resource_variable_ops.py:1630: calling BaseResourceVariable.__init__ (from tensorflow.python.ops.resource_variable_ops) with constraint is deprecated and will be removed in a future version.
Instructions for updating:
If using Keras pass *_constraint arguments to layers.
WARNING:tensorflow:From /Volumes/Transcend/opt/anaconda3/envs/keras/lib/python3.6/site-packages/keras/backend/tensorflow_backend.py:4070: The name tf.nn.max_pool is deprecated. Please use tf.nn.max_pool2d instead.

WARNING:tensorflow:Large dropout rate: 0.8 (>0.5). In TensorFlow 2.x, dropout() uses dropout rate instead of keep_prob. Please ensure that this is intended.
WARNING:tensorflow:From /Volumes/Transcend/opt/anaconda3/envs/keras/lib/python3.6/site-packages/tensorflow_core/python/ops/nn_impl.py:183: where (from tensorflow.python.ops.array_ops) is deprecated and will be removed in a future version.
Instructions for updating:
Use tf.where in 2.0, which has the same broadcast rule as np.where
2020-02-02 18:57:37.798263: I tensorflow/core/platform/cpu_feature_guard.cc:142] Your CPU supports instructions that this TensorFlow binary was not compiled to use: AVX2 FMA
2020-02-02 18:57:37.812056: I tensorflow/compiler/xla/service/service.cc:168] XLA service 0x7fc9a2a50af0 initialized for platform Host (this does not guarantee that XLA will be used). Devices:
2020-02-02 18:57:37.812082: I tensorflow/compiler/xla/service/service.cc:176]   StreamExecutor device (0): Host, Default Version
WARNING:tensorflow:From /Volumes/Transcend/opt/anaconda3/envs/keras/lib/python3.6/site-packages/keras/backend/tensorflow_backend.py:422: The name tf.global_variables is deprecated. Please use tf.compat.v1.global_variables instead.

Load data...
Adjusting sequence length for actual size
x_train shape: (9595, 56)
x_test shape: (1067, 56)
Vocabulary Size: 18779
Model type is CNN-non-static
Load existing Word2Vec model '50features_1minwords_10context'
Initializing embedding layer with word2vec weights, shape (18779, 50)
Train on 9595 samples, validate on 1067 samples
Epoch 1/10
 - 5s - loss: 0.7018 - accuracy: 0.4970 - val_loss: 0.6933 - val_accuracy: 0.4967
Epoch 2/10
 - 5s - loss: 0.6932 - accuracy: 0.5085 - val_loss: 0.6910 - val_accuracy: 0.5698
Epoch 3/10
 - 5s - loss: 0.6901 - accuracy: 0.5245 - val_loss: 0.6860 - val_accuracy: 0.6054
Epoch 4/10
 - 5s - loss: 0.6798 - accuracy: 0.5633 - val_loss: 0.6686 - val_accuracy: 0.6307
Epoch 5/10
 - 5s - loss: 0.6530 - accuracy: 0.6110 - val_loss: 0.6327 - val_accuracy: 0.6579
Epoch 6/10
 - 5s - loss: 0.5924 - accuracy: 0.6813 - val_loss: 0.5517 - val_accuracy: 0.7563
Epoch 7/10
 - 5s - loss: 0.4948 - accuracy: 0.7625 - val_loss: 0.4872 - val_accuracy: 0.7816
Epoch 8/10
 - 5s - loss: 0.4183 - accuracy: 0.8122 - val_loss: 0.4768 - val_accuracy: 0.7844
Epoch 9/10
 - 5s - loss: 0.3596 - accuracy: 0.8458 - val_loss: 0.4792 - val_accuracy: 0.7788
Epoch 10/10
 - 5s - loss: 0.3042 - accuracy: 0.8671 - val_loss: 0.5007 - val_accuracy: 0.7807
Training time:48.71058797836304
